[2023-10-15T16:21:03.718+0100] {taskinstance.py:1090} INFO - Dependencies all met for dep_context=non-requeueable deps ti=<TaskInstance: execute.taskD manual__2023-10-15T15:20:58.484008+00:00 [queued]>
[2023-10-15T16:21:03.721+0100] {taskinstance.py:1090} INFO - Dependencies all met for dep_context=requeueable deps ti=<TaskInstance: execute.taskD manual__2023-10-15T15:20:58.484008+00:00 [queued]>
[2023-10-15T16:21:03.721+0100] {taskinstance.py:1288} INFO - 
--------------------------------------------------------------------------------
[2023-10-15T16:21:03.721+0100] {taskinstance.py:1289} INFO - Starting attempt 1 of 1
[2023-10-15T16:21:03.722+0100] {taskinstance.py:1290} INFO - 
--------------------------------------------------------------------------------
[2023-10-15T16:21:03.725+0100] {taskinstance.py:1309} INFO - Executing <Task(BashOperator): taskD> on 2023-10-15 15:20:58.484008+00:00
[2023-10-15T16:21:03.726+0100] {standard_task_runner.py:55} INFO - Started process 40712 to run task
[2023-10-15T16:21:03.729+0100] {standard_task_runner.py:82} INFO - Running: ['airflow', 'tasks', 'run', 'execute', 'taskD', 'manual__2023-10-15T15:20:58.484008+00:00', '--job-id', '20', '--raw', '--subdir', 'DAGS_FOLDER/__pycache__/execute.py', '--cfg-path', '/var/folders/_3/bj8r7kz51nz4g7hl_dpr6jdw0000gn/T/tmpyz00w4i1']
[2023-10-15T16:21:03.730+0100] {standard_task_runner.py:83} INFO - Job 20: Subtask taskD
[2023-10-15T16:21:03.745+0100] {task_command.py:389} INFO - Running <TaskInstance: execute.taskD manual__2023-10-15T15:20:58.484008+00:00 [running]> on host 192.168.1.112
[2023-10-15T16:21:03.760+0100] {taskinstance.py:1516} INFO - Exporting the following env vars:
AIRFLOW_CTX_DAG_OWNER=workflow
AIRFLOW_CTX_DAG_ID=execute
AIRFLOW_CTX_TASK_ID=taskD
AIRFLOW_CTX_EXECUTION_DATE=2023-10-15T15:20:58.484008+00:00
AIRFLOW_CTX_TRY_NUMBER=1
AIRFLOW_CTX_DAG_RUN_ID=manual__2023-10-15T15:20:58.484008+00:00
[2023-10-15T16:21:03.761+0100] {subprocess.py:63} INFO - Tmp dir root location: 
 /var/folders/_3/bj8r7kz51nz4g7hl_dpr6jdw0000gn/T
[2023-10-15T16:21:03.761+0100] {subprocess.py:75} INFO - Running command: ['/bin/bash', '-c', 'echo taskD has been executed']
[2023-10-15T16:21:03.764+0100] {subprocess.py:86} INFO - Output:
[2023-10-15T16:21:03.765+0100] {subprocess.py:93} INFO - taskD has been executed
[2023-10-15T16:21:03.766+0100] {subprocess.py:97} INFO - Command exited with return code 0
[2023-10-15T16:21:03.772+0100] {taskinstance.py:1327} INFO - Marking task as SUCCESS. dag_id=execute, task_id=taskD, execution_date=20231015T152058, start_date=20231015T152103, end_date=20231015T152103
[2023-10-15T16:21:03.790+0100] {local_task_job.py:212} INFO - Task exited with return code 0
[2023-10-15T16:21:03.795+0100] {taskinstance.py:2596} INFO - 0 downstream tasks scheduled from follow-on schedule check
