[2023-10-15T15:52:25.056+0100] {taskinstance.py:1090} INFO - Dependencies all met for dep_context=non-requeueable deps ti=<TaskInstance: helloworld.helloworld manual__2023-10-15T14:52:23.468934+00:00 [queued]>
[2023-10-15T15:52:25.060+0100] {taskinstance.py:1090} INFO - Dependencies all met for dep_context=requeueable deps ti=<TaskInstance: helloworld.helloworld manual__2023-10-15T14:52:23.468934+00:00 [queued]>
[2023-10-15T15:52:25.060+0100] {taskinstance.py:1288} INFO - 
--------------------------------------------------------------------------------
[2023-10-15T15:52:25.060+0100] {taskinstance.py:1289} INFO - Starting attempt 1 of 1
[2023-10-15T15:52:25.060+0100] {taskinstance.py:1290} INFO - 
--------------------------------------------------------------------------------
[2023-10-15T15:52:25.063+0100] {taskinstance.py:1309} INFO - Executing <Task(BashOperator): helloworld> on 2023-10-15 14:52:23.468934+00:00
[2023-10-15T15:52:25.065+0100] {standard_task_runner.py:55} INFO - Started process 35628 to run task
[2023-10-15T15:52:25.067+0100] {standard_task_runner.py:82} INFO - Running: ['airflow', 'tasks', 'run', 'helloworld', 'helloworld', 'manual__2023-10-15T14:52:23.468934+00:00', '--job-id', '8', '--raw', '--subdir', 'DAGS_FOLDER/helloworld.py', '--cfg-path', '/var/folders/_3/bj8r7kz51nz4g7hl_dpr6jdw0000gn/T/tmpk8hq1l5y']
[2023-10-15T15:52:25.073+0100] {standard_task_runner.py:83} INFO - Job 8: Subtask helloworld
[2023-10-15T15:52:25.091+0100] {task_command.py:389} INFO - Running <TaskInstance: helloworld.helloworld manual__2023-10-15T14:52:23.468934+00:00 [running]> on host 192.168.1.112
[2023-10-15T15:52:25.109+0100] {taskinstance.py:1516} INFO - Exporting the following env vars:
AIRFLOW_CTX_DAG_OWNER=workflow
AIRFLOW_CTX_DAG_ID=helloworld
AIRFLOW_CTX_TASK_ID=helloworld
AIRFLOW_CTX_EXECUTION_DATE=2023-10-15T14:52:23.468934+00:00
AIRFLOW_CTX_TRY_NUMBER=1
AIRFLOW_CTX_DAG_RUN_ID=manual__2023-10-15T14:52:23.468934+00:00
[2023-10-15T15:52:25.111+0100] {subprocess.py:63} INFO - Tmp dir root location: 
 /var/folders/_3/bj8r7kz51nz4g7hl_dpr6jdw0000gn/T
[2023-10-15T15:52:25.111+0100] {subprocess.py:75} INFO - Running command: ['/bin/bash', '-c', 'echo "Hello World"']
[2023-10-15T15:52:25.114+0100] {subprocess.py:86} INFO - Output:
[2023-10-15T15:52:25.117+0100] {subprocess.py:93} INFO - Hello World
[2023-10-15T15:52:25.117+0100] {subprocess.py:97} INFO - Command exited with return code 0
[2023-10-15T15:52:25.124+0100] {taskinstance.py:1327} INFO - Marking task as SUCCESS. dag_id=helloworld, task_id=helloworld, execution_date=20231015T145223, start_date=20231015T145225, end_date=20231015T145225
[2023-10-15T15:52:25.174+0100] {local_task_job.py:212} INFO - Task exited with return code 0
[2023-10-15T15:52:25.179+0100] {taskinstance.py:2596} INFO - 0 downstream tasks scheduled from follow-on schedule check
