[2023-10-15T16:48:07.672+0100] {taskinstance.py:1090} INFO - Dependencies all met for dep_context=non-requeueable deps ti=<TaskInstance: execute.taskA manual__2023-10-15T15:48:06.393443+00:00 [queued]>
[2023-10-15T16:48:07.675+0100] {taskinstance.py:1090} INFO - Dependencies all met for dep_context=requeueable deps ti=<TaskInstance: execute.taskA manual__2023-10-15T15:48:06.393443+00:00 [queued]>
[2023-10-15T16:48:07.676+0100] {taskinstance.py:1288} INFO - 
--------------------------------------------------------------------------------
[2023-10-15T16:48:07.676+0100] {taskinstance.py:1289} INFO - Starting attempt 1 of 1
[2023-10-15T16:48:07.676+0100] {taskinstance.py:1290} INFO - 
--------------------------------------------------------------------------------
[2023-10-15T16:48:07.679+0100] {taskinstance.py:1309} INFO - Executing <Task(BashOperator): taskA> on 2023-10-15 15:48:06.393443+00:00
[2023-10-15T16:48:07.680+0100] {standard_task_runner.py:55} INFO - Started process 45138 to run task
[2023-10-15T16:48:07.683+0100] {standard_task_runner.py:82} INFO - Running: ['airflow', 'tasks', 'run', 'execute', 'taskA', 'manual__2023-10-15T15:48:06.393443+00:00', '--job-id', '28', '--raw', '--subdir', 'DAGS_FOLDER/__pycache__/execute.py', '--cfg-path', '/var/folders/_3/bj8r7kz51nz4g7hl_dpr6jdw0000gn/T/tmpuh_ythdt']
[2023-10-15T16:48:07.684+0100] {standard_task_runner.py:83} INFO - Job 28: Subtask taskA
[2023-10-15T16:48:07.701+0100] {task_command.py:389} INFO - Running <TaskInstance: execute.taskA manual__2023-10-15T15:48:06.393443+00:00 [running]> on host 192.168.1.112
[2023-10-15T16:48:07.714+0100] {taskinstance.py:1516} INFO - Exporting the following env vars:
AIRFLOW_CTX_DAG_OWNER=workflow
AIRFLOW_CTX_DAG_ID=execute
AIRFLOW_CTX_TASK_ID=taskA
AIRFLOW_CTX_EXECUTION_DATE=2023-10-15T15:48:06.393443+00:00
AIRFLOW_CTX_TRY_NUMBER=1
AIRFLOW_CTX_DAG_RUN_ID=manual__2023-10-15T15:48:06.393443+00:00
[2023-10-15T16:48:07.715+0100] {subprocess.py:63} INFO - Tmp dir root location: 
 /var/folders/_3/bj8r7kz51nz4g7hl_dpr6jdw0000gn/T
[2023-10-15T16:48:07.715+0100] {subprocess.py:75} INFO - Running command: ['/bin/bash', '-c', 'echo TASK A has started!\n\nfor i in {1..15}\ndo\n    echo "TASK A: $i"\n    sleep 10\ndone\n\necho TASK A has finished!']
[2023-10-15T16:48:07.718+0100] {subprocess.py:86} INFO - Output:
[2023-10-15T16:48:07.722+0100] {subprocess.py:93} INFO - TASK A has started!
[2023-10-15T16:48:07.722+0100] {subprocess.py:93} INFO - TASK A: 1
[2023-10-15T16:48:17.730+0100] {subprocess.py:93} INFO - TASK A: 2
[2023-10-15T16:48:27.741+0100] {subprocess.py:93} INFO - TASK A: 3
[2023-10-15T16:48:37.751+0100] {subprocess.py:93} INFO - TASK A: 4
[2023-10-15T16:48:47.766+0100] {subprocess.py:93} INFO - TASK A: 5
[2023-10-15T16:48:57.777+0100] {subprocess.py:93} INFO - TASK A: 6
[2023-10-15T16:49:07.782+0100] {subprocess.py:93} INFO - TASK A: 7
[2023-10-15T16:49:17.789+0100] {subprocess.py:93} INFO - TASK A: 8
[2023-10-15T16:49:27.793+0100] {subprocess.py:93} INFO - TASK A: 9
[2023-10-15T16:49:37.804+0100] {subprocess.py:93} INFO - TASK A: 10
[2023-10-15T16:49:47.812+0100] {subprocess.py:93} INFO - TASK A: 11
[2023-10-15T16:49:57.824+0100] {subprocess.py:93} INFO - TASK A: 12
[2023-10-15T16:50:07.834+0100] {subprocess.py:93} INFO - TASK A: 13
[2023-10-15T16:50:17.841+0100] {subprocess.py:93} INFO - TASK A: 14
[2023-10-15T16:50:27.854+0100] {subprocess.py:93} INFO - TASK A: 15
[2023-10-15T16:50:37.866+0100] {subprocess.py:93} INFO - TASK A has finished!
[2023-10-15T16:50:37.871+0100] {subprocess.py:97} INFO - Command exited with return code 0
[2023-10-15T16:50:37.904+0100] {taskinstance.py:1327} INFO - Marking task as SUCCESS. dag_id=execute, task_id=taskA, execution_date=20231015T154806, start_date=20231015T154807, end_date=20231015T155037
[2023-10-15T16:50:37.953+0100] {local_task_job.py:212} INFO - Task exited with return code 0
[2023-10-15T16:50:37.977+0100] {taskinstance.py:2596} INFO - 3 downstream tasks scheduled from follow-on schedule check
