[2023-10-15T15:29:58.495+0100] {taskinstance.py:1090} INFO - Dependencies all met for dep_context=non-requeueable deps ti=<TaskInstance: example_branch_operator.branching manual__2023-10-15T14:29:55.151743+00:00 [queued]>
[2023-10-15T15:29:58.498+0100] {taskinstance.py:1090} INFO - Dependencies all met for dep_context=requeueable deps ti=<TaskInstance: example_branch_operator.branching manual__2023-10-15T14:29:55.151743+00:00 [queued]>
[2023-10-15T15:29:58.498+0100] {taskinstance.py:1288} INFO - 
--------------------------------------------------------------------------------
[2023-10-15T15:29:58.498+0100] {taskinstance.py:1289} INFO - Starting attempt 1 of 1
[2023-10-15T15:29:58.498+0100] {taskinstance.py:1290} INFO - 
--------------------------------------------------------------------------------
[2023-10-15T15:29:58.502+0100] {taskinstance.py:1309} INFO - Executing <Task(BranchPythonOperator): branching> on 2023-10-15 14:29:55.151743+00:00
[2023-10-15T15:29:58.503+0100] {standard_task_runner.py:55} INFO - Started process 32106 to run task
[2023-10-15T15:29:58.507+0100] {standard_task_runner.py:82} INFO - Running: ['airflow', 'tasks', 'run', 'example_branch_operator', 'branching', 'manual__2023-10-15T14:29:55.151743+00:00', '--job-id', '5', '--raw', '--subdir', '/Users/b/Documents/workflow/venv/lib/python3.11/site-packages/airflow/example_dags/example_branch_operator.py', '--cfg-path', '/var/folders/_3/bj8r7kz51nz4g7hl_dpr6jdw0000gn/T/tmpm6vok9_t']
[2023-10-15T15:29:58.513+0100] {standard_task_runner.py:83} INFO - Job 5: Subtask branching
[2023-10-15T15:29:58.535+0100] {task_command.py:389} INFO - Running <TaskInstance: example_branch_operator.branching manual__2023-10-15T14:29:55.151743+00:00 [running]> on host 192.168.1.112
[2023-10-15T15:29:58.593+0100] {taskinstance.py:1516} INFO - Exporting the following env vars:
AIRFLOW_CTX_DAG_OWNER=airflow
AIRFLOW_CTX_DAG_ID=example_branch_operator
AIRFLOW_CTX_TASK_ID=branching
AIRFLOW_CTX_EXECUTION_DATE=2023-10-15T14:29:55.151743+00:00
AIRFLOW_CTX_TRY_NUMBER=1
AIRFLOW_CTX_DAG_RUN_ID=manual__2023-10-15T14:29:55.151743+00:00
[2023-10-15T15:29:58.594+0100] {python.py:177} INFO - Done. Returned value was: branch_c
[2023-10-15T15:29:58.594+0100] {python.py:211} INFO - Branch callable return branch_c
[2023-10-15T15:29:58.594+0100] {skipmixin.py:155} INFO - Following branch branch_c
[2023-10-15T15:29:58.594+0100] {skipmixin.py:211} INFO - Skipping tasks ['branch_a', 'branch_b', 'branch_d']
[2023-10-15T15:29:58.602+0100] {taskinstance.py:1327} INFO - Marking task as SUCCESS. dag_id=example_branch_operator, task_id=branching, execution_date=20231015T142955, start_date=20231015T142958, end_date=20231015T142958
[2023-10-15T15:29:58.612+0100] {local_task_job.py:212} INFO - Task exited with return code 0
[2023-10-15T15:29:58.622+0100] {taskinstance.py:2596} INFO - 0 downstream tasks scheduled from follow-on schedule check
