[2023-10-15T18:13:27.387+0100] {taskinstance.py:1090} INFO - Dependencies all met for dep_context=non-requeueable deps ti=<TaskInstance: execute_python.greet_person manual__2023-10-15T17:13:25.903340+00:00 [queued]>
[2023-10-15T18:13:27.391+0100] {taskinstance.py:1090} INFO - Dependencies all met for dep_context=requeueable deps ti=<TaskInstance: execute_python.greet_person manual__2023-10-15T17:13:25.903340+00:00 [queued]>
[2023-10-15T18:13:27.391+0100] {taskinstance.py:1288} INFO - 
--------------------------------------------------------------------------------
[2023-10-15T18:13:27.392+0100] {taskinstance.py:1289} INFO - Starting attempt 1 of 1
[2023-10-15T18:13:27.392+0100] {taskinstance.py:1290} INFO - 
--------------------------------------------------------------------------------
[2023-10-15T18:13:27.396+0100] {taskinstance.py:1309} INFO - Executing <Task(PythonOperator): greet_person> on 2023-10-15 17:13:25.903340+00:00
[2023-10-15T18:13:27.398+0100] {standard_task_runner.py:55} INFO - Started process 57792 to run task
[2023-10-15T18:13:27.401+0100] {standard_task_runner.py:82} INFO - Running: ['airflow', 'tasks', 'run', 'execute_python', 'greet_person', 'manual__2023-10-15T17:13:25.903340+00:00', '--job-id', '43', '--raw', '--subdir', 'DAGS_FOLDER/execute_py.py', '--cfg-path', '/var/folders/_3/bj8r7kz51nz4g7hl_dpr6jdw0000gn/T/tmprph9qtbc']
[2023-10-15T18:13:27.408+0100] {standard_task_runner.py:83} INFO - Job 43: Subtask greet_person
[2023-10-15T18:13:27.427+0100] {task_command.py:389} INFO - Running <TaskInstance: execute_python.greet_person manual__2023-10-15T17:13:25.903340+00:00 [running]> on host 192.168.1.112
[2023-10-15T18:13:27.447+0100] {taskinstance.py:1516} INFO - Exporting the following env vars:
AIRFLOW_CTX_DAG_OWNER=workflow
AIRFLOW_CTX_DAG_ID=execute_python
AIRFLOW_CTX_TASK_ID=greet_person
AIRFLOW_CTX_EXECUTION_DATE=2023-10-15T17:13:25.903340+00:00
AIRFLOW_CTX_TRY_NUMBER=1
AIRFLOW_CTX_DAG_RUN_ID=manual__2023-10-15T17:13:25.903340+00:00
[2023-10-15T18:13:27.447+0100] {logging_mixin.py:137} INFO - Hello Bob
[2023-10-15T18:13:27.448+0100] {python.py:177} INFO - Done. Returned value was: None
[2023-10-15T18:13:27.450+0100] {taskinstance.py:1327} INFO - Marking task as SUCCESS. dag_id=execute_python, task_id=greet_person, execution_date=20231015T171325, start_date=20231015T171327, end_date=20231015T171327
[2023-10-15T18:13:27.463+0100] {local_task_job.py:212} INFO - Task exited with return code 0
[2023-10-15T18:13:27.470+0100] {taskinstance.py:2596} INFO - 1 downstream tasks scheduled from follow-on schedule check
