[2023-10-15T18:39:51.422+0100] {taskinstance.py:1090} INFO - Dependencies all met for dep_context=non-requeueable deps ti=<TaskInstance: CRossComm.multiply_by_100 scheduled__2023-10-14T00:00:00+00:00 [queued]>
[2023-10-15T18:39:51.425+0100] {taskinstance.py:1090} INFO - Dependencies all met for dep_context=requeueable deps ti=<TaskInstance: CRossComm.multiply_by_100 scheduled__2023-10-14T00:00:00+00:00 [queued]>
[2023-10-15T18:39:51.425+0100] {taskinstance.py:1288} INFO - 
--------------------------------------------------------------------------------
[2023-10-15T18:39:51.425+0100] {taskinstance.py:1289} INFO - Starting attempt 1 of 1
[2023-10-15T18:39:51.425+0100] {taskinstance.py:1290} INFO - 
--------------------------------------------------------------------------------
[2023-10-15T18:39:51.429+0100] {taskinstance.py:1309} INFO - Executing <Task(PythonOperator): multiply_by_100> on 2023-10-14 00:00:00+00:00
[2023-10-15T18:39:51.430+0100] {standard_task_runner.py:55} INFO - Started process 61203 to run task
[2023-10-15T18:39:51.433+0100] {standard_task_runner.py:82} INFO - Running: ['airflow', 'tasks', 'run', 'CRossComm', 'multiply_by_100', 'scheduled__2023-10-14T00:00:00+00:00', '--job-id', '48', '--raw', '--subdir', 'DAGS_FOLDER/cross-comm.py', '--cfg-path', '/var/folders/_3/bj8r7kz51nz4g7hl_dpr6jdw0000gn/T/tmpnimwaltm']
[2023-10-15T18:39:51.437+0100] {standard_task_runner.py:83} INFO - Job 48: Subtask multiply_by_100
[2023-10-15T18:39:51.459+0100] {task_command.py:389} INFO - Running <TaskInstance: CRossComm.multiply_by_100 scheduled__2023-10-14T00:00:00+00:00 [running]> on host 192.168.1.112
[2023-10-15T18:39:51.477+0100] {taskinstance.py:1516} INFO - Exporting the following env vars:
AIRFLOW_CTX_DAG_OWNER=workflow
AIRFLOW_CTX_DAG_ID=CRossComm
AIRFLOW_CTX_TASK_ID=multiply_by_100
AIRFLOW_CTX_EXECUTION_DATE=2023-10-14T00:00:00+00:00
AIRFLOW_CTX_TRY_NUMBER=1
AIRFLOW_CTX_DAG_RUN_ID=scheduled__2023-10-14T00:00:00+00:00
[2023-10-15T18:39:51.478+0100] {logging_mixin.py:137} INFO - Counter is 9
[2023-10-15T18:39:51.478+0100] {python.py:177} INFO - Done. Returned value was: 900
[2023-10-15T18:39:51.482+0100] {taskinstance.py:1327} INFO - Marking task as SUCCESS. dag_id=CRossComm, task_id=multiply_by_100, execution_date=20231014T000000, start_date=20231015T173951, end_date=20231015T173951
[2023-10-15T18:39:51.494+0100] {local_task_job.py:212} INFO - Task exited with return code 0
[2023-10-15T18:39:51.499+0100] {taskinstance.py:2596} INFO - 0 downstream tasks scheduled from follow-on schedule check
