[2023-10-17T15:35:32.191+0100] {taskinstance.py:1159} INFO - Dependencies all met for dep_context=non-requeueable deps ti=<TaskInstance: stores_pipeline.reading_and_preprocessing.read_csv_sales manual__2023-10-17T14:35:29.105640+00:00 [queued]>
[2023-10-17T15:35:32.194+0100] {taskinstance.py:1159} INFO - Dependencies all met for dep_context=requeueable deps ti=<TaskInstance: stores_pipeline.reading_and_preprocessing.read_csv_sales manual__2023-10-17T14:35:29.105640+00:00 [queued]>
[2023-10-17T15:35:32.194+0100] {taskinstance.py:1361} INFO - Starting attempt 1 of 1
[2023-10-17T15:35:32.198+0100] {taskinstance.py:1382} INFO - Executing <Task(PythonOperator): reading_and_preprocessing.read_csv_sales> on 2023-10-17 14:35:29.105640+00:00
[2023-10-17T15:35:32.200+0100] {standard_task_runner.py:57} INFO - Started process 65011 to run task
[2023-10-17T15:35:32.202+0100] {standard_task_runner.py:84} INFO - Running: ['airflow', 'tasks', 'run', 'stores_pipeline', 'reading_and_preprocessing.read_csv_sales', 'manual__2023-10-17T14:35:29.105640+00:00', '--job-id', '403', '--raw', '--subdir', 'DAGS_FOLDER/stores_pipeline.py', '--cfg-path', '/var/folders/_3/bj8r7kz51nz4g7hl_dpr6jdw0000gn/T/tmpki0zqq67']
[2023-10-17T15:35:32.203+0100] {standard_task_runner.py:85} INFO - Job 403: Subtask reading_and_preprocessing.read_csv_sales
[2023-10-17T15:35:32.218+0100] {task_command.py:416} INFO - Running <TaskInstance: stores_pipeline.reading_and_preprocessing.read_csv_sales manual__2023-10-17T14:35:29.105640+00:00 [running]> on host 192.168.1.112
[2023-10-17T15:35:32.236+0100] {taskinstance.py:1662} INFO - Exporting env vars: AIRFLOW_CTX_DAG_OWNER='workflow' AIRFLOW_CTX_DAG_ID='stores_pipeline' AIRFLOW_CTX_TASK_ID='reading_and_preprocessing.read_csv_sales' AIRFLOW_CTX_EXECUTION_DATE='2023-10-17T14:35:29.105640+00:00' AIRFLOW_CTX_TRY_NUMBER='1' AIRFLOW_CTX_DAG_RUN_ID='manual__2023-10-17T14:35:29.105640+00:00'
[2023-10-17T15:35:32.250+0100] {logging_mixin.py:151} INFO -      Unnamed: 0 Coles_StoreIDNo  Expec_Revenue  Gross_Sale  Sales_Cost Targeted_Quarter Coles_Forecast
0             1            C524             39          56         6.0          Q2 2023      On Target
1             2            C624             22          55         7.0          Q1 2023      On Target
2             3            C460             36          51         7.0          Q1 2023      On Target
3             4            C708             48          50        10.0          Q1 2023   Below Target
4             5            C647             23          39        18.0          Q2 2023   Below Target
..          ...             ...            ...         ...         ...              ...            ...
677         678            C105             43          57        12.0          Q1 2023      On Target
678         679            C374             40          25         6.0          Q2 2023   Below Target
679         680            C240             27          30        11.0          Q1 2023   Below Target
680         681            C689             25          44        10.0          Q2 2023      On Target
681         682            C249             36          40         8.0          Q2 2023   Below Target

[682 rows x 7 columns]
[2023-10-17T15:35:32.254+0100] {python.py:194} INFO - Done. Returned value was: None
[2023-10-17T15:35:32.256+0100] {taskinstance.py:1400} INFO - Marking task as SUCCESS. dag_id=stores_pipeline, task_id=reading_and_preprocessing.read_csv_sales, execution_date=20231017T143529, start_date=20231017T143532, end_date=20231017T143532
[2023-10-17T15:35:32.264+0100] {local_task_job_runner.py:228} INFO - Task exited with return code 0
[2023-10-17T15:35:32.275+0100] {taskinstance.py:2778} INFO - 1 downstream tasks scheduled from follow-on schedule check
