[2023-10-16T16:12:45.699+0100] {taskinstance.py:1159} INFO - Dependencies all met for dep_context=non-requeueable deps ti=<TaskInstance: branch_exe.determine_branch manual__2023-10-16T15:12:40.836573+00:00 [queued]>
[2023-10-16T16:12:45.701+0100] {taskinstance.py:1159} INFO - Dependencies all met for dep_context=requeueable deps ti=<TaskInstance: branch_exe.determine_branch manual__2023-10-16T15:12:40.836573+00:00 [queued]>
[2023-10-16T16:12:45.701+0100] {taskinstance.py:1361} INFO - Starting attempt 1 of 1
[2023-10-16T16:12:45.705+0100] {taskinstance.py:1382} INFO - Executing <Task(BranchPythonOperator): determine_branch> on 2023-10-16 15:12:40.836573+00:00
[2023-10-16T16:12:45.707+0100] {standard_task_runner.py:57} INFO - Started process 7408 to run task
[2023-10-16T16:12:45.709+0100] {standard_task_runner.py:84} INFO - Running: ['airflow', 'tasks', 'run', 'branch_exe', 'determine_branch', 'manual__2023-10-16T15:12:40.836573+00:00', '--job-id', '116', '--raw', '--subdir', 'DAGS_FOLDER/branch_exe.py', '--cfg-path', '/var/folders/_3/bj8r7kz51nz4g7hl_dpr6jdw0000gn/T/tmpop88gwrb']
[2023-10-16T16:12:45.710+0100] {standard_task_runner.py:85} INFO - Job 116: Subtask determine_branch
[2023-10-16T16:12:45.731+0100] {task_command.py:416} INFO - Running <TaskInstance: branch_exe.determine_branch manual__2023-10-16T15:12:40.836573+00:00 [running]> on host 192.168.1.112
[2023-10-16T16:12:45.749+0100] {taskinstance.py:1662} INFO - Exporting env vars: AIRFLOW_CTX_DAG_OWNER='workflow' AIRFLOW_CTX_DAG_ID='branch_exe' AIRFLOW_CTX_TASK_ID='determine_branch' AIRFLOW_CTX_EXECUTION_DATE='2023-10-16T15:12:40.836573+00:00' AIRFLOW_CTX_TRY_NUMBER='1' AIRFLOW_CTX_DAG_RUN_ID='manual__2023-10-16T15:12:40.836573+00:00'
[2023-10-16T16:12:45.760+0100] {python.py:194} INFO - Done. Returned value was: filter_by_southwest
[2023-10-16T16:12:45.760+0100] {python.py:227} INFO - Branch callable return filter_by_southwest
[2023-10-16T16:12:45.760+0100] {skipmixin.py:173} INFO - Following branch filter_by_southwest
[2023-10-16T16:12:45.762+0100] {taskinstance.py:1937} ERROR - Task failed with exception
Traceback (most recent call last):
  File "/Users/b/airflow/venv/lib/python3.11/site-packages/airflow/operators/python.py", line 228, in execute
    self.skip_all_except(context["ti"], branch)
  File "/Users/b/airflow/venv/lib/python3.11/site-packages/airflow/models/skipmixin.py", line 208, in skip_all_except
    raise AirflowException(
airflow.exceptions.AirflowException: 'branch_task_ids' must contain only valid task_ids. Invalid tasks found: {'filter_by_southwest'}.
[2023-10-16T16:12:45.764+0100] {taskinstance.py:1400} INFO - Marking task as FAILED. dag_id=branch_exe, task_id=determine_branch, execution_date=20231016T151240, start_date=20231016T151245, end_date=20231016T151245
[2023-10-16T16:12:45.767+0100] {standard_task_runner.py:104} ERROR - Failed to execute job 116 for task determine_branch ('branch_task_ids' must contain only valid task_ids. Invalid tasks found: {'filter_by_southwest'}.; 7408)
[2023-10-16T16:12:45.771+0100] {local_task_job_runner.py:228} INFO - Task exited with return code 1
[2023-10-16T16:12:45.782+0100] {taskinstance.py:2778} INFO - 0 downstream tasks scheduled from follow-on schedule check
