[2023-10-15T18:14:01.464+0100] {taskinstance.py:1090} INFO - Dependencies all met for dep_context=non-requeueable deps ti=<TaskInstance: execute_python.greet_city manual__2023-10-15T17:13:58.569802+00:00 [queued]>
[2023-10-15T18:14:01.467+0100] {taskinstance.py:1090} INFO - Dependencies all met for dep_context=requeueable deps ti=<TaskInstance: execute_python.greet_city manual__2023-10-15T17:13:58.569802+00:00 [queued]>
[2023-10-15T18:14:01.467+0100] {taskinstance.py:1288} INFO - 
--------------------------------------------------------------------------------
[2023-10-15T18:14:01.467+0100] {taskinstance.py:1289} INFO - Starting attempt 1 of 1
[2023-10-15T18:14:01.467+0100] {taskinstance.py:1290} INFO - 
--------------------------------------------------------------------------------
[2023-10-15T18:14:01.470+0100] {taskinstance.py:1309} INFO - Executing <Task(PythonOperator): greet_city> on 2023-10-15 17:13:58.569802+00:00
[2023-10-15T18:14:01.472+0100] {standard_task_runner.py:55} INFO - Started process 57871 to run task
[2023-10-15T18:14:01.474+0100] {standard_task_runner.py:82} INFO - Running: ['airflow', 'tasks', 'run', 'execute_python', 'greet_city', 'manual__2023-10-15T17:13:58.569802+00:00', '--job-id', '46', '--raw', '--subdir', 'DAGS_FOLDER/execute_py.py', '--cfg-path', '/var/folders/_3/bj8r7kz51nz4g7hl_dpr6jdw0000gn/T/tmpcm3_kbks']
[2023-10-15T18:14:01.475+0100] {standard_task_runner.py:83} INFO - Job 46: Subtask greet_city
[2023-10-15T18:14:01.500+0100] {task_command.py:389} INFO - Running <TaskInstance: execute_python.greet_city manual__2023-10-15T17:13:58.569802+00:00 [running]> on host 192.168.1.112
[2023-10-15T18:14:01.516+0100] {taskinstance.py:1516} INFO - Exporting the following env vars:
AIRFLOW_CTX_DAG_OWNER=workflow
AIRFLOW_CTX_DAG_ID=execute_python
AIRFLOW_CTX_TASK_ID=greet_city
AIRFLOW_CTX_EXECUTION_DATE=2023-10-15T17:13:58.569802+00:00
AIRFLOW_CTX_TRY_NUMBER=1
AIRFLOW_CTX_DAG_RUN_ID=manual__2023-10-15T17:13:58.569802+00:00
[2023-10-15T18:14:01.517+0100] {logging_mixin.py:137} INFO - Hello, Bob from New York
[2023-10-15T18:14:01.517+0100] {python.py:177} INFO - Done. Returned value was: None
[2023-10-15T18:14:01.518+0100] {taskinstance.py:1327} INFO - Marking task as SUCCESS. dag_id=execute_python, task_id=greet_city, execution_date=20231015T171358, start_date=20231015T171401, end_date=20231015T171401
[2023-10-15T18:14:01.536+0100] {local_task_job.py:212} INFO - Task exited with return code 0
[2023-10-15T18:14:01.541+0100] {taskinstance.py:2596} INFO - 0 downstream tasks scheduled from follow-on schedule check
