[2023-10-16T12:18:50.268+0100] {taskinstance.py:1090} INFO - Dependencies all met for dep_context=non-requeueable deps ti=<TaskInstance: pipeline.groupby_smokers manual__2023-10-16T11:18:44.436349+00:00 [queued]>
[2023-10-16T12:18:50.272+0100] {taskinstance.py:1090} INFO - Dependencies all met for dep_context=requeueable deps ti=<TaskInstance: pipeline.groupby_smokers manual__2023-10-16T11:18:44.436349+00:00 [queued]>
[2023-10-16T12:18:50.272+0100] {taskinstance.py:1288} INFO - 
--------------------------------------------------------------------------------
[2023-10-16T12:18:50.272+0100] {taskinstance.py:1289} INFO - Starting attempt 1 of 1
[2023-10-16T12:18:50.272+0100] {taskinstance.py:1290} INFO - 
--------------------------------------------------------------------------------
[2023-10-16T12:18:50.277+0100] {taskinstance.py:1309} INFO - Executing <Task(PythonOperator): groupby_smokers> on 2023-10-16 11:18:44.436349+00:00
[2023-10-16T12:18:50.279+0100] {standard_task_runner.py:55} INFO - Started process 83250 to run task
[2023-10-16T12:18:50.286+0100] {standard_task_runner.py:82} INFO - Running: ['airflow', 'tasks', 'run', 'pipeline', 'groupby_smokers', 'manual__2023-10-16T11:18:44.436349+00:00', '--job-id', '75', '--raw', '--subdir', 'DAGS_FOLDER/pipeline.py', '--cfg-path', '/var/folders/_3/bj8r7kz51nz4g7hl_dpr6jdw0000gn/T/tmpkevo47gu']
[2023-10-16T12:18:50.288+0100] {standard_task_runner.py:83} INFO - Job 75: Subtask groupby_smokers
[2023-10-16T12:18:50.311+0100] {task_command.py:389} INFO - Running <TaskInstance: pipeline.groupby_smokers manual__2023-10-16T11:18:44.436349+00:00 [running]> on host 192.168.1.112
[2023-10-16T12:18:50.328+0100] {taskinstance.py:1516} INFO - Exporting the following env vars:
AIRFLOW_CTX_DAG_OWNER=workflow
AIRFLOW_CTX_DAG_ID=pipeline
AIRFLOW_CTX_TASK_ID=groupby_smokers
AIRFLOW_CTX_EXECUTION_DATE=2023-10-16T11:18:44.436349+00:00
AIRFLOW_CTX_TRY_NUMBER=1
AIRFLOW_CTX_DAG_RUN_ID=manual__2023-10-16T11:18:44.436349+00:00
[2023-10-16T12:18:50.333+0100] {logging_mixin.py:137} WARNING - /Users/b/airflow/dags/pipeline.py:35 FutureWarning: Passing literal json to 'read_json' is deprecated and will be removed in a future version. To read from a literal string, wrap it in a 'StringIO' object.
[2023-10-16T12:18:50.349+0100] {python.py:177} INFO - Done. Returned value was: None
[2023-10-16T12:18:50.351+0100] {taskinstance.py:1327} INFO - Marking task as SUCCESS. dag_id=pipeline, task_id=groupby_smokers, execution_date=20231016T111844, start_date=20231016T111850, end_date=20231016T111850
[2023-10-16T12:18:50.387+0100] {local_task_job.py:212} INFO - Task exited with return code 0
[2023-10-16T12:18:50.394+0100] {taskinstance.py:2596} INFO - 0 downstream tasks scheduled from follow-on schedule check
