[2023-10-18T01:00:01.711+0100] {taskinstance.py:1159} INFO - Dependencies all met for dep_context=non-requeueable deps ti=<TaskInstance: execute.taskA scheduled__2023-10-17T00:00:00+00:00 [queued]>
[2023-10-18T01:00:01.713+0100] {taskinstance.py:1159} INFO - Dependencies all met for dep_context=requeueable deps ti=<TaskInstance: execute.taskA scheduled__2023-10-17T00:00:00+00:00 [queued]>
[2023-10-18T01:00:01.713+0100] {taskinstance.py:1361} INFO - Starting attempt 1 of 1
[2023-10-18T01:00:01.717+0100] {taskinstance.py:1382} INFO - Executing <Task(BashOperator): taskA> on 2023-10-17 00:00:00+00:00
[2023-10-18T01:00:01.719+0100] {standard_task_runner.py:57} INFO - Started process 952 to run task
[2023-10-18T01:00:01.722+0100] {standard_task_runner.py:84} INFO - Running: ['airflow', 'tasks', 'run', 'execute', 'taskA', 'scheduled__2023-10-17T00:00:00+00:00', '--job-id', '440', '--raw', '--subdir', 'DAGS_FOLDER/execute.py', '--cfg-path', '/var/folders/_3/bj8r7kz51nz4g7hl_dpr6jdw0000gn/T/tmpe1v9lnsz']
[2023-10-18T01:00:01.725+0100] {standard_task_runner.py:85} INFO - Job 440: Subtask taskA
[2023-10-18T01:00:01.747+0100] {task_command.py:416} INFO - Running <TaskInstance: execute.taskA scheduled__2023-10-17T00:00:00+00:00 [running]> on host 192.168.1.112
[2023-10-18T01:00:01.771+0100] {taskinstance.py:1662} INFO - Exporting env vars: AIRFLOW_CTX_DAG_OWNER='workflow' AIRFLOW_CTX_DAG_ID='execute' AIRFLOW_CTX_TASK_ID='taskA' AIRFLOW_CTX_EXECUTION_DATE='2023-10-17T00:00:00+00:00' AIRFLOW_CTX_TRY_NUMBER='1' AIRFLOW_CTX_DAG_RUN_ID='scheduled__2023-10-17T00:00:00+00:00'
[2023-10-18T01:00:01.774+0100] {subprocess.py:63} INFO - Tmp dir root location: /var/folders/_3/bj8r7kz51nz4g7hl_dpr6jdw0000gn/T
[2023-10-18T01:00:01.775+0100] {subprocess.py:75} INFO - Running command: ['/bin/bash', '-c', 'echo TASK A has started!\n\nfor i in {1..15}\ndo\n    echo "TASK A: $i"\n    sleep 10\ndone\n\necho TASK A has finished!']
[2023-10-18T01:00:01.778+0100] {subprocess.py:86} INFO - Output:
[2023-10-18T01:00:01.781+0100] {subprocess.py:93} INFO - TASK A has started!
[2023-10-18T01:00:01.781+0100] {subprocess.py:93} INFO - TASK A: 1
[2023-10-18T01:00:11.789+0100] {subprocess.py:93} INFO - TASK A: 2
[2023-10-18T01:00:21.808+0100] {subprocess.py:93} INFO - TASK A: 3
[2023-10-18T01:00:31.816+0100] {subprocess.py:93} INFO - TASK A: 4
[2023-10-18T01:00:41.837+0100] {subprocess.py:93} INFO - TASK A: 5
[2023-10-18T01:00:51.859+0100] {subprocess.py:93} INFO - TASK A: 6
[2023-10-18T01:01:01.874+0100] {subprocess.py:93} INFO - TASK A: 7
[2023-10-18T01:01:11.904+0100] {subprocess.py:93} INFO - TASK A: 8
[2023-10-18T01:01:21.917+0100] {subprocess.py:93} INFO - TASK A: 9
[2023-10-18T01:01:31.933+0100] {subprocess.py:93} INFO - TASK A: 10
[2023-10-18T01:01:41.950+0100] {subprocess.py:93} INFO - TASK A: 11
[2023-10-18T01:01:51.968+0100] {subprocess.py:93} INFO - TASK A: 12
[2023-10-18T01:02:01.986+0100] {subprocess.py:93} INFO - TASK A: 13
[2023-10-18T01:02:11.998+0100] {subprocess.py:93} INFO - TASK A: 14
[2023-10-18T01:02:22.015+0100] {subprocess.py:93} INFO - TASK A: 15
[2023-10-18T01:02:32.028+0100] {subprocess.py:93} INFO - TASK A has finished!
[2023-10-18T01:02:32.033+0100] {subprocess.py:97} INFO - Command exited with return code 0
[2023-10-18T01:02:32.081+0100] {taskinstance.py:1400} INFO - Marking task as SUCCESS. dag_id=execute, task_id=taskA, execution_date=20231017T000000, start_date=20231018T000001, end_date=20231018T000232
[2023-10-18T01:02:32.117+0100] {local_task_job_runner.py:228} INFO - Task exited with return code 0
[2023-10-18T01:02:32.137+0100] {taskinstance.py:2778} INFO - 3 downstream tasks scheduled from follow-on schedule check
