[2023-10-15T15:58:36.767+0100] {taskinstance.py:1090} INFO - Dependencies all met for dep_context=non-requeueable deps ti=<TaskInstance: helloworld.helloworld manual__2023-10-15T14:58:35.596888+00:00 [queued]>
[2023-10-15T15:58:36.770+0100] {taskinstance.py:1090} INFO - Dependencies all met for dep_context=requeueable deps ti=<TaskInstance: helloworld.helloworld manual__2023-10-15T14:58:35.596888+00:00 [queued]>
[2023-10-15T15:58:36.770+0100] {taskinstance.py:1288} INFO - 
--------------------------------------------------------------------------------
[2023-10-15T15:58:36.770+0100] {taskinstance.py:1289} INFO - Starting attempt 1 of 1
[2023-10-15T15:58:36.770+0100] {taskinstance.py:1290} INFO - 
--------------------------------------------------------------------------------
[2023-10-15T15:58:36.774+0100] {taskinstance.py:1309} INFO - Executing <Task(BashOperator): helloworld> on 2023-10-15 14:58:35.596888+00:00
[2023-10-15T15:58:36.775+0100] {standard_task_runner.py:55} INFO - Started process 36567 to run task
[2023-10-15T15:58:36.782+0100] {standard_task_runner.py:82} INFO - Running: ['airflow', 'tasks', 'run', 'helloworld', 'helloworld', 'manual__2023-10-15T14:58:35.596888+00:00', '--job-id', '12', '--raw', '--subdir', 'DAGS_FOLDER/helloworld.py', '--cfg-path', '/var/folders/_3/bj8r7kz51nz4g7hl_dpr6jdw0000gn/T/tmpnlwipgw6']
[2023-10-15T15:58:36.783+0100] {standard_task_runner.py:83} INFO - Job 12: Subtask helloworld
[2023-10-15T15:58:36.807+0100] {task_command.py:389} INFO - Running <TaskInstance: helloworld.helloworld manual__2023-10-15T14:58:35.596888+00:00 [running]> on host 192.168.1.112
[2023-10-15T15:58:36.824+0100] {taskinstance.py:1516} INFO - Exporting the following env vars:
AIRFLOW_CTX_DAG_OWNER=workflow
AIRFLOW_CTX_DAG_ID=helloworld
AIRFLOW_CTX_TASK_ID=helloworld
AIRFLOW_CTX_EXECUTION_DATE=2023-10-15T14:58:35.596888+00:00
AIRFLOW_CTX_TRY_NUMBER=1
AIRFLOW_CTX_DAG_RUN_ID=manual__2023-10-15T14:58:35.596888+00:00
[2023-10-15T15:58:36.825+0100] {subprocess.py:63} INFO - Tmp dir root location: 
 /var/folders/_3/bj8r7kz51nz4g7hl_dpr6jdw0000gn/T
[2023-10-15T15:58:36.825+0100] {subprocess.py:75} INFO - Running command: ['/bin/bash', '-c', 'echo "Hello World once again"']
[2023-10-15T15:58:36.838+0100] {subprocess.py:86} INFO - Output:
[2023-10-15T15:58:36.838+0100] {subprocess.py:93} INFO - Hello World once again
[2023-10-15T15:58:36.839+0100] {subprocess.py:97} INFO - Command exited with return code 0
[2023-10-15T15:58:36.845+0100] {taskinstance.py:1327} INFO - Marking task as SUCCESS. dag_id=helloworld, task_id=helloworld, execution_date=20231015T145835, start_date=20231015T145836, end_date=20231015T145836
[2023-10-15T15:58:36.883+0100] {local_task_job.py:212} INFO - Task exited with return code 0
[2023-10-15T15:58:36.889+0100] {taskinstance.py:2596} INFO - 0 downstream tasks scheduled from follow-on schedule check
