[2023-10-16T01:00:03.532+0100] {taskinstance.py:1090} INFO - Dependencies all met for dep_context=non-requeueable deps ti=<TaskInstance: execute.taskA scheduled__2023-10-15T00:00:00+00:00 [queued]>
[2023-10-16T01:00:03.536+0100] {taskinstance.py:1090} INFO - Dependencies all met for dep_context=requeueable deps ti=<TaskInstance: execute.taskA scheduled__2023-10-15T00:00:00+00:00 [queued]>
[2023-10-16T01:00:03.536+0100] {taskinstance.py:1288} INFO - 
--------------------------------------------------------------------------------
[2023-10-16T01:00:03.536+0100] {taskinstance.py:1289} INFO - Starting attempt 1 of 1
[2023-10-16T01:00:03.536+0100] {taskinstance.py:1290} INFO - 
--------------------------------------------------------------------------------
[2023-10-16T01:00:03.539+0100] {taskinstance.py:1309} INFO - Executing <Task(BashOperator): taskA> on 2023-10-15 00:00:00+00:00
[2023-10-16T01:00:03.541+0100] {standard_task_runner.py:55} INFO - Started process 72257 to run task
[2023-10-16T01:00:03.545+0100] {standard_task_runner.py:82} INFO - Running: ['airflow', 'tasks', 'run', 'execute', 'taskA', 'scheduled__2023-10-15T00:00:00+00:00', '--job-id', '56', '--raw', '--subdir', 'DAGS_FOLDER/execute.py', '--cfg-path', '/var/folders/_3/bj8r7kz51nz4g7hl_dpr6jdw0000gn/T/tmpljv15q9z']
[2023-10-16T01:00:03.547+0100] {standard_task_runner.py:83} INFO - Job 56: Subtask taskA
[2023-10-16T01:00:03.565+0100] {task_command.py:389} INFO - Running <TaskInstance: execute.taskA scheduled__2023-10-15T00:00:00+00:00 [running]> on host 192.168.1.112
[2023-10-16T01:00:03.579+0100] {taskinstance.py:1516} INFO - Exporting the following env vars:
AIRFLOW_CTX_DAG_OWNER=workflow
AIRFLOW_CTX_DAG_ID=execute
AIRFLOW_CTX_TASK_ID=taskA
AIRFLOW_CTX_EXECUTION_DATE=2023-10-15T00:00:00+00:00
AIRFLOW_CTX_TRY_NUMBER=1
AIRFLOW_CTX_DAG_RUN_ID=scheduled__2023-10-15T00:00:00+00:00
[2023-10-16T01:00:03.583+0100] {subprocess.py:63} INFO - Tmp dir root location: 
 /var/folders/_3/bj8r7kz51nz4g7hl_dpr6jdw0000gn/T
[2023-10-16T01:00:03.584+0100] {subprocess.py:75} INFO - Running command: ['/bin/bash', '-c', 'echo TASK A has started!\n\nfor i in {1..15}\ndo\n    echo "TASK A: $i"\n    sleep 10\ndone\n\necho TASK A has finished!']
[2023-10-16T01:00:03.587+0100] {subprocess.py:86} INFO - Output:
[2023-10-16T01:00:03.591+0100] {subprocess.py:93} INFO - TASK A has started!
[2023-10-16T01:00:03.592+0100] {subprocess.py:93} INFO - TASK A: 1
[2023-10-16T01:00:13.601+0100] {subprocess.py:93} INFO - TASK A: 2
[2023-10-16T01:00:23.615+0100] {subprocess.py:93} INFO - TASK A: 3
[2023-10-16T01:00:33.631+0100] {subprocess.py:93} INFO - TASK A: 4
[2023-10-16T01:00:43.637+0100] {subprocess.py:93} INFO - TASK A: 5
[2023-10-16T01:00:53.650+0100] {subprocess.py:93} INFO - TASK A: 6
[2023-10-16T01:01:03.660+0100] {subprocess.py:93} INFO - TASK A: 7
[2023-10-16T01:01:13.666+0100] {subprocess.py:93} INFO - TASK A: 8
[2023-10-16T01:01:23.683+0100] {subprocess.py:93} INFO - TASK A: 9
[2023-10-16T01:01:33.701+0100] {subprocess.py:93} INFO - TASK A: 10
[2023-10-16T01:01:43.715+0100] {subprocess.py:93} INFO - TASK A: 11
[2023-10-16T01:01:53.729+0100] {subprocess.py:93} INFO - TASK A: 12
[2023-10-16T01:02:03.748+0100] {subprocess.py:93} INFO - TASK A: 13
[2023-10-16T01:02:13.762+0100] {subprocess.py:93} INFO - TASK A: 14
[2023-10-16T01:02:23.776+0100] {subprocess.py:93} INFO - TASK A: 15
[2023-10-16T01:02:33.791+0100] {subprocess.py:93} INFO - TASK A has finished!
[2023-10-16T01:02:33.794+0100] {subprocess.py:97} INFO - Command exited with return code 0
[2023-10-16T01:02:33.829+0100] {taskinstance.py:1327} INFO - Marking task as SUCCESS. dag_id=execute, task_id=taskA, execution_date=20231015T000000, start_date=20231016T000003, end_date=20231016T000233
[2023-10-16T01:02:33.885+0100] {local_task_job.py:212} INFO - Task exited with return code 0
[2023-10-16T01:02:33.911+0100] {taskinstance.py:2596} INFO - 3 downstream tasks scheduled from follow-on schedule check
