[2023-10-15T15:11:36.316+0100] {processor.py:153} INFO - Started process (PID=29439) to work on /Users/b/Documents/workflow/venv/lib/python3.11/site-packages/airflow/example_dags/example_task_group_decorator.py
[2023-10-15T15:11:36.318+0100] {processor.py:743} INFO - Processing file /Users/b/Documents/workflow/venv/lib/python3.11/site-packages/airflow/example_dags/example_task_group_decorator.py for tasks to queue
[2023-10-15T15:11:36.318+0100] {logging_mixin.py:137} INFO - [2023-10-15T15:11:36.318+0100] {dagbag.py:532} INFO - Filling up the DagBag from /Users/b/Documents/workflow/venv/lib/python3.11/site-packages/airflow/example_dags/example_task_group_decorator.py
[2023-10-15T15:11:36.335+0100] {processor.py:753} INFO - DAG(s) dict_keys(['example_task_group_decorator']) retrieved from /Users/b/Documents/workflow/venv/lib/python3.11/site-packages/airflow/example_dags/example_task_group_decorator.py
[2023-10-15T15:11:36.524+0100] {logging_mixin.py:137} INFO - [2023-10-15T15:11:36.524+0100] {manager.py:504} INFO - Created Permission View: can edit on DAG:example_task_group_decorator
[2023-10-15T15:11:36.526+0100] {logging_mixin.py:137} INFO - [2023-10-15T15:11:36.526+0100] {manager.py:504} INFO - Created Permission View: can delete on DAG:example_task_group_decorator
[2023-10-15T15:11:36.528+0100] {logging_mixin.py:137} INFO - [2023-10-15T15:11:36.528+0100] {manager.py:504} INFO - Created Permission View: can read on DAG:example_task_group_decorator
[2023-10-15T15:11:36.529+0100] {logging_mixin.py:137} INFO - [2023-10-15T15:11:36.528+0100] {dag.py:2705} INFO - Sync 1 DAGs
[2023-10-15T15:11:36.532+0100] {logging_mixin.py:137} INFO - [2023-10-15T15:11:36.532+0100] {dag.py:2726} INFO - Creating ORM DAG for example_task_group_decorator
[2023-10-15T15:11:36.535+0100] {logging_mixin.py:137} INFO - [2023-10-15T15:11:36.535+0100] {dag.py:3452} INFO - Setting next_dagrun for example_task_group_decorator to 2023-10-14T14:11:36.535630+00:00, run_after=2023-10-15T14:11:36.535630+00:00
[2023-10-15T15:11:36.542+0100] {processor.py:175} INFO - Processing /Users/b/Documents/workflow/venv/lib/python3.11/site-packages/airflow/example_dags/example_task_group_decorator.py took 0.226 seconds
[2023-10-15T15:12:42.961+0100] {processor.py:153} INFO - Started process (PID=29589) to work on /Users/b/Documents/workflow/venv/lib/python3.11/site-packages/airflow/example_dags/example_task_group_decorator.py
[2023-10-15T15:12:42.963+0100] {processor.py:743} INFO - Processing file /Users/b/Documents/workflow/venv/lib/python3.11/site-packages/airflow/example_dags/example_task_group_decorator.py for tasks to queue
[2023-10-15T15:12:42.964+0100] {logging_mixin.py:137} INFO - [2023-10-15T15:12:42.963+0100] {dagbag.py:532} INFO - Filling up the DagBag from /Users/b/Documents/workflow/venv/lib/python3.11/site-packages/airflow/example_dags/example_task_group_decorator.py
[2023-10-15T15:12:42.985+0100] {processor.py:753} INFO - DAG(s) dict_keys(['example_task_group_decorator']) retrieved from /Users/b/Documents/workflow/venv/lib/python3.11/site-packages/airflow/example_dags/example_task_group_decorator.py
[2023-10-15T15:12:43.168+0100] {logging_mixin.py:137} INFO - [2023-10-15T15:12:43.168+0100] {dag.py:2705} INFO - Sync 1 DAGs
[2023-10-15T15:12:43.175+0100] {logging_mixin.py:137} INFO - [2023-10-15T15:12:43.175+0100] {dag.py:3452} INFO - Setting next_dagrun for example_task_group_decorator to 2023-10-14T14:12:43.175541+00:00, run_after=2023-10-15T14:12:43.175541+00:00
[2023-10-15T15:12:43.183+0100] {processor.py:175} INFO - Processing /Users/b/Documents/workflow/venv/lib/python3.11/site-packages/airflow/example_dags/example_task_group_decorator.py took 0.222 seconds
[2023-10-15T15:13:50.343+0100] {processor.py:153} INFO - Started process (PID=30112) to work on /Users/b/Documents/workflow/venv/lib/python3.11/site-packages/airflow/example_dags/example_task_group_decorator.py
[2023-10-15T15:13:50.345+0100] {processor.py:743} INFO - Processing file /Users/b/Documents/workflow/venv/lib/python3.11/site-packages/airflow/example_dags/example_task_group_decorator.py for tasks to queue
[2023-10-15T15:13:50.345+0100] {logging_mixin.py:137} INFO - [2023-10-15T15:13:50.345+0100] {dagbag.py:532} INFO - Filling up the DagBag from /Users/b/Documents/workflow/venv/lib/python3.11/site-packages/airflow/example_dags/example_task_group_decorator.py
[2023-10-15T15:13:50.363+0100] {processor.py:753} INFO - DAG(s) dict_keys(['example_task_group_decorator']) retrieved from /Users/b/Documents/workflow/venv/lib/python3.11/site-packages/airflow/example_dags/example_task_group_decorator.py
[2023-10-15T15:13:50.520+0100] {logging_mixin.py:137} INFO - [2023-10-15T15:13:50.520+0100] {dag.py:2705} INFO - Sync 1 DAGs
[2023-10-15T15:13:50.526+0100] {logging_mixin.py:137} INFO - [2023-10-15T15:13:50.526+0100] {dag.py:3452} INFO - Setting next_dagrun for example_task_group_decorator to 2023-10-14T14:13:50.526307+00:00, run_after=2023-10-15T14:13:50.526307+00:00
[2023-10-15T15:13:50.532+0100] {processor.py:175} INFO - Processing /Users/b/Documents/workflow/venv/lib/python3.11/site-packages/airflow/example_dags/example_task_group_decorator.py took 0.190 seconds
[2023-10-15T15:14:55.582+0100] {processor.py:153} INFO - Started process (PID=30273) to work on /Users/b/Documents/workflow/venv/lib/python3.11/site-packages/airflow/example_dags/example_task_group_decorator.py
[2023-10-15T15:14:55.585+0100] {processor.py:743} INFO - Processing file /Users/b/Documents/workflow/venv/lib/python3.11/site-packages/airflow/example_dags/example_task_group_decorator.py for tasks to queue
[2023-10-15T15:14:55.585+0100] {logging_mixin.py:137} INFO - [2023-10-15T15:14:55.585+0100] {dagbag.py:532} INFO - Filling up the DagBag from /Users/b/Documents/workflow/venv/lib/python3.11/site-packages/airflow/example_dags/example_task_group_decorator.py
[2023-10-15T15:14:55.602+0100] {processor.py:753} INFO - DAG(s) dict_keys(['example_task_group_decorator']) retrieved from /Users/b/Documents/workflow/venv/lib/python3.11/site-packages/airflow/example_dags/example_task_group_decorator.py
[2023-10-15T15:14:55.763+0100] {logging_mixin.py:137} INFO - [2023-10-15T15:14:55.763+0100] {dag.py:2705} INFO - Sync 1 DAGs
[2023-10-15T15:14:55.776+0100] {logging_mixin.py:137} INFO - [2023-10-15T15:14:55.776+0100] {dag.py:3452} INFO - Setting next_dagrun for example_task_group_decorator to 2023-10-14T14:14:55.775980+00:00, run_after=2023-10-15T14:14:55.775980+00:00
[2023-10-15T15:14:55.786+0100] {processor.py:175} INFO - Processing /Users/b/Documents/workflow/venv/lib/python3.11/site-packages/airflow/example_dags/example_task_group_decorator.py took 0.204 seconds
[2023-10-15T15:15:57.587+0100] {processor.py:153} INFO - Started process (PID=30389) to work on /Users/b/Documents/workflow/venv/lib/python3.11/site-packages/airflow/example_dags/example_task_group_decorator.py
[2023-10-15T15:15:57.589+0100] {processor.py:743} INFO - Processing file /Users/b/Documents/workflow/venv/lib/python3.11/site-packages/airflow/example_dags/example_task_group_decorator.py for tasks to queue
[2023-10-15T15:15:57.590+0100] {logging_mixin.py:137} INFO - [2023-10-15T15:15:57.590+0100] {dagbag.py:532} INFO - Filling up the DagBag from /Users/b/Documents/workflow/venv/lib/python3.11/site-packages/airflow/example_dags/example_task_group_decorator.py
[2023-10-15T15:15:57.607+0100] {processor.py:753} INFO - DAG(s) dict_keys(['example_task_group_decorator']) retrieved from /Users/b/Documents/workflow/venv/lib/python3.11/site-packages/airflow/example_dags/example_task_group_decorator.py
[2023-10-15T15:15:57.757+0100] {logging_mixin.py:137} INFO - [2023-10-15T15:15:57.757+0100] {dag.py:2705} INFO - Sync 1 DAGs
[2023-10-15T15:15:57.763+0100] {logging_mixin.py:137} INFO - [2023-10-15T15:15:57.763+0100] {dag.py:3452} INFO - Setting next_dagrun for example_task_group_decorator to 2023-10-14T14:15:57.763139+00:00, run_after=2023-10-15T14:15:57.763139+00:00
[2023-10-15T15:15:57.769+0100] {processor.py:175} INFO - Processing /Users/b/Documents/workflow/venv/lib/python3.11/site-packages/airflow/example_dags/example_task_group_decorator.py took 0.183 seconds
[2023-10-15T15:20:16.770+0100] {processor.py:153} INFO - Started process (PID=30854) to work on /Users/b/Documents/workflow/venv/lib/python3.11/site-packages/airflow/example_dags/example_task_group_decorator.py
[2023-10-15T15:20:16.773+0100] {processor.py:743} INFO - Processing file /Users/b/Documents/workflow/venv/lib/python3.11/site-packages/airflow/example_dags/example_task_group_decorator.py for tasks to queue
[2023-10-15T15:20:16.773+0100] {logging_mixin.py:137} INFO - [2023-10-15T15:20:16.773+0100] {dagbag.py:532} INFO - Filling up the DagBag from /Users/b/Documents/workflow/venv/lib/python3.11/site-packages/airflow/example_dags/example_task_group_decorator.py
[2023-10-15T15:20:16.796+0100] {processor.py:753} INFO - DAG(s) dict_keys(['example_task_group_decorator']) retrieved from /Users/b/Documents/workflow/venv/lib/python3.11/site-packages/airflow/example_dags/example_task_group_decorator.py
[2023-10-15T15:20:16.996+0100] {logging_mixin.py:137} INFO - [2023-10-15T15:20:16.995+0100] {dag.py:2705} INFO - Sync 1 DAGs
[2023-10-15T15:20:17.002+0100] {logging_mixin.py:137} INFO - [2023-10-15T15:20:17.002+0100] {dag.py:3452} INFO - Setting next_dagrun for example_task_group_decorator to 2023-10-14T14:20:17.002197+00:00, run_after=2023-10-15T14:20:17.002197+00:00
[2023-10-15T15:20:17.008+0100] {processor.py:175} INFO - Processing /Users/b/Documents/workflow/venv/lib/python3.11/site-packages/airflow/example_dags/example_task_group_decorator.py took 0.238 seconds
[2023-10-15T15:21:29.066+0100] {processor.py:153} INFO - Started process (PID=31093) to work on /Users/b/Documents/workflow/venv/lib/python3.11/site-packages/airflow/example_dags/example_task_group_decorator.py
[2023-10-15T15:21:29.069+0100] {processor.py:743} INFO - Processing file /Users/b/Documents/workflow/venv/lib/python3.11/site-packages/airflow/example_dags/example_task_group_decorator.py for tasks to queue
[2023-10-15T15:21:29.069+0100] {logging_mixin.py:137} INFO - [2023-10-15T15:21:29.069+0100] {dagbag.py:532} INFO - Filling up the DagBag from /Users/b/Documents/workflow/venv/lib/python3.11/site-packages/airflow/example_dags/example_task_group_decorator.py
[2023-10-15T15:21:29.086+0100] {processor.py:753} INFO - DAG(s) dict_keys(['example_task_group_decorator']) retrieved from /Users/b/Documents/workflow/venv/lib/python3.11/site-packages/airflow/example_dags/example_task_group_decorator.py
[2023-10-15T15:21:29.235+0100] {logging_mixin.py:137} INFO - [2023-10-15T15:21:29.235+0100] {dag.py:2705} INFO - Sync 1 DAGs
[2023-10-15T15:21:29.241+0100] {logging_mixin.py:137} INFO - [2023-10-15T15:21:29.240+0100] {dag.py:3452} INFO - Setting next_dagrun for example_task_group_decorator to 2023-10-14T14:21:29.240921+00:00, run_after=2023-10-15T14:21:29.240921+00:00
[2023-10-15T15:21:29.247+0100] {processor.py:175} INFO - Processing /Users/b/Documents/workflow/venv/lib/python3.11/site-packages/airflow/example_dags/example_task_group_decorator.py took 0.181 seconds
[2023-10-15T15:22:29.921+0100] {processor.py:153} INFO - Started process (PID=31244) to work on /Users/b/Documents/workflow/venv/lib/python3.11/site-packages/airflow/example_dags/example_task_group_decorator.py
[2023-10-15T15:22:29.923+0100] {processor.py:743} INFO - Processing file /Users/b/Documents/workflow/venv/lib/python3.11/site-packages/airflow/example_dags/example_task_group_decorator.py for tasks to queue
[2023-10-15T15:22:29.923+0100] {logging_mixin.py:137} INFO - [2023-10-15T15:22:29.923+0100] {dagbag.py:532} INFO - Filling up the DagBag from /Users/b/Documents/workflow/venv/lib/python3.11/site-packages/airflow/example_dags/example_task_group_decorator.py
[2023-10-15T15:22:29.950+0100] {processor.py:753} INFO - DAG(s) dict_keys(['example_task_group_decorator']) retrieved from /Users/b/Documents/workflow/venv/lib/python3.11/site-packages/airflow/example_dags/example_task_group_decorator.py
[2023-10-15T15:22:30.127+0100] {logging_mixin.py:137} INFO - [2023-10-15T15:22:30.127+0100] {dag.py:2705} INFO - Sync 1 DAGs
[2023-10-15T15:22:30.133+0100] {logging_mixin.py:137} INFO - [2023-10-15T15:22:30.132+0100] {dag.py:3452} INFO - Setting next_dagrun for example_task_group_decorator to 2023-10-14T14:22:30.132907+00:00, run_after=2023-10-15T14:22:30.132907+00:00
[2023-10-15T15:22:30.139+0100] {processor.py:175} INFO - Processing /Users/b/Documents/workflow/venv/lib/python3.11/site-packages/airflow/example_dags/example_task_group_decorator.py took 0.219 seconds
[2023-10-15T15:23:34.660+0100] {processor.py:153} INFO - Started process (PID=31381) to work on /Users/b/Documents/workflow/venv/lib/python3.11/site-packages/airflow/example_dags/example_task_group_decorator.py
[2023-10-15T15:23:34.662+0100] {processor.py:743} INFO - Processing file /Users/b/Documents/workflow/venv/lib/python3.11/site-packages/airflow/example_dags/example_task_group_decorator.py for tasks to queue
[2023-10-15T15:23:34.662+0100] {logging_mixin.py:137} INFO - [2023-10-15T15:23:34.662+0100] {dagbag.py:532} INFO - Filling up the DagBag from /Users/b/Documents/workflow/venv/lib/python3.11/site-packages/airflow/example_dags/example_task_group_decorator.py
[2023-10-15T15:23:34.679+0100] {processor.py:753} INFO - DAG(s) dict_keys(['example_task_group_decorator']) retrieved from /Users/b/Documents/workflow/venv/lib/python3.11/site-packages/airflow/example_dags/example_task_group_decorator.py
[2023-10-15T15:23:34.832+0100] {logging_mixin.py:137} INFO - [2023-10-15T15:23:34.831+0100] {dag.py:2705} INFO - Sync 1 DAGs
[2023-10-15T15:23:34.837+0100] {logging_mixin.py:137} INFO - [2023-10-15T15:23:34.837+0100] {dag.py:3452} INFO - Setting next_dagrun for example_task_group_decorator to 2023-10-14T14:23:34.837733+00:00, run_after=2023-10-15T14:23:34.837733+00:00
[2023-10-15T15:23:34.844+0100] {processor.py:175} INFO - Processing /Users/b/Documents/workflow/venv/lib/python3.11/site-packages/airflow/example_dags/example_task_group_decorator.py took 0.184 seconds
[2023-10-15T15:24:39.822+0100] {processor.py:153} INFO - Started process (PID=31522) to work on /Users/b/Documents/workflow/venv/lib/python3.11/site-packages/airflow/example_dags/example_task_group_decorator.py
[2023-10-15T15:24:39.825+0100] {processor.py:743} INFO - Processing file /Users/b/Documents/workflow/venv/lib/python3.11/site-packages/airflow/example_dags/example_task_group_decorator.py for tasks to queue
[2023-10-15T15:24:39.825+0100] {logging_mixin.py:137} INFO - [2023-10-15T15:24:39.825+0100] {dagbag.py:532} INFO - Filling up the DagBag from /Users/b/Documents/workflow/venv/lib/python3.11/site-packages/airflow/example_dags/example_task_group_decorator.py
[2023-10-15T15:24:39.842+0100] {processor.py:753} INFO - DAG(s) dict_keys(['example_task_group_decorator']) retrieved from /Users/b/Documents/workflow/venv/lib/python3.11/site-packages/airflow/example_dags/example_task_group_decorator.py
[2023-10-15T15:24:40.013+0100] {logging_mixin.py:137} INFO - [2023-10-15T15:24:40.013+0100] {dag.py:2705} INFO - Sync 1 DAGs
[2023-10-15T15:24:40.019+0100] {logging_mixin.py:137} INFO - [2023-10-15T15:24:40.019+0100] {dag.py:3452} INFO - Setting next_dagrun for example_task_group_decorator to 2023-10-14T14:24:40.019423+00:00, run_after=2023-10-15T14:24:40.019423+00:00
[2023-10-15T15:24:40.026+0100] {processor.py:175} INFO - Processing /Users/b/Documents/workflow/venv/lib/python3.11/site-packages/airflow/example_dags/example_task_group_decorator.py took 0.204 seconds
[2023-10-15T15:25:45.134+0100] {processor.py:153} INFO - Started process (PID=31651) to work on /Users/b/Documents/workflow/venv/lib/python3.11/site-packages/airflow/example_dags/example_task_group_decorator.py
[2023-10-15T15:25:45.137+0100] {processor.py:743} INFO - Processing file /Users/b/Documents/workflow/venv/lib/python3.11/site-packages/airflow/example_dags/example_task_group_decorator.py for tasks to queue
[2023-10-15T15:25:45.137+0100] {logging_mixin.py:137} INFO - [2023-10-15T15:25:45.137+0100] {dagbag.py:532} INFO - Filling up the DagBag from /Users/b/Documents/workflow/venv/lib/python3.11/site-packages/airflow/example_dags/example_task_group_decorator.py
[2023-10-15T15:25:45.154+0100] {processor.py:753} INFO - DAG(s) dict_keys(['example_task_group_decorator']) retrieved from /Users/b/Documents/workflow/venv/lib/python3.11/site-packages/airflow/example_dags/example_task_group_decorator.py
[2023-10-15T15:25:45.307+0100] {logging_mixin.py:137} INFO - [2023-10-15T15:25:45.307+0100] {dag.py:2705} INFO - Sync 1 DAGs
[2023-10-15T15:25:45.313+0100] {logging_mixin.py:137} INFO - [2023-10-15T15:25:45.313+0100] {dag.py:3452} INFO - Setting next_dagrun for example_task_group_decorator to 2023-10-14T14:25:45.313823+00:00, run_after=2023-10-15T14:25:45.313823+00:00
[2023-10-15T15:25:45.320+0100] {processor.py:175} INFO - Processing /Users/b/Documents/workflow/venv/lib/python3.11/site-packages/airflow/example_dags/example_task_group_decorator.py took 0.187 seconds
[2023-10-15T15:26:49.739+0100] {processor.py:153} INFO - Started process (PID=31767) to work on /Users/b/Documents/workflow/venv/lib/python3.11/site-packages/airflow/example_dags/example_task_group_decorator.py
[2023-10-15T15:26:49.741+0100] {processor.py:743} INFO - Processing file /Users/b/Documents/workflow/venv/lib/python3.11/site-packages/airflow/example_dags/example_task_group_decorator.py for tasks to queue
[2023-10-15T15:26:49.741+0100] {logging_mixin.py:137} INFO - [2023-10-15T15:26:49.741+0100] {dagbag.py:532} INFO - Filling up the DagBag from /Users/b/Documents/workflow/venv/lib/python3.11/site-packages/airflow/example_dags/example_task_group_decorator.py
[2023-10-15T15:26:49.758+0100] {processor.py:753} INFO - DAG(s) dict_keys(['example_task_group_decorator']) retrieved from /Users/b/Documents/workflow/venv/lib/python3.11/site-packages/airflow/example_dags/example_task_group_decorator.py
[2023-10-15T15:26:49.935+0100] {logging_mixin.py:137} INFO - [2023-10-15T15:26:49.935+0100] {dag.py:2705} INFO - Sync 1 DAGs
[2023-10-15T15:26:49.941+0100] {logging_mixin.py:137} INFO - [2023-10-15T15:26:49.941+0100] {dag.py:3452} INFO - Setting next_dagrun for example_task_group_decorator to 2023-10-14T14:26:49.941697+00:00, run_after=2023-10-15T14:26:49.941697+00:00
[2023-10-15T15:26:49.948+0100] {processor.py:175} INFO - Processing /Users/b/Documents/workflow/venv/lib/python3.11/site-packages/airflow/example_dags/example_task_group_decorator.py took 0.210 seconds
[2023-10-15T15:27:54.151+0100] {processor.py:153} INFO - Started process (PID=31876) to work on /Users/b/Documents/workflow/venv/lib/python3.11/site-packages/airflow/example_dags/example_task_group_decorator.py
[2023-10-15T15:27:54.153+0100] {processor.py:743} INFO - Processing file /Users/b/Documents/workflow/venv/lib/python3.11/site-packages/airflow/example_dags/example_task_group_decorator.py for tasks to queue
[2023-10-15T15:27:54.153+0100] {logging_mixin.py:137} INFO - [2023-10-15T15:27:54.153+0100] {dagbag.py:532} INFO - Filling up the DagBag from /Users/b/Documents/workflow/venv/lib/python3.11/site-packages/airflow/example_dags/example_task_group_decorator.py
[2023-10-15T15:27:54.170+0100] {processor.py:753} INFO - DAG(s) dict_keys(['example_task_group_decorator']) retrieved from /Users/b/Documents/workflow/venv/lib/python3.11/site-packages/airflow/example_dags/example_task_group_decorator.py
[2023-10-15T15:27:54.322+0100] {logging_mixin.py:137} INFO - [2023-10-15T15:27:54.322+0100] {dag.py:2705} INFO - Sync 1 DAGs
[2023-10-15T15:27:54.328+0100] {logging_mixin.py:137} INFO - [2023-10-15T15:27:54.328+0100] {dag.py:3452} INFO - Setting next_dagrun for example_task_group_decorator to 2023-10-14T14:27:54.328086+00:00, run_after=2023-10-15T14:27:54.328086+00:00
[2023-10-15T15:27:54.334+0100] {processor.py:175} INFO - Processing /Users/b/Documents/workflow/venv/lib/python3.11/site-packages/airflow/example_dags/example_task_group_decorator.py took 0.184 seconds
[2023-10-15T15:28:57.948+0100] {processor.py:153} INFO - Started process (PID=31988) to work on /Users/b/Documents/workflow/venv/lib/python3.11/site-packages/airflow/example_dags/example_task_group_decorator.py
[2023-10-15T15:28:57.950+0100] {processor.py:743} INFO - Processing file /Users/b/Documents/workflow/venv/lib/python3.11/site-packages/airflow/example_dags/example_task_group_decorator.py for tasks to queue
[2023-10-15T15:28:57.950+0100] {logging_mixin.py:137} INFO - [2023-10-15T15:28:57.950+0100] {dagbag.py:532} INFO - Filling up the DagBag from /Users/b/Documents/workflow/venv/lib/python3.11/site-packages/airflow/example_dags/example_task_group_decorator.py
[2023-10-15T15:28:57.967+0100] {processor.py:753} INFO - DAG(s) dict_keys(['example_task_group_decorator']) retrieved from /Users/b/Documents/workflow/venv/lib/python3.11/site-packages/airflow/example_dags/example_task_group_decorator.py
[2023-10-15T15:28:58.119+0100] {logging_mixin.py:137} INFO - [2023-10-15T15:28:58.119+0100] {dag.py:2705} INFO - Sync 1 DAGs
[2023-10-15T15:28:58.126+0100] {logging_mixin.py:137} INFO - [2023-10-15T15:28:58.126+0100] {dag.py:3452} INFO - Setting next_dagrun for example_task_group_decorator to 2023-10-14T14:28:58.126226+00:00, run_after=2023-10-15T14:28:58.126226+00:00
[2023-10-15T15:28:58.132+0100] {processor.py:175} INFO - Processing /Users/b/Documents/workflow/venv/lib/python3.11/site-packages/airflow/example_dags/example_task_group_decorator.py took 0.185 seconds
[2023-10-15T15:30:02.266+0100] {processor.py:153} INFO - Started process (PID=32116) to work on /Users/b/Documents/workflow/venv/lib/python3.11/site-packages/airflow/example_dags/example_task_group_decorator.py
[2023-10-15T15:30:02.268+0100] {processor.py:743} INFO - Processing file /Users/b/Documents/workflow/venv/lib/python3.11/site-packages/airflow/example_dags/example_task_group_decorator.py for tasks to queue
[2023-10-15T15:30:02.268+0100] {logging_mixin.py:137} INFO - [2023-10-15T15:30:02.268+0100] {dagbag.py:532} INFO - Filling up the DagBag from /Users/b/Documents/workflow/venv/lib/python3.11/site-packages/airflow/example_dags/example_task_group_decorator.py
[2023-10-15T15:30:02.293+0100] {processor.py:753} INFO - DAG(s) dict_keys(['example_task_group_decorator']) retrieved from /Users/b/Documents/workflow/venv/lib/python3.11/site-packages/airflow/example_dags/example_task_group_decorator.py
[2023-10-15T15:30:02.474+0100] {logging_mixin.py:137} INFO - [2023-10-15T15:30:02.474+0100] {dag.py:2705} INFO - Sync 1 DAGs
[2023-10-15T15:30:02.482+0100] {logging_mixin.py:137} INFO - [2023-10-15T15:30:02.482+0100] {dag.py:3452} INFO - Setting next_dagrun for example_task_group_decorator to 2023-10-14T14:30:02.482055+00:00, run_after=2023-10-15T14:30:02.482055+00:00
[2023-10-15T15:30:02.490+0100] {processor.py:175} INFO - Processing /Users/b/Documents/workflow/venv/lib/python3.11/site-packages/airflow/example_dags/example_task_group_decorator.py took 0.224 seconds
[2023-10-15T15:31:09.136+0100] {processor.py:153} INFO - Started process (PID=32237) to work on /Users/b/Documents/workflow/venv/lib/python3.11/site-packages/airflow/example_dags/example_task_group_decorator.py
[2023-10-15T15:31:09.139+0100] {processor.py:743} INFO - Processing file /Users/b/Documents/workflow/venv/lib/python3.11/site-packages/airflow/example_dags/example_task_group_decorator.py for tasks to queue
[2023-10-15T15:31:09.139+0100] {logging_mixin.py:137} INFO - [2023-10-15T15:31:09.139+0100] {dagbag.py:532} INFO - Filling up the DagBag from /Users/b/Documents/workflow/venv/lib/python3.11/site-packages/airflow/example_dags/example_task_group_decorator.py
[2023-10-15T15:31:09.157+0100] {processor.py:753} INFO - DAG(s) dict_keys(['example_task_group_decorator']) retrieved from /Users/b/Documents/workflow/venv/lib/python3.11/site-packages/airflow/example_dags/example_task_group_decorator.py
[2023-10-15T15:31:09.327+0100] {logging_mixin.py:137} INFO - [2023-10-15T15:31:09.327+0100] {dag.py:2705} INFO - Sync 1 DAGs
[2023-10-15T15:31:09.334+0100] {logging_mixin.py:137} INFO - [2023-10-15T15:31:09.334+0100] {dag.py:3452} INFO - Setting next_dagrun for example_task_group_decorator to 2023-10-14T14:31:09.334058+00:00, run_after=2023-10-15T14:31:09.334058+00:00
[2023-10-15T15:31:09.340+0100] {processor.py:175} INFO - Processing /Users/b/Documents/workflow/venv/lib/python3.11/site-packages/airflow/example_dags/example_task_group_decorator.py took 0.204 seconds
[2023-10-15T15:32:17.103+0100] {processor.py:153} INFO - Started process (PID=32360) to work on /Users/b/Documents/workflow/venv/lib/python3.11/site-packages/airflow/example_dags/example_task_group_decorator.py
[2023-10-15T15:32:17.106+0100] {processor.py:743} INFO - Processing file /Users/b/Documents/workflow/venv/lib/python3.11/site-packages/airflow/example_dags/example_task_group_decorator.py for tasks to queue
[2023-10-15T15:32:17.106+0100] {logging_mixin.py:137} INFO - [2023-10-15T15:32:17.106+0100] {dagbag.py:532} INFO - Filling up the DagBag from /Users/b/Documents/workflow/venv/lib/python3.11/site-packages/airflow/example_dags/example_task_group_decorator.py
[2023-10-15T15:32:17.125+0100] {processor.py:753} INFO - DAG(s) dict_keys(['example_task_group_decorator']) retrieved from /Users/b/Documents/workflow/venv/lib/python3.11/site-packages/airflow/example_dags/example_task_group_decorator.py
[2023-10-15T15:32:17.322+0100] {logging_mixin.py:137} INFO - [2023-10-15T15:32:17.322+0100] {dag.py:2705} INFO - Sync 1 DAGs
[2023-10-15T15:32:17.329+0100] {logging_mixin.py:137} INFO - [2023-10-15T15:32:17.329+0100] {dag.py:3452} INFO - Setting next_dagrun for example_task_group_decorator to 2023-10-14T14:32:17.329357+00:00, run_after=2023-10-15T14:32:17.329357+00:00
[2023-10-15T15:32:17.336+0100] {processor.py:175} INFO - Processing /Users/b/Documents/workflow/venv/lib/python3.11/site-packages/airflow/example_dags/example_task_group_decorator.py took 0.233 seconds
[2023-10-15T15:33:22.015+0100] {processor.py:153} INFO - Started process (PID=32509) to work on /Users/b/Documents/workflow/venv/lib/python3.11/site-packages/airflow/example_dags/example_task_group_decorator.py
[2023-10-15T15:33:22.017+0100] {processor.py:743} INFO - Processing file /Users/b/Documents/workflow/venv/lib/python3.11/site-packages/airflow/example_dags/example_task_group_decorator.py for tasks to queue
[2023-10-15T15:33:22.017+0100] {logging_mixin.py:137} INFO - [2023-10-15T15:33:22.017+0100] {dagbag.py:532} INFO - Filling up the DagBag from /Users/b/Documents/workflow/venv/lib/python3.11/site-packages/airflow/example_dags/example_task_group_decorator.py
[2023-10-15T15:33:22.036+0100] {processor.py:753} INFO - DAG(s) dict_keys(['example_task_group_decorator']) retrieved from /Users/b/Documents/workflow/venv/lib/python3.11/site-packages/airflow/example_dags/example_task_group_decorator.py
[2023-10-15T15:33:22.199+0100] {logging_mixin.py:137} INFO - [2023-10-15T15:33:22.199+0100] {dag.py:2705} INFO - Sync 1 DAGs
[2023-10-15T15:33:22.206+0100] {logging_mixin.py:137} INFO - [2023-10-15T15:33:22.205+0100] {dag.py:3452} INFO - Setting next_dagrun for example_task_group_decorator to 2023-10-14T14:33:22.205905+00:00, run_after=2023-10-15T14:33:22.205905+00:00
[2023-10-15T15:33:22.212+0100] {processor.py:175} INFO - Processing /Users/b/Documents/workflow/venv/lib/python3.11/site-packages/airflow/example_dags/example_task_group_decorator.py took 0.198 seconds
