[2023-10-15T15:11:39.697+0100] {processor.py:153} INFO - Started process (PID=29443) to work on /Users/b/Documents/workflow/venv/lib/python3.11/site-packages/airflow/example_dags/example_subdag_operator.py
[2023-10-15T15:11:39.699+0100] {processor.py:743} INFO - Processing file /Users/b/Documents/workflow/venv/lib/python3.11/site-packages/airflow/example_dags/example_subdag_operator.py for tasks to queue
[2023-10-15T15:11:39.699+0100] {logging_mixin.py:137} INFO - [2023-10-15T15:11:39.699+0100] {dagbag.py:532} INFO - Filling up the DagBag from /Users/b/Documents/workflow/venv/lib/python3.11/site-packages/airflow/example_dags/example_subdag_operator.py
[2023-10-15T15:11:39.862+0100] {processor.py:753} INFO - DAG(s) dict_keys(['example_subdag_operator.section-1', 'example_subdag_operator.section-2', 'example_subdag_operator']) retrieved from /Users/b/Documents/workflow/venv/lib/python3.11/site-packages/airflow/example_dags/example_subdag_operator.py
[2023-10-15T15:11:39.920+0100] {logging_mixin.py:137} INFO - [2023-10-15T15:11:39.920+0100] {manager.py:504} INFO - Created Permission View: can edit on DAG:example_subdag_operator
[2023-10-15T15:11:39.923+0100] {logging_mixin.py:137} INFO - [2023-10-15T15:11:39.923+0100] {manager.py:504} INFO - Created Permission View: can read on DAG:example_subdag_operator
[2023-10-15T15:11:39.924+0100] {logging_mixin.py:137} INFO - [2023-10-15T15:11:39.924+0100] {manager.py:504} INFO - Created Permission View: can delete on DAG:example_subdag_operator
[2023-10-15T15:11:39.924+0100] {logging_mixin.py:137} INFO - [2023-10-15T15:11:39.924+0100] {dag.py:2705} INFO - Sync 3 DAGs
[2023-10-15T15:11:39.928+0100] {logging_mixin.py:137} INFO - [2023-10-15T15:11:39.927+0100] {dag.py:2726} INFO - Creating ORM DAG for example_subdag_operator
[2023-10-15T15:11:39.928+0100] {logging_mixin.py:137} INFO - [2023-10-15T15:11:39.928+0100] {dag.py:2726} INFO - Creating ORM DAG for example_subdag_operator.section-2
[2023-10-15T15:11:39.928+0100] {logging_mixin.py:137} INFO - [2023-10-15T15:11:39.928+0100] {dag.py:2726} INFO - Creating ORM DAG for example_subdag_operator.section-1
[2023-10-15T15:11:39.930+0100] {logging_mixin.py:137} INFO - [2023-10-15T15:11:39.930+0100] {dag.py:3452} INFO - Setting next_dagrun for example_subdag_operator to 2022-01-01T00:00:00+00:00, run_after=2022-01-01T00:00:00+00:00
[2023-10-15T15:11:39.930+0100] {logging_mixin.py:137} INFO - [2023-10-15T15:11:39.930+0100] {dag.py:3452} INFO - Setting next_dagrun for example_subdag_operator.section-1 to None, run_after=None
[2023-10-15T15:11:39.931+0100] {logging_mixin.py:137} INFO - [2023-10-15T15:11:39.931+0100] {dag.py:3452} INFO - Setting next_dagrun for example_subdag_operator.section-2 to None, run_after=None
[2023-10-15T15:11:39.933+0100] {logging_mixin.py:137} INFO - [2023-10-15T15:11:39.933+0100] {dag.py:2705} INFO - Sync 2 DAGs
[2023-10-15T15:11:39.935+0100] {logging_mixin.py:137} INFO - [2023-10-15T15:11:39.935+0100] {dag.py:3452} INFO - Setting next_dagrun for example_subdag_operator.section-1 to None, run_after=None
[2023-10-15T15:11:39.935+0100] {logging_mixin.py:137} INFO - [2023-10-15T15:11:39.935+0100] {dag.py:3452} INFO - Setting next_dagrun for example_subdag_operator.section-2 to None, run_after=None
[2023-10-15T15:11:39.940+0100] {processor.py:175} INFO - Processing /Users/b/Documents/workflow/venv/lib/python3.11/site-packages/airflow/example_dags/example_subdag_operator.py took 0.243 seconds
[2023-10-15T15:12:46.398+0100] {processor.py:153} INFO - Started process (PID=29598) to work on /Users/b/Documents/workflow/venv/lib/python3.11/site-packages/airflow/example_dags/example_subdag_operator.py
[2023-10-15T15:12:46.400+0100] {processor.py:743} INFO - Processing file /Users/b/Documents/workflow/venv/lib/python3.11/site-packages/airflow/example_dags/example_subdag_operator.py for tasks to queue
[2023-10-15T15:12:46.400+0100] {logging_mixin.py:137} INFO - [2023-10-15T15:12:46.400+0100] {dagbag.py:532} INFO - Filling up the DagBag from /Users/b/Documents/workflow/venv/lib/python3.11/site-packages/airflow/example_dags/example_subdag_operator.py
[2023-10-15T15:12:46.575+0100] {processor.py:753} INFO - DAG(s) dict_keys(['example_subdag_operator.section-1', 'example_subdag_operator.section-2', 'example_subdag_operator']) retrieved from /Users/b/Documents/workflow/venv/lib/python3.11/site-packages/airflow/example_dags/example_subdag_operator.py
[2023-10-15T15:12:46.606+0100] {logging_mixin.py:137} INFO - [2023-10-15T15:12:46.606+0100] {dag.py:2705} INFO - Sync 3 DAGs
[2023-10-15T15:12:46.613+0100] {logging_mixin.py:137} INFO - [2023-10-15T15:12:46.612+0100] {dag.py:3452} INFO - Setting next_dagrun for example_subdag_operator to 2022-01-01T00:00:00+00:00, run_after=2022-01-01T00:00:00+00:00
[2023-10-15T15:12:46.613+0100] {logging_mixin.py:137} INFO - [2023-10-15T15:12:46.613+0100] {dag.py:3452} INFO - Setting next_dagrun for example_subdag_operator.section-1 to None, run_after=None
[2023-10-15T15:12:46.614+0100] {logging_mixin.py:137} INFO - [2023-10-15T15:12:46.614+0100] {dag.py:3452} INFO - Setting next_dagrun for example_subdag_operator.section-2 to None, run_after=None
[2023-10-15T15:12:46.616+0100] {logging_mixin.py:137} INFO - [2023-10-15T15:12:46.616+0100] {dag.py:2705} INFO - Sync 2 DAGs
[2023-10-15T15:12:46.617+0100] {logging_mixin.py:137} INFO - [2023-10-15T15:12:46.617+0100] {dag.py:3452} INFO - Setting next_dagrun for example_subdag_operator.section-1 to None, run_after=None
[2023-10-15T15:12:46.617+0100] {logging_mixin.py:137} INFO - [2023-10-15T15:12:46.617+0100] {dag.py:3452} INFO - Setting next_dagrun for example_subdag_operator.section-2 to None, run_after=None
[2023-10-15T15:12:46.621+0100] {processor.py:175} INFO - Processing /Users/b/Documents/workflow/venv/lib/python3.11/site-packages/airflow/example_dags/example_subdag_operator.py took 0.223 seconds
[2023-10-15T15:13:53.573+0100] {processor.py:153} INFO - Started process (PID=30130) to work on /Users/b/Documents/workflow/venv/lib/python3.11/site-packages/airflow/example_dags/example_subdag_operator.py
[2023-10-15T15:13:53.575+0100] {processor.py:743} INFO - Processing file /Users/b/Documents/workflow/venv/lib/python3.11/site-packages/airflow/example_dags/example_subdag_operator.py for tasks to queue
[2023-10-15T15:13:53.575+0100] {logging_mixin.py:137} INFO - [2023-10-15T15:13:53.575+0100] {dagbag.py:532} INFO - Filling up the DagBag from /Users/b/Documents/workflow/venv/lib/python3.11/site-packages/airflow/example_dags/example_subdag_operator.py
[2023-10-15T15:13:53.744+0100] {processor.py:753} INFO - DAG(s) dict_keys(['example_subdag_operator.section-1', 'example_subdag_operator.section-2', 'example_subdag_operator']) retrieved from /Users/b/Documents/workflow/venv/lib/python3.11/site-packages/airflow/example_dags/example_subdag_operator.py
[2023-10-15T15:13:53.775+0100] {logging_mixin.py:137} INFO - [2023-10-15T15:13:53.775+0100] {dag.py:2705} INFO - Sync 3 DAGs
[2023-10-15T15:13:53.780+0100] {logging_mixin.py:137} INFO - [2023-10-15T15:13:53.780+0100] {dag.py:3452} INFO - Setting next_dagrun for example_subdag_operator to 2022-01-01T00:00:00+00:00, run_after=2022-01-01T00:00:00+00:00
[2023-10-15T15:13:53.781+0100] {logging_mixin.py:137} INFO - [2023-10-15T15:13:53.781+0100] {dag.py:3452} INFO - Setting next_dagrun for example_subdag_operator.section-1 to None, run_after=None
[2023-10-15T15:13:53.781+0100] {logging_mixin.py:137} INFO - [2023-10-15T15:13:53.781+0100] {dag.py:3452} INFO - Setting next_dagrun for example_subdag_operator.section-2 to None, run_after=None
[2023-10-15T15:13:53.783+0100] {logging_mixin.py:137} INFO - [2023-10-15T15:13:53.783+0100] {dag.py:2705} INFO - Sync 2 DAGs
[2023-10-15T15:13:53.784+0100] {logging_mixin.py:137} INFO - [2023-10-15T15:13:53.784+0100] {dag.py:3452} INFO - Setting next_dagrun for example_subdag_operator.section-1 to None, run_after=None
[2023-10-15T15:13:53.784+0100] {logging_mixin.py:137} INFO - [2023-10-15T15:13:53.784+0100] {dag.py:3452} INFO - Setting next_dagrun for example_subdag_operator.section-2 to None, run_after=None
[2023-10-15T15:13:53.789+0100] {processor.py:175} INFO - Processing /Users/b/Documents/workflow/venv/lib/python3.11/site-packages/airflow/example_dags/example_subdag_operator.py took 0.217 seconds
[2023-10-15T15:14:58.746+0100] {processor.py:153} INFO - Started process (PID=30280) to work on /Users/b/Documents/workflow/venv/lib/python3.11/site-packages/airflow/example_dags/example_subdag_operator.py
[2023-10-15T15:14:58.749+0100] {processor.py:743} INFO - Processing file /Users/b/Documents/workflow/venv/lib/python3.11/site-packages/airflow/example_dags/example_subdag_operator.py for tasks to queue
[2023-10-15T15:14:58.749+0100] {logging_mixin.py:137} INFO - [2023-10-15T15:14:58.749+0100] {dagbag.py:532} INFO - Filling up the DagBag from /Users/b/Documents/workflow/venv/lib/python3.11/site-packages/airflow/example_dags/example_subdag_operator.py
[2023-10-15T15:14:58.905+0100] {processor.py:753} INFO - DAG(s) dict_keys(['example_subdag_operator.section-1', 'example_subdag_operator.section-2', 'example_subdag_operator']) retrieved from /Users/b/Documents/workflow/venv/lib/python3.11/site-packages/airflow/example_dags/example_subdag_operator.py
[2023-10-15T15:14:58.936+0100] {logging_mixin.py:137} INFO - [2023-10-15T15:14:58.936+0100] {dag.py:2705} INFO - Sync 3 DAGs
[2023-10-15T15:14:58.941+0100] {logging_mixin.py:137} INFO - [2023-10-15T15:14:58.941+0100] {dag.py:3452} INFO - Setting next_dagrun for example_subdag_operator to 2022-01-01T00:00:00+00:00, run_after=2022-01-01T00:00:00+00:00
[2023-10-15T15:14:58.942+0100] {logging_mixin.py:137} INFO - [2023-10-15T15:14:58.942+0100] {dag.py:3452} INFO - Setting next_dagrun for example_subdag_operator.section-1 to None, run_after=None
[2023-10-15T15:14:58.943+0100] {logging_mixin.py:137} INFO - [2023-10-15T15:14:58.943+0100] {dag.py:3452} INFO - Setting next_dagrun for example_subdag_operator.section-2 to None, run_after=None
[2023-10-15T15:14:58.944+0100] {logging_mixin.py:137} INFO - [2023-10-15T15:14:58.944+0100] {dag.py:2705} INFO - Sync 2 DAGs
[2023-10-15T15:14:58.946+0100] {logging_mixin.py:137} INFO - [2023-10-15T15:14:58.946+0100] {dag.py:3452} INFO - Setting next_dagrun for example_subdag_operator.section-1 to None, run_after=None
[2023-10-15T15:14:58.946+0100] {logging_mixin.py:137} INFO - [2023-10-15T15:14:58.946+0100] {dag.py:3452} INFO - Setting next_dagrun for example_subdag_operator.section-2 to None, run_after=None
[2023-10-15T15:14:58.950+0100] {processor.py:175} INFO - Processing /Users/b/Documents/workflow/venv/lib/python3.11/site-packages/airflow/example_dags/example_subdag_operator.py took 0.204 seconds
[2023-10-15T15:16:00.984+0100] {processor.py:153} INFO - Started process (PID=30394) to work on /Users/b/Documents/workflow/venv/lib/python3.11/site-packages/airflow/example_dags/example_subdag_operator.py
[2023-10-15T15:16:00.987+0100] {processor.py:743} INFO - Processing file /Users/b/Documents/workflow/venv/lib/python3.11/site-packages/airflow/example_dags/example_subdag_operator.py for tasks to queue
[2023-10-15T15:16:00.987+0100] {logging_mixin.py:137} INFO - [2023-10-15T15:16:00.987+0100] {dagbag.py:532} INFO - Filling up the DagBag from /Users/b/Documents/workflow/venv/lib/python3.11/site-packages/airflow/example_dags/example_subdag_operator.py
[2023-10-15T15:16:01.175+0100] {processor.py:753} INFO - DAG(s) dict_keys(['example_subdag_operator.section-1', 'example_subdag_operator.section-2', 'example_subdag_operator']) retrieved from /Users/b/Documents/workflow/venv/lib/python3.11/site-packages/airflow/example_dags/example_subdag_operator.py
[2023-10-15T15:16:01.207+0100] {logging_mixin.py:137} INFO - [2023-10-15T15:16:01.207+0100] {dag.py:2705} INFO - Sync 3 DAGs
[2023-10-15T15:16:01.212+0100] {logging_mixin.py:137} INFO - [2023-10-15T15:16:01.212+0100] {dag.py:3452} INFO - Setting next_dagrun for example_subdag_operator to 2022-01-01T00:00:00+00:00, run_after=2022-01-01T00:00:00+00:00
[2023-10-15T15:16:01.213+0100] {logging_mixin.py:137} INFO - [2023-10-15T15:16:01.213+0100] {dag.py:3452} INFO - Setting next_dagrun for example_subdag_operator.section-1 to None, run_after=None
[2023-10-15T15:16:01.213+0100] {logging_mixin.py:137} INFO - [2023-10-15T15:16:01.213+0100] {dag.py:3452} INFO - Setting next_dagrun for example_subdag_operator.section-2 to None, run_after=None
[2023-10-15T15:16:01.215+0100] {logging_mixin.py:137} INFO - [2023-10-15T15:16:01.215+0100] {dag.py:2705} INFO - Sync 2 DAGs
[2023-10-15T15:16:01.217+0100] {logging_mixin.py:137} INFO - [2023-10-15T15:16:01.217+0100] {dag.py:3452} INFO - Setting next_dagrun for example_subdag_operator.section-1 to None, run_after=None
[2023-10-15T15:16:01.217+0100] {logging_mixin.py:137} INFO - [2023-10-15T15:16:01.217+0100] {dag.py:3452} INFO - Setting next_dagrun for example_subdag_operator.section-2 to None, run_after=None
[2023-10-15T15:16:01.222+0100] {processor.py:175} INFO - Processing /Users/b/Documents/workflow/venv/lib/python3.11/site-packages/airflow/example_dags/example_subdag_operator.py took 0.239 seconds
[2023-10-15T15:20:20.355+0100] {processor.py:153} INFO - Started process (PID=30863) to work on /Users/b/Documents/workflow/venv/lib/python3.11/site-packages/airflow/example_dags/example_subdag_operator.py
[2023-10-15T15:20:20.357+0100] {processor.py:743} INFO - Processing file /Users/b/Documents/workflow/venv/lib/python3.11/site-packages/airflow/example_dags/example_subdag_operator.py for tasks to queue
[2023-10-15T15:20:20.357+0100] {logging_mixin.py:137} INFO - [2023-10-15T15:20:20.357+0100] {dagbag.py:532} INFO - Filling up the DagBag from /Users/b/Documents/workflow/venv/lib/python3.11/site-packages/airflow/example_dags/example_subdag_operator.py
[2023-10-15T15:20:20.534+0100] {processor.py:753} INFO - DAG(s) dict_keys(['example_subdag_operator.section-1', 'example_subdag_operator.section-2', 'example_subdag_operator']) retrieved from /Users/b/Documents/workflow/venv/lib/python3.11/site-packages/airflow/example_dags/example_subdag_operator.py
[2023-10-15T15:20:20.566+0100] {logging_mixin.py:137} INFO - [2023-10-15T15:20:20.566+0100] {dag.py:2705} INFO - Sync 3 DAGs
[2023-10-15T15:20:20.571+0100] {logging_mixin.py:137} INFO - [2023-10-15T15:20:20.571+0100] {dag.py:3452} INFO - Setting next_dagrun for example_subdag_operator to 2022-01-01T00:00:00+00:00, run_after=2022-01-01T00:00:00+00:00
[2023-10-15T15:20:20.572+0100] {logging_mixin.py:137} INFO - [2023-10-15T15:20:20.572+0100] {dag.py:3452} INFO - Setting next_dagrun for example_subdag_operator.section-1 to None, run_after=None
[2023-10-15T15:20:20.572+0100] {logging_mixin.py:137} INFO - [2023-10-15T15:20:20.572+0100] {dag.py:3452} INFO - Setting next_dagrun for example_subdag_operator.section-2 to None, run_after=None
[2023-10-15T15:20:20.574+0100] {logging_mixin.py:137} INFO - [2023-10-15T15:20:20.574+0100] {dag.py:2705} INFO - Sync 2 DAGs
[2023-10-15T15:20:20.576+0100] {logging_mixin.py:137} INFO - [2023-10-15T15:20:20.576+0100] {dag.py:3452} INFO - Setting next_dagrun for example_subdag_operator.section-1 to None, run_after=None
[2023-10-15T15:20:20.576+0100] {logging_mixin.py:137} INFO - [2023-10-15T15:20:20.576+0100] {dag.py:3452} INFO - Setting next_dagrun for example_subdag_operator.section-2 to None, run_after=None
[2023-10-15T15:20:20.580+0100] {processor.py:175} INFO - Processing /Users/b/Documents/workflow/venv/lib/python3.11/site-packages/airflow/example_dags/example_subdag_operator.py took 0.226 seconds
[2023-10-15T15:21:32.329+0100] {processor.py:153} INFO - Started process (PID=31098) to work on /Users/b/Documents/workflow/venv/lib/python3.11/site-packages/airflow/example_dags/example_subdag_operator.py
[2023-10-15T15:21:32.332+0100] {processor.py:743} INFO - Processing file /Users/b/Documents/workflow/venv/lib/python3.11/site-packages/airflow/example_dags/example_subdag_operator.py for tasks to queue
[2023-10-15T15:21:32.332+0100] {logging_mixin.py:137} INFO - [2023-10-15T15:21:32.332+0100] {dagbag.py:532} INFO - Filling up the DagBag from /Users/b/Documents/workflow/venv/lib/python3.11/site-packages/airflow/example_dags/example_subdag_operator.py
[2023-10-15T15:21:32.507+0100] {processor.py:753} INFO - DAG(s) dict_keys(['example_subdag_operator.section-1', 'example_subdag_operator.section-2', 'example_subdag_operator']) retrieved from /Users/b/Documents/workflow/venv/lib/python3.11/site-packages/airflow/example_dags/example_subdag_operator.py
[2023-10-15T15:21:32.542+0100] {logging_mixin.py:137} INFO - [2023-10-15T15:21:32.542+0100] {dag.py:2705} INFO - Sync 3 DAGs
[2023-10-15T15:21:32.549+0100] {logging_mixin.py:137} INFO - [2023-10-15T15:21:32.548+0100] {dag.py:3452} INFO - Setting next_dagrun for example_subdag_operator to 2022-01-01T00:00:00+00:00, run_after=2022-01-01T00:00:00+00:00
[2023-10-15T15:21:32.550+0100] {logging_mixin.py:137} INFO - [2023-10-15T15:21:32.550+0100] {dag.py:3452} INFO - Setting next_dagrun for example_subdag_operator.section-1 to None, run_after=None
[2023-10-15T15:21:32.550+0100] {logging_mixin.py:137} INFO - [2023-10-15T15:21:32.550+0100] {dag.py:3452} INFO - Setting next_dagrun for example_subdag_operator.section-2 to None, run_after=None
[2023-10-15T15:21:32.552+0100] {logging_mixin.py:137} INFO - [2023-10-15T15:21:32.552+0100] {dag.py:2705} INFO - Sync 2 DAGs
[2023-10-15T15:21:32.554+0100] {logging_mixin.py:137} INFO - [2023-10-15T15:21:32.554+0100] {dag.py:3452} INFO - Setting next_dagrun for example_subdag_operator.section-1 to None, run_after=None
[2023-10-15T15:21:32.554+0100] {logging_mixin.py:137} INFO - [2023-10-15T15:21:32.554+0100] {dag.py:3452} INFO - Setting next_dagrun for example_subdag_operator.section-2 to None, run_after=None
[2023-10-15T15:21:32.559+0100] {processor.py:175} INFO - Processing /Users/b/Documents/workflow/venv/lib/python3.11/site-packages/airflow/example_dags/example_subdag_operator.py took 0.230 seconds
[2023-10-15T15:22:33.300+0100] {processor.py:153} INFO - Started process (PID=31252) to work on /Users/b/Documents/workflow/venv/lib/python3.11/site-packages/airflow/example_dags/example_subdag_operator.py
[2023-10-15T15:22:33.302+0100] {processor.py:743} INFO - Processing file /Users/b/Documents/workflow/venv/lib/python3.11/site-packages/airflow/example_dags/example_subdag_operator.py for tasks to queue
[2023-10-15T15:22:33.302+0100] {logging_mixin.py:137} INFO - [2023-10-15T15:22:33.302+0100] {dagbag.py:532} INFO - Filling up the DagBag from /Users/b/Documents/workflow/venv/lib/python3.11/site-packages/airflow/example_dags/example_subdag_operator.py
[2023-10-15T15:22:33.463+0100] {processor.py:753} INFO - DAG(s) dict_keys(['example_subdag_operator.section-1', 'example_subdag_operator.section-2', 'example_subdag_operator']) retrieved from /Users/b/Documents/workflow/venv/lib/python3.11/site-packages/airflow/example_dags/example_subdag_operator.py
[2023-10-15T15:22:33.494+0100] {logging_mixin.py:137} INFO - [2023-10-15T15:22:33.494+0100] {dag.py:2705} INFO - Sync 3 DAGs
[2023-10-15T15:22:33.500+0100] {logging_mixin.py:137} INFO - [2023-10-15T15:22:33.500+0100] {dag.py:3452} INFO - Setting next_dagrun for example_subdag_operator to 2022-01-01T00:00:00+00:00, run_after=2022-01-01T00:00:00+00:00
[2023-10-15T15:22:33.501+0100] {logging_mixin.py:137} INFO - [2023-10-15T15:22:33.501+0100] {dag.py:3452} INFO - Setting next_dagrun for example_subdag_operator.section-1 to None, run_after=None
[2023-10-15T15:22:33.502+0100] {logging_mixin.py:137} INFO - [2023-10-15T15:22:33.502+0100] {dag.py:3452} INFO - Setting next_dagrun for example_subdag_operator.section-2 to None, run_after=None
[2023-10-15T15:22:33.507+0100] {logging_mixin.py:137} INFO - [2023-10-15T15:22:33.507+0100] {dag.py:2705} INFO - Sync 2 DAGs
[2023-10-15T15:22:33.509+0100] {logging_mixin.py:137} INFO - [2023-10-15T15:22:33.508+0100] {dag.py:3452} INFO - Setting next_dagrun for example_subdag_operator.section-1 to None, run_after=None
[2023-10-15T15:22:33.509+0100] {logging_mixin.py:137} INFO - [2023-10-15T15:22:33.509+0100] {dag.py:3452} INFO - Setting next_dagrun for example_subdag_operator.section-2 to None, run_after=None
[2023-10-15T15:22:33.513+0100] {processor.py:175} INFO - Processing /Users/b/Documents/workflow/venv/lib/python3.11/site-packages/airflow/example_dags/example_subdag_operator.py took 0.213 seconds
[2023-10-15T15:23:37.944+0100] {processor.py:153} INFO - Started process (PID=31388) to work on /Users/b/Documents/workflow/venv/lib/python3.11/site-packages/airflow/example_dags/example_subdag_operator.py
[2023-10-15T15:23:37.946+0100] {processor.py:743} INFO - Processing file /Users/b/Documents/workflow/venv/lib/python3.11/site-packages/airflow/example_dags/example_subdag_operator.py for tasks to queue
[2023-10-15T15:23:37.946+0100] {logging_mixin.py:137} INFO - [2023-10-15T15:23:37.946+0100] {dagbag.py:532} INFO - Filling up the DagBag from /Users/b/Documents/workflow/venv/lib/python3.11/site-packages/airflow/example_dags/example_subdag_operator.py
[2023-10-15T15:23:38.106+0100] {processor.py:753} INFO - DAG(s) dict_keys(['example_subdag_operator.section-1', 'example_subdag_operator.section-2', 'example_subdag_operator']) retrieved from /Users/b/Documents/workflow/venv/lib/python3.11/site-packages/airflow/example_dags/example_subdag_operator.py
[2023-10-15T15:23:38.137+0100] {logging_mixin.py:137} INFO - [2023-10-15T15:23:38.137+0100] {dag.py:2705} INFO - Sync 3 DAGs
[2023-10-15T15:23:38.142+0100] {logging_mixin.py:137} INFO - [2023-10-15T15:23:38.142+0100] {dag.py:3452} INFO - Setting next_dagrun for example_subdag_operator to 2022-01-01T00:00:00+00:00, run_after=2022-01-01T00:00:00+00:00
[2023-10-15T15:23:38.143+0100] {logging_mixin.py:137} INFO - [2023-10-15T15:23:38.143+0100] {dag.py:3452} INFO - Setting next_dagrun for example_subdag_operator.section-1 to None, run_after=None
[2023-10-15T15:23:38.144+0100] {logging_mixin.py:137} INFO - [2023-10-15T15:23:38.144+0100] {dag.py:3452} INFO - Setting next_dagrun for example_subdag_operator.section-2 to None, run_after=None
[2023-10-15T15:23:38.145+0100] {logging_mixin.py:137} INFO - [2023-10-15T15:23:38.145+0100] {dag.py:2705} INFO - Sync 2 DAGs
[2023-10-15T15:23:38.147+0100] {logging_mixin.py:137} INFO - [2023-10-15T15:23:38.147+0100] {dag.py:3452} INFO - Setting next_dagrun for example_subdag_operator.section-1 to None, run_after=None
[2023-10-15T15:23:38.147+0100] {logging_mixin.py:137} INFO - [2023-10-15T15:23:38.147+0100] {dag.py:3452} INFO - Setting next_dagrun for example_subdag_operator.section-2 to None, run_after=None
[2023-10-15T15:23:38.151+0100] {processor.py:175} INFO - Processing /Users/b/Documents/workflow/venv/lib/python3.11/site-packages/airflow/example_dags/example_subdag_operator.py took 0.207 seconds
[2023-10-15T15:24:43.187+0100] {processor.py:153} INFO - Started process (PID=31529) to work on /Users/b/Documents/workflow/venv/lib/python3.11/site-packages/airflow/example_dags/example_subdag_operator.py
[2023-10-15T15:24:43.190+0100] {processor.py:743} INFO - Processing file /Users/b/Documents/workflow/venv/lib/python3.11/site-packages/airflow/example_dags/example_subdag_operator.py for tasks to queue
[2023-10-15T15:24:43.190+0100] {logging_mixin.py:137} INFO - [2023-10-15T15:24:43.190+0100] {dagbag.py:532} INFO - Filling up the DagBag from /Users/b/Documents/workflow/venv/lib/python3.11/site-packages/airflow/example_dags/example_subdag_operator.py
[2023-10-15T15:24:43.351+0100] {processor.py:753} INFO - DAG(s) dict_keys(['example_subdag_operator.section-1', 'example_subdag_operator.section-2', 'example_subdag_operator']) retrieved from /Users/b/Documents/workflow/venv/lib/python3.11/site-packages/airflow/example_dags/example_subdag_operator.py
[2023-10-15T15:24:43.381+0100] {logging_mixin.py:137} INFO - [2023-10-15T15:24:43.381+0100] {dag.py:2705} INFO - Sync 3 DAGs
[2023-10-15T15:24:43.387+0100] {logging_mixin.py:137} INFO - [2023-10-15T15:24:43.387+0100] {dag.py:3452} INFO - Setting next_dagrun for example_subdag_operator to 2022-01-01T00:00:00+00:00, run_after=2022-01-01T00:00:00+00:00
[2023-10-15T15:24:43.387+0100] {logging_mixin.py:137} INFO - [2023-10-15T15:24:43.387+0100] {dag.py:3452} INFO - Setting next_dagrun for example_subdag_operator.section-1 to None, run_after=None
[2023-10-15T15:24:43.388+0100] {logging_mixin.py:137} INFO - [2023-10-15T15:24:43.388+0100] {dag.py:3452} INFO - Setting next_dagrun for example_subdag_operator.section-2 to None, run_after=None
[2023-10-15T15:24:43.390+0100] {logging_mixin.py:137} INFO - [2023-10-15T15:24:43.389+0100] {dag.py:2705} INFO - Sync 2 DAGs
[2023-10-15T15:24:43.391+0100] {logging_mixin.py:137} INFO - [2023-10-15T15:24:43.391+0100] {dag.py:3452} INFO - Setting next_dagrun for example_subdag_operator.section-1 to None, run_after=None
[2023-10-15T15:24:43.391+0100] {logging_mixin.py:137} INFO - [2023-10-15T15:24:43.391+0100] {dag.py:3452} INFO - Setting next_dagrun for example_subdag_operator.section-2 to None, run_after=None
[2023-10-15T15:24:43.395+0100] {processor.py:175} INFO - Processing /Users/b/Documents/workflow/venv/lib/python3.11/site-packages/airflow/example_dags/example_subdag_operator.py took 0.208 seconds
[2023-10-15T15:25:48.479+0100] {processor.py:153} INFO - Started process (PID=31660) to work on /Users/b/Documents/workflow/venv/lib/python3.11/site-packages/airflow/example_dags/example_subdag_operator.py
[2023-10-15T15:25:48.481+0100] {processor.py:743} INFO - Processing file /Users/b/Documents/workflow/venv/lib/python3.11/site-packages/airflow/example_dags/example_subdag_operator.py for tasks to queue
[2023-10-15T15:25:48.481+0100] {logging_mixin.py:137} INFO - [2023-10-15T15:25:48.481+0100] {dagbag.py:532} INFO - Filling up the DagBag from /Users/b/Documents/workflow/venv/lib/python3.11/site-packages/airflow/example_dags/example_subdag_operator.py
[2023-10-15T15:25:48.661+0100] {processor.py:753} INFO - DAG(s) dict_keys(['example_subdag_operator.section-1', 'example_subdag_operator.section-2', 'example_subdag_operator']) retrieved from /Users/b/Documents/workflow/venv/lib/python3.11/site-packages/airflow/example_dags/example_subdag_operator.py
[2023-10-15T15:25:48.692+0100] {logging_mixin.py:137} INFO - [2023-10-15T15:25:48.691+0100] {dag.py:2705} INFO - Sync 3 DAGs
[2023-10-15T15:25:48.697+0100] {logging_mixin.py:137} INFO - [2023-10-15T15:25:48.697+0100] {dag.py:3452} INFO - Setting next_dagrun for example_subdag_operator to 2022-01-01T00:00:00+00:00, run_after=2022-01-01T00:00:00+00:00
[2023-10-15T15:25:48.698+0100] {logging_mixin.py:137} INFO - [2023-10-15T15:25:48.698+0100] {dag.py:3452} INFO - Setting next_dagrun for example_subdag_operator.section-1 to None, run_after=None
[2023-10-15T15:25:48.698+0100] {logging_mixin.py:137} INFO - [2023-10-15T15:25:48.698+0100] {dag.py:3452} INFO - Setting next_dagrun for example_subdag_operator.section-2 to None, run_after=None
[2023-10-15T15:25:48.700+0100] {logging_mixin.py:137} INFO - [2023-10-15T15:25:48.700+0100] {dag.py:2705} INFO - Sync 2 DAGs
[2023-10-15T15:25:48.701+0100] {logging_mixin.py:137} INFO - [2023-10-15T15:25:48.701+0100] {dag.py:3452} INFO - Setting next_dagrun for example_subdag_operator.section-1 to None, run_after=None
[2023-10-15T15:25:48.701+0100] {logging_mixin.py:137} INFO - [2023-10-15T15:25:48.701+0100] {dag.py:3452} INFO - Setting next_dagrun for example_subdag_operator.section-2 to None, run_after=None
[2023-10-15T15:25:48.705+0100] {processor.py:175} INFO - Processing /Users/b/Documents/workflow/venv/lib/python3.11/site-packages/airflow/example_dags/example_subdag_operator.py took 0.227 seconds
[2023-10-15T15:26:52.311+0100] {processor.py:153} INFO - Started process (PID=31772) to work on /Users/b/Documents/workflow/venv/lib/python3.11/site-packages/airflow/example_dags/example_subdag_operator.py
[2023-10-15T15:26:52.314+0100] {processor.py:743} INFO - Processing file /Users/b/Documents/workflow/venv/lib/python3.11/site-packages/airflow/example_dags/example_subdag_operator.py for tasks to queue
[2023-10-15T15:26:52.315+0100] {logging_mixin.py:137} INFO - [2023-10-15T15:26:52.314+0100] {dagbag.py:532} INFO - Filling up the DagBag from /Users/b/Documents/workflow/venv/lib/python3.11/site-packages/airflow/example_dags/example_subdag_operator.py
[2023-10-15T15:26:52.501+0100] {processor.py:753} INFO - DAG(s) dict_keys(['example_subdag_operator.section-1', 'example_subdag_operator.section-2', 'example_subdag_operator']) retrieved from /Users/b/Documents/workflow/venv/lib/python3.11/site-packages/airflow/example_dags/example_subdag_operator.py
[2023-10-15T15:26:52.534+0100] {logging_mixin.py:137} INFO - [2023-10-15T15:26:52.534+0100] {dag.py:2705} INFO - Sync 3 DAGs
[2023-10-15T15:26:52.540+0100] {logging_mixin.py:137} INFO - [2023-10-15T15:26:52.540+0100] {dag.py:3452} INFO - Setting next_dagrun for example_subdag_operator to 2022-01-01T00:00:00+00:00, run_after=2022-01-01T00:00:00+00:00
[2023-10-15T15:26:52.541+0100] {logging_mixin.py:137} INFO - [2023-10-15T15:26:52.541+0100] {dag.py:3452} INFO - Setting next_dagrun for example_subdag_operator.section-1 to None, run_after=None
[2023-10-15T15:26:52.541+0100] {logging_mixin.py:137} INFO - [2023-10-15T15:26:52.541+0100] {dag.py:3452} INFO - Setting next_dagrun for example_subdag_operator.section-2 to None, run_after=None
[2023-10-15T15:26:52.543+0100] {logging_mixin.py:137} INFO - [2023-10-15T15:26:52.543+0100] {dag.py:2705} INFO - Sync 2 DAGs
[2023-10-15T15:26:52.545+0100] {logging_mixin.py:137} INFO - [2023-10-15T15:26:52.545+0100] {dag.py:3452} INFO - Setting next_dagrun for example_subdag_operator.section-1 to None, run_after=None
[2023-10-15T15:26:52.545+0100] {logging_mixin.py:137} INFO - [2023-10-15T15:26:52.545+0100] {dag.py:3452} INFO - Setting next_dagrun for example_subdag_operator.section-2 to None, run_after=None
[2023-10-15T15:26:52.549+0100] {processor.py:175} INFO - Processing /Users/b/Documents/workflow/venv/lib/python3.11/site-packages/airflow/example_dags/example_subdag_operator.py took 0.238 seconds
[2023-10-15T15:27:56.310+0100] {processor.py:153} INFO - Started process (PID=31878) to work on /Users/b/Documents/workflow/venv/lib/python3.11/site-packages/airflow/example_dags/example_subdag_operator.py
[2023-10-15T15:27:56.313+0100] {processor.py:743} INFO - Processing file /Users/b/Documents/workflow/venv/lib/python3.11/site-packages/airflow/example_dags/example_subdag_operator.py for tasks to queue
[2023-10-15T15:27:56.313+0100] {logging_mixin.py:137} INFO - [2023-10-15T15:27:56.313+0100] {dagbag.py:532} INFO - Filling up the DagBag from /Users/b/Documents/workflow/venv/lib/python3.11/site-packages/airflow/example_dags/example_subdag_operator.py
[2023-10-15T15:27:56.471+0100] {processor.py:753} INFO - DAG(s) dict_keys(['example_subdag_operator.section-1', 'example_subdag_operator.section-2', 'example_subdag_operator']) retrieved from /Users/b/Documents/workflow/venv/lib/python3.11/site-packages/airflow/example_dags/example_subdag_operator.py
[2023-10-15T15:27:56.502+0100] {logging_mixin.py:137} INFO - [2023-10-15T15:27:56.502+0100] {dag.py:2705} INFO - Sync 3 DAGs
[2023-10-15T15:27:56.507+0100] {logging_mixin.py:137} INFO - [2023-10-15T15:27:56.507+0100] {dag.py:3452} INFO - Setting next_dagrun for example_subdag_operator to 2022-01-01T00:00:00+00:00, run_after=2022-01-01T00:00:00+00:00
[2023-10-15T15:27:56.508+0100] {logging_mixin.py:137} INFO - [2023-10-15T15:27:56.508+0100] {dag.py:3452} INFO - Setting next_dagrun for example_subdag_operator.section-1 to None, run_after=None
[2023-10-15T15:27:56.508+0100] {logging_mixin.py:137} INFO - [2023-10-15T15:27:56.508+0100] {dag.py:3452} INFO - Setting next_dagrun for example_subdag_operator.section-2 to None, run_after=None
[2023-10-15T15:27:56.510+0100] {logging_mixin.py:137} INFO - [2023-10-15T15:27:56.510+0100] {dag.py:2705} INFO - Sync 2 DAGs
[2023-10-15T15:27:56.511+0100] {logging_mixin.py:137} INFO - [2023-10-15T15:27:56.511+0100] {dag.py:3452} INFO - Setting next_dagrun for example_subdag_operator.section-1 to None, run_after=None
[2023-10-15T15:27:56.511+0100] {logging_mixin.py:137} INFO - [2023-10-15T15:27:56.511+0100] {dag.py:3452} INFO - Setting next_dagrun for example_subdag_operator.section-2 to None, run_after=None
[2023-10-15T15:27:56.516+0100] {processor.py:175} INFO - Processing /Users/b/Documents/workflow/venv/lib/python3.11/site-packages/airflow/example_dags/example_subdag_operator.py took 0.206 seconds
[2023-10-15T15:29:01.014+0100] {processor.py:153} INFO - Started process (PID=31990) to work on /Users/b/Documents/workflow/venv/lib/python3.11/site-packages/airflow/example_dags/example_subdag_operator.py
[2023-10-15T15:29:01.017+0100] {processor.py:743} INFO - Processing file /Users/b/Documents/workflow/venv/lib/python3.11/site-packages/airflow/example_dags/example_subdag_operator.py for tasks to queue
[2023-10-15T15:29:01.017+0100] {logging_mixin.py:137} INFO - [2023-10-15T15:29:01.017+0100] {dagbag.py:532} INFO - Filling up the DagBag from /Users/b/Documents/workflow/venv/lib/python3.11/site-packages/airflow/example_dags/example_subdag_operator.py
[2023-10-15T15:29:01.178+0100] {processor.py:753} INFO - DAG(s) dict_keys(['example_subdag_operator.section-1', 'example_subdag_operator.section-2', 'example_subdag_operator']) retrieved from /Users/b/Documents/workflow/venv/lib/python3.11/site-packages/airflow/example_dags/example_subdag_operator.py
[2023-10-15T15:29:01.209+0100] {logging_mixin.py:137} INFO - [2023-10-15T15:29:01.209+0100] {dag.py:2705} INFO - Sync 3 DAGs
[2023-10-15T15:29:01.214+0100] {logging_mixin.py:137} INFO - [2023-10-15T15:29:01.214+0100] {dag.py:3452} INFO - Setting next_dagrun for example_subdag_operator to 2022-01-01T00:00:00+00:00, run_after=2022-01-01T00:00:00+00:00
[2023-10-15T15:29:01.215+0100] {logging_mixin.py:137} INFO - [2023-10-15T15:29:01.215+0100] {dag.py:3452} INFO - Setting next_dagrun for example_subdag_operator.section-1 to None, run_after=None
[2023-10-15T15:29:01.216+0100] {logging_mixin.py:137} INFO - [2023-10-15T15:29:01.216+0100] {dag.py:3452} INFO - Setting next_dagrun for example_subdag_operator.section-2 to None, run_after=None
[2023-10-15T15:29:01.217+0100] {logging_mixin.py:137} INFO - [2023-10-15T15:29:01.217+0100] {dag.py:2705} INFO - Sync 2 DAGs
[2023-10-15T15:29:01.218+0100] {logging_mixin.py:137} INFO - [2023-10-15T15:29:01.218+0100] {dag.py:3452} INFO - Setting next_dagrun for example_subdag_operator.section-1 to None, run_after=None
[2023-10-15T15:29:01.219+0100] {logging_mixin.py:137} INFO - [2023-10-15T15:29:01.219+0100] {dag.py:3452} INFO - Setting next_dagrun for example_subdag_operator.section-2 to None, run_after=None
[2023-10-15T15:29:01.223+0100] {processor.py:175} INFO - Processing /Users/b/Documents/workflow/venv/lib/python3.11/site-packages/airflow/example_dags/example_subdag_operator.py took 0.209 seconds
[2023-10-15T15:30:05.707+0100] {processor.py:153} INFO - Started process (PID=32122) to work on /Users/b/Documents/workflow/venv/lib/python3.11/site-packages/airflow/example_dags/example_subdag_operator.py
[2023-10-15T15:30:05.709+0100] {processor.py:743} INFO - Processing file /Users/b/Documents/workflow/venv/lib/python3.11/site-packages/airflow/example_dags/example_subdag_operator.py for tasks to queue
[2023-10-15T15:30:05.709+0100] {logging_mixin.py:137} INFO - [2023-10-15T15:30:05.709+0100] {dagbag.py:532} INFO - Filling up the DagBag from /Users/b/Documents/workflow/venv/lib/python3.11/site-packages/airflow/example_dags/example_subdag_operator.py
[2023-10-15T15:30:05.866+0100] {processor.py:753} INFO - DAG(s) dict_keys(['example_subdag_operator.section-1', 'example_subdag_operator.section-2', 'example_subdag_operator']) retrieved from /Users/b/Documents/workflow/venv/lib/python3.11/site-packages/airflow/example_dags/example_subdag_operator.py
[2023-10-15T15:30:05.897+0100] {logging_mixin.py:137} INFO - [2023-10-15T15:30:05.897+0100] {dag.py:2705} INFO - Sync 3 DAGs
[2023-10-15T15:30:05.902+0100] {logging_mixin.py:137} INFO - [2023-10-15T15:30:05.902+0100] {dag.py:3452} INFO - Setting next_dagrun for example_subdag_operator to 2022-01-01T00:00:00+00:00, run_after=2022-01-01T00:00:00+00:00
[2023-10-15T15:30:05.903+0100] {logging_mixin.py:137} INFO - [2023-10-15T15:30:05.903+0100] {dag.py:3452} INFO - Setting next_dagrun for example_subdag_operator.section-1 to None, run_after=None
[2023-10-15T15:30:05.903+0100] {logging_mixin.py:137} INFO - [2023-10-15T15:30:05.903+0100] {dag.py:3452} INFO - Setting next_dagrun for example_subdag_operator.section-2 to None, run_after=None
[2023-10-15T15:30:05.905+0100] {logging_mixin.py:137} INFO - [2023-10-15T15:30:05.905+0100] {dag.py:2705} INFO - Sync 2 DAGs
[2023-10-15T15:30:05.906+0100] {logging_mixin.py:137} INFO - [2023-10-15T15:30:05.906+0100] {dag.py:3452} INFO - Setting next_dagrun for example_subdag_operator.section-1 to None, run_after=None
[2023-10-15T15:30:05.906+0100] {logging_mixin.py:137} INFO - [2023-10-15T15:30:05.906+0100] {dag.py:3452} INFO - Setting next_dagrun for example_subdag_operator.section-2 to None, run_after=None
[2023-10-15T15:30:05.911+0100] {processor.py:175} INFO - Processing /Users/b/Documents/workflow/venv/lib/python3.11/site-packages/airflow/example_dags/example_subdag_operator.py took 0.205 seconds
[2023-10-15T15:31:12.532+0100] {processor.py:153} INFO - Started process (PID=32244) to work on /Users/b/Documents/workflow/venv/lib/python3.11/site-packages/airflow/example_dags/example_subdag_operator.py
[2023-10-15T15:31:12.535+0100] {processor.py:743} INFO - Processing file /Users/b/Documents/workflow/venv/lib/python3.11/site-packages/airflow/example_dags/example_subdag_operator.py for tasks to queue
[2023-10-15T15:31:12.536+0100] {logging_mixin.py:137} INFO - [2023-10-15T15:31:12.536+0100] {dagbag.py:532} INFO - Filling up the DagBag from /Users/b/Documents/workflow/venv/lib/python3.11/site-packages/airflow/example_dags/example_subdag_operator.py
[2023-10-15T15:31:12.711+0100] {processor.py:753} INFO - DAG(s) dict_keys(['example_subdag_operator.section-1', 'example_subdag_operator.section-2', 'example_subdag_operator']) retrieved from /Users/b/Documents/workflow/venv/lib/python3.11/site-packages/airflow/example_dags/example_subdag_operator.py
[2023-10-15T15:31:12.741+0100] {logging_mixin.py:137} INFO - [2023-10-15T15:31:12.741+0100] {dag.py:2705} INFO - Sync 3 DAGs
[2023-10-15T15:31:12.747+0100] {logging_mixin.py:137} INFO - [2023-10-15T15:31:12.747+0100] {dag.py:3452} INFO - Setting next_dagrun for example_subdag_operator to 2022-01-01T00:00:00+00:00, run_after=2022-01-01T00:00:00+00:00
[2023-10-15T15:31:12.748+0100] {logging_mixin.py:137} INFO - [2023-10-15T15:31:12.748+0100] {dag.py:3452} INFO - Setting next_dagrun for example_subdag_operator.section-1 to None, run_after=None
[2023-10-15T15:31:12.748+0100] {logging_mixin.py:137} INFO - [2023-10-15T15:31:12.748+0100] {dag.py:3452} INFO - Setting next_dagrun for example_subdag_operator.section-2 to None, run_after=None
[2023-10-15T15:31:12.750+0100] {logging_mixin.py:137} INFO - [2023-10-15T15:31:12.750+0100] {dag.py:2705} INFO - Sync 2 DAGs
[2023-10-15T15:31:12.751+0100] {logging_mixin.py:137} INFO - [2023-10-15T15:31:12.751+0100] {dag.py:3452} INFO - Setting next_dagrun for example_subdag_operator.section-1 to None, run_after=None
[2023-10-15T15:31:12.751+0100] {logging_mixin.py:137} INFO - [2023-10-15T15:31:12.751+0100] {dag.py:3452} INFO - Setting next_dagrun for example_subdag_operator.section-2 to None, run_after=None
[2023-10-15T15:31:12.759+0100] {processor.py:175} INFO - Processing /Users/b/Documents/workflow/venv/lib/python3.11/site-packages/airflow/example_dags/example_subdag_operator.py took 0.227 seconds
[2023-10-15T15:32:19.615+0100] {processor.py:153} INFO - Started process (PID=32365) to work on /Users/b/Documents/workflow/venv/lib/python3.11/site-packages/airflow/example_dags/example_subdag_operator.py
[2023-10-15T15:32:19.618+0100] {processor.py:743} INFO - Processing file /Users/b/Documents/workflow/venv/lib/python3.11/site-packages/airflow/example_dags/example_subdag_operator.py for tasks to queue
[2023-10-15T15:32:19.618+0100] {logging_mixin.py:137} INFO - [2023-10-15T15:32:19.618+0100] {dagbag.py:532} INFO - Filling up the DagBag from /Users/b/Documents/workflow/venv/lib/python3.11/site-packages/airflow/example_dags/example_subdag_operator.py
[2023-10-15T15:32:19.880+0100] {processor.py:753} INFO - DAG(s) dict_keys(['example_subdag_operator.section-1', 'example_subdag_operator.section-2', 'example_subdag_operator']) retrieved from /Users/b/Documents/workflow/venv/lib/python3.11/site-packages/airflow/example_dags/example_subdag_operator.py
[2023-10-15T15:32:19.935+0100] {logging_mixin.py:137} INFO - [2023-10-15T15:32:19.935+0100] {dag.py:2705} INFO - Sync 3 DAGs
[2023-10-15T15:32:19.942+0100] {logging_mixin.py:137} INFO - [2023-10-15T15:32:19.942+0100] {dag.py:3452} INFO - Setting next_dagrun for example_subdag_operator to 2022-01-01T00:00:00+00:00, run_after=2022-01-01T00:00:00+00:00
[2023-10-15T15:32:19.943+0100] {logging_mixin.py:137} INFO - [2023-10-15T15:32:19.943+0100] {dag.py:3452} INFO - Setting next_dagrun for example_subdag_operator.section-1 to None, run_after=None
[2023-10-15T15:32:19.944+0100] {logging_mixin.py:137} INFO - [2023-10-15T15:32:19.944+0100] {dag.py:3452} INFO - Setting next_dagrun for example_subdag_operator.section-2 to None, run_after=None
[2023-10-15T15:32:19.947+0100] {logging_mixin.py:137} INFO - [2023-10-15T15:32:19.947+0100] {dag.py:2705} INFO - Sync 2 DAGs
[2023-10-15T15:32:19.948+0100] {logging_mixin.py:137} INFO - [2023-10-15T15:32:19.948+0100] {dag.py:3452} INFO - Setting next_dagrun for example_subdag_operator.section-1 to None, run_after=None
[2023-10-15T15:32:19.949+0100] {logging_mixin.py:137} INFO - [2023-10-15T15:32:19.949+0100] {dag.py:3452} INFO - Setting next_dagrun for example_subdag_operator.section-2 to None, run_after=None
[2023-10-15T15:32:19.957+0100] {processor.py:175} INFO - Processing /Users/b/Documents/workflow/venv/lib/python3.11/site-packages/airflow/example_dags/example_subdag_operator.py took 0.343 seconds
[2023-10-15T15:33:24.712+0100] {processor.py:153} INFO - Started process (PID=32514) to work on /Users/b/Documents/workflow/venv/lib/python3.11/site-packages/airflow/example_dags/example_subdag_operator.py
[2023-10-15T15:33:24.714+0100] {processor.py:743} INFO - Processing file /Users/b/Documents/workflow/venv/lib/python3.11/site-packages/airflow/example_dags/example_subdag_operator.py for tasks to queue
[2023-10-15T15:33:24.715+0100] {logging_mixin.py:137} INFO - [2023-10-15T15:33:24.715+0100] {dagbag.py:532} INFO - Filling up the DagBag from /Users/b/Documents/workflow/venv/lib/python3.11/site-packages/airflow/example_dags/example_subdag_operator.py
[2023-10-15T15:33:24.871+0100] {processor.py:753} INFO - DAG(s) dict_keys(['example_subdag_operator.section-1', 'example_subdag_operator.section-2', 'example_subdag_operator']) retrieved from /Users/b/Documents/workflow/venv/lib/python3.11/site-packages/airflow/example_dags/example_subdag_operator.py
[2023-10-15T15:33:24.901+0100] {logging_mixin.py:137} INFO - [2023-10-15T15:33:24.901+0100] {dag.py:2705} INFO - Sync 3 DAGs
[2023-10-15T15:33:24.907+0100] {logging_mixin.py:137} INFO - [2023-10-15T15:33:24.907+0100] {dag.py:3452} INFO - Setting next_dagrun for example_subdag_operator to 2022-01-01T00:00:00+00:00, run_after=2022-01-01T00:00:00+00:00
[2023-10-15T15:33:24.908+0100] {logging_mixin.py:137} INFO - [2023-10-15T15:33:24.908+0100] {dag.py:3452} INFO - Setting next_dagrun for example_subdag_operator.section-1 to None, run_after=None
[2023-10-15T15:33:24.908+0100] {logging_mixin.py:137} INFO - [2023-10-15T15:33:24.908+0100] {dag.py:3452} INFO - Setting next_dagrun for example_subdag_operator.section-2 to None, run_after=None
[2023-10-15T15:33:24.910+0100] {logging_mixin.py:137} INFO - [2023-10-15T15:33:24.910+0100] {dag.py:2705} INFO - Sync 2 DAGs
[2023-10-15T15:33:24.911+0100] {logging_mixin.py:137} INFO - [2023-10-15T15:33:24.911+0100] {dag.py:3452} INFO - Setting next_dagrun for example_subdag_operator.section-1 to None, run_after=None
[2023-10-15T15:33:24.911+0100] {logging_mixin.py:137} INFO - [2023-10-15T15:33:24.911+0100] {dag.py:3452} INFO - Setting next_dagrun for example_subdag_operator.section-2 to None, run_after=None
[2023-10-15T15:33:24.916+0100] {processor.py:175} INFO - Processing /Users/b/Documents/workflow/venv/lib/python3.11/site-packages/airflow/example_dags/example_subdag_operator.py took 0.204 seconds
