[2023-10-15T15:11:53.939+0100] {processor.py:153} INFO - Started process (PID=29469) to work on /Users/b/Documents/workflow/venv/lib/python3.11/site-packages/airflow/example_dags/example_params_ui_tutorial.py
[2023-10-15T15:11:53.941+0100] {processor.py:743} INFO - Processing file /Users/b/Documents/workflow/venv/lib/python3.11/site-packages/airflow/example_dags/example_params_ui_tutorial.py for tasks to queue
[2023-10-15T15:11:53.942+0100] {logging_mixin.py:137} INFO - [2023-10-15T15:11:53.941+0100] {dagbag.py:532} INFO - Filling up the DagBag from /Users/b/Documents/workflow/venv/lib/python3.11/site-packages/airflow/example_dags/example_params_ui_tutorial.py
[2023-10-15T15:11:53.978+0100] {processor.py:753} INFO - DAG(s) dict_keys(['example_params_ui_tutorial']) retrieved from /Users/b/Documents/workflow/venv/lib/python3.11/site-packages/airflow/example_dags/example_params_ui_tutorial.py
[2023-10-15T15:11:54.149+0100] {logging_mixin.py:137} INFO - [2023-10-15T15:11:54.149+0100] {manager.py:504} INFO - Created Permission View: can delete on DAG:example_params_ui_tutorial
[2023-10-15T15:11:54.151+0100] {logging_mixin.py:137} INFO - [2023-10-15T15:11:54.151+0100] {manager.py:504} INFO - Created Permission View: can edit on DAG:example_params_ui_tutorial
[2023-10-15T15:11:54.153+0100] {logging_mixin.py:137} INFO - [2023-10-15T15:11:54.153+0100] {manager.py:504} INFO - Created Permission View: can read on DAG:example_params_ui_tutorial
[2023-10-15T15:11:54.153+0100] {logging_mixin.py:137} INFO - [2023-10-15T15:11:54.153+0100] {dag.py:2705} INFO - Sync 1 DAGs
[2023-10-15T15:11:54.156+0100] {logging_mixin.py:137} INFO - [2023-10-15T15:11:54.156+0100] {dag.py:2726} INFO - Creating ORM DAG for example_params_ui_tutorial
[2023-10-15T15:11:54.159+0100] {logging_mixin.py:137} INFO - [2023-10-15T15:11:54.159+0100] {dag.py:3452} INFO - Setting next_dagrun for example_params_ui_tutorial to None, run_after=None
[2023-10-15T15:11:54.165+0100] {processor.py:175} INFO - Processing /Users/b/Documents/workflow/venv/lib/python3.11/site-packages/airflow/example_dags/example_params_ui_tutorial.py took 0.226 seconds
[2023-10-15T15:13:03.892+0100] {processor.py:153} INFO - Started process (PID=29799) to work on /Users/b/Documents/workflow/venv/lib/python3.11/site-packages/airflow/example_dags/example_params_ui_tutorial.py
[2023-10-15T15:13:03.894+0100] {processor.py:743} INFO - Processing file /Users/b/Documents/workflow/venv/lib/python3.11/site-packages/airflow/example_dags/example_params_ui_tutorial.py for tasks to queue
[2023-10-15T15:13:03.894+0100] {logging_mixin.py:137} INFO - [2023-10-15T15:13:03.894+0100] {dagbag.py:532} INFO - Filling up the DagBag from /Users/b/Documents/workflow/venv/lib/python3.11/site-packages/airflow/example_dags/example_params_ui_tutorial.py
[2023-10-15T15:13:03.934+0100] {processor.py:753} INFO - DAG(s) dict_keys(['example_params_ui_tutorial']) retrieved from /Users/b/Documents/workflow/venv/lib/python3.11/site-packages/airflow/example_dags/example_params_ui_tutorial.py
[2023-10-15T15:13:04.127+0100] {logging_mixin.py:137} INFO - [2023-10-15T15:13:04.127+0100] {dag.py:2705} INFO - Sync 1 DAGs
[2023-10-15T15:13:04.133+0100] {logging_mixin.py:137} INFO - [2023-10-15T15:13:04.133+0100] {dag.py:3452} INFO - Setting next_dagrun for example_params_ui_tutorial to None, run_after=None
[2023-10-15T15:13:04.139+0100] {processor.py:175} INFO - Processing /Users/b/Documents/workflow/venv/lib/python3.11/site-packages/airflow/example_dags/example_params_ui_tutorial.py took 0.248 seconds
[2023-10-15T15:14:07.664+0100] {processor.py:153} INFO - Started process (PID=30158) to work on /Users/b/Documents/workflow/venv/lib/python3.11/site-packages/airflow/example_dags/example_params_ui_tutorial.py
[2023-10-15T15:14:07.667+0100] {processor.py:743} INFO - Processing file /Users/b/Documents/workflow/venv/lib/python3.11/site-packages/airflow/example_dags/example_params_ui_tutorial.py for tasks to queue
[2023-10-15T15:14:07.667+0100] {logging_mixin.py:137} INFO - [2023-10-15T15:14:07.667+0100] {dagbag.py:532} INFO - Filling up the DagBag from /Users/b/Documents/workflow/venv/lib/python3.11/site-packages/airflow/example_dags/example_params_ui_tutorial.py
[2023-10-15T15:14:07.704+0100] {processor.py:753} INFO - DAG(s) dict_keys(['example_params_ui_tutorial']) retrieved from /Users/b/Documents/workflow/venv/lib/python3.11/site-packages/airflow/example_dags/example_params_ui_tutorial.py
[2023-10-15T15:14:07.850+0100] {logging_mixin.py:137} INFO - [2023-10-15T15:14:07.850+0100] {dag.py:2705} INFO - Sync 1 DAGs
[2023-10-15T15:14:07.856+0100] {logging_mixin.py:137} INFO - [2023-10-15T15:14:07.856+0100] {dag.py:3452} INFO - Setting next_dagrun for example_params_ui_tutorial to None, run_after=None
[2023-10-15T15:14:07.862+0100] {processor.py:175} INFO - Processing /Users/b/Documents/workflow/venv/lib/python3.11/site-packages/airflow/example_dags/example_params_ui_tutorial.py took 0.198 seconds
[2023-10-15T15:15:11.965+0100] {processor.py:153} INFO - Started process (PID=30302) to work on /Users/b/Documents/workflow/venv/lib/python3.11/site-packages/airflow/example_dags/example_params_ui_tutorial.py
[2023-10-15T15:15:11.968+0100] {processor.py:743} INFO - Processing file /Users/b/Documents/workflow/venv/lib/python3.11/site-packages/airflow/example_dags/example_params_ui_tutorial.py for tasks to queue
[2023-10-15T15:15:11.968+0100] {logging_mixin.py:137} INFO - [2023-10-15T15:15:11.968+0100] {dagbag.py:532} INFO - Filling up the DagBag from /Users/b/Documents/workflow/venv/lib/python3.11/site-packages/airflow/example_dags/example_params_ui_tutorial.py
[2023-10-15T15:15:12.006+0100] {processor.py:753} INFO - DAG(s) dict_keys(['example_params_ui_tutorial']) retrieved from /Users/b/Documents/workflow/venv/lib/python3.11/site-packages/airflow/example_dags/example_params_ui_tutorial.py
[2023-10-15T15:15:12.171+0100] {logging_mixin.py:137} INFO - [2023-10-15T15:15:12.171+0100] {dag.py:2705} INFO - Sync 1 DAGs
[2023-10-15T15:15:12.177+0100] {logging_mixin.py:137} INFO - [2023-10-15T15:15:12.177+0100] {dag.py:3452} INFO - Setting next_dagrun for example_params_ui_tutorial to None, run_after=None
[2023-10-15T15:15:12.184+0100] {processor.py:175} INFO - Processing /Users/b/Documents/workflow/venv/lib/python3.11/site-packages/airflow/example_dags/example_params_ui_tutorial.py took 0.219 seconds
[2023-10-15T15:16:14.850+0100] {processor.py:153} INFO - Started process (PID=30421) to work on /Users/b/Documents/workflow/venv/lib/python3.11/site-packages/airflow/example_dags/example_params_ui_tutorial.py
[2023-10-15T15:16:14.852+0100] {processor.py:743} INFO - Processing file /Users/b/Documents/workflow/venv/lib/python3.11/site-packages/airflow/example_dags/example_params_ui_tutorial.py for tasks to queue
[2023-10-15T15:16:14.853+0100] {logging_mixin.py:137} INFO - [2023-10-15T15:16:14.853+0100] {dagbag.py:532} INFO - Filling up the DagBag from /Users/b/Documents/workflow/venv/lib/python3.11/site-packages/airflow/example_dags/example_params_ui_tutorial.py
[2023-10-15T15:16:14.888+0100] {processor.py:753} INFO - DAG(s) dict_keys(['example_params_ui_tutorial']) retrieved from /Users/b/Documents/workflow/venv/lib/python3.11/site-packages/airflow/example_dags/example_params_ui_tutorial.py
[2023-10-15T15:16:15.032+0100] {logging_mixin.py:137} INFO - [2023-10-15T15:16:15.032+0100] {dag.py:2705} INFO - Sync 1 DAGs
[2023-10-15T15:16:15.038+0100] {logging_mixin.py:137} INFO - [2023-10-15T15:16:15.038+0100] {dag.py:3452} INFO - Setting next_dagrun for example_params_ui_tutorial to None, run_after=None
[2023-10-15T15:16:15.044+0100] {processor.py:175} INFO - Processing /Users/b/Documents/workflow/venv/lib/python3.11/site-packages/airflow/example_dags/example_params_ui_tutorial.py took 0.194 seconds
[2023-10-15T15:20:35.999+0100] {processor.py:153} INFO - Started process (PID=30910) to work on /Users/b/Documents/workflow/venv/lib/python3.11/site-packages/airflow/example_dags/example_params_ui_tutorial.py
[2023-10-15T15:20:36.002+0100] {processor.py:743} INFO - Processing file /Users/b/Documents/workflow/venv/lib/python3.11/site-packages/airflow/example_dags/example_params_ui_tutorial.py for tasks to queue
[2023-10-15T15:20:36.002+0100] {logging_mixin.py:137} INFO - [2023-10-15T15:20:36.002+0100] {dagbag.py:532} INFO - Filling up the DagBag from /Users/b/Documents/workflow/venv/lib/python3.11/site-packages/airflow/example_dags/example_params_ui_tutorial.py
[2023-10-15T15:20:36.037+0100] {processor.py:753} INFO - DAG(s) dict_keys(['example_params_ui_tutorial']) retrieved from /Users/b/Documents/workflow/venv/lib/python3.11/site-packages/airflow/example_dags/example_params_ui_tutorial.py
[2023-10-15T15:20:36.185+0100] {logging_mixin.py:137} INFO - [2023-10-15T15:20:36.185+0100] {dag.py:2705} INFO - Sync 1 DAGs
[2023-10-15T15:20:36.191+0100] {logging_mixin.py:137} INFO - [2023-10-15T15:20:36.191+0100] {dag.py:3452} INFO - Setting next_dagrun for example_params_ui_tutorial to None, run_after=None
[2023-10-15T15:20:36.197+0100] {processor.py:175} INFO - Processing /Users/b/Documents/workflow/venv/lib/python3.11/site-packages/airflow/example_dags/example_params_ui_tutorial.py took 0.198 seconds
[2023-10-15T15:21:44.327+0100] {processor.py:153} INFO - Started process (PID=31133) to work on /Users/b/Documents/workflow/venv/lib/python3.11/site-packages/airflow/example_dags/example_params_ui_tutorial.py
[2023-10-15T15:21:44.330+0100] {processor.py:743} INFO - Processing file /Users/b/Documents/workflow/venv/lib/python3.11/site-packages/airflow/example_dags/example_params_ui_tutorial.py for tasks to queue
[2023-10-15T15:21:44.330+0100] {logging_mixin.py:137} INFO - [2023-10-15T15:21:44.330+0100] {dagbag.py:532} INFO - Filling up the DagBag from /Users/b/Documents/workflow/venv/lib/python3.11/site-packages/airflow/example_dags/example_params_ui_tutorial.py
[2023-10-15T15:21:44.364+0100] {processor.py:753} INFO - DAG(s) dict_keys(['example_params_ui_tutorial']) retrieved from /Users/b/Documents/workflow/venv/lib/python3.11/site-packages/airflow/example_dags/example_params_ui_tutorial.py
[2023-10-15T15:21:44.504+0100] {logging_mixin.py:137} INFO - [2023-10-15T15:21:44.503+0100] {dag.py:2705} INFO - Sync 1 DAGs
[2023-10-15T15:21:44.510+0100] {logging_mixin.py:137} INFO - [2023-10-15T15:21:44.509+0100] {dag.py:3452} INFO - Setting next_dagrun for example_params_ui_tutorial to None, run_after=None
[2023-10-15T15:21:44.516+0100] {processor.py:175} INFO - Processing /Users/b/Documents/workflow/venv/lib/python3.11/site-packages/airflow/example_dags/example_params_ui_tutorial.py took 0.189 seconds
[2023-10-15T15:22:46.696+0100] {processor.py:153} INFO - Started process (PID=31277) to work on /Users/b/Documents/workflow/venv/lib/python3.11/site-packages/airflow/example_dags/example_params_ui_tutorial.py
[2023-10-15T15:22:46.699+0100] {processor.py:743} INFO - Processing file /Users/b/Documents/workflow/venv/lib/python3.11/site-packages/airflow/example_dags/example_params_ui_tutorial.py for tasks to queue
[2023-10-15T15:22:46.699+0100] {logging_mixin.py:137} INFO - [2023-10-15T15:22:46.699+0100] {dagbag.py:532} INFO - Filling up the DagBag from /Users/b/Documents/workflow/venv/lib/python3.11/site-packages/airflow/example_dags/example_params_ui_tutorial.py
[2023-10-15T15:22:46.734+0100] {processor.py:753} INFO - DAG(s) dict_keys(['example_params_ui_tutorial']) retrieved from /Users/b/Documents/workflow/venv/lib/python3.11/site-packages/airflow/example_dags/example_params_ui_tutorial.py
[2023-10-15T15:22:46.889+0100] {logging_mixin.py:137} INFO - [2023-10-15T15:22:46.889+0100] {dag.py:2705} INFO - Sync 1 DAGs
[2023-10-15T15:22:46.895+0100] {logging_mixin.py:137} INFO - [2023-10-15T15:22:46.895+0100] {dag.py:3452} INFO - Setting next_dagrun for example_params_ui_tutorial to None, run_after=None
[2023-10-15T15:22:46.901+0100] {processor.py:175} INFO - Processing /Users/b/Documents/workflow/venv/lib/python3.11/site-packages/airflow/example_dags/example_params_ui_tutorial.py took 0.205 seconds
[2023-10-15T15:23:52.306+0100] {processor.py:153} INFO - Started process (PID=31420) to work on /Users/b/Documents/workflow/venv/lib/python3.11/site-packages/airflow/example_dags/example_params_ui_tutorial.py
[2023-10-15T15:23:52.308+0100] {processor.py:743} INFO - Processing file /Users/b/Documents/workflow/venv/lib/python3.11/site-packages/airflow/example_dags/example_params_ui_tutorial.py for tasks to queue
[2023-10-15T15:23:52.308+0100] {logging_mixin.py:137} INFO - [2023-10-15T15:23:52.308+0100] {dagbag.py:532} INFO - Filling up the DagBag from /Users/b/Documents/workflow/venv/lib/python3.11/site-packages/airflow/example_dags/example_params_ui_tutorial.py
[2023-10-15T15:23:52.348+0100] {processor.py:753} INFO - DAG(s) dict_keys(['example_params_ui_tutorial']) retrieved from /Users/b/Documents/workflow/venv/lib/python3.11/site-packages/airflow/example_dags/example_params_ui_tutorial.py
[2023-10-15T15:23:52.509+0100] {logging_mixin.py:137} INFO - [2023-10-15T15:23:52.509+0100] {dag.py:2705} INFO - Sync 1 DAGs
[2023-10-15T15:23:52.520+0100] {logging_mixin.py:137} INFO - [2023-10-15T15:23:52.520+0100] {dag.py:3452} INFO - Setting next_dagrun for example_params_ui_tutorial to None, run_after=None
[2023-10-15T15:23:52.526+0100] {processor.py:175} INFO - Processing /Users/b/Documents/workflow/venv/lib/python3.11/site-packages/airflow/example_dags/example_params_ui_tutorial.py took 0.222 seconds
[2023-10-15T15:24:56.558+0100] {processor.py:153} INFO - Started process (PID=31553) to work on /Users/b/Documents/workflow/venv/lib/python3.11/site-packages/airflow/example_dags/example_params_ui_tutorial.py
[2023-10-15T15:24:56.560+0100] {processor.py:743} INFO - Processing file /Users/b/Documents/workflow/venv/lib/python3.11/site-packages/airflow/example_dags/example_params_ui_tutorial.py for tasks to queue
[2023-10-15T15:24:56.560+0100] {logging_mixin.py:137} INFO - [2023-10-15T15:24:56.560+0100] {dagbag.py:532} INFO - Filling up the DagBag from /Users/b/Documents/workflow/venv/lib/python3.11/site-packages/airflow/example_dags/example_params_ui_tutorial.py
[2023-10-15T15:24:56.602+0100] {processor.py:753} INFO - DAG(s) dict_keys(['example_params_ui_tutorial']) retrieved from /Users/b/Documents/workflow/venv/lib/python3.11/site-packages/airflow/example_dags/example_params_ui_tutorial.py
[2023-10-15T15:24:56.757+0100] {logging_mixin.py:137} INFO - [2023-10-15T15:24:56.757+0100] {dag.py:2705} INFO - Sync 1 DAGs
[2023-10-15T15:24:56.764+0100] {logging_mixin.py:137} INFO - [2023-10-15T15:24:56.764+0100] {dag.py:3452} INFO - Setting next_dagrun for example_params_ui_tutorial to None, run_after=None
[2023-10-15T15:24:56.770+0100] {processor.py:175} INFO - Processing /Users/b/Documents/workflow/venv/lib/python3.11/site-packages/airflow/example_dags/example_params_ui_tutorial.py took 0.213 seconds
[2023-10-15T15:26:01.504+0100] {processor.py:153} INFO - Started process (PID=31682) to work on /Users/b/Documents/workflow/venv/lib/python3.11/site-packages/airflow/example_dags/example_params_ui_tutorial.py
[2023-10-15T15:26:01.507+0100] {processor.py:743} INFO - Processing file /Users/b/Documents/workflow/venv/lib/python3.11/site-packages/airflow/example_dags/example_params_ui_tutorial.py for tasks to queue
[2023-10-15T15:26:01.507+0100] {logging_mixin.py:137} INFO - [2023-10-15T15:26:01.507+0100] {dagbag.py:532} INFO - Filling up the DagBag from /Users/b/Documents/workflow/venv/lib/python3.11/site-packages/airflow/example_dags/example_params_ui_tutorial.py
[2023-10-15T15:26:01.542+0100] {processor.py:753} INFO - DAG(s) dict_keys(['example_params_ui_tutorial']) retrieved from /Users/b/Documents/workflow/venv/lib/python3.11/site-packages/airflow/example_dags/example_params_ui_tutorial.py
[2023-10-15T15:26:01.686+0100] {logging_mixin.py:137} INFO - [2023-10-15T15:26:01.686+0100] {dag.py:2705} INFO - Sync 1 DAGs
[2023-10-15T15:26:01.693+0100] {logging_mixin.py:137} INFO - [2023-10-15T15:26:01.693+0100] {dag.py:3452} INFO - Setting next_dagrun for example_params_ui_tutorial to None, run_after=None
[2023-10-15T15:26:01.699+0100] {processor.py:175} INFO - Processing /Users/b/Documents/workflow/venv/lib/python3.11/site-packages/airflow/example_dags/example_params_ui_tutorial.py took 0.195 seconds
[2023-10-15T15:27:06.095+0100] {processor.py:153} INFO - Started process (PID=31793) to work on /Users/b/Documents/workflow/venv/lib/python3.11/site-packages/airflow/example_dags/example_params_ui_tutorial.py
[2023-10-15T15:27:06.097+0100] {processor.py:743} INFO - Processing file /Users/b/Documents/workflow/venv/lib/python3.11/site-packages/airflow/example_dags/example_params_ui_tutorial.py for tasks to queue
[2023-10-15T15:27:06.097+0100] {logging_mixin.py:137} INFO - [2023-10-15T15:27:06.097+0100] {dagbag.py:532} INFO - Filling up the DagBag from /Users/b/Documents/workflow/venv/lib/python3.11/site-packages/airflow/example_dags/example_params_ui_tutorial.py
[2023-10-15T15:27:06.132+0100] {processor.py:753} INFO - DAG(s) dict_keys(['example_params_ui_tutorial']) retrieved from /Users/b/Documents/workflow/venv/lib/python3.11/site-packages/airflow/example_dags/example_params_ui_tutorial.py
[2023-10-15T15:27:06.287+0100] {logging_mixin.py:137} INFO - [2023-10-15T15:27:06.286+0100] {dag.py:2705} INFO - Sync 1 DAGs
[2023-10-15T15:27:06.293+0100] {logging_mixin.py:137} INFO - [2023-10-15T15:27:06.293+0100] {dag.py:3452} INFO - Setting next_dagrun for example_params_ui_tutorial to None, run_after=None
[2023-10-15T15:27:06.299+0100] {processor.py:175} INFO - Processing /Users/b/Documents/workflow/venv/lib/python3.11/site-packages/airflow/example_dags/example_params_ui_tutorial.py took 0.204 seconds
[2023-10-15T15:28:09.351+0100] {processor.py:153} INFO - Started process (PID=31902) to work on /Users/b/Documents/workflow/venv/lib/python3.11/site-packages/airflow/example_dags/example_params_ui_tutorial.py
[2023-10-15T15:28:09.353+0100] {processor.py:743} INFO - Processing file /Users/b/Documents/workflow/venv/lib/python3.11/site-packages/airflow/example_dags/example_params_ui_tutorial.py for tasks to queue
[2023-10-15T15:28:09.353+0100] {logging_mixin.py:137} INFO - [2023-10-15T15:28:09.353+0100] {dagbag.py:532} INFO - Filling up the DagBag from /Users/b/Documents/workflow/venv/lib/python3.11/site-packages/airflow/example_dags/example_params_ui_tutorial.py
[2023-10-15T15:28:09.388+0100] {processor.py:753} INFO - DAG(s) dict_keys(['example_params_ui_tutorial']) retrieved from /Users/b/Documents/workflow/venv/lib/python3.11/site-packages/airflow/example_dags/example_params_ui_tutorial.py
[2023-10-15T15:28:09.529+0100] {logging_mixin.py:137} INFO - [2023-10-15T15:28:09.529+0100] {dag.py:2705} INFO - Sync 1 DAGs
[2023-10-15T15:28:09.534+0100] {logging_mixin.py:137} INFO - [2023-10-15T15:28:09.534+0100] {dag.py:3452} INFO - Setting next_dagrun for example_params_ui_tutorial to None, run_after=None
[2023-10-15T15:28:09.541+0100] {processor.py:175} INFO - Processing /Users/b/Documents/workflow/venv/lib/python3.11/site-packages/airflow/example_dags/example_params_ui_tutorial.py took 0.191 seconds
[2023-10-15T15:29:13.791+0100] {processor.py:153} INFO - Started process (PID=32019) to work on /Users/b/Documents/workflow/venv/lib/python3.11/site-packages/airflow/example_dags/example_params_ui_tutorial.py
[2023-10-15T15:29:13.794+0100] {processor.py:743} INFO - Processing file /Users/b/Documents/workflow/venv/lib/python3.11/site-packages/airflow/example_dags/example_params_ui_tutorial.py for tasks to queue
[2023-10-15T15:29:13.794+0100] {logging_mixin.py:137} INFO - [2023-10-15T15:29:13.794+0100] {dagbag.py:532} INFO - Filling up the DagBag from /Users/b/Documents/workflow/venv/lib/python3.11/site-packages/airflow/example_dags/example_params_ui_tutorial.py
[2023-10-15T15:29:13.828+0100] {processor.py:753} INFO - DAG(s) dict_keys(['example_params_ui_tutorial']) retrieved from /Users/b/Documents/workflow/venv/lib/python3.11/site-packages/airflow/example_dags/example_params_ui_tutorial.py
[2023-10-15T15:29:13.968+0100] {logging_mixin.py:137} INFO - [2023-10-15T15:29:13.968+0100] {dag.py:2705} INFO - Sync 1 DAGs
[2023-10-15T15:29:13.974+0100] {logging_mixin.py:137} INFO - [2023-10-15T15:29:13.973+0100] {dag.py:3452} INFO - Setting next_dagrun for example_params_ui_tutorial to None, run_after=None
[2023-10-15T15:29:13.980+0100] {processor.py:175} INFO - Processing /Users/b/Documents/workflow/venv/lib/python3.11/site-packages/airflow/example_dags/example_params_ui_tutorial.py took 0.189 seconds
[2023-10-15T15:30:18.795+0100] {processor.py:153} INFO - Started process (PID=32150) to work on /Users/b/Documents/workflow/venv/lib/python3.11/site-packages/airflow/example_dags/example_params_ui_tutorial.py
[2023-10-15T15:30:18.797+0100] {processor.py:743} INFO - Processing file /Users/b/Documents/workflow/venv/lib/python3.11/site-packages/airflow/example_dags/example_params_ui_tutorial.py for tasks to queue
[2023-10-15T15:30:18.797+0100] {logging_mixin.py:137} INFO - [2023-10-15T15:30:18.797+0100] {dagbag.py:532} INFO - Filling up the DagBag from /Users/b/Documents/workflow/venv/lib/python3.11/site-packages/airflow/example_dags/example_params_ui_tutorial.py
[2023-10-15T15:30:18.831+0100] {processor.py:753} INFO - DAG(s) dict_keys(['example_params_ui_tutorial']) retrieved from /Users/b/Documents/workflow/venv/lib/python3.11/site-packages/airflow/example_dags/example_params_ui_tutorial.py
[2023-10-15T15:30:18.977+0100] {logging_mixin.py:137} INFO - [2023-10-15T15:30:18.977+0100] {dag.py:2705} INFO - Sync 1 DAGs
[2023-10-15T15:30:18.983+0100] {logging_mixin.py:137} INFO - [2023-10-15T15:30:18.983+0100] {dag.py:3452} INFO - Setting next_dagrun for example_params_ui_tutorial to None, run_after=None
[2023-10-15T15:30:18.990+0100] {processor.py:175} INFO - Processing /Users/b/Documents/workflow/venv/lib/python3.11/site-packages/airflow/example_dags/example_params_ui_tutorial.py took 0.195 seconds
[2023-10-15T15:31:27.944+0100] {processor.py:153} INFO - Started process (PID=32275) to work on /Users/b/Documents/workflow/venv/lib/python3.11/site-packages/airflow/example_dags/example_params_ui_tutorial.py
[2023-10-15T15:31:27.946+0100] {processor.py:743} INFO - Processing file /Users/b/Documents/workflow/venv/lib/python3.11/site-packages/airflow/example_dags/example_params_ui_tutorial.py for tasks to queue
[2023-10-15T15:31:27.946+0100] {logging_mixin.py:137} INFO - [2023-10-15T15:31:27.946+0100] {dagbag.py:532} INFO - Filling up the DagBag from /Users/b/Documents/workflow/venv/lib/python3.11/site-packages/airflow/example_dags/example_params_ui_tutorial.py
[2023-10-15T15:31:27.982+0100] {processor.py:753} INFO - DAG(s) dict_keys(['example_params_ui_tutorial']) retrieved from /Users/b/Documents/workflow/venv/lib/python3.11/site-packages/airflow/example_dags/example_params_ui_tutorial.py
[2023-10-15T15:31:28.125+0100] {logging_mixin.py:137} INFO - [2023-10-15T15:31:28.125+0100] {dag.py:2705} INFO - Sync 1 DAGs
[2023-10-15T15:31:28.131+0100] {logging_mixin.py:137} INFO - [2023-10-15T15:31:28.131+0100] {dag.py:3452} INFO - Setting next_dagrun for example_params_ui_tutorial to None, run_after=None
[2023-10-15T15:31:28.137+0100] {processor.py:175} INFO - Processing /Users/b/Documents/workflow/venv/lib/python3.11/site-packages/airflow/example_dags/example_params_ui_tutorial.py took 0.194 seconds
[2023-10-15T15:32:33.628+0100] {processor.py:153} INFO - Started process (PID=32397) to work on /Users/b/Documents/workflow/venv/lib/python3.11/site-packages/airflow/example_dags/example_params_ui_tutorial.py
[2023-10-15T15:32:33.630+0100] {processor.py:743} INFO - Processing file /Users/b/Documents/workflow/venv/lib/python3.11/site-packages/airflow/example_dags/example_params_ui_tutorial.py for tasks to queue
[2023-10-15T15:32:33.630+0100] {logging_mixin.py:137} INFO - [2023-10-15T15:32:33.630+0100] {dagbag.py:532} INFO - Filling up the DagBag from /Users/b/Documents/workflow/venv/lib/python3.11/site-packages/airflow/example_dags/example_params_ui_tutorial.py
[2023-10-15T15:32:33.667+0100] {processor.py:753} INFO - DAG(s) dict_keys(['example_params_ui_tutorial']) retrieved from /Users/b/Documents/workflow/venv/lib/python3.11/site-packages/airflow/example_dags/example_params_ui_tutorial.py
[2023-10-15T15:32:33.819+0100] {logging_mixin.py:137} INFO - [2023-10-15T15:32:33.819+0100] {dag.py:2705} INFO - Sync 1 DAGs
[2023-10-15T15:32:33.825+0100] {logging_mixin.py:137} INFO - [2023-10-15T15:32:33.825+0100] {dag.py:3452} INFO - Setting next_dagrun for example_params_ui_tutorial to None, run_after=None
[2023-10-15T15:32:33.832+0100] {processor.py:175} INFO - Processing /Users/b/Documents/workflow/venv/lib/python3.11/site-packages/airflow/example_dags/example_params_ui_tutorial.py took 0.204 seconds
