[2023-10-15T15:11:50.493+0100] {processor.py:153} INFO - Started process (PID=29462) to work on /Users/b/Documents/workflow/venv/lib/python3.11/site-packages/airflow/example_dags/example_python_operator.py
[2023-10-15T15:11:50.495+0100] {processor.py:743} INFO - Processing file /Users/b/Documents/workflow/venv/lib/python3.11/site-packages/airflow/example_dags/example_python_operator.py for tasks to queue
[2023-10-15T15:11:50.495+0100] {logging_mixin.py:137} INFO - [2023-10-15T15:11:50.495+0100] {dagbag.py:532} INFO - Filling up the DagBag from /Users/b/Documents/workflow/venv/lib/python3.11/site-packages/airflow/example_dags/example_python_operator.py
[2023-10-15T15:11:50.512+0100] {logging_mixin.py:137} INFO - [2023-10-15T15:11:50.512+0100] {taskmixin.py:211} WARNING - Dependency <Task(_PythonDecoratedOperator): print_the_context>, log_sql_query already registered for DAG: example_python_operator
[2023-10-15T15:11:50.512+0100] {logging_mixin.py:137} INFO - [2023-10-15T15:11:50.512+0100] {taskmixin.py:211} WARNING - Dependency <Task(_PythonDecoratedOperator): log_sql_query>, print_the_context already registered for DAG: example_python_operator
[2023-10-15T15:11:50.512+0100] {logging_mixin.py:137} INFO - [2023-10-15T15:11:50.512+0100] {taskmixin.py:211} WARNING - Dependency <Task(_PythonDecoratedOperator): print_the_context>, log_sql_query already registered for DAG: example_python_operator
[2023-10-15T15:11:50.512+0100] {logging_mixin.py:137} INFO - [2023-10-15T15:11:50.512+0100] {taskmixin.py:211} WARNING - Dependency <Task(_PythonDecoratedOperator): log_sql_query>, print_the_context already registered for DAG: example_python_operator
[2023-10-15T15:11:50.513+0100] {logging_mixin.py:137} INFO - [2023-10-15T15:11:50.513+0100] {taskmixin.py:211} WARNING - Dependency <Task(_PythonDecoratedOperator): print_the_context>, log_sql_query already registered for DAG: example_python_operator
[2023-10-15T15:11:50.513+0100] {logging_mixin.py:137} INFO - [2023-10-15T15:11:50.513+0100] {taskmixin.py:211} WARNING - Dependency <Task(_PythonDecoratedOperator): log_sql_query>, print_the_context already registered for DAG: example_python_operator
[2023-10-15T15:11:50.513+0100] {logging_mixin.py:137} INFO - [2023-10-15T15:11:50.513+0100] {taskmixin.py:211} WARNING - Dependency <Task(_PythonDecoratedOperator): print_the_context>, log_sql_query already registered for DAG: example_python_operator
[2023-10-15T15:11:50.513+0100] {logging_mixin.py:137} INFO - [2023-10-15T15:11:50.513+0100] {taskmixin.py:211} WARNING - Dependency <Task(_PythonDecoratedOperator): log_sql_query>, print_the_context already registered for DAG: example_python_operator
[2023-10-15T15:11:50.513+0100] {logging_mixin.py:137} INFO - [2023-10-15T15:11:50.513+0100] {example_python_operator.py:90} WARNING - The virtalenv_python example task requires virtualenv, please install it.
[2023-10-15T15:11:50.515+0100] {processor.py:753} INFO - DAG(s) dict_keys(['example_python_operator']) retrieved from /Users/b/Documents/workflow/venv/lib/python3.11/site-packages/airflow/example_dags/example_python_operator.py
[2023-10-15T15:11:50.715+0100] {logging_mixin.py:137} INFO - [2023-10-15T15:11:50.715+0100] {manager.py:504} INFO - Created Permission View: can edit on DAG:example_python_operator
[2023-10-15T15:11:50.718+0100] {logging_mixin.py:137} INFO - [2023-10-15T15:11:50.718+0100] {manager.py:504} INFO - Created Permission View: can delete on DAG:example_python_operator
[2023-10-15T15:11:50.720+0100] {logging_mixin.py:137} INFO - [2023-10-15T15:11:50.720+0100] {manager.py:504} INFO - Created Permission View: can read on DAG:example_python_operator
[2023-10-15T15:11:50.720+0100] {logging_mixin.py:137} INFO - [2023-10-15T15:11:50.720+0100] {dag.py:2705} INFO - Sync 1 DAGs
[2023-10-15T15:11:50.723+0100] {logging_mixin.py:137} INFO - [2023-10-15T15:11:50.723+0100] {dag.py:2726} INFO - Creating ORM DAG for example_python_operator
[2023-10-15T15:11:50.726+0100] {logging_mixin.py:137} INFO - [2023-10-15T15:11:50.726+0100] {dag.py:3452} INFO - Setting next_dagrun for example_python_operator to None, run_after=None
[2023-10-15T15:11:50.732+0100] {processor.py:175} INFO - Processing /Users/b/Documents/workflow/venv/lib/python3.11/site-packages/airflow/example_dags/example_python_operator.py took 0.239 seconds
[2023-10-15T15:13:00.545+0100] {processor.py:153} INFO - Started process (PID=29787) to work on /Users/b/Documents/workflow/venv/lib/python3.11/site-packages/airflow/example_dags/example_python_operator.py
[2023-10-15T15:13:00.547+0100] {processor.py:743} INFO - Processing file /Users/b/Documents/workflow/venv/lib/python3.11/site-packages/airflow/example_dags/example_python_operator.py for tasks to queue
[2023-10-15T15:13:00.547+0100] {logging_mixin.py:137} INFO - [2023-10-15T15:13:00.547+0100] {dagbag.py:532} INFO - Filling up the DagBag from /Users/b/Documents/workflow/venv/lib/python3.11/site-packages/airflow/example_dags/example_python_operator.py
[2023-10-15T15:13:00.565+0100] {logging_mixin.py:137} INFO - [2023-10-15T15:13:00.565+0100] {taskmixin.py:211} WARNING - Dependency <Task(_PythonDecoratedOperator): print_the_context>, log_sql_query already registered for DAG: example_python_operator
[2023-10-15T15:13:00.565+0100] {logging_mixin.py:137} INFO - [2023-10-15T15:13:00.565+0100] {taskmixin.py:211} WARNING - Dependency <Task(_PythonDecoratedOperator): log_sql_query>, print_the_context already registered for DAG: example_python_operator
[2023-10-15T15:13:00.566+0100] {logging_mixin.py:137} INFO - [2023-10-15T15:13:00.566+0100] {taskmixin.py:211} WARNING - Dependency <Task(_PythonDecoratedOperator): print_the_context>, log_sql_query already registered for DAG: example_python_operator
[2023-10-15T15:13:00.566+0100] {logging_mixin.py:137} INFO - [2023-10-15T15:13:00.566+0100] {taskmixin.py:211} WARNING - Dependency <Task(_PythonDecoratedOperator): log_sql_query>, print_the_context already registered for DAG: example_python_operator
[2023-10-15T15:13:00.566+0100] {logging_mixin.py:137} INFO - [2023-10-15T15:13:00.566+0100] {taskmixin.py:211} WARNING - Dependency <Task(_PythonDecoratedOperator): print_the_context>, log_sql_query already registered for DAG: example_python_operator
[2023-10-15T15:13:00.566+0100] {logging_mixin.py:137} INFO - [2023-10-15T15:13:00.566+0100] {taskmixin.py:211} WARNING - Dependency <Task(_PythonDecoratedOperator): log_sql_query>, print_the_context already registered for DAG: example_python_operator
[2023-10-15T15:13:00.566+0100] {logging_mixin.py:137} INFO - [2023-10-15T15:13:00.566+0100] {taskmixin.py:211} WARNING - Dependency <Task(_PythonDecoratedOperator): print_the_context>, log_sql_query already registered for DAG: example_python_operator
[2023-10-15T15:13:00.566+0100] {logging_mixin.py:137} INFO - [2023-10-15T15:13:00.566+0100] {taskmixin.py:211} WARNING - Dependency <Task(_PythonDecoratedOperator): log_sql_query>, print_the_context already registered for DAG: example_python_operator
[2023-10-15T15:13:00.566+0100] {logging_mixin.py:137} INFO - [2023-10-15T15:13:00.566+0100] {example_python_operator.py:90} WARNING - The virtalenv_python example task requires virtualenv, please install it.
[2023-10-15T15:13:00.568+0100] {processor.py:753} INFO - DAG(s) dict_keys(['example_python_operator']) retrieved from /Users/b/Documents/workflow/venv/lib/python3.11/site-packages/airflow/example_dags/example_python_operator.py
[2023-10-15T15:13:00.751+0100] {logging_mixin.py:137} INFO - [2023-10-15T15:13:00.751+0100] {dag.py:2705} INFO - Sync 1 DAGs
[2023-10-15T15:13:00.757+0100] {logging_mixin.py:137} INFO - [2023-10-15T15:13:00.757+0100] {dag.py:3452} INFO - Setting next_dagrun for example_python_operator to None, run_after=None
[2023-10-15T15:13:00.763+0100] {processor.py:175} INFO - Processing /Users/b/Documents/workflow/venv/lib/python3.11/site-packages/airflow/example_dags/example_python_operator.py took 0.218 seconds
[2023-10-15T15:14:04.259+0100] {processor.py:153} INFO - Started process (PID=30153) to work on /Users/b/Documents/workflow/venv/lib/python3.11/site-packages/airflow/example_dags/example_python_operator.py
[2023-10-15T15:14:04.262+0100] {processor.py:743} INFO - Processing file /Users/b/Documents/workflow/venv/lib/python3.11/site-packages/airflow/example_dags/example_python_operator.py for tasks to queue
[2023-10-15T15:14:04.262+0100] {logging_mixin.py:137} INFO - [2023-10-15T15:14:04.262+0100] {dagbag.py:532} INFO - Filling up the DagBag from /Users/b/Documents/workflow/venv/lib/python3.11/site-packages/airflow/example_dags/example_python_operator.py
[2023-10-15T15:14:04.276+0100] {logging_mixin.py:137} INFO - [2023-10-15T15:14:04.276+0100] {taskmixin.py:211} WARNING - Dependency <Task(_PythonDecoratedOperator): print_the_context>, log_sql_query already registered for DAG: example_python_operator
[2023-10-15T15:14:04.276+0100] {logging_mixin.py:137} INFO - [2023-10-15T15:14:04.276+0100] {taskmixin.py:211} WARNING - Dependency <Task(_PythonDecoratedOperator): log_sql_query>, print_the_context already registered for DAG: example_python_operator
[2023-10-15T15:14:04.276+0100] {logging_mixin.py:137} INFO - [2023-10-15T15:14:04.276+0100] {taskmixin.py:211} WARNING - Dependency <Task(_PythonDecoratedOperator): print_the_context>, log_sql_query already registered for DAG: example_python_operator
[2023-10-15T15:14:04.276+0100] {logging_mixin.py:137} INFO - [2023-10-15T15:14:04.276+0100] {taskmixin.py:211} WARNING - Dependency <Task(_PythonDecoratedOperator): log_sql_query>, print_the_context already registered for DAG: example_python_operator
[2023-10-15T15:14:04.276+0100] {logging_mixin.py:137} INFO - [2023-10-15T15:14:04.276+0100] {taskmixin.py:211} WARNING - Dependency <Task(_PythonDecoratedOperator): print_the_context>, log_sql_query already registered for DAG: example_python_operator
[2023-10-15T15:14:04.277+0100] {logging_mixin.py:137} INFO - [2023-10-15T15:14:04.276+0100] {taskmixin.py:211} WARNING - Dependency <Task(_PythonDecoratedOperator): log_sql_query>, print_the_context already registered for DAG: example_python_operator
[2023-10-15T15:14:04.277+0100] {logging_mixin.py:137} INFO - [2023-10-15T15:14:04.277+0100] {taskmixin.py:211} WARNING - Dependency <Task(_PythonDecoratedOperator): print_the_context>, log_sql_query already registered for DAG: example_python_operator
[2023-10-15T15:14:04.277+0100] {logging_mixin.py:137} INFO - [2023-10-15T15:14:04.277+0100] {taskmixin.py:211} WARNING - Dependency <Task(_PythonDecoratedOperator): log_sql_query>, print_the_context already registered for DAG: example_python_operator
[2023-10-15T15:14:04.277+0100] {logging_mixin.py:137} INFO - [2023-10-15T15:14:04.277+0100] {example_python_operator.py:90} WARNING - The virtalenv_python example task requires virtualenv, please install it.
[2023-10-15T15:14:04.279+0100] {processor.py:753} INFO - DAG(s) dict_keys(['example_python_operator']) retrieved from /Users/b/Documents/workflow/venv/lib/python3.11/site-packages/airflow/example_dags/example_python_operator.py
[2023-10-15T15:14:04.427+0100] {logging_mixin.py:137} INFO - [2023-10-15T15:14:04.427+0100] {dag.py:2705} INFO - Sync 1 DAGs
[2023-10-15T15:14:04.433+0100] {logging_mixin.py:137} INFO - [2023-10-15T15:14:04.433+0100] {dag.py:3452} INFO - Setting next_dagrun for example_python_operator to None, run_after=None
[2023-10-15T15:14:04.439+0100] {processor.py:175} INFO - Processing /Users/b/Documents/workflow/venv/lib/python3.11/site-packages/airflow/example_dags/example_python_operator.py took 0.180 seconds
[2023-10-15T15:15:09.422+0100] {processor.py:153} INFO - Started process (PID=30299) to work on /Users/b/Documents/workflow/venv/lib/python3.11/site-packages/airflow/example_dags/example_python_operator.py
[2023-10-15T15:15:09.424+0100] {processor.py:743} INFO - Processing file /Users/b/Documents/workflow/venv/lib/python3.11/site-packages/airflow/example_dags/example_python_operator.py for tasks to queue
[2023-10-15T15:15:09.424+0100] {logging_mixin.py:137} INFO - [2023-10-15T15:15:09.424+0100] {dagbag.py:532} INFO - Filling up the DagBag from /Users/b/Documents/workflow/venv/lib/python3.11/site-packages/airflow/example_dags/example_python_operator.py
[2023-10-15T15:15:09.438+0100] {logging_mixin.py:137} INFO - [2023-10-15T15:15:09.438+0100] {taskmixin.py:211} WARNING - Dependency <Task(_PythonDecoratedOperator): print_the_context>, log_sql_query already registered for DAG: example_python_operator
[2023-10-15T15:15:09.438+0100] {logging_mixin.py:137} INFO - [2023-10-15T15:15:09.438+0100] {taskmixin.py:211} WARNING - Dependency <Task(_PythonDecoratedOperator): log_sql_query>, print_the_context already registered for DAG: example_python_operator
[2023-10-15T15:15:09.438+0100] {logging_mixin.py:137} INFO - [2023-10-15T15:15:09.438+0100] {taskmixin.py:211} WARNING - Dependency <Task(_PythonDecoratedOperator): print_the_context>, log_sql_query already registered for DAG: example_python_operator
[2023-10-15T15:15:09.438+0100] {logging_mixin.py:137} INFO - [2023-10-15T15:15:09.438+0100] {taskmixin.py:211} WARNING - Dependency <Task(_PythonDecoratedOperator): log_sql_query>, print_the_context already registered for DAG: example_python_operator
[2023-10-15T15:15:09.438+0100] {logging_mixin.py:137} INFO - [2023-10-15T15:15:09.438+0100] {taskmixin.py:211} WARNING - Dependency <Task(_PythonDecoratedOperator): print_the_context>, log_sql_query already registered for DAG: example_python_operator
[2023-10-15T15:15:09.438+0100] {logging_mixin.py:137} INFO - [2023-10-15T15:15:09.438+0100] {taskmixin.py:211} WARNING - Dependency <Task(_PythonDecoratedOperator): log_sql_query>, print_the_context already registered for DAG: example_python_operator
[2023-10-15T15:15:09.439+0100] {logging_mixin.py:137} INFO - [2023-10-15T15:15:09.439+0100] {taskmixin.py:211} WARNING - Dependency <Task(_PythonDecoratedOperator): print_the_context>, log_sql_query already registered for DAG: example_python_operator
[2023-10-15T15:15:09.439+0100] {logging_mixin.py:137} INFO - [2023-10-15T15:15:09.439+0100] {taskmixin.py:211} WARNING - Dependency <Task(_PythonDecoratedOperator): log_sql_query>, print_the_context already registered for DAG: example_python_operator
[2023-10-15T15:15:09.439+0100] {logging_mixin.py:137} INFO - [2023-10-15T15:15:09.439+0100] {example_python_operator.py:90} WARNING - The virtalenv_python example task requires virtualenv, please install it.
[2023-10-15T15:15:09.441+0100] {processor.py:753} INFO - DAG(s) dict_keys(['example_python_operator']) retrieved from /Users/b/Documents/workflow/venv/lib/python3.11/site-packages/airflow/example_dags/example_python_operator.py
[2023-10-15T15:15:09.601+0100] {logging_mixin.py:137} INFO - [2023-10-15T15:15:09.601+0100] {dag.py:2705} INFO - Sync 1 DAGs
[2023-10-15T15:15:09.607+0100] {logging_mixin.py:137} INFO - [2023-10-15T15:15:09.607+0100] {dag.py:3452} INFO - Setting next_dagrun for example_python_operator to None, run_after=None
[2023-10-15T15:15:09.614+0100] {processor.py:175} INFO - Processing /Users/b/Documents/workflow/venv/lib/python3.11/site-packages/airflow/example_dags/example_python_operator.py took 0.192 seconds
[2023-10-15T15:16:11.828+0100] {processor.py:153} INFO - Started process (PID=30414) to work on /Users/b/Documents/workflow/venv/lib/python3.11/site-packages/airflow/example_dags/example_python_operator.py
[2023-10-15T15:16:11.830+0100] {processor.py:743} INFO - Processing file /Users/b/Documents/workflow/venv/lib/python3.11/site-packages/airflow/example_dags/example_python_operator.py for tasks to queue
[2023-10-15T15:16:11.831+0100] {logging_mixin.py:137} INFO - [2023-10-15T15:16:11.831+0100] {dagbag.py:532} INFO - Filling up the DagBag from /Users/b/Documents/workflow/venv/lib/python3.11/site-packages/airflow/example_dags/example_python_operator.py
[2023-10-15T15:16:11.848+0100] {logging_mixin.py:137} INFO - [2023-10-15T15:16:11.848+0100] {taskmixin.py:211} WARNING - Dependency <Task(_PythonDecoratedOperator): print_the_context>, log_sql_query already registered for DAG: example_python_operator
[2023-10-15T15:16:11.848+0100] {logging_mixin.py:137} INFO - [2023-10-15T15:16:11.848+0100] {taskmixin.py:211} WARNING - Dependency <Task(_PythonDecoratedOperator): log_sql_query>, print_the_context already registered for DAG: example_python_operator
[2023-10-15T15:16:11.848+0100] {logging_mixin.py:137} INFO - [2023-10-15T15:16:11.848+0100] {taskmixin.py:211} WARNING - Dependency <Task(_PythonDecoratedOperator): print_the_context>, log_sql_query already registered for DAG: example_python_operator
[2023-10-15T15:16:11.848+0100] {logging_mixin.py:137} INFO - [2023-10-15T15:16:11.848+0100] {taskmixin.py:211} WARNING - Dependency <Task(_PythonDecoratedOperator): log_sql_query>, print_the_context already registered for DAG: example_python_operator
[2023-10-15T15:16:11.848+0100] {logging_mixin.py:137} INFO - [2023-10-15T15:16:11.848+0100] {taskmixin.py:211} WARNING - Dependency <Task(_PythonDecoratedOperator): print_the_context>, log_sql_query already registered for DAG: example_python_operator
[2023-10-15T15:16:11.848+0100] {logging_mixin.py:137} INFO - [2023-10-15T15:16:11.848+0100] {taskmixin.py:211} WARNING - Dependency <Task(_PythonDecoratedOperator): log_sql_query>, print_the_context already registered for DAG: example_python_operator
[2023-10-15T15:16:11.849+0100] {logging_mixin.py:137} INFO - [2023-10-15T15:16:11.849+0100] {taskmixin.py:211} WARNING - Dependency <Task(_PythonDecoratedOperator): print_the_context>, log_sql_query already registered for DAG: example_python_operator
[2023-10-15T15:16:11.849+0100] {logging_mixin.py:137} INFO - [2023-10-15T15:16:11.849+0100] {taskmixin.py:211} WARNING - Dependency <Task(_PythonDecoratedOperator): log_sql_query>, print_the_context already registered for DAG: example_python_operator
[2023-10-15T15:16:11.849+0100] {logging_mixin.py:137} INFO - [2023-10-15T15:16:11.849+0100] {example_python_operator.py:90} WARNING - The virtalenv_python example task requires virtualenv, please install it.
[2023-10-15T15:16:11.851+0100] {processor.py:753} INFO - DAG(s) dict_keys(['example_python_operator']) retrieved from /Users/b/Documents/workflow/venv/lib/python3.11/site-packages/airflow/example_dags/example_python_operator.py
[2023-10-15T15:16:12.019+0100] {logging_mixin.py:137} INFO - [2023-10-15T15:16:12.019+0100] {dag.py:2705} INFO - Sync 1 DAGs
[2023-10-15T15:16:12.025+0100] {logging_mixin.py:137} INFO - [2023-10-15T15:16:12.025+0100] {dag.py:3452} INFO - Setting next_dagrun for example_python_operator to None, run_after=None
[2023-10-15T15:16:12.032+0100] {processor.py:175} INFO - Processing /Users/b/Documents/workflow/venv/lib/python3.11/site-packages/airflow/example_dags/example_python_operator.py took 0.204 seconds
[2023-10-15T15:20:32.613+0100] {processor.py:153} INFO - Started process (PID=30908) to work on /Users/b/Documents/workflow/venv/lib/python3.11/site-packages/airflow/example_dags/example_python_operator.py
[2023-10-15T15:20:32.615+0100] {processor.py:743} INFO - Processing file /Users/b/Documents/workflow/venv/lib/python3.11/site-packages/airflow/example_dags/example_python_operator.py for tasks to queue
[2023-10-15T15:20:32.615+0100] {logging_mixin.py:137} INFO - [2023-10-15T15:20:32.615+0100] {dagbag.py:532} INFO - Filling up the DagBag from /Users/b/Documents/workflow/venv/lib/python3.11/site-packages/airflow/example_dags/example_python_operator.py
[2023-10-15T15:20:32.629+0100] {logging_mixin.py:137} INFO - [2023-10-15T15:20:32.629+0100] {taskmixin.py:211} WARNING - Dependency <Task(_PythonDecoratedOperator): print_the_context>, log_sql_query already registered for DAG: example_python_operator
[2023-10-15T15:20:32.629+0100] {logging_mixin.py:137} INFO - [2023-10-15T15:20:32.629+0100] {taskmixin.py:211} WARNING - Dependency <Task(_PythonDecoratedOperator): log_sql_query>, print_the_context already registered for DAG: example_python_operator
[2023-10-15T15:20:32.629+0100] {logging_mixin.py:137} INFO - [2023-10-15T15:20:32.629+0100] {taskmixin.py:211} WARNING - Dependency <Task(_PythonDecoratedOperator): print_the_context>, log_sql_query already registered for DAG: example_python_operator
[2023-10-15T15:20:32.629+0100] {logging_mixin.py:137} INFO - [2023-10-15T15:20:32.629+0100] {taskmixin.py:211} WARNING - Dependency <Task(_PythonDecoratedOperator): log_sql_query>, print_the_context already registered for DAG: example_python_operator
[2023-10-15T15:20:32.630+0100] {logging_mixin.py:137} INFO - [2023-10-15T15:20:32.630+0100] {taskmixin.py:211} WARNING - Dependency <Task(_PythonDecoratedOperator): print_the_context>, log_sql_query already registered for DAG: example_python_operator
[2023-10-15T15:20:32.630+0100] {logging_mixin.py:137} INFO - [2023-10-15T15:20:32.630+0100] {taskmixin.py:211} WARNING - Dependency <Task(_PythonDecoratedOperator): log_sql_query>, print_the_context already registered for DAG: example_python_operator
[2023-10-15T15:20:32.630+0100] {logging_mixin.py:137} INFO - [2023-10-15T15:20:32.630+0100] {taskmixin.py:211} WARNING - Dependency <Task(_PythonDecoratedOperator): print_the_context>, log_sql_query already registered for DAG: example_python_operator
[2023-10-15T15:20:32.630+0100] {logging_mixin.py:137} INFO - [2023-10-15T15:20:32.630+0100] {taskmixin.py:211} WARNING - Dependency <Task(_PythonDecoratedOperator): log_sql_query>, print_the_context already registered for DAG: example_python_operator
[2023-10-15T15:20:32.630+0100] {logging_mixin.py:137} INFO - [2023-10-15T15:20:32.630+0100] {example_python_operator.py:90} WARNING - The virtalenv_python example task requires virtualenv, please install it.
[2023-10-15T15:20:32.632+0100] {processor.py:753} INFO - DAG(s) dict_keys(['example_python_operator']) retrieved from /Users/b/Documents/workflow/venv/lib/python3.11/site-packages/airflow/example_dags/example_python_operator.py
[2023-10-15T15:20:32.786+0100] {logging_mixin.py:137} INFO - [2023-10-15T15:20:32.785+0100] {dag.py:2705} INFO - Sync 1 DAGs
[2023-10-15T15:20:32.792+0100] {logging_mixin.py:137} INFO - [2023-10-15T15:20:32.792+0100] {dag.py:3452} INFO - Setting next_dagrun for example_python_operator to None, run_after=None
[2023-10-15T15:20:32.799+0100] {processor.py:175} INFO - Processing /Users/b/Documents/workflow/venv/lib/python3.11/site-packages/airflow/example_dags/example_python_operator.py took 0.187 seconds
[2023-10-15T15:21:42.024+0100] {processor.py:153} INFO - Started process (PID=31128) to work on /Users/b/Documents/workflow/venv/lib/python3.11/site-packages/airflow/example_dags/example_python_operator.py
[2023-10-15T15:21:42.026+0100] {processor.py:743} INFO - Processing file /Users/b/Documents/workflow/venv/lib/python3.11/site-packages/airflow/example_dags/example_python_operator.py for tasks to queue
[2023-10-15T15:21:42.026+0100] {logging_mixin.py:137} INFO - [2023-10-15T15:21:42.026+0100] {dagbag.py:532} INFO - Filling up the DagBag from /Users/b/Documents/workflow/venv/lib/python3.11/site-packages/airflow/example_dags/example_python_operator.py
[2023-10-15T15:21:42.042+0100] {logging_mixin.py:137} INFO - [2023-10-15T15:21:42.042+0100] {taskmixin.py:211} WARNING - Dependency <Task(_PythonDecoratedOperator): print_the_context>, log_sql_query already registered for DAG: example_python_operator
[2023-10-15T15:21:42.042+0100] {logging_mixin.py:137} INFO - [2023-10-15T15:21:42.042+0100] {taskmixin.py:211} WARNING - Dependency <Task(_PythonDecoratedOperator): log_sql_query>, print_the_context already registered for DAG: example_python_operator
[2023-10-15T15:21:42.042+0100] {logging_mixin.py:137} INFO - [2023-10-15T15:21:42.042+0100] {taskmixin.py:211} WARNING - Dependency <Task(_PythonDecoratedOperator): print_the_context>, log_sql_query already registered for DAG: example_python_operator
[2023-10-15T15:21:42.042+0100] {logging_mixin.py:137} INFO - [2023-10-15T15:21:42.042+0100] {taskmixin.py:211} WARNING - Dependency <Task(_PythonDecoratedOperator): log_sql_query>, print_the_context already registered for DAG: example_python_operator
[2023-10-15T15:21:42.042+0100] {logging_mixin.py:137} INFO - [2023-10-15T15:21:42.042+0100] {taskmixin.py:211} WARNING - Dependency <Task(_PythonDecoratedOperator): print_the_context>, log_sql_query already registered for DAG: example_python_operator
[2023-10-15T15:21:42.042+0100] {logging_mixin.py:137} INFO - [2023-10-15T15:21:42.042+0100] {taskmixin.py:211} WARNING - Dependency <Task(_PythonDecoratedOperator): log_sql_query>, print_the_context already registered for DAG: example_python_operator
[2023-10-15T15:21:42.042+0100] {logging_mixin.py:137} INFO - [2023-10-15T15:21:42.042+0100] {taskmixin.py:211} WARNING - Dependency <Task(_PythonDecoratedOperator): print_the_context>, log_sql_query already registered for DAG: example_python_operator
[2023-10-15T15:21:42.042+0100] {logging_mixin.py:137} INFO - [2023-10-15T15:21:42.042+0100] {taskmixin.py:211} WARNING - Dependency <Task(_PythonDecoratedOperator): log_sql_query>, print_the_context already registered for DAG: example_python_operator
[2023-10-15T15:21:42.043+0100] {logging_mixin.py:137} INFO - [2023-10-15T15:21:42.043+0100] {example_python_operator.py:90} WARNING - The virtalenv_python example task requires virtualenv, please install it.
[2023-10-15T15:21:42.045+0100] {processor.py:753} INFO - DAG(s) dict_keys(['example_python_operator']) retrieved from /Users/b/Documents/workflow/venv/lib/python3.11/site-packages/airflow/example_dags/example_python_operator.py
[2023-10-15T15:21:42.218+0100] {logging_mixin.py:137} INFO - [2023-10-15T15:21:42.217+0100] {dag.py:2705} INFO - Sync 1 DAGs
[2023-10-15T15:21:42.224+0100] {logging_mixin.py:137} INFO - [2023-10-15T15:21:42.224+0100] {dag.py:3452} INFO - Setting next_dagrun for example_python_operator to None, run_after=None
[2023-10-15T15:21:42.231+0100] {processor.py:175} INFO - Processing /Users/b/Documents/workflow/venv/lib/python3.11/site-packages/airflow/example_dags/example_python_operator.py took 0.208 seconds
[2023-10-15T15:22:44.106+0100] {processor.py:153} INFO - Started process (PID=31273) to work on /Users/b/Documents/workflow/venv/lib/python3.11/site-packages/airflow/example_dags/example_python_operator.py
[2023-10-15T15:22:44.108+0100] {processor.py:743} INFO - Processing file /Users/b/Documents/workflow/venv/lib/python3.11/site-packages/airflow/example_dags/example_python_operator.py for tasks to queue
[2023-10-15T15:22:44.108+0100] {logging_mixin.py:137} INFO - [2023-10-15T15:22:44.108+0100] {dagbag.py:532} INFO - Filling up the DagBag from /Users/b/Documents/workflow/venv/lib/python3.11/site-packages/airflow/example_dags/example_python_operator.py
[2023-10-15T15:22:44.122+0100] {logging_mixin.py:137} INFO - [2023-10-15T15:22:44.122+0100] {taskmixin.py:211} WARNING - Dependency <Task(_PythonDecoratedOperator): print_the_context>, log_sql_query already registered for DAG: example_python_operator
[2023-10-15T15:22:44.122+0100] {logging_mixin.py:137} INFO - [2023-10-15T15:22:44.122+0100] {taskmixin.py:211} WARNING - Dependency <Task(_PythonDecoratedOperator): log_sql_query>, print_the_context already registered for DAG: example_python_operator
[2023-10-15T15:22:44.122+0100] {logging_mixin.py:137} INFO - [2023-10-15T15:22:44.122+0100] {taskmixin.py:211} WARNING - Dependency <Task(_PythonDecoratedOperator): print_the_context>, log_sql_query already registered for DAG: example_python_operator
[2023-10-15T15:22:44.122+0100] {logging_mixin.py:137} INFO - [2023-10-15T15:22:44.122+0100] {taskmixin.py:211} WARNING - Dependency <Task(_PythonDecoratedOperator): log_sql_query>, print_the_context already registered for DAG: example_python_operator
[2023-10-15T15:22:44.123+0100] {logging_mixin.py:137} INFO - [2023-10-15T15:22:44.123+0100] {taskmixin.py:211} WARNING - Dependency <Task(_PythonDecoratedOperator): print_the_context>, log_sql_query already registered for DAG: example_python_operator
[2023-10-15T15:22:44.123+0100] {logging_mixin.py:137} INFO - [2023-10-15T15:22:44.123+0100] {taskmixin.py:211} WARNING - Dependency <Task(_PythonDecoratedOperator): log_sql_query>, print_the_context already registered for DAG: example_python_operator
[2023-10-15T15:22:44.123+0100] {logging_mixin.py:137} INFO - [2023-10-15T15:22:44.123+0100] {taskmixin.py:211} WARNING - Dependency <Task(_PythonDecoratedOperator): print_the_context>, log_sql_query already registered for DAG: example_python_operator
[2023-10-15T15:22:44.123+0100] {logging_mixin.py:137} INFO - [2023-10-15T15:22:44.123+0100] {taskmixin.py:211} WARNING - Dependency <Task(_PythonDecoratedOperator): log_sql_query>, print_the_context already registered for DAG: example_python_operator
[2023-10-15T15:22:44.123+0100] {logging_mixin.py:137} INFO - [2023-10-15T15:22:44.123+0100] {example_python_operator.py:90} WARNING - The virtalenv_python example task requires virtualenv, please install it.
[2023-10-15T15:22:44.125+0100] {processor.py:753} INFO - DAG(s) dict_keys(['example_python_operator']) retrieved from /Users/b/Documents/workflow/venv/lib/python3.11/site-packages/airflow/example_dags/example_python_operator.py
[2023-10-15T15:22:44.278+0100] {logging_mixin.py:137} INFO - [2023-10-15T15:22:44.278+0100] {dag.py:2705} INFO - Sync 1 DAGs
[2023-10-15T15:22:44.284+0100] {logging_mixin.py:137} INFO - [2023-10-15T15:22:44.284+0100] {dag.py:3452} INFO - Setting next_dagrun for example_python_operator to None, run_after=None
[2023-10-15T15:22:44.291+0100] {processor.py:175} INFO - Processing /Users/b/Documents/workflow/venv/lib/python3.11/site-packages/airflow/example_dags/example_python_operator.py took 0.185 seconds
[2023-10-15T15:23:48.893+0100] {processor.py:153} INFO - Started process (PID=31415) to work on /Users/b/Documents/workflow/venv/lib/python3.11/site-packages/airflow/example_dags/example_python_operator.py
[2023-10-15T15:23:48.895+0100] {processor.py:743} INFO - Processing file /Users/b/Documents/workflow/venv/lib/python3.11/site-packages/airflow/example_dags/example_python_operator.py for tasks to queue
[2023-10-15T15:23:48.896+0100] {logging_mixin.py:137} INFO - [2023-10-15T15:23:48.895+0100] {dagbag.py:532} INFO - Filling up the DagBag from /Users/b/Documents/workflow/venv/lib/python3.11/site-packages/airflow/example_dags/example_python_operator.py
[2023-10-15T15:23:48.910+0100] {logging_mixin.py:137} INFO - [2023-10-15T15:23:48.910+0100] {taskmixin.py:211} WARNING - Dependency <Task(_PythonDecoratedOperator): print_the_context>, log_sql_query already registered for DAG: example_python_operator
[2023-10-15T15:23:48.910+0100] {logging_mixin.py:137} INFO - [2023-10-15T15:23:48.910+0100] {taskmixin.py:211} WARNING - Dependency <Task(_PythonDecoratedOperator): log_sql_query>, print_the_context already registered for DAG: example_python_operator
[2023-10-15T15:23:48.910+0100] {logging_mixin.py:137} INFO - [2023-10-15T15:23:48.910+0100] {taskmixin.py:211} WARNING - Dependency <Task(_PythonDecoratedOperator): print_the_context>, log_sql_query already registered for DAG: example_python_operator
[2023-10-15T15:23:48.910+0100] {logging_mixin.py:137} INFO - [2023-10-15T15:23:48.910+0100] {taskmixin.py:211} WARNING - Dependency <Task(_PythonDecoratedOperator): log_sql_query>, print_the_context already registered for DAG: example_python_operator
[2023-10-15T15:23:48.911+0100] {logging_mixin.py:137} INFO - [2023-10-15T15:23:48.911+0100] {taskmixin.py:211} WARNING - Dependency <Task(_PythonDecoratedOperator): print_the_context>, log_sql_query already registered for DAG: example_python_operator
[2023-10-15T15:23:48.911+0100] {logging_mixin.py:137} INFO - [2023-10-15T15:23:48.911+0100] {taskmixin.py:211} WARNING - Dependency <Task(_PythonDecoratedOperator): log_sql_query>, print_the_context already registered for DAG: example_python_operator
[2023-10-15T15:23:48.911+0100] {logging_mixin.py:137} INFO - [2023-10-15T15:23:48.911+0100] {taskmixin.py:211} WARNING - Dependency <Task(_PythonDecoratedOperator): print_the_context>, log_sql_query already registered for DAG: example_python_operator
[2023-10-15T15:23:48.911+0100] {logging_mixin.py:137} INFO - [2023-10-15T15:23:48.911+0100] {taskmixin.py:211} WARNING - Dependency <Task(_PythonDecoratedOperator): log_sql_query>, print_the_context already registered for DAG: example_python_operator
[2023-10-15T15:23:48.911+0100] {logging_mixin.py:137} INFO - [2023-10-15T15:23:48.911+0100] {example_python_operator.py:90} WARNING - The virtalenv_python example task requires virtualenv, please install it.
[2023-10-15T15:23:48.913+0100] {processor.py:753} INFO - DAG(s) dict_keys(['example_python_operator']) retrieved from /Users/b/Documents/workflow/venv/lib/python3.11/site-packages/airflow/example_dags/example_python_operator.py
[2023-10-15T15:23:49.067+0100] {logging_mixin.py:137} INFO - [2023-10-15T15:23:49.067+0100] {dag.py:2705} INFO - Sync 1 DAGs
[2023-10-15T15:23:49.074+0100] {logging_mixin.py:137} INFO - [2023-10-15T15:23:49.074+0100] {dag.py:3452} INFO - Setting next_dagrun for example_python_operator to None, run_after=None
[2023-10-15T15:23:49.081+0100] {processor.py:175} INFO - Processing /Users/b/Documents/workflow/venv/lib/python3.11/site-packages/airflow/example_dags/example_python_operator.py took 0.188 seconds
[2023-10-15T15:24:54.088+0100] {processor.py:153} INFO - Started process (PID=31546) to work on /Users/b/Documents/workflow/venv/lib/python3.11/site-packages/airflow/example_dags/example_python_operator.py
[2023-10-15T15:24:54.090+0100] {processor.py:743} INFO - Processing file /Users/b/Documents/workflow/venv/lib/python3.11/site-packages/airflow/example_dags/example_python_operator.py for tasks to queue
[2023-10-15T15:24:54.090+0100] {logging_mixin.py:137} INFO - [2023-10-15T15:24:54.090+0100] {dagbag.py:532} INFO - Filling up the DagBag from /Users/b/Documents/workflow/venv/lib/python3.11/site-packages/airflow/example_dags/example_python_operator.py
[2023-10-15T15:24:54.105+0100] {logging_mixin.py:137} INFO - [2023-10-15T15:24:54.105+0100] {taskmixin.py:211} WARNING - Dependency <Task(_PythonDecoratedOperator): print_the_context>, log_sql_query already registered for DAG: example_python_operator
[2023-10-15T15:24:54.105+0100] {logging_mixin.py:137} INFO - [2023-10-15T15:24:54.105+0100] {taskmixin.py:211} WARNING - Dependency <Task(_PythonDecoratedOperator): log_sql_query>, print_the_context already registered for DAG: example_python_operator
[2023-10-15T15:24:54.105+0100] {logging_mixin.py:137} INFO - [2023-10-15T15:24:54.105+0100] {taskmixin.py:211} WARNING - Dependency <Task(_PythonDecoratedOperator): print_the_context>, log_sql_query already registered for DAG: example_python_operator
[2023-10-15T15:24:54.105+0100] {logging_mixin.py:137} INFO - [2023-10-15T15:24:54.105+0100] {taskmixin.py:211} WARNING - Dependency <Task(_PythonDecoratedOperator): log_sql_query>, print_the_context already registered for DAG: example_python_operator
[2023-10-15T15:24:54.105+0100] {logging_mixin.py:137} INFO - [2023-10-15T15:24:54.105+0100] {taskmixin.py:211} WARNING - Dependency <Task(_PythonDecoratedOperator): print_the_context>, log_sql_query already registered for DAG: example_python_operator
[2023-10-15T15:24:54.105+0100] {logging_mixin.py:137} INFO - [2023-10-15T15:24:54.105+0100] {taskmixin.py:211} WARNING - Dependency <Task(_PythonDecoratedOperator): log_sql_query>, print_the_context already registered for DAG: example_python_operator
[2023-10-15T15:24:54.105+0100] {logging_mixin.py:137} INFO - [2023-10-15T15:24:54.105+0100] {taskmixin.py:211} WARNING - Dependency <Task(_PythonDecoratedOperator): print_the_context>, log_sql_query already registered for DAG: example_python_operator
[2023-10-15T15:24:54.105+0100] {logging_mixin.py:137} INFO - [2023-10-15T15:24:54.105+0100] {taskmixin.py:211} WARNING - Dependency <Task(_PythonDecoratedOperator): log_sql_query>, print_the_context already registered for DAG: example_python_operator
[2023-10-15T15:24:54.105+0100] {logging_mixin.py:137} INFO - [2023-10-15T15:24:54.105+0100] {example_python_operator.py:90} WARNING - The virtalenv_python example task requires virtualenv, please install it.
[2023-10-15T15:24:54.107+0100] {processor.py:753} INFO - DAG(s) dict_keys(['example_python_operator']) retrieved from /Users/b/Documents/workflow/venv/lib/python3.11/site-packages/airflow/example_dags/example_python_operator.py
[2023-10-15T15:24:54.260+0100] {logging_mixin.py:137} INFO - [2023-10-15T15:24:54.260+0100] {dag.py:2705} INFO - Sync 1 DAGs
[2023-10-15T15:24:54.266+0100] {logging_mixin.py:137} INFO - [2023-10-15T15:24:54.266+0100] {dag.py:3452} INFO - Setting next_dagrun for example_python_operator to None, run_after=None
[2023-10-15T15:24:54.273+0100] {processor.py:175} INFO - Processing /Users/b/Documents/workflow/venv/lib/python3.11/site-packages/airflow/example_dags/example_python_operator.py took 0.185 seconds
[2023-10-15T15:25:59.073+0100] {processor.py:153} INFO - Started process (PID=31677) to work on /Users/b/Documents/workflow/venv/lib/python3.11/site-packages/airflow/example_dags/example_python_operator.py
[2023-10-15T15:25:59.075+0100] {processor.py:743} INFO - Processing file /Users/b/Documents/workflow/venv/lib/python3.11/site-packages/airflow/example_dags/example_python_operator.py for tasks to queue
[2023-10-15T15:25:59.075+0100] {logging_mixin.py:137} INFO - [2023-10-15T15:25:59.075+0100] {dagbag.py:532} INFO - Filling up the DagBag from /Users/b/Documents/workflow/venv/lib/python3.11/site-packages/airflow/example_dags/example_python_operator.py
[2023-10-15T15:25:59.089+0100] {logging_mixin.py:137} INFO - [2023-10-15T15:25:59.089+0100] {taskmixin.py:211} WARNING - Dependency <Task(_PythonDecoratedOperator): print_the_context>, log_sql_query already registered for DAG: example_python_operator
[2023-10-15T15:25:59.089+0100] {logging_mixin.py:137} INFO - [2023-10-15T15:25:59.089+0100] {taskmixin.py:211} WARNING - Dependency <Task(_PythonDecoratedOperator): log_sql_query>, print_the_context already registered for DAG: example_python_operator
[2023-10-15T15:25:59.089+0100] {logging_mixin.py:137} INFO - [2023-10-15T15:25:59.089+0100] {taskmixin.py:211} WARNING - Dependency <Task(_PythonDecoratedOperator): print_the_context>, log_sql_query already registered for DAG: example_python_operator
[2023-10-15T15:25:59.089+0100] {logging_mixin.py:137} INFO - [2023-10-15T15:25:59.089+0100] {taskmixin.py:211} WARNING - Dependency <Task(_PythonDecoratedOperator): log_sql_query>, print_the_context already registered for DAG: example_python_operator
[2023-10-15T15:25:59.089+0100] {logging_mixin.py:137} INFO - [2023-10-15T15:25:59.089+0100] {taskmixin.py:211} WARNING - Dependency <Task(_PythonDecoratedOperator): print_the_context>, log_sql_query already registered for DAG: example_python_operator
[2023-10-15T15:25:59.089+0100] {logging_mixin.py:137} INFO - [2023-10-15T15:25:59.089+0100] {taskmixin.py:211} WARNING - Dependency <Task(_PythonDecoratedOperator): log_sql_query>, print_the_context already registered for DAG: example_python_operator
[2023-10-15T15:25:59.089+0100] {logging_mixin.py:137} INFO - [2023-10-15T15:25:59.089+0100] {taskmixin.py:211} WARNING - Dependency <Task(_PythonDecoratedOperator): print_the_context>, log_sql_query already registered for DAG: example_python_operator
[2023-10-15T15:25:59.089+0100] {logging_mixin.py:137} INFO - [2023-10-15T15:25:59.089+0100] {taskmixin.py:211} WARNING - Dependency <Task(_PythonDecoratedOperator): log_sql_query>, print_the_context already registered for DAG: example_python_operator
[2023-10-15T15:25:59.090+0100] {logging_mixin.py:137} INFO - [2023-10-15T15:25:59.090+0100] {example_python_operator.py:90} WARNING - The virtalenv_python example task requires virtualenv, please install it.
[2023-10-15T15:25:59.091+0100] {processor.py:753} INFO - DAG(s) dict_keys(['example_python_operator']) retrieved from /Users/b/Documents/workflow/venv/lib/python3.11/site-packages/airflow/example_dags/example_python_operator.py
[2023-10-15T15:25:59.244+0100] {logging_mixin.py:137} INFO - [2023-10-15T15:25:59.244+0100] {dag.py:2705} INFO - Sync 1 DAGs
[2023-10-15T15:25:59.249+0100] {logging_mixin.py:137} INFO - [2023-10-15T15:25:59.249+0100] {dag.py:3452} INFO - Setting next_dagrun for example_python_operator to None, run_after=None
[2023-10-15T15:25:59.256+0100] {processor.py:175} INFO - Processing /Users/b/Documents/workflow/venv/lib/python3.11/site-packages/airflow/example_dags/example_python_operator.py took 0.184 seconds
[2023-10-15T15:27:02.761+0100] {processor.py:153} INFO - Started process (PID=31791) to work on /Users/b/Documents/workflow/venv/lib/python3.11/site-packages/airflow/example_dags/example_python_operator.py
[2023-10-15T15:27:02.763+0100] {processor.py:743} INFO - Processing file /Users/b/Documents/workflow/venv/lib/python3.11/site-packages/airflow/example_dags/example_python_operator.py for tasks to queue
[2023-10-15T15:27:02.763+0100] {logging_mixin.py:137} INFO - [2023-10-15T15:27:02.763+0100] {dagbag.py:532} INFO - Filling up the DagBag from /Users/b/Documents/workflow/venv/lib/python3.11/site-packages/airflow/example_dags/example_python_operator.py
[2023-10-15T15:27:02.778+0100] {logging_mixin.py:137} INFO - [2023-10-15T15:27:02.778+0100] {taskmixin.py:211} WARNING - Dependency <Task(_PythonDecoratedOperator): print_the_context>, log_sql_query already registered for DAG: example_python_operator
[2023-10-15T15:27:02.778+0100] {logging_mixin.py:137} INFO - [2023-10-15T15:27:02.778+0100] {taskmixin.py:211} WARNING - Dependency <Task(_PythonDecoratedOperator): log_sql_query>, print_the_context already registered for DAG: example_python_operator
[2023-10-15T15:27:02.778+0100] {logging_mixin.py:137} INFO - [2023-10-15T15:27:02.778+0100] {taskmixin.py:211} WARNING - Dependency <Task(_PythonDecoratedOperator): print_the_context>, log_sql_query already registered for DAG: example_python_operator
[2023-10-15T15:27:02.778+0100] {logging_mixin.py:137} INFO - [2023-10-15T15:27:02.778+0100] {taskmixin.py:211} WARNING - Dependency <Task(_PythonDecoratedOperator): log_sql_query>, print_the_context already registered for DAG: example_python_operator
[2023-10-15T15:27:02.779+0100] {logging_mixin.py:137} INFO - [2023-10-15T15:27:02.779+0100] {taskmixin.py:211} WARNING - Dependency <Task(_PythonDecoratedOperator): print_the_context>, log_sql_query already registered for DAG: example_python_operator
[2023-10-15T15:27:02.779+0100] {logging_mixin.py:137} INFO - [2023-10-15T15:27:02.779+0100] {taskmixin.py:211} WARNING - Dependency <Task(_PythonDecoratedOperator): log_sql_query>, print_the_context already registered for DAG: example_python_operator
[2023-10-15T15:27:02.779+0100] {logging_mixin.py:137} INFO - [2023-10-15T15:27:02.779+0100] {taskmixin.py:211} WARNING - Dependency <Task(_PythonDecoratedOperator): print_the_context>, log_sql_query already registered for DAG: example_python_operator
[2023-10-15T15:27:02.779+0100] {logging_mixin.py:137} INFO - [2023-10-15T15:27:02.779+0100] {taskmixin.py:211} WARNING - Dependency <Task(_PythonDecoratedOperator): log_sql_query>, print_the_context already registered for DAG: example_python_operator
[2023-10-15T15:27:02.779+0100] {logging_mixin.py:137} INFO - [2023-10-15T15:27:02.779+0100] {example_python_operator.py:90} WARNING - The virtalenv_python example task requires virtualenv, please install it.
[2023-10-15T15:27:02.781+0100] {processor.py:753} INFO - DAG(s) dict_keys(['example_python_operator']) retrieved from /Users/b/Documents/workflow/venv/lib/python3.11/site-packages/airflow/example_dags/example_python_operator.py
[2023-10-15T15:27:02.932+0100] {logging_mixin.py:137} INFO - [2023-10-15T15:27:02.932+0100] {dag.py:2705} INFO - Sync 1 DAGs
[2023-10-15T15:27:02.938+0100] {logging_mixin.py:137} INFO - [2023-10-15T15:27:02.938+0100] {dag.py:3452} INFO - Setting next_dagrun for example_python_operator to None, run_after=None
[2023-10-15T15:27:02.944+0100] {processor.py:175} INFO - Processing /Users/b/Documents/workflow/venv/lib/python3.11/site-packages/airflow/example_dags/example_python_operator.py took 0.184 seconds
[2023-10-15T15:28:06.209+0100] {processor.py:153} INFO - Started process (PID=31895) to work on /Users/b/Documents/workflow/venv/lib/python3.11/site-packages/airflow/example_dags/example_python_operator.py
[2023-10-15T15:28:06.212+0100] {processor.py:743} INFO - Processing file /Users/b/Documents/workflow/venv/lib/python3.11/site-packages/airflow/example_dags/example_python_operator.py for tasks to queue
[2023-10-15T15:28:06.212+0100] {logging_mixin.py:137} INFO - [2023-10-15T15:28:06.212+0100] {dagbag.py:532} INFO - Filling up the DagBag from /Users/b/Documents/workflow/venv/lib/python3.11/site-packages/airflow/example_dags/example_python_operator.py
[2023-10-15T15:28:06.226+0100] {logging_mixin.py:137} INFO - [2023-10-15T15:28:06.226+0100] {taskmixin.py:211} WARNING - Dependency <Task(_PythonDecoratedOperator): print_the_context>, log_sql_query already registered for DAG: example_python_operator
[2023-10-15T15:28:06.226+0100] {logging_mixin.py:137} INFO - [2023-10-15T15:28:06.226+0100] {taskmixin.py:211} WARNING - Dependency <Task(_PythonDecoratedOperator): log_sql_query>, print_the_context already registered for DAG: example_python_operator
[2023-10-15T15:28:06.227+0100] {logging_mixin.py:137} INFO - [2023-10-15T15:28:06.226+0100] {taskmixin.py:211} WARNING - Dependency <Task(_PythonDecoratedOperator): print_the_context>, log_sql_query already registered for DAG: example_python_operator
[2023-10-15T15:28:06.227+0100] {logging_mixin.py:137} INFO - [2023-10-15T15:28:06.227+0100] {taskmixin.py:211} WARNING - Dependency <Task(_PythonDecoratedOperator): log_sql_query>, print_the_context already registered for DAG: example_python_operator
[2023-10-15T15:28:06.227+0100] {logging_mixin.py:137} INFO - [2023-10-15T15:28:06.227+0100] {taskmixin.py:211} WARNING - Dependency <Task(_PythonDecoratedOperator): print_the_context>, log_sql_query already registered for DAG: example_python_operator
[2023-10-15T15:28:06.227+0100] {logging_mixin.py:137} INFO - [2023-10-15T15:28:06.227+0100] {taskmixin.py:211} WARNING - Dependency <Task(_PythonDecoratedOperator): log_sql_query>, print_the_context already registered for DAG: example_python_operator
[2023-10-15T15:28:06.227+0100] {logging_mixin.py:137} INFO - [2023-10-15T15:28:06.227+0100] {taskmixin.py:211} WARNING - Dependency <Task(_PythonDecoratedOperator): print_the_context>, log_sql_query already registered for DAG: example_python_operator
[2023-10-15T15:28:06.227+0100] {logging_mixin.py:137} INFO - [2023-10-15T15:28:06.227+0100] {taskmixin.py:211} WARNING - Dependency <Task(_PythonDecoratedOperator): log_sql_query>, print_the_context already registered for DAG: example_python_operator
[2023-10-15T15:28:06.227+0100] {logging_mixin.py:137} INFO - [2023-10-15T15:28:06.227+0100] {example_python_operator.py:90} WARNING - The virtalenv_python example task requires virtualenv, please install it.
[2023-10-15T15:28:06.229+0100] {processor.py:753} INFO - DAG(s) dict_keys(['example_python_operator']) retrieved from /Users/b/Documents/workflow/venv/lib/python3.11/site-packages/airflow/example_dags/example_python_operator.py
[2023-10-15T15:28:06.379+0100] {logging_mixin.py:137} INFO - [2023-10-15T15:28:06.379+0100] {dag.py:2705} INFO - Sync 1 DAGs
[2023-10-15T15:28:06.385+0100] {logging_mixin.py:137} INFO - [2023-10-15T15:28:06.385+0100] {dag.py:3452} INFO - Setting next_dagrun for example_python_operator to None, run_after=None
[2023-10-15T15:28:06.392+0100] {processor.py:175} INFO - Processing /Users/b/Documents/workflow/venv/lib/python3.11/site-packages/airflow/example_dags/example_python_operator.py took 0.183 seconds
[2023-10-15T15:29:11.486+0100] {processor.py:153} INFO - Started process (PID=32009) to work on /Users/b/Documents/workflow/venv/lib/python3.11/site-packages/airflow/example_dags/example_python_operator.py
[2023-10-15T15:29:11.489+0100] {processor.py:743} INFO - Processing file /Users/b/Documents/workflow/venv/lib/python3.11/site-packages/airflow/example_dags/example_python_operator.py for tasks to queue
[2023-10-15T15:29:11.489+0100] {logging_mixin.py:137} INFO - [2023-10-15T15:29:11.489+0100] {dagbag.py:532} INFO - Filling up the DagBag from /Users/b/Documents/workflow/venv/lib/python3.11/site-packages/airflow/example_dags/example_python_operator.py
[2023-10-15T15:29:11.503+0100] {logging_mixin.py:137} INFO - [2023-10-15T15:29:11.503+0100] {taskmixin.py:211} WARNING - Dependency <Task(_PythonDecoratedOperator): print_the_context>, log_sql_query already registered for DAG: example_python_operator
[2023-10-15T15:29:11.503+0100] {logging_mixin.py:137} INFO - [2023-10-15T15:29:11.503+0100] {taskmixin.py:211} WARNING - Dependency <Task(_PythonDecoratedOperator): log_sql_query>, print_the_context already registered for DAG: example_python_operator
[2023-10-15T15:29:11.503+0100] {logging_mixin.py:137} INFO - [2023-10-15T15:29:11.503+0100] {taskmixin.py:211} WARNING - Dependency <Task(_PythonDecoratedOperator): print_the_context>, log_sql_query already registered for DAG: example_python_operator
[2023-10-15T15:29:11.503+0100] {logging_mixin.py:137} INFO - [2023-10-15T15:29:11.503+0100] {taskmixin.py:211} WARNING - Dependency <Task(_PythonDecoratedOperator): log_sql_query>, print_the_context already registered for DAG: example_python_operator
[2023-10-15T15:29:11.503+0100] {logging_mixin.py:137} INFO - [2023-10-15T15:29:11.503+0100] {taskmixin.py:211} WARNING - Dependency <Task(_PythonDecoratedOperator): print_the_context>, log_sql_query already registered for DAG: example_python_operator
[2023-10-15T15:29:11.503+0100] {logging_mixin.py:137} INFO - [2023-10-15T15:29:11.503+0100] {taskmixin.py:211} WARNING - Dependency <Task(_PythonDecoratedOperator): log_sql_query>, print_the_context already registered for DAG: example_python_operator
[2023-10-15T15:29:11.504+0100] {logging_mixin.py:137} INFO - [2023-10-15T15:29:11.503+0100] {taskmixin.py:211} WARNING - Dependency <Task(_PythonDecoratedOperator): print_the_context>, log_sql_query already registered for DAG: example_python_operator
[2023-10-15T15:29:11.504+0100] {logging_mixin.py:137} INFO - [2023-10-15T15:29:11.504+0100] {taskmixin.py:211} WARNING - Dependency <Task(_PythonDecoratedOperator): log_sql_query>, print_the_context already registered for DAG: example_python_operator
[2023-10-15T15:29:11.504+0100] {logging_mixin.py:137} INFO - [2023-10-15T15:29:11.504+0100] {example_python_operator.py:90} WARNING - The virtalenv_python example task requires virtualenv, please install it.
[2023-10-15T15:29:11.506+0100] {processor.py:753} INFO - DAG(s) dict_keys(['example_python_operator']) retrieved from /Users/b/Documents/workflow/venv/lib/python3.11/site-packages/airflow/example_dags/example_python_operator.py
[2023-10-15T15:29:11.656+0100] {logging_mixin.py:137} INFO - [2023-10-15T15:29:11.656+0100] {dag.py:2705} INFO - Sync 1 DAGs
[2023-10-15T15:29:11.662+0100] {logging_mixin.py:137} INFO - [2023-10-15T15:29:11.662+0100] {dag.py:3452} INFO - Setting next_dagrun for example_python_operator to None, run_after=None
[2023-10-15T15:29:11.668+0100] {processor.py:175} INFO - Processing /Users/b/Documents/workflow/venv/lib/python3.11/site-packages/airflow/example_dags/example_python_operator.py took 0.183 seconds
[2023-10-15T15:30:15.524+0100] {processor.py:153} INFO - Started process (PID=32142) to work on /Users/b/Documents/workflow/venv/lib/python3.11/site-packages/airflow/example_dags/example_python_operator.py
[2023-10-15T15:30:15.526+0100] {processor.py:743} INFO - Processing file /Users/b/Documents/workflow/venv/lib/python3.11/site-packages/airflow/example_dags/example_python_operator.py for tasks to queue
[2023-10-15T15:30:15.526+0100] {logging_mixin.py:137} INFO - [2023-10-15T15:30:15.526+0100] {dagbag.py:532} INFO - Filling up the DagBag from /Users/b/Documents/workflow/venv/lib/python3.11/site-packages/airflow/example_dags/example_python_operator.py
[2023-10-15T15:30:15.541+0100] {logging_mixin.py:137} INFO - [2023-10-15T15:30:15.541+0100] {taskmixin.py:211} WARNING - Dependency <Task(_PythonDecoratedOperator): print_the_context>, log_sql_query already registered for DAG: example_python_operator
[2023-10-15T15:30:15.541+0100] {logging_mixin.py:137} INFO - [2023-10-15T15:30:15.541+0100] {taskmixin.py:211} WARNING - Dependency <Task(_PythonDecoratedOperator): log_sql_query>, print_the_context already registered for DAG: example_python_operator
[2023-10-15T15:30:15.541+0100] {logging_mixin.py:137} INFO - [2023-10-15T15:30:15.541+0100] {taskmixin.py:211} WARNING - Dependency <Task(_PythonDecoratedOperator): print_the_context>, log_sql_query already registered for DAG: example_python_operator
[2023-10-15T15:30:15.541+0100] {logging_mixin.py:137} INFO - [2023-10-15T15:30:15.541+0100] {taskmixin.py:211} WARNING - Dependency <Task(_PythonDecoratedOperator): log_sql_query>, print_the_context already registered for DAG: example_python_operator
[2023-10-15T15:30:15.541+0100] {logging_mixin.py:137} INFO - [2023-10-15T15:30:15.541+0100] {taskmixin.py:211} WARNING - Dependency <Task(_PythonDecoratedOperator): print_the_context>, log_sql_query already registered for DAG: example_python_operator
[2023-10-15T15:30:15.541+0100] {logging_mixin.py:137} INFO - [2023-10-15T15:30:15.541+0100] {taskmixin.py:211} WARNING - Dependency <Task(_PythonDecoratedOperator): log_sql_query>, print_the_context already registered for DAG: example_python_operator
[2023-10-15T15:30:15.542+0100] {logging_mixin.py:137} INFO - [2023-10-15T15:30:15.542+0100] {taskmixin.py:211} WARNING - Dependency <Task(_PythonDecoratedOperator): print_the_context>, log_sql_query already registered for DAG: example_python_operator
[2023-10-15T15:30:15.542+0100] {logging_mixin.py:137} INFO - [2023-10-15T15:30:15.542+0100] {taskmixin.py:211} WARNING - Dependency <Task(_PythonDecoratedOperator): log_sql_query>, print_the_context already registered for DAG: example_python_operator
[2023-10-15T15:30:15.542+0100] {logging_mixin.py:137} INFO - [2023-10-15T15:30:15.542+0100] {example_python_operator.py:90} WARNING - The virtalenv_python example task requires virtualenv, please install it.
[2023-10-15T15:30:15.543+0100] {processor.py:753} INFO - DAG(s) dict_keys(['example_python_operator']) retrieved from /Users/b/Documents/workflow/venv/lib/python3.11/site-packages/airflow/example_dags/example_python_operator.py
[2023-10-15T15:30:15.707+0100] {logging_mixin.py:137} INFO - [2023-10-15T15:30:15.706+0100] {dag.py:2705} INFO - Sync 1 DAGs
[2023-10-15T15:30:15.713+0100] {logging_mixin.py:137} INFO - [2023-10-15T15:30:15.713+0100] {dag.py:3452} INFO - Setting next_dagrun for example_python_operator to None, run_after=None
[2023-10-15T15:30:15.720+0100] {processor.py:175} INFO - Processing /Users/b/Documents/workflow/venv/lib/python3.11/site-packages/airflow/example_dags/example_python_operator.py took 0.197 seconds
[2023-10-15T15:31:24.517+0100] {processor.py:153} INFO - Started process (PID=32267) to work on /Users/b/Documents/workflow/venv/lib/python3.11/site-packages/airflow/example_dags/example_python_operator.py
[2023-10-15T15:31:24.519+0100] {processor.py:743} INFO - Processing file /Users/b/Documents/workflow/venv/lib/python3.11/site-packages/airflow/example_dags/example_python_operator.py for tasks to queue
[2023-10-15T15:31:24.519+0100] {logging_mixin.py:137} INFO - [2023-10-15T15:31:24.519+0100] {dagbag.py:532} INFO - Filling up the DagBag from /Users/b/Documents/workflow/venv/lib/python3.11/site-packages/airflow/example_dags/example_python_operator.py
[2023-10-15T15:31:24.533+0100] {logging_mixin.py:137} INFO - [2023-10-15T15:31:24.533+0100] {taskmixin.py:211} WARNING - Dependency <Task(_PythonDecoratedOperator): print_the_context>, log_sql_query already registered for DAG: example_python_operator
[2023-10-15T15:31:24.550+0100] {logging_mixin.py:137} INFO - [2023-10-15T15:31:24.550+0100] {taskmixin.py:211} WARNING - Dependency <Task(_PythonDecoratedOperator): log_sql_query>, print_the_context already registered for DAG: example_python_operator
[2023-10-15T15:31:24.551+0100] {logging_mixin.py:137} INFO - [2023-10-15T15:31:24.551+0100] {taskmixin.py:211} WARNING - Dependency <Task(_PythonDecoratedOperator): print_the_context>, log_sql_query already registered for DAG: example_python_operator
[2023-10-15T15:31:24.551+0100] {logging_mixin.py:137} INFO - [2023-10-15T15:31:24.551+0100] {taskmixin.py:211} WARNING - Dependency <Task(_PythonDecoratedOperator): log_sql_query>, print_the_context already registered for DAG: example_python_operator
[2023-10-15T15:31:24.551+0100] {logging_mixin.py:137} INFO - [2023-10-15T15:31:24.551+0100] {taskmixin.py:211} WARNING - Dependency <Task(_PythonDecoratedOperator): print_the_context>, log_sql_query already registered for DAG: example_python_operator
[2023-10-15T15:31:24.551+0100] {logging_mixin.py:137} INFO - [2023-10-15T15:31:24.551+0100] {taskmixin.py:211} WARNING - Dependency <Task(_PythonDecoratedOperator): log_sql_query>, print_the_context already registered for DAG: example_python_operator
[2023-10-15T15:31:24.551+0100] {logging_mixin.py:137} INFO - [2023-10-15T15:31:24.551+0100] {taskmixin.py:211} WARNING - Dependency <Task(_PythonDecoratedOperator): print_the_context>, log_sql_query already registered for DAG: example_python_operator
[2023-10-15T15:31:24.551+0100] {logging_mixin.py:137} INFO - [2023-10-15T15:31:24.551+0100] {taskmixin.py:211} WARNING - Dependency <Task(_PythonDecoratedOperator): log_sql_query>, print_the_context already registered for DAG: example_python_operator
[2023-10-15T15:31:24.551+0100] {logging_mixin.py:137} INFO - [2023-10-15T15:31:24.551+0100] {example_python_operator.py:90} WARNING - The virtalenv_python example task requires virtualenv, please install it.
[2023-10-15T15:31:24.553+0100] {processor.py:753} INFO - DAG(s) dict_keys(['example_python_operator']) retrieved from /Users/b/Documents/workflow/venv/lib/python3.11/site-packages/airflow/example_dags/example_python_operator.py
[2023-10-15T15:31:24.721+0100] {logging_mixin.py:137} INFO - [2023-10-15T15:31:24.721+0100] {dag.py:2705} INFO - Sync 1 DAGs
[2023-10-15T15:31:24.727+0100] {logging_mixin.py:137} INFO - [2023-10-15T15:31:24.727+0100] {dag.py:3452} INFO - Setting next_dagrun for example_python_operator to None, run_after=None
[2023-10-15T15:31:24.734+0100] {processor.py:175} INFO - Processing /Users/b/Documents/workflow/venv/lib/python3.11/site-packages/airflow/example_dags/example_python_operator.py took 0.217 seconds
[2023-10-15T15:32:30.220+0100] {processor.py:153} INFO - Started process (PID=32389) to work on /Users/b/Documents/workflow/venv/lib/python3.11/site-packages/airflow/example_dags/example_python_operator.py
[2023-10-15T15:32:30.223+0100] {processor.py:743} INFO - Processing file /Users/b/Documents/workflow/venv/lib/python3.11/site-packages/airflow/example_dags/example_python_operator.py for tasks to queue
[2023-10-15T15:32:30.223+0100] {logging_mixin.py:137} INFO - [2023-10-15T15:32:30.223+0100] {dagbag.py:532} INFO - Filling up the DagBag from /Users/b/Documents/workflow/venv/lib/python3.11/site-packages/airflow/example_dags/example_python_operator.py
[2023-10-15T15:32:30.237+0100] {logging_mixin.py:137} INFO - [2023-10-15T15:32:30.237+0100] {taskmixin.py:211} WARNING - Dependency <Task(_PythonDecoratedOperator): print_the_context>, log_sql_query already registered for DAG: example_python_operator
[2023-10-15T15:32:30.237+0100] {logging_mixin.py:137} INFO - [2023-10-15T15:32:30.237+0100] {taskmixin.py:211} WARNING - Dependency <Task(_PythonDecoratedOperator): log_sql_query>, print_the_context already registered for DAG: example_python_operator
[2023-10-15T15:32:30.237+0100] {logging_mixin.py:137} INFO - [2023-10-15T15:32:30.237+0100] {taskmixin.py:211} WARNING - Dependency <Task(_PythonDecoratedOperator): print_the_context>, log_sql_query already registered for DAG: example_python_operator
[2023-10-15T15:32:30.237+0100] {logging_mixin.py:137} INFO - [2023-10-15T15:32:30.237+0100] {taskmixin.py:211} WARNING - Dependency <Task(_PythonDecoratedOperator): log_sql_query>, print_the_context already registered for DAG: example_python_operator
[2023-10-15T15:32:30.237+0100] {logging_mixin.py:137} INFO - [2023-10-15T15:32:30.237+0100] {taskmixin.py:211} WARNING - Dependency <Task(_PythonDecoratedOperator): print_the_context>, log_sql_query already registered for DAG: example_python_operator
[2023-10-15T15:32:30.237+0100] {logging_mixin.py:137} INFO - [2023-10-15T15:32:30.237+0100] {taskmixin.py:211} WARNING - Dependency <Task(_PythonDecoratedOperator): log_sql_query>, print_the_context already registered for DAG: example_python_operator
[2023-10-15T15:32:30.237+0100] {logging_mixin.py:137} INFO - [2023-10-15T15:32:30.237+0100] {taskmixin.py:211} WARNING - Dependency <Task(_PythonDecoratedOperator): print_the_context>, log_sql_query already registered for DAG: example_python_operator
[2023-10-15T15:32:30.237+0100] {logging_mixin.py:137} INFO - [2023-10-15T15:32:30.237+0100] {taskmixin.py:211} WARNING - Dependency <Task(_PythonDecoratedOperator): log_sql_query>, print_the_context already registered for DAG: example_python_operator
[2023-10-15T15:32:30.238+0100] {logging_mixin.py:137} INFO - [2023-10-15T15:32:30.238+0100] {example_python_operator.py:90} WARNING - The virtalenv_python example task requires virtualenv, please install it.
[2023-10-15T15:32:30.239+0100] {processor.py:753} INFO - DAG(s) dict_keys(['example_python_operator']) retrieved from /Users/b/Documents/workflow/venv/lib/python3.11/site-packages/airflow/example_dags/example_python_operator.py
[2023-10-15T15:32:30.394+0100] {logging_mixin.py:137} INFO - [2023-10-15T15:32:30.394+0100] {dag.py:2705} INFO - Sync 1 DAGs
[2023-10-15T15:32:30.400+0100] {logging_mixin.py:137} INFO - [2023-10-15T15:32:30.400+0100] {dag.py:3452} INFO - Setting next_dagrun for example_python_operator to None, run_after=None
[2023-10-15T15:32:30.406+0100] {processor.py:175} INFO - Processing /Users/b/Documents/workflow/venv/lib/python3.11/site-packages/airflow/example_dags/example_python_operator.py took 0.187 seconds
