[2023-10-15T15:12:10.984+0100] {processor.py:153} INFO - Started process (PID=29496) to work on /Users/b/Documents/workflow/venv/lib/python3.11/site-packages/airflow/example_dags/example_branch_operator_decorator.py
[2023-10-15T15:12:10.987+0100] {processor.py:743} INFO - Processing file /Users/b/Documents/workflow/venv/lib/python3.11/site-packages/airflow/example_dags/example_branch_operator_decorator.py for tasks to queue
[2023-10-15T15:12:10.988+0100] {logging_mixin.py:137} INFO - [2023-10-15T15:12:10.988+0100] {dagbag.py:532} INFO - Filling up the DagBag from /Users/b/Documents/workflow/venv/lib/python3.11/site-packages/airflow/example_dags/example_branch_operator_decorator.py
[2023-10-15T15:12:11.005+0100] {processor.py:753} INFO - DAG(s) dict_keys(['example_branch_python_operator_decorator']) retrieved from /Users/b/Documents/workflow/venv/lib/python3.11/site-packages/airflow/example_dags/example_branch_operator_decorator.py
[2023-10-15T15:12:11.189+0100] {logging_mixin.py:137} INFO - [2023-10-15T15:12:11.189+0100] {manager.py:504} INFO - Created Permission View: can delete on DAG:example_branch_python_operator_decorator
[2023-10-15T15:12:11.192+0100] {logging_mixin.py:137} INFO - [2023-10-15T15:12:11.192+0100] {manager.py:504} INFO - Created Permission View: can edit on DAG:example_branch_python_operator_decorator
[2023-10-15T15:12:11.193+0100] {logging_mixin.py:137} INFO - [2023-10-15T15:12:11.193+0100] {manager.py:504} INFO - Created Permission View: can read on DAG:example_branch_python_operator_decorator
[2023-10-15T15:12:11.193+0100] {logging_mixin.py:137} INFO - [2023-10-15T15:12:11.193+0100] {dag.py:2705} INFO - Sync 1 DAGs
[2023-10-15T15:12:11.197+0100] {logging_mixin.py:137} INFO - [2023-10-15T15:12:11.197+0100] {dag.py:2726} INFO - Creating ORM DAG for example_branch_python_operator_decorator
[2023-10-15T15:12:11.200+0100] {logging_mixin.py:137} INFO - [2023-10-15T15:12:11.200+0100] {dag.py:3452} INFO - Setting next_dagrun for example_branch_python_operator_decorator to 2023-10-14T00:00:00+00:00, run_after=2023-10-15T00:00:00+00:00
[2023-10-15T15:12:11.206+0100] {processor.py:175} INFO - Processing /Users/b/Documents/workflow/venv/lib/python3.11/site-packages/airflow/example_dags/example_branch_operator_decorator.py took 0.223 seconds
[2023-10-15T15:13:22.476+0100] {processor.py:153} INFO - Started process (PID=29943) to work on /Users/b/Documents/workflow/venv/lib/python3.11/site-packages/airflow/example_dags/example_branch_operator_decorator.py
[2023-10-15T15:13:22.478+0100] {processor.py:743} INFO - Processing file /Users/b/Documents/workflow/venv/lib/python3.11/site-packages/airflow/example_dags/example_branch_operator_decorator.py for tasks to queue
[2023-10-15T15:13:22.479+0100] {logging_mixin.py:137} INFO - [2023-10-15T15:13:22.479+0100] {dagbag.py:532} INFO - Filling up the DagBag from /Users/b/Documents/workflow/venv/lib/python3.11/site-packages/airflow/example_dags/example_branch_operator_decorator.py
[2023-10-15T15:13:22.498+0100] {processor.py:753} INFO - DAG(s) dict_keys(['example_branch_python_operator_decorator']) retrieved from /Users/b/Documents/workflow/venv/lib/python3.11/site-packages/airflow/example_dags/example_branch_operator_decorator.py
[2023-10-15T15:13:22.667+0100] {logging_mixin.py:137} INFO - [2023-10-15T15:13:22.667+0100] {dag.py:2705} INFO - Sync 1 DAGs
[2023-10-15T15:13:22.674+0100] {logging_mixin.py:137} INFO - [2023-10-15T15:13:22.673+0100] {dag.py:3452} INFO - Setting next_dagrun for example_branch_python_operator_decorator to 2023-10-14T00:00:00+00:00, run_after=2023-10-15T00:00:00+00:00
[2023-10-15T15:13:22.681+0100] {processor.py:175} INFO - Processing /Users/b/Documents/workflow/venv/lib/python3.11/site-packages/airflow/example_dags/example_branch_operator_decorator.py took 0.205 seconds
[2023-10-15T15:14:26.802+0100] {processor.py:153} INFO - Started process (PID=30189) to work on /Users/b/Documents/workflow/venv/lib/python3.11/site-packages/airflow/example_dags/example_branch_operator_decorator.py
[2023-10-15T15:14:26.804+0100] {processor.py:743} INFO - Processing file /Users/b/Documents/workflow/venv/lib/python3.11/site-packages/airflow/example_dags/example_branch_operator_decorator.py for tasks to queue
[2023-10-15T15:14:26.804+0100] {logging_mixin.py:137} INFO - [2023-10-15T15:14:26.804+0100] {dagbag.py:532} INFO - Filling up the DagBag from /Users/b/Documents/workflow/venv/lib/python3.11/site-packages/airflow/example_dags/example_branch_operator_decorator.py
[2023-10-15T15:14:26.821+0100] {processor.py:753} INFO - DAG(s) dict_keys(['example_branch_python_operator_decorator']) retrieved from /Users/b/Documents/workflow/venv/lib/python3.11/site-packages/airflow/example_dags/example_branch_operator_decorator.py
[2023-10-15T15:14:26.993+0100] {logging_mixin.py:137} INFO - [2023-10-15T15:14:26.993+0100] {dag.py:2705} INFO - Sync 1 DAGs
[2023-10-15T15:14:27.000+0100] {logging_mixin.py:137} INFO - [2023-10-15T15:14:27.000+0100] {dag.py:3452} INFO - Setting next_dagrun for example_branch_python_operator_decorator to 2023-10-14T00:00:00+00:00, run_after=2023-10-15T00:00:00+00:00
[2023-10-15T15:14:27.007+0100] {processor.py:175} INFO - Processing /Users/b/Documents/workflow/venv/lib/python3.11/site-packages/airflow/example_dags/example_branch_operator_decorator.py took 0.205 seconds
[2023-10-15T15:15:29.958+0100] {processor.py:153} INFO - Started process (PID=30334) to work on /Users/b/Documents/workflow/venv/lib/python3.11/site-packages/airflow/example_dags/example_branch_operator_decorator.py
[2023-10-15T15:15:29.960+0100] {processor.py:743} INFO - Processing file /Users/b/Documents/workflow/venv/lib/python3.11/site-packages/airflow/example_dags/example_branch_operator_decorator.py for tasks to queue
[2023-10-15T15:15:29.960+0100] {logging_mixin.py:137} INFO - [2023-10-15T15:15:29.960+0100] {dagbag.py:532} INFO - Filling up the DagBag from /Users/b/Documents/workflow/venv/lib/python3.11/site-packages/airflow/example_dags/example_branch_operator_decorator.py
[2023-10-15T15:15:29.977+0100] {processor.py:753} INFO - DAG(s) dict_keys(['example_branch_python_operator_decorator']) retrieved from /Users/b/Documents/workflow/venv/lib/python3.11/site-packages/airflow/example_dags/example_branch_operator_decorator.py
[2023-10-15T15:15:30.124+0100] {logging_mixin.py:137} INFO - [2023-10-15T15:15:30.123+0100] {dag.py:2705} INFO - Sync 1 DAGs
[2023-10-15T15:15:30.130+0100] {logging_mixin.py:137} INFO - [2023-10-15T15:15:30.130+0100] {dag.py:3452} INFO - Setting next_dagrun for example_branch_python_operator_decorator to 2023-10-14T00:00:00+00:00, run_after=2023-10-15T00:00:00+00:00
[2023-10-15T15:15:30.136+0100] {processor.py:175} INFO - Processing /Users/b/Documents/workflow/venv/lib/python3.11/site-packages/airflow/example_dags/example_branch_operator_decorator.py took 0.178 seconds
[2023-10-15T15:20:56.652+0100] {processor.py:153} INFO - Started process (PID=30976) to work on /Users/b/Documents/workflow/venv/lib/python3.11/site-packages/airflow/example_dags/example_branch_operator_decorator.py
[2023-10-15T15:20:56.654+0100] {processor.py:743} INFO - Processing file /Users/b/Documents/workflow/venv/lib/python3.11/site-packages/airflow/example_dags/example_branch_operator_decorator.py for tasks to queue
[2023-10-15T15:20:56.654+0100] {logging_mixin.py:137} INFO - [2023-10-15T15:20:56.654+0100] {dagbag.py:532} INFO - Filling up the DagBag from /Users/b/Documents/workflow/venv/lib/python3.11/site-packages/airflow/example_dags/example_branch_operator_decorator.py
[2023-10-15T15:20:56.671+0100] {processor.py:753} INFO - DAG(s) dict_keys(['example_branch_python_operator_decorator']) retrieved from /Users/b/Documents/workflow/venv/lib/python3.11/site-packages/airflow/example_dags/example_branch_operator_decorator.py
[2023-10-15T15:20:56.831+0100] {logging_mixin.py:137} INFO - [2023-10-15T15:20:56.831+0100] {dag.py:2705} INFO - Sync 1 DAGs
[2023-10-15T15:20:56.838+0100] {logging_mixin.py:137} INFO - [2023-10-15T15:20:56.837+0100] {dag.py:3452} INFO - Setting next_dagrun for example_branch_python_operator_decorator to 2023-10-14T00:00:00+00:00, run_after=2023-10-15T00:00:00+00:00
[2023-10-15T15:20:56.844+0100] {processor.py:175} INFO - Processing /Users/b/Documents/workflow/venv/lib/python3.11/site-packages/airflow/example_dags/example_branch_operator_decorator.py took 0.193 seconds
[2023-10-15T15:22:01.233+0100] {processor.py:153} INFO - Started process (PID=31177) to work on /Users/b/Documents/workflow/venv/lib/python3.11/site-packages/airflow/example_dags/example_branch_operator_decorator.py
[2023-10-15T15:22:01.235+0100] {processor.py:743} INFO - Processing file /Users/b/Documents/workflow/venv/lib/python3.11/site-packages/airflow/example_dags/example_branch_operator_decorator.py for tasks to queue
[2023-10-15T15:22:01.235+0100] {logging_mixin.py:137} INFO - [2023-10-15T15:22:01.235+0100] {dagbag.py:532} INFO - Filling up the DagBag from /Users/b/Documents/workflow/venv/lib/python3.11/site-packages/airflow/example_dags/example_branch_operator_decorator.py
[2023-10-15T15:22:01.252+0100] {processor.py:753} INFO - DAG(s) dict_keys(['example_branch_python_operator_decorator']) retrieved from /Users/b/Documents/workflow/venv/lib/python3.11/site-packages/airflow/example_dags/example_branch_operator_decorator.py
[2023-10-15T15:22:01.401+0100] {logging_mixin.py:137} INFO - [2023-10-15T15:22:01.401+0100] {dag.py:2705} INFO - Sync 1 DAGs
[2023-10-15T15:22:01.408+0100] {logging_mixin.py:137} INFO - [2023-10-15T15:22:01.407+0100] {dag.py:3452} INFO - Setting next_dagrun for example_branch_python_operator_decorator to 2023-10-14T00:00:00+00:00, run_after=2023-10-15T00:00:00+00:00
[2023-10-15T15:22:01.414+0100] {processor.py:175} INFO - Processing /Users/b/Documents/workflow/venv/lib/python3.11/site-packages/airflow/example_dags/example_branch_operator_decorator.py took 0.181 seconds
[2023-10-15T15:23:04.853+0100] {processor.py:153} INFO - Started process (PID=31312) to work on /Users/b/Documents/workflow/venv/lib/python3.11/site-packages/airflow/example_dags/example_branch_operator_decorator.py
[2023-10-15T15:23:04.856+0100] {processor.py:743} INFO - Processing file /Users/b/Documents/workflow/venv/lib/python3.11/site-packages/airflow/example_dags/example_branch_operator_decorator.py for tasks to queue
[2023-10-15T15:23:04.856+0100] {logging_mixin.py:137} INFO - [2023-10-15T15:23:04.856+0100] {dagbag.py:532} INFO - Filling up the DagBag from /Users/b/Documents/workflow/venv/lib/python3.11/site-packages/airflow/example_dags/example_branch_operator_decorator.py
[2023-10-15T15:23:04.873+0100] {processor.py:753} INFO - DAG(s) dict_keys(['example_branch_python_operator_decorator']) retrieved from /Users/b/Documents/workflow/venv/lib/python3.11/site-packages/airflow/example_dags/example_branch_operator_decorator.py
[2023-10-15T15:23:05.025+0100] {logging_mixin.py:137} INFO - [2023-10-15T15:23:05.025+0100] {dag.py:2705} INFO - Sync 1 DAGs
[2023-10-15T15:23:05.032+0100] {logging_mixin.py:137} INFO - [2023-10-15T15:23:05.032+0100] {dag.py:3452} INFO - Setting next_dagrun for example_branch_python_operator_decorator to 2023-10-14T00:00:00+00:00, run_after=2023-10-15T00:00:00+00:00
[2023-10-15T15:23:05.038+0100] {processor.py:175} INFO - Processing /Users/b/Documents/workflow/venv/lib/python3.11/site-packages/airflow/example_dags/example_branch_operator_decorator.py took 0.185 seconds
[2023-10-15T15:24:10.752+0100] {processor.py:153} INFO - Started process (PID=31465) to work on /Users/b/Documents/workflow/venv/lib/python3.11/site-packages/airflow/example_dags/example_branch_operator_decorator.py
[2023-10-15T15:24:10.755+0100] {processor.py:743} INFO - Processing file /Users/b/Documents/workflow/venv/lib/python3.11/site-packages/airflow/example_dags/example_branch_operator_decorator.py for tasks to queue
[2023-10-15T15:24:10.755+0100] {logging_mixin.py:137} INFO - [2023-10-15T15:24:10.755+0100] {dagbag.py:532} INFO - Filling up the DagBag from /Users/b/Documents/workflow/venv/lib/python3.11/site-packages/airflow/example_dags/example_branch_operator_decorator.py
[2023-10-15T15:24:10.772+0100] {processor.py:753} INFO - DAG(s) dict_keys(['example_branch_python_operator_decorator']) retrieved from /Users/b/Documents/workflow/venv/lib/python3.11/site-packages/airflow/example_dags/example_branch_operator_decorator.py
[2023-10-15T15:24:10.925+0100] {logging_mixin.py:137} INFO - [2023-10-15T15:24:10.925+0100] {dag.py:2705} INFO - Sync 1 DAGs
[2023-10-15T15:24:10.932+0100] {logging_mixin.py:137} INFO - [2023-10-15T15:24:10.932+0100] {dag.py:3452} INFO - Setting next_dagrun for example_branch_python_operator_decorator to 2023-10-14T00:00:00+00:00, run_after=2023-10-15T00:00:00+00:00
[2023-10-15T15:24:10.939+0100] {processor.py:175} INFO - Processing /Users/b/Documents/workflow/venv/lib/python3.11/site-packages/airflow/example_dags/example_branch_operator_decorator.py took 0.187 seconds
[2023-10-15T15:25:15.850+0100] {processor.py:153} INFO - Started process (PID=31590) to work on /Users/b/Documents/workflow/venv/lib/python3.11/site-packages/airflow/example_dags/example_branch_operator_decorator.py
[2023-10-15T15:25:15.852+0100] {processor.py:743} INFO - Processing file /Users/b/Documents/workflow/venv/lib/python3.11/site-packages/airflow/example_dags/example_branch_operator_decorator.py for tasks to queue
[2023-10-15T15:25:15.852+0100] {logging_mixin.py:137} INFO - [2023-10-15T15:25:15.852+0100] {dagbag.py:532} INFO - Filling up the DagBag from /Users/b/Documents/workflow/venv/lib/python3.11/site-packages/airflow/example_dags/example_branch_operator_decorator.py
[2023-10-15T15:25:15.876+0100] {processor.py:753} INFO - DAG(s) dict_keys(['example_branch_python_operator_decorator']) retrieved from /Users/b/Documents/workflow/venv/lib/python3.11/site-packages/airflow/example_dags/example_branch_operator_decorator.py
[2023-10-15T15:25:16.056+0100] {logging_mixin.py:137} INFO - [2023-10-15T15:25:16.056+0100] {dag.py:2705} INFO - Sync 1 DAGs
[2023-10-15T15:25:16.063+0100] {logging_mixin.py:137} INFO - [2023-10-15T15:25:16.063+0100] {dag.py:3452} INFO - Setting next_dagrun for example_branch_python_operator_decorator to 2023-10-14T00:00:00+00:00, run_after=2023-10-15T00:00:00+00:00
[2023-10-15T15:25:16.069+0100] {processor.py:175} INFO - Processing /Users/b/Documents/workflow/venv/lib/python3.11/site-packages/airflow/example_dags/example_branch_operator_decorator.py took 0.220 seconds
[2023-10-15T15:26:20.937+0100] {processor.py:153} INFO - Started process (PID=31715) to work on /Users/b/Documents/workflow/venv/lib/python3.11/site-packages/airflow/example_dags/example_branch_operator_decorator.py
[2023-10-15T15:26:20.941+0100] {processor.py:743} INFO - Processing file /Users/b/Documents/workflow/venv/lib/python3.11/site-packages/airflow/example_dags/example_branch_operator_decorator.py for tasks to queue
[2023-10-15T15:26:20.941+0100] {logging_mixin.py:137} INFO - [2023-10-15T15:26:20.941+0100] {dagbag.py:532} INFO - Filling up the DagBag from /Users/b/Documents/workflow/venv/lib/python3.11/site-packages/airflow/example_dags/example_branch_operator_decorator.py
[2023-10-15T15:26:20.959+0100] {processor.py:753} INFO - DAG(s) dict_keys(['example_branch_python_operator_decorator']) retrieved from /Users/b/Documents/workflow/venv/lib/python3.11/site-packages/airflow/example_dags/example_branch_operator_decorator.py
[2023-10-15T15:26:21.133+0100] {logging_mixin.py:137} INFO - [2023-10-15T15:26:21.133+0100] {dag.py:2705} INFO - Sync 1 DAGs
[2023-10-15T15:26:21.139+0100] {logging_mixin.py:137} INFO - [2023-10-15T15:26:21.139+0100] {dag.py:3452} INFO - Setting next_dagrun for example_branch_python_operator_decorator to 2023-10-14T00:00:00+00:00, run_after=2023-10-15T00:00:00+00:00
[2023-10-15T15:26:21.146+0100] {processor.py:175} INFO - Processing /Users/b/Documents/workflow/venv/lib/python3.11/site-packages/airflow/example_dags/example_branch_operator_decorator.py took 0.209 seconds
[2023-10-15T15:27:25.024+0100] {processor.py:153} INFO - Started process (PID=31826) to work on /Users/b/Documents/workflow/venv/lib/python3.11/site-packages/airflow/example_dags/example_branch_operator_decorator.py
[2023-10-15T15:27:25.027+0100] {processor.py:743} INFO - Processing file /Users/b/Documents/workflow/venv/lib/python3.11/site-packages/airflow/example_dags/example_branch_operator_decorator.py for tasks to queue
[2023-10-15T15:27:25.027+0100] {logging_mixin.py:137} INFO - [2023-10-15T15:27:25.027+0100] {dagbag.py:532} INFO - Filling up the DagBag from /Users/b/Documents/workflow/venv/lib/python3.11/site-packages/airflow/example_dags/example_branch_operator_decorator.py
[2023-10-15T15:27:25.044+0100] {processor.py:753} INFO - DAG(s) dict_keys(['example_branch_python_operator_decorator']) retrieved from /Users/b/Documents/workflow/venv/lib/python3.11/site-packages/airflow/example_dags/example_branch_operator_decorator.py
[2023-10-15T15:27:25.194+0100] {logging_mixin.py:137} INFO - [2023-10-15T15:27:25.194+0100] {dag.py:2705} INFO - Sync 1 DAGs
[2023-10-15T15:27:25.200+0100] {logging_mixin.py:137} INFO - [2023-10-15T15:27:25.200+0100] {dag.py:3452} INFO - Setting next_dagrun for example_branch_python_operator_decorator to 2023-10-14T00:00:00+00:00, run_after=2023-10-15T00:00:00+00:00
[2023-10-15T15:27:25.207+0100] {processor.py:175} INFO - Processing /Users/b/Documents/workflow/venv/lib/python3.11/site-packages/airflow/example_dags/example_branch_operator_decorator.py took 0.183 seconds
[2023-10-15T15:28:28.792+0100] {processor.py:153} INFO - Started process (PID=31938) to work on /Users/b/Documents/workflow/venv/lib/python3.11/site-packages/airflow/example_dags/example_branch_operator_decorator.py
[2023-10-15T15:28:28.794+0100] {processor.py:743} INFO - Processing file /Users/b/Documents/workflow/venv/lib/python3.11/site-packages/airflow/example_dags/example_branch_operator_decorator.py for tasks to queue
[2023-10-15T15:28:28.794+0100] {logging_mixin.py:137} INFO - [2023-10-15T15:28:28.794+0100] {dagbag.py:532} INFO - Filling up the DagBag from /Users/b/Documents/workflow/venv/lib/python3.11/site-packages/airflow/example_dags/example_branch_operator_decorator.py
[2023-10-15T15:28:28.811+0100] {processor.py:753} INFO - DAG(s) dict_keys(['example_branch_python_operator_decorator']) retrieved from /Users/b/Documents/workflow/venv/lib/python3.11/site-packages/airflow/example_dags/example_branch_operator_decorator.py
[2023-10-15T15:28:28.963+0100] {logging_mixin.py:137} INFO - [2023-10-15T15:28:28.963+0100] {dag.py:2705} INFO - Sync 1 DAGs
[2023-10-15T15:28:28.969+0100] {logging_mixin.py:137} INFO - [2023-10-15T15:28:28.969+0100] {dag.py:3452} INFO - Setting next_dagrun for example_branch_python_operator_decorator to 2023-10-14T00:00:00+00:00, run_after=2023-10-15T00:00:00+00:00
[2023-10-15T15:28:28.977+0100] {processor.py:175} INFO - Processing /Users/b/Documents/workflow/venv/lib/python3.11/site-packages/airflow/example_dags/example_branch_operator_decorator.py took 0.185 seconds
[2023-10-15T15:29:34.082+0100] {processor.py:153} INFO - Started process (PID=32057) to work on /Users/b/Documents/workflow/venv/lib/python3.11/site-packages/airflow/example_dags/example_branch_operator_decorator.py
[2023-10-15T15:29:34.085+0100] {processor.py:743} INFO - Processing file /Users/b/Documents/workflow/venv/lib/python3.11/site-packages/airflow/example_dags/example_branch_operator_decorator.py for tasks to queue
[2023-10-15T15:29:34.085+0100] {logging_mixin.py:137} INFO - [2023-10-15T15:29:34.085+0100] {dagbag.py:532} INFO - Filling up the DagBag from /Users/b/Documents/workflow/venv/lib/python3.11/site-packages/airflow/example_dags/example_branch_operator_decorator.py
[2023-10-15T15:29:34.103+0100] {processor.py:753} INFO - DAG(s) dict_keys(['example_branch_python_operator_decorator']) retrieved from /Users/b/Documents/workflow/venv/lib/python3.11/site-packages/airflow/example_dags/example_branch_operator_decorator.py
[2023-10-15T15:29:34.259+0100] {logging_mixin.py:137} INFO - [2023-10-15T15:29:34.259+0100] {dag.py:2705} INFO - Sync 1 DAGs
[2023-10-15T15:29:34.266+0100] {logging_mixin.py:137} INFO - [2023-10-15T15:29:34.266+0100] {dag.py:3452} INFO - Setting next_dagrun for example_branch_python_operator_decorator to 2023-10-14T00:00:00+00:00, run_after=2023-10-15T00:00:00+00:00
[2023-10-15T15:29:34.273+0100] {processor.py:175} INFO - Processing /Users/b/Documents/workflow/venv/lib/python3.11/site-packages/airflow/example_dags/example_branch_operator_decorator.py took 0.191 seconds
[2023-10-15T15:30:38.067+0100] {processor.py:153} INFO - Started process (PID=32183) to work on /Users/b/Documents/workflow/venv/lib/python3.11/site-packages/airflow/example_dags/example_branch_operator_decorator.py
[2023-10-15T15:30:38.069+0100] {processor.py:743} INFO - Processing file /Users/b/Documents/workflow/venv/lib/python3.11/site-packages/airflow/example_dags/example_branch_operator_decorator.py for tasks to queue
[2023-10-15T15:30:38.069+0100] {logging_mixin.py:137} INFO - [2023-10-15T15:30:38.069+0100] {dagbag.py:532} INFO - Filling up the DagBag from /Users/b/Documents/workflow/venv/lib/python3.11/site-packages/airflow/example_dags/example_branch_operator_decorator.py
[2023-10-15T15:30:38.086+0100] {processor.py:753} INFO - DAG(s) dict_keys(['example_branch_python_operator_decorator']) retrieved from /Users/b/Documents/workflow/venv/lib/python3.11/site-packages/airflow/example_dags/example_branch_operator_decorator.py
[2023-10-15T15:30:38.250+0100] {logging_mixin.py:137} INFO - [2023-10-15T15:30:38.250+0100] {dag.py:2705} INFO - Sync 1 DAGs
[2023-10-15T15:30:38.257+0100] {logging_mixin.py:137} INFO - [2023-10-15T15:30:38.257+0100] {dag.py:3452} INFO - Setting next_dagrun for example_branch_python_operator_decorator to 2023-10-14T00:00:00+00:00, run_after=2023-10-15T00:00:00+00:00
[2023-10-15T15:30:38.263+0100] {processor.py:175} INFO - Processing /Users/b/Documents/workflow/venv/lib/python3.11/site-packages/airflow/example_dags/example_branch_operator_decorator.py took 0.197 seconds
[2023-10-15T15:31:48.334+0100] {processor.py:153} INFO - Started process (PID=32312) to work on /Users/b/Documents/workflow/venv/lib/python3.11/site-packages/airflow/example_dags/example_branch_operator_decorator.py
[2023-10-15T15:31:48.336+0100] {processor.py:743} INFO - Processing file /Users/b/Documents/workflow/venv/lib/python3.11/site-packages/airflow/example_dags/example_branch_operator_decorator.py for tasks to queue
[2023-10-15T15:31:48.337+0100] {logging_mixin.py:137} INFO - [2023-10-15T15:31:48.336+0100] {dagbag.py:532} INFO - Filling up the DagBag from /Users/b/Documents/workflow/venv/lib/python3.11/site-packages/airflow/example_dags/example_branch_operator_decorator.py
[2023-10-15T15:31:48.353+0100] {processor.py:753} INFO - DAG(s) dict_keys(['example_branch_python_operator_decorator']) retrieved from /Users/b/Documents/workflow/venv/lib/python3.11/site-packages/airflow/example_dags/example_branch_operator_decorator.py
[2023-10-15T15:31:48.504+0100] {logging_mixin.py:137} INFO - [2023-10-15T15:31:48.504+0100] {dag.py:2705} INFO - Sync 1 DAGs
[2023-10-15T15:31:48.510+0100] {logging_mixin.py:137} INFO - [2023-10-15T15:31:48.510+0100] {dag.py:3452} INFO - Setting next_dagrun for example_branch_python_operator_decorator to 2023-10-14T00:00:00+00:00, run_after=2023-10-15T00:00:00+00:00
[2023-10-15T15:31:48.517+0100] {processor.py:175} INFO - Processing /Users/b/Documents/workflow/venv/lib/python3.11/site-packages/airflow/example_dags/example_branch_operator_decorator.py took 0.184 seconds
[2023-10-15T15:32:52.701+0100] {processor.py:153} INFO - Started process (PID=32445) to work on /Users/b/Documents/workflow/venv/lib/python3.11/site-packages/airflow/example_dags/example_branch_operator_decorator.py
[2023-10-15T15:32:52.703+0100] {processor.py:743} INFO - Processing file /Users/b/Documents/workflow/venv/lib/python3.11/site-packages/airflow/example_dags/example_branch_operator_decorator.py for tasks to queue
[2023-10-15T15:32:52.703+0100] {logging_mixin.py:137} INFO - [2023-10-15T15:32:52.703+0100] {dagbag.py:532} INFO - Filling up the DagBag from /Users/b/Documents/workflow/venv/lib/python3.11/site-packages/airflow/example_dags/example_branch_operator_decorator.py
[2023-10-15T15:32:52.720+0100] {processor.py:753} INFO - DAG(s) dict_keys(['example_branch_python_operator_decorator']) retrieved from /Users/b/Documents/workflow/venv/lib/python3.11/site-packages/airflow/example_dags/example_branch_operator_decorator.py
[2023-10-15T15:32:52.871+0100] {logging_mixin.py:137} INFO - [2023-10-15T15:32:52.871+0100] {dag.py:2705} INFO - Sync 1 DAGs
[2023-10-15T15:32:52.878+0100] {logging_mixin.py:137} INFO - [2023-10-15T15:32:52.878+0100] {dag.py:3452} INFO - Setting next_dagrun for example_branch_python_operator_decorator to 2023-10-14T00:00:00+00:00, run_after=2023-10-15T00:00:00+00:00
[2023-10-15T15:32:52.885+0100] {processor.py:175} INFO - Processing /Users/b/Documents/workflow/venv/lib/python3.11/site-packages/airflow/example_dags/example_branch_operator_decorator.py took 0.184 seconds
