[2023-10-15T15:12:18.603+0100] {processor.py:153} INFO - Started process (PID=29514) to work on /Users/b/Documents/workflow/venv/lib/python3.11/site-packages/airflow/example_dags/example_bash_operator.py
[2023-10-15T15:12:18.605+0100] {processor.py:743} INFO - Processing file /Users/b/Documents/workflow/venv/lib/python3.11/site-packages/airflow/example_dags/example_bash_operator.py for tasks to queue
[2023-10-15T15:12:18.605+0100] {logging_mixin.py:137} INFO - [2023-10-15T15:12:18.605+0100] {dagbag.py:532} INFO - Filling up the DagBag from /Users/b/Documents/workflow/venv/lib/python3.11/site-packages/airflow/example_dags/example_bash_operator.py
[2023-10-15T15:12:18.630+0100] {processor.py:753} INFO - DAG(s) dict_keys(['example_bash_operator']) retrieved from /Users/b/Documents/workflow/venv/lib/python3.11/site-packages/airflow/example_dags/example_bash_operator.py
[2023-10-15T15:12:18.799+0100] {logging_mixin.py:137} INFO - [2023-10-15T15:12:18.799+0100] {manager.py:504} INFO - Created Permission View: can edit on DAG:example_bash_operator
[2023-10-15T15:12:18.802+0100] {logging_mixin.py:137} INFO - [2023-10-15T15:12:18.802+0100] {manager.py:504} INFO - Created Permission View: can read on DAG:example_bash_operator
[2023-10-15T15:12:18.804+0100] {logging_mixin.py:137} INFO - [2023-10-15T15:12:18.804+0100] {manager.py:504} INFO - Created Permission View: can delete on DAG:example_bash_operator
[2023-10-15T15:12:18.804+0100] {logging_mixin.py:137} INFO - [2023-10-15T15:12:18.804+0100] {dag.py:2705} INFO - Sync 1 DAGs
[2023-10-15T15:12:18.807+0100] {logging_mixin.py:137} INFO - [2023-10-15T15:12:18.807+0100] {dag.py:2726} INFO - Creating ORM DAG for example_bash_operator
[2023-10-15T15:12:18.810+0100] {logging_mixin.py:137} INFO - [2023-10-15T15:12:18.810+0100] {dag.py:3452} INFO - Setting next_dagrun for example_bash_operator to 2023-10-14T00:00:00+00:00, run_after=2023-10-15T00:00:00+00:00
[2023-10-15T15:12:18.816+0100] {processor.py:175} INFO - Processing /Users/b/Documents/workflow/venv/lib/python3.11/site-packages/airflow/example_dags/example_bash_operator.py took 0.213 seconds
[2023-10-15T15:13:29.748+0100] {processor.py:153} INFO - Started process (PID=29980) to work on /Users/b/Documents/workflow/venv/lib/python3.11/site-packages/airflow/example_dags/example_bash_operator.py
[2023-10-15T15:13:29.750+0100] {processor.py:743} INFO - Processing file /Users/b/Documents/workflow/venv/lib/python3.11/site-packages/airflow/example_dags/example_bash_operator.py for tasks to queue
[2023-10-15T15:13:29.750+0100] {logging_mixin.py:137} INFO - [2023-10-15T15:13:29.750+0100] {dagbag.py:532} INFO - Filling up the DagBag from /Users/b/Documents/workflow/venv/lib/python3.11/site-packages/airflow/example_dags/example_bash_operator.py
[2023-10-15T15:13:29.775+0100] {processor.py:753} INFO - DAG(s) dict_keys(['example_bash_operator']) retrieved from /Users/b/Documents/workflow/venv/lib/python3.11/site-packages/airflow/example_dags/example_bash_operator.py
[2023-10-15T15:13:29.931+0100] {logging_mixin.py:137} INFO - [2023-10-15T15:13:29.931+0100] {dag.py:2705} INFO - Sync 1 DAGs
[2023-10-15T15:13:29.939+0100] {logging_mixin.py:137} INFO - [2023-10-15T15:13:29.939+0100] {dag.py:3452} INFO - Setting next_dagrun for example_bash_operator to 2023-10-14T00:00:00+00:00, run_after=2023-10-15T00:00:00+00:00
[2023-10-15T15:13:29.946+0100] {processor.py:175} INFO - Processing /Users/b/Documents/workflow/venv/lib/python3.11/site-packages/airflow/example_dags/example_bash_operator.py took 0.198 seconds
[2023-10-15T15:14:35.121+0100] {processor.py:153} INFO - Started process (PID=30215) to work on /Users/b/Documents/workflow/venv/lib/python3.11/site-packages/airflow/example_dags/example_bash_operator.py
[2023-10-15T15:14:35.124+0100] {processor.py:743} INFO - Processing file /Users/b/Documents/workflow/venv/lib/python3.11/site-packages/airflow/example_dags/example_bash_operator.py for tasks to queue
[2023-10-15T15:14:35.124+0100] {logging_mixin.py:137} INFO - [2023-10-15T15:14:35.124+0100] {dagbag.py:532} INFO - Filling up the DagBag from /Users/b/Documents/workflow/venv/lib/python3.11/site-packages/airflow/example_dags/example_bash_operator.py
[2023-10-15T15:14:35.149+0100] {processor.py:753} INFO - DAG(s) dict_keys(['example_bash_operator']) retrieved from /Users/b/Documents/workflow/venv/lib/python3.11/site-packages/airflow/example_dags/example_bash_operator.py
[2023-10-15T15:14:35.295+0100] {logging_mixin.py:137} INFO - [2023-10-15T15:14:35.294+0100] {dag.py:2705} INFO - Sync 1 DAGs
[2023-10-15T15:14:35.301+0100] {logging_mixin.py:137} INFO - [2023-10-15T15:14:35.301+0100] {dag.py:3452} INFO - Setting next_dagrun for example_bash_operator to 2023-10-14T00:00:00+00:00, run_after=2023-10-15T00:00:00+00:00
[2023-10-15T15:14:35.307+0100] {processor.py:175} INFO - Processing /Users/b/Documents/workflow/venv/lib/python3.11/site-packages/airflow/example_dags/example_bash_operator.py took 0.187 seconds
[2023-10-15T15:15:37.290+0100] {processor.py:153} INFO - Started process (PID=30345) to work on /Users/b/Documents/workflow/venv/lib/python3.11/site-packages/airflow/example_dags/example_bash_operator.py
[2023-10-15T15:15:37.292+0100] {processor.py:743} INFO - Processing file /Users/b/Documents/workflow/venv/lib/python3.11/site-packages/airflow/example_dags/example_bash_operator.py for tasks to queue
[2023-10-15T15:15:37.293+0100] {logging_mixin.py:137} INFO - [2023-10-15T15:15:37.293+0100] {dagbag.py:532} INFO - Filling up the DagBag from /Users/b/Documents/workflow/venv/lib/python3.11/site-packages/airflow/example_dags/example_bash_operator.py
[2023-10-15T15:15:37.322+0100] {processor.py:753} INFO - DAG(s) dict_keys(['example_bash_operator']) retrieved from /Users/b/Documents/workflow/venv/lib/python3.11/site-packages/airflow/example_dags/example_bash_operator.py
[2023-10-15T15:15:37.488+0100] {logging_mixin.py:137} INFO - [2023-10-15T15:15:37.488+0100] {dag.py:2705} INFO - Sync 1 DAGs
[2023-10-15T15:15:37.496+0100] {logging_mixin.py:137} INFO - [2023-10-15T15:15:37.496+0100] {dag.py:3452} INFO - Setting next_dagrun for example_bash_operator to 2023-10-14T00:00:00+00:00, run_after=2023-10-15T00:00:00+00:00
[2023-10-15T15:15:37.502+0100] {processor.py:175} INFO - Processing /Users/b/Documents/workflow/venv/lib/python3.11/site-packages/airflow/example_dags/example_bash_operator.py took 0.213 seconds
[2023-10-15T15:21:05.316+0100] {processor.py:153} INFO - Started process (PID=30995) to work on /Users/b/Documents/workflow/venv/lib/python3.11/site-packages/airflow/example_dags/example_bash_operator.py
[2023-10-15T15:21:05.318+0100] {processor.py:743} INFO - Processing file /Users/b/Documents/workflow/venv/lib/python3.11/site-packages/airflow/example_dags/example_bash_operator.py for tasks to queue
[2023-10-15T15:21:05.319+0100] {logging_mixin.py:137} INFO - [2023-10-15T15:21:05.319+0100] {dagbag.py:532} INFO - Filling up the DagBag from /Users/b/Documents/workflow/venv/lib/python3.11/site-packages/airflow/example_dags/example_bash_operator.py
[2023-10-15T15:21:05.346+0100] {processor.py:753} INFO - DAG(s) dict_keys(['example_bash_operator']) retrieved from /Users/b/Documents/workflow/venv/lib/python3.11/site-packages/airflow/example_dags/example_bash_operator.py
[2023-10-15T15:21:05.496+0100] {logging_mixin.py:137} INFO - [2023-10-15T15:21:05.496+0100] {dag.py:2705} INFO - Sync 1 DAGs
[2023-10-15T15:21:05.502+0100] {logging_mixin.py:137} INFO - [2023-10-15T15:21:05.502+0100] {dag.py:3452} INFO - Setting next_dagrun for example_bash_operator to 2023-10-14T00:00:00+00:00, run_after=2023-10-15T00:00:00+00:00
[2023-10-15T15:21:05.509+0100] {processor.py:175} INFO - Processing /Users/b/Documents/workflow/venv/lib/python3.11/site-packages/airflow/example_dags/example_bash_operator.py took 0.193 seconds
[2023-10-15T15:22:08.523+0100] {processor.py:153} INFO - Started process (PID=31190) to work on /Users/b/Documents/workflow/venv/lib/python3.11/site-packages/airflow/example_dags/example_bash_operator.py
[2023-10-15T15:22:08.525+0100] {processor.py:743} INFO - Processing file /Users/b/Documents/workflow/venv/lib/python3.11/site-packages/airflow/example_dags/example_bash_operator.py for tasks to queue
[2023-10-15T15:22:08.526+0100] {logging_mixin.py:137} INFO - [2023-10-15T15:22:08.526+0100] {dagbag.py:532} INFO - Filling up the DagBag from /Users/b/Documents/workflow/venv/lib/python3.11/site-packages/airflow/example_dags/example_bash_operator.py
[2023-10-15T15:22:08.550+0100] {processor.py:753} INFO - DAG(s) dict_keys(['example_bash_operator']) retrieved from /Users/b/Documents/workflow/venv/lib/python3.11/site-packages/airflow/example_dags/example_bash_operator.py
[2023-10-15T15:22:08.694+0100] {logging_mixin.py:137} INFO - [2023-10-15T15:22:08.694+0100] {dag.py:2705} INFO - Sync 1 DAGs
[2023-10-15T15:22:08.700+0100] {logging_mixin.py:137} INFO - [2023-10-15T15:22:08.700+0100] {dag.py:3452} INFO - Setting next_dagrun for example_bash_operator to 2023-10-14T00:00:00+00:00, run_after=2023-10-15T00:00:00+00:00
[2023-10-15T15:22:08.707+0100] {processor.py:175} INFO - Processing /Users/b/Documents/workflow/venv/lib/python3.11/site-packages/airflow/example_dags/example_bash_operator.py took 0.185 seconds
[2023-10-15T15:23:13.234+0100] {processor.py:153} INFO - Started process (PID=31330) to work on /Users/b/Documents/workflow/venv/lib/python3.11/site-packages/airflow/example_dags/example_bash_operator.py
[2023-10-15T15:23:13.236+0100] {processor.py:743} INFO - Processing file /Users/b/Documents/workflow/venv/lib/python3.11/site-packages/airflow/example_dags/example_bash_operator.py for tasks to queue
[2023-10-15T15:23:13.236+0100] {logging_mixin.py:137} INFO - [2023-10-15T15:23:13.236+0100] {dagbag.py:532} INFO - Filling up the DagBag from /Users/b/Documents/workflow/venv/lib/python3.11/site-packages/airflow/example_dags/example_bash_operator.py
[2023-10-15T15:23:13.261+0100] {processor.py:753} INFO - DAG(s) dict_keys(['example_bash_operator']) retrieved from /Users/b/Documents/workflow/venv/lib/python3.11/site-packages/airflow/example_dags/example_bash_operator.py
[2023-10-15T15:23:13.405+0100] {logging_mixin.py:137} INFO - [2023-10-15T15:23:13.405+0100] {dag.py:2705} INFO - Sync 1 DAGs
[2023-10-15T15:23:13.411+0100] {logging_mixin.py:137} INFO - [2023-10-15T15:23:13.411+0100] {dag.py:3452} INFO - Setting next_dagrun for example_bash_operator to 2023-10-14T00:00:00+00:00, run_after=2023-10-15T00:00:00+00:00
[2023-10-15T15:23:13.418+0100] {processor.py:175} INFO - Processing /Users/b/Documents/workflow/venv/lib/python3.11/site-packages/airflow/example_dags/example_bash_operator.py took 0.184 seconds
[2023-10-15T15:24:18.104+0100] {processor.py:153} INFO - Started process (PID=31481) to work on /Users/b/Documents/workflow/venv/lib/python3.11/site-packages/airflow/example_dags/example_bash_operator.py
[2023-10-15T15:24:18.107+0100] {processor.py:743} INFO - Processing file /Users/b/Documents/workflow/venv/lib/python3.11/site-packages/airflow/example_dags/example_bash_operator.py for tasks to queue
[2023-10-15T15:24:18.107+0100] {logging_mixin.py:137} INFO - [2023-10-15T15:24:18.107+0100] {dagbag.py:532} INFO - Filling up the DagBag from /Users/b/Documents/workflow/venv/lib/python3.11/site-packages/airflow/example_dags/example_bash_operator.py
[2023-10-15T15:24:18.132+0100] {processor.py:753} INFO - DAG(s) dict_keys(['example_bash_operator']) retrieved from /Users/b/Documents/workflow/venv/lib/python3.11/site-packages/airflow/example_dags/example_bash_operator.py
[2023-10-15T15:24:18.287+0100] {logging_mixin.py:137} INFO - [2023-10-15T15:24:18.287+0100] {dag.py:2705} INFO - Sync 1 DAGs
[2023-10-15T15:24:18.294+0100] {logging_mixin.py:137} INFO - [2023-10-15T15:24:18.294+0100] {dag.py:3452} INFO - Setting next_dagrun for example_bash_operator to 2023-10-14T00:00:00+00:00, run_after=2023-10-15T00:00:00+00:00
[2023-10-15T15:24:18.300+0100] {processor.py:175} INFO - Processing /Users/b/Documents/workflow/venv/lib/python3.11/site-packages/airflow/example_dags/example_bash_operator.py took 0.196 seconds
[2023-10-15T15:25:23.254+0100] {processor.py:153} INFO - Started process (PID=31607) to work on /Users/b/Documents/workflow/venv/lib/python3.11/site-packages/airflow/example_dags/example_bash_operator.py
[2023-10-15T15:25:23.257+0100] {processor.py:743} INFO - Processing file /Users/b/Documents/workflow/venv/lib/python3.11/site-packages/airflow/example_dags/example_bash_operator.py for tasks to queue
[2023-10-15T15:25:23.257+0100] {logging_mixin.py:137} INFO - [2023-10-15T15:25:23.257+0100] {dagbag.py:532} INFO - Filling up the DagBag from /Users/b/Documents/workflow/venv/lib/python3.11/site-packages/airflow/example_dags/example_bash_operator.py
[2023-10-15T15:25:23.283+0100] {processor.py:753} INFO - DAG(s) dict_keys(['example_bash_operator']) retrieved from /Users/b/Documents/workflow/venv/lib/python3.11/site-packages/airflow/example_dags/example_bash_operator.py
[2023-10-15T15:25:23.433+0100] {logging_mixin.py:137} INFO - [2023-10-15T15:25:23.433+0100] {dag.py:2705} INFO - Sync 1 DAGs
[2023-10-15T15:25:23.440+0100] {logging_mixin.py:137} INFO - [2023-10-15T15:25:23.439+0100] {dag.py:3452} INFO - Setting next_dagrun for example_bash_operator to 2023-10-14T00:00:00+00:00, run_after=2023-10-15T00:00:00+00:00
[2023-10-15T15:25:23.446+0100] {processor.py:175} INFO - Processing /Users/b/Documents/workflow/venv/lib/python3.11/site-packages/airflow/example_dags/example_bash_operator.py took 0.192 seconds
[2023-10-15T15:26:29.340+0100] {processor.py:153} INFO - Started process (PID=31730) to work on /Users/b/Documents/workflow/venv/lib/python3.11/site-packages/airflow/example_dags/example_bash_operator.py
[2023-10-15T15:26:29.343+0100] {processor.py:743} INFO - Processing file /Users/b/Documents/workflow/venv/lib/python3.11/site-packages/airflow/example_dags/example_bash_operator.py for tasks to queue
[2023-10-15T15:26:29.343+0100] {logging_mixin.py:137} INFO - [2023-10-15T15:26:29.343+0100] {dagbag.py:532} INFO - Filling up the DagBag from /Users/b/Documents/workflow/venv/lib/python3.11/site-packages/airflow/example_dags/example_bash_operator.py
[2023-10-15T15:26:29.367+0100] {processor.py:753} INFO - DAG(s) dict_keys(['example_bash_operator']) retrieved from /Users/b/Documents/workflow/venv/lib/python3.11/site-packages/airflow/example_dags/example_bash_operator.py
[2023-10-15T15:26:29.507+0100] {logging_mixin.py:137} INFO - [2023-10-15T15:26:29.507+0100] {dag.py:2705} INFO - Sync 1 DAGs
[2023-10-15T15:26:29.513+0100] {logging_mixin.py:137} INFO - [2023-10-15T15:26:29.513+0100] {dag.py:3452} INFO - Setting next_dagrun for example_bash_operator to 2023-10-14T00:00:00+00:00, run_after=2023-10-15T00:00:00+00:00
[2023-10-15T15:26:29.520+0100] {processor.py:175} INFO - Processing /Users/b/Documents/workflow/venv/lib/python3.11/site-packages/airflow/example_dags/example_bash_operator.py took 0.180 seconds
[2023-10-15T15:27:32.585+0100] {processor.py:153} INFO - Started process (PID=31841) to work on /Users/b/Documents/workflow/venv/lib/python3.11/site-packages/airflow/example_dags/example_bash_operator.py
[2023-10-15T15:27:32.587+0100] {processor.py:743} INFO - Processing file /Users/b/Documents/workflow/venv/lib/python3.11/site-packages/airflow/example_dags/example_bash_operator.py for tasks to queue
[2023-10-15T15:27:32.588+0100] {logging_mixin.py:137} INFO - [2023-10-15T15:27:32.588+0100] {dagbag.py:532} INFO - Filling up the DagBag from /Users/b/Documents/workflow/venv/lib/python3.11/site-packages/airflow/example_dags/example_bash_operator.py
[2023-10-15T15:27:32.614+0100] {processor.py:753} INFO - DAG(s) dict_keys(['example_bash_operator']) retrieved from /Users/b/Documents/workflow/venv/lib/python3.11/site-packages/airflow/example_dags/example_bash_operator.py
[2023-10-15T15:27:32.756+0100] {logging_mixin.py:137} INFO - [2023-10-15T15:27:32.756+0100] {dag.py:2705} INFO - Sync 1 DAGs
[2023-10-15T15:27:32.762+0100] {logging_mixin.py:137} INFO - [2023-10-15T15:27:32.762+0100] {dag.py:3452} INFO - Setting next_dagrun for example_bash_operator to 2023-10-14T00:00:00+00:00, run_after=2023-10-15T00:00:00+00:00
[2023-10-15T15:27:32.769+0100] {processor.py:175} INFO - Processing /Users/b/Documents/workflow/venv/lib/python3.11/site-packages/airflow/example_dags/example_bash_operator.py took 0.184 seconds
[2023-10-15T15:28:37.200+0100] {processor.py:153} INFO - Started process (PID=31950) to work on /Users/b/Documents/workflow/venv/lib/python3.11/site-packages/airflow/example_dags/example_bash_operator.py
[2023-10-15T15:28:37.203+0100] {processor.py:743} INFO - Processing file /Users/b/Documents/workflow/venv/lib/python3.11/site-packages/airflow/example_dags/example_bash_operator.py for tasks to queue
[2023-10-15T15:28:37.203+0100] {logging_mixin.py:137} INFO - [2023-10-15T15:28:37.203+0100] {dagbag.py:532} INFO - Filling up the DagBag from /Users/b/Documents/workflow/venv/lib/python3.11/site-packages/airflow/example_dags/example_bash_operator.py
[2023-10-15T15:28:37.230+0100] {processor.py:753} INFO - DAG(s) dict_keys(['example_bash_operator']) retrieved from /Users/b/Documents/workflow/venv/lib/python3.11/site-packages/airflow/example_dags/example_bash_operator.py
[2023-10-15T15:28:37.388+0100] {logging_mixin.py:137} INFO - [2023-10-15T15:28:37.388+0100] {dag.py:2705} INFO - Sync 1 DAGs
[2023-10-15T15:28:37.395+0100] {logging_mixin.py:137} INFO - [2023-10-15T15:28:37.395+0100] {dag.py:3452} INFO - Setting next_dagrun for example_bash_operator to 2023-10-14T00:00:00+00:00, run_after=2023-10-15T00:00:00+00:00
[2023-10-15T15:28:37.402+0100] {processor.py:175} INFO - Processing /Users/b/Documents/workflow/venv/lib/python3.11/site-packages/airflow/example_dags/example_bash_operator.py took 0.202 seconds
[2023-10-15T15:29:42.599+0100] {processor.py:153} INFO - Started process (PID=32073) to work on /Users/b/Documents/workflow/venv/lib/python3.11/site-packages/airflow/example_dags/example_bash_operator.py
[2023-10-15T15:29:42.602+0100] {processor.py:743} INFO - Processing file /Users/b/Documents/workflow/venv/lib/python3.11/site-packages/airflow/example_dags/example_bash_operator.py for tasks to queue
[2023-10-15T15:29:42.602+0100] {logging_mixin.py:137} INFO - [2023-10-15T15:29:42.602+0100] {dagbag.py:532} INFO - Filling up the DagBag from /Users/b/Documents/workflow/venv/lib/python3.11/site-packages/airflow/example_dags/example_bash_operator.py
[2023-10-15T15:29:42.627+0100] {processor.py:753} INFO - DAG(s) dict_keys(['example_bash_operator']) retrieved from /Users/b/Documents/workflow/venv/lib/python3.11/site-packages/airflow/example_dags/example_bash_operator.py
[2023-10-15T15:29:42.776+0100] {logging_mixin.py:137} INFO - [2023-10-15T15:29:42.776+0100] {dag.py:2705} INFO - Sync 1 DAGs
[2023-10-15T15:29:42.782+0100] {logging_mixin.py:137} INFO - [2023-10-15T15:29:42.782+0100] {dag.py:3452} INFO - Setting next_dagrun for example_bash_operator to 2023-10-14T00:00:00+00:00, run_after=2023-10-15T00:00:00+00:00
[2023-10-15T15:29:42.788+0100] {processor.py:175} INFO - Processing /Users/b/Documents/workflow/venv/lib/python3.11/site-packages/airflow/example_dags/example_bash_operator.py took 0.190 seconds
[2023-10-15T15:30:46.486+0100] {processor.py:153} INFO - Started process (PID=32193) to work on /Users/b/Documents/workflow/venv/lib/python3.11/site-packages/airflow/example_dags/example_bash_operator.py
[2023-10-15T15:30:46.489+0100] {processor.py:743} INFO - Processing file /Users/b/Documents/workflow/venv/lib/python3.11/site-packages/airflow/example_dags/example_bash_operator.py for tasks to queue
[2023-10-15T15:30:46.489+0100] {logging_mixin.py:137} INFO - [2023-10-15T15:30:46.489+0100] {dagbag.py:532} INFO - Filling up the DagBag from /Users/b/Documents/workflow/venv/lib/python3.11/site-packages/airflow/example_dags/example_bash_operator.py
[2023-10-15T15:30:46.514+0100] {processor.py:753} INFO - DAG(s) dict_keys(['example_bash_operator']) retrieved from /Users/b/Documents/workflow/venv/lib/python3.11/site-packages/airflow/example_dags/example_bash_operator.py
[2023-10-15T15:30:46.662+0100] {logging_mixin.py:137} INFO - [2023-10-15T15:30:46.662+0100] {dag.py:2705} INFO - Sync 1 DAGs
[2023-10-15T15:30:46.669+0100] {logging_mixin.py:137} INFO - [2023-10-15T15:30:46.669+0100] {dag.py:3452} INFO - Setting next_dagrun for example_bash_operator to 2023-10-14T00:00:00+00:00, run_after=2023-10-15T00:00:00+00:00
[2023-10-15T15:30:46.676+0100] {processor.py:175} INFO - Processing /Users/b/Documents/workflow/venv/lib/python3.11/site-packages/airflow/example_dags/example_bash_operator.py took 0.190 seconds
[2023-10-15T15:31:56.687+0100] {processor.py:153} INFO - Started process (PID=32324) to work on /Users/b/Documents/workflow/venv/lib/python3.11/site-packages/airflow/example_dags/example_bash_operator.py
[2023-10-15T15:31:56.689+0100] {processor.py:743} INFO - Processing file /Users/b/Documents/workflow/venv/lib/python3.11/site-packages/airflow/example_dags/example_bash_operator.py for tasks to queue
[2023-10-15T15:31:56.690+0100] {logging_mixin.py:137} INFO - [2023-10-15T15:31:56.690+0100] {dagbag.py:532} INFO - Filling up the DagBag from /Users/b/Documents/workflow/venv/lib/python3.11/site-packages/airflow/example_dags/example_bash_operator.py
[2023-10-15T15:31:56.715+0100] {processor.py:753} INFO - DAG(s) dict_keys(['example_bash_operator']) retrieved from /Users/b/Documents/workflow/venv/lib/python3.11/site-packages/airflow/example_dags/example_bash_operator.py
[2023-10-15T15:31:56.861+0100] {logging_mixin.py:137} INFO - [2023-10-15T15:31:56.861+0100] {dag.py:2705} INFO - Sync 1 DAGs
[2023-10-15T15:31:56.869+0100] {logging_mixin.py:137} INFO - [2023-10-15T15:31:56.868+0100] {dag.py:3452} INFO - Setting next_dagrun for example_bash_operator to 2023-10-14T00:00:00+00:00, run_after=2023-10-15T00:00:00+00:00
[2023-10-15T15:31:56.876+0100] {processor.py:175} INFO - Processing /Users/b/Documents/workflow/venv/lib/python3.11/site-packages/airflow/example_dags/example_bash_operator.py took 0.190 seconds
[2023-10-15T15:33:00.674+0100] {processor.py:153} INFO - Started process (PID=32456) to work on /Users/b/Documents/workflow/venv/lib/python3.11/site-packages/airflow/example_dags/example_bash_operator.py
[2023-10-15T15:33:00.676+0100] {processor.py:743} INFO - Processing file /Users/b/Documents/workflow/venv/lib/python3.11/site-packages/airflow/example_dags/example_bash_operator.py for tasks to queue
[2023-10-15T15:33:00.676+0100] {logging_mixin.py:137} INFO - [2023-10-15T15:33:00.676+0100] {dagbag.py:532} INFO - Filling up the DagBag from /Users/b/Documents/workflow/venv/lib/python3.11/site-packages/airflow/example_dags/example_bash_operator.py
[2023-10-15T15:33:00.702+0100] {processor.py:753} INFO - DAG(s) dict_keys(['example_bash_operator']) retrieved from /Users/b/Documents/workflow/venv/lib/python3.11/site-packages/airflow/example_dags/example_bash_operator.py
[2023-10-15T15:33:00.856+0100] {logging_mixin.py:137} INFO - [2023-10-15T15:33:00.856+0100] {dag.py:2705} INFO - Sync 1 DAGs
[2023-10-15T15:33:00.863+0100] {logging_mixin.py:137} INFO - [2023-10-15T15:33:00.863+0100] {dag.py:3452} INFO - Setting next_dagrun for example_bash_operator to 2023-10-14T00:00:00+00:00, run_after=2023-10-15T00:00:00+00:00
[2023-10-15T15:33:00.869+0100] {processor.py:175} INFO - Processing /Users/b/Documents/workflow/venv/lib/python3.11/site-packages/airflow/example_dags/example_bash_operator.py took 0.196 seconds
