[2023-10-15T15:12:05.315+0100] {processor.py:153} INFO - Started process (PID=29485) to work on /Users/b/Documents/workflow/venv/lib/python3.11/site-packages/airflow/example_dags/example_datasets.py
[2023-10-15T15:12:05.317+0100] {processor.py:743} INFO - Processing file /Users/b/Documents/workflow/venv/lib/python3.11/site-packages/airflow/example_dags/example_datasets.py for tasks to queue
[2023-10-15T15:12:05.317+0100] {logging_mixin.py:137} INFO - [2023-10-15T15:12:05.317+0100] {dagbag.py:532} INFO - Filling up the DagBag from /Users/b/Documents/workflow/venv/lib/python3.11/site-packages/airflow/example_dags/example_datasets.py
[2023-10-15T15:12:05.326+0100] {processor.py:753} INFO - DAG(s) dict_keys(['dataset_consumes_unknown_never_scheduled', 'dataset_produces_2', 'dataset_produces_1', 'dataset_consumes_1_never_scheduled', 'dataset_consumes_1_and_2', 'dataset_consumes_1']) retrieved from /Users/b/Documents/workflow/venv/lib/python3.11/site-packages/airflow/example_dags/example_datasets.py
[2023-10-15T15:12:05.512+0100] {logging_mixin.py:137} INFO - [2023-10-15T15:12:05.512+0100] {manager.py:504} INFO - Created Permission View: can read on DAG:dataset_consumes_unknown_never_scheduled
[2023-10-15T15:12:05.515+0100] {logging_mixin.py:137} INFO - [2023-10-15T15:12:05.515+0100] {manager.py:504} INFO - Created Permission View: can delete on DAG:dataset_consumes_unknown_never_scheduled
[2023-10-15T15:12:05.516+0100] {logging_mixin.py:137} INFO - [2023-10-15T15:12:05.516+0100] {manager.py:504} INFO - Created Permission View: can edit on DAG:dataset_consumes_unknown_never_scheduled
[2023-10-15T15:12:05.520+0100] {logging_mixin.py:137} INFO - [2023-10-15T15:12:05.520+0100] {manager.py:504} INFO - Created Permission View: can read on DAG:dataset_produces_2
[2023-10-15T15:12:05.522+0100] {logging_mixin.py:137} INFO - [2023-10-15T15:12:05.522+0100] {manager.py:504} INFO - Created Permission View: can delete on DAG:dataset_produces_2
[2023-10-15T15:12:05.524+0100] {logging_mixin.py:137} INFO - [2023-10-15T15:12:05.524+0100] {manager.py:504} INFO - Created Permission View: can edit on DAG:dataset_produces_2
[2023-10-15T15:12:05.528+0100] {logging_mixin.py:137} INFO - [2023-10-15T15:12:05.528+0100] {manager.py:504} INFO - Created Permission View: can read on DAG:dataset_produces_1
[2023-10-15T15:12:05.530+0100] {logging_mixin.py:137} INFO - [2023-10-15T15:12:05.530+0100] {manager.py:504} INFO - Created Permission View: can delete on DAG:dataset_produces_1
[2023-10-15T15:12:05.531+0100] {logging_mixin.py:137} INFO - [2023-10-15T15:12:05.531+0100] {manager.py:504} INFO - Created Permission View: can edit on DAG:dataset_produces_1
[2023-10-15T15:12:05.535+0100] {logging_mixin.py:137} INFO - [2023-10-15T15:12:05.535+0100] {manager.py:504} INFO - Created Permission View: can read on DAG:dataset_consumes_1_never_scheduled
[2023-10-15T15:12:05.537+0100] {logging_mixin.py:137} INFO - [2023-10-15T15:12:05.537+0100] {manager.py:504} INFO - Created Permission View: can delete on DAG:dataset_consumes_1_never_scheduled
[2023-10-15T15:12:05.539+0100] {logging_mixin.py:137} INFO - [2023-10-15T15:12:05.539+0100] {manager.py:504} INFO - Created Permission View: can edit on DAG:dataset_consumes_1_never_scheduled
[2023-10-15T15:12:05.542+0100] {logging_mixin.py:137} INFO - [2023-10-15T15:12:05.542+0100] {manager.py:504} INFO - Created Permission View: can read on DAG:dataset_consumes_1_and_2
[2023-10-15T15:12:05.546+0100] {logging_mixin.py:137} INFO - [2023-10-15T15:12:05.546+0100] {manager.py:504} INFO - Created Permission View: can delete on DAG:dataset_consumes_1_and_2
[2023-10-15T15:12:05.548+0100] {logging_mixin.py:137} INFO - [2023-10-15T15:12:05.548+0100] {manager.py:504} INFO - Created Permission View: can edit on DAG:dataset_consumes_1_and_2
[2023-10-15T15:12:05.552+0100] {logging_mixin.py:137} INFO - [2023-10-15T15:12:05.552+0100] {manager.py:504} INFO - Created Permission View: can read on DAG:dataset_consumes_1
[2023-10-15T15:12:05.554+0100] {logging_mixin.py:137} INFO - [2023-10-15T15:12:05.554+0100] {manager.py:504} INFO - Created Permission View: can delete on DAG:dataset_consumes_1
[2023-10-15T15:12:05.556+0100] {logging_mixin.py:137} INFO - [2023-10-15T15:12:05.555+0100] {manager.py:504} INFO - Created Permission View: can edit on DAG:dataset_consumes_1
[2023-10-15T15:12:05.556+0100] {logging_mixin.py:137} INFO - [2023-10-15T15:12:05.556+0100] {dag.py:2705} INFO - Sync 6 DAGs
[2023-10-15T15:12:05.559+0100] {logging_mixin.py:137} INFO - [2023-10-15T15:12:05.559+0100] {dag.py:2726} INFO - Creating ORM DAG for dataset_consumes_unknown_never_scheduled
[2023-10-15T15:12:05.559+0100] {logging_mixin.py:137} INFO - [2023-10-15T15:12:05.559+0100] {dag.py:2726} INFO - Creating ORM DAG for dataset_consumes_1_never_scheduled
[2023-10-15T15:12:05.560+0100] {logging_mixin.py:137} INFO - [2023-10-15T15:12:05.560+0100] {dag.py:2726} INFO - Creating ORM DAG for dataset_consumes_1
[2023-10-15T15:12:05.560+0100] {logging_mixin.py:137} INFO - [2023-10-15T15:12:05.560+0100] {dag.py:2726} INFO - Creating ORM DAG for dataset_produces_2
[2023-10-15T15:12:05.560+0100] {logging_mixin.py:137} INFO - [2023-10-15T15:12:05.560+0100] {dag.py:2726} INFO - Creating ORM DAG for dataset_consumes_1_and_2
[2023-10-15T15:12:05.560+0100] {logging_mixin.py:137} INFO - [2023-10-15T15:12:05.560+0100] {dag.py:2726} INFO - Creating ORM DAG for dataset_produces_1
[2023-10-15T15:12:05.562+0100] {logging_mixin.py:137} INFO - [2023-10-15T15:12:05.562+0100] {dag.py:3452} INFO - Setting next_dagrun for dataset_consumes_1 to None, run_after=None
[2023-10-15T15:12:05.562+0100] {logging_mixin.py:137} INFO - [2023-10-15T15:12:05.562+0100] {dag.py:3452} INFO - Setting next_dagrun for dataset_consumes_1_and_2 to None, run_after=None
[2023-10-15T15:12:05.563+0100] {logging_mixin.py:137} INFO - [2023-10-15T15:12:05.563+0100] {dag.py:3452} INFO - Setting next_dagrun for dataset_consumes_1_never_scheduled to None, run_after=None
[2023-10-15T15:12:05.563+0100] {logging_mixin.py:137} INFO - [2023-10-15T15:12:05.563+0100] {dag.py:3452} INFO - Setting next_dagrun for dataset_consumes_unknown_never_scheduled to None, run_after=None
[2023-10-15T15:12:05.563+0100] {logging_mixin.py:137} INFO - [2023-10-15T15:12:05.563+0100] {dag.py:3452} INFO - Setting next_dagrun for dataset_produces_1 to 2023-10-14T00:00:00+00:00, run_after=2023-10-15T00:00:00+00:00
[2023-10-15T15:12:05.563+0100] {logging_mixin.py:137} INFO - [2023-10-15T15:12:05.563+0100] {dag.py:3452} INFO - Setting next_dagrun for dataset_produces_2 to None, run_after=None
[2023-10-15T15:12:05.574+0100] {processor.py:175} INFO - Processing /Users/b/Documents/workflow/venv/lib/python3.11/site-packages/airflow/example_dags/example_datasets.py took 0.259 seconds
[2023-10-15T15:13:16.291+0100] {processor.py:153} INFO - Started process (PID=29896) to work on /Users/b/Documents/workflow/venv/lib/python3.11/site-packages/airflow/example_dags/example_datasets.py
[2023-10-15T15:13:16.293+0100] {processor.py:743} INFO - Processing file /Users/b/Documents/workflow/venv/lib/python3.11/site-packages/airflow/example_dags/example_datasets.py for tasks to queue
[2023-10-15T15:13:16.293+0100] {logging_mixin.py:137} INFO - [2023-10-15T15:13:16.293+0100] {dagbag.py:532} INFO - Filling up the DagBag from /Users/b/Documents/workflow/venv/lib/python3.11/site-packages/airflow/example_dags/example_datasets.py
[2023-10-15T15:13:16.304+0100] {processor.py:753} INFO - DAG(s) dict_keys(['dataset_consumes_1_and_2', 'dataset_consumes_unknown_never_scheduled', 'dataset_consumes_1_never_scheduled', 'dataset_produces_2', 'dataset_consumes_1', 'dataset_produces_1']) retrieved from /Users/b/Documents/workflow/venv/lib/python3.11/site-packages/airflow/example_dags/example_datasets.py
[2023-10-15T15:13:16.489+0100] {logging_mixin.py:137} INFO - [2023-10-15T15:13:16.488+0100] {dag.py:2705} INFO - Sync 6 DAGs
[2023-10-15T15:13:16.494+0100] {logging_mixin.py:137} INFO - [2023-10-15T15:13:16.494+0100] {dag.py:3452} INFO - Setting next_dagrun for dataset_consumes_1 to None, run_after=None
[2023-10-15T15:13:16.495+0100] {logging_mixin.py:137} INFO - [2023-10-15T15:13:16.495+0100] {dag.py:3452} INFO - Setting next_dagrun for dataset_consumes_1_and_2 to None, run_after=None
[2023-10-15T15:13:16.495+0100] {logging_mixin.py:137} INFO - [2023-10-15T15:13:16.495+0100] {dag.py:3452} INFO - Setting next_dagrun for dataset_consumes_1_never_scheduled to None, run_after=None
[2023-10-15T15:13:16.495+0100] {logging_mixin.py:137} INFO - [2023-10-15T15:13:16.495+0100] {dag.py:3452} INFO - Setting next_dagrun for dataset_consumes_unknown_never_scheduled to None, run_after=None
[2023-10-15T15:13:16.496+0100] {logging_mixin.py:137} INFO - [2023-10-15T15:13:16.496+0100] {dag.py:3452} INFO - Setting next_dagrun for dataset_produces_1 to 2023-10-14T00:00:00+00:00, run_after=2023-10-15T00:00:00+00:00
[2023-10-15T15:13:16.496+0100] {logging_mixin.py:137} INFO - [2023-10-15T15:13:16.496+0100] {dag.py:3452} INFO - Setting next_dagrun for dataset_produces_2 to None, run_after=None
[2023-10-15T15:13:16.507+0100] {processor.py:175} INFO - Processing /Users/b/Documents/workflow/venv/lib/python3.11/site-packages/airflow/example_dags/example_datasets.py took 0.216 seconds
[2023-10-15T15:14:19.988+0100] {processor.py:153} INFO - Started process (PID=30180) to work on /Users/b/Documents/workflow/venv/lib/python3.11/site-packages/airflow/example_dags/example_datasets.py
[2023-10-15T15:14:19.990+0100] {processor.py:743} INFO - Processing file /Users/b/Documents/workflow/venv/lib/python3.11/site-packages/airflow/example_dags/example_datasets.py for tasks to queue
[2023-10-15T15:14:19.990+0100] {logging_mixin.py:137} INFO - [2023-10-15T15:14:19.990+0100] {dagbag.py:532} INFO - Filling up the DagBag from /Users/b/Documents/workflow/venv/lib/python3.11/site-packages/airflow/example_dags/example_datasets.py
[2023-10-15T15:14:20.000+0100] {processor.py:753} INFO - DAG(s) dict_keys(['dataset_consumes_1_and_2', 'dataset_consumes_1', 'dataset_produces_2', 'dataset_consumes_unknown_never_scheduled', 'dataset_produces_1', 'dataset_consumes_1_never_scheduled']) retrieved from /Users/b/Documents/workflow/venv/lib/python3.11/site-packages/airflow/example_dags/example_datasets.py
[2023-10-15T15:14:20.170+0100] {logging_mixin.py:137} INFO - [2023-10-15T15:14:20.170+0100] {dag.py:2705} INFO - Sync 6 DAGs
[2023-10-15T15:14:20.176+0100] {logging_mixin.py:137} INFO - [2023-10-15T15:14:20.176+0100] {dag.py:3452} INFO - Setting next_dagrun for dataset_consumes_1 to None, run_after=None
[2023-10-15T15:14:20.178+0100] {logging_mixin.py:137} INFO - [2023-10-15T15:14:20.178+0100] {dag.py:3452} INFO - Setting next_dagrun for dataset_consumes_1_and_2 to None, run_after=None
[2023-10-15T15:14:20.179+0100] {logging_mixin.py:137} INFO - [2023-10-15T15:14:20.178+0100] {dag.py:3452} INFO - Setting next_dagrun for dataset_consumes_1_never_scheduled to None, run_after=None
[2023-10-15T15:14:20.179+0100] {logging_mixin.py:137} INFO - [2023-10-15T15:14:20.179+0100] {dag.py:3452} INFO - Setting next_dagrun for dataset_consumes_unknown_never_scheduled to None, run_after=None
[2023-10-15T15:14:20.180+0100] {logging_mixin.py:137} INFO - [2023-10-15T15:14:20.179+0100] {dag.py:3452} INFO - Setting next_dagrun for dataset_produces_1 to 2023-10-14T00:00:00+00:00, run_after=2023-10-15T00:00:00+00:00
[2023-10-15T15:14:20.180+0100] {logging_mixin.py:137} INFO - [2023-10-15T15:14:20.180+0100] {dag.py:3452} INFO - Setting next_dagrun for dataset_produces_2 to None, run_after=None
[2023-10-15T15:14:20.189+0100] {processor.py:175} INFO - Processing /Users/b/Documents/workflow/venv/lib/python3.11/site-packages/airflow/example_dags/example_datasets.py took 0.202 seconds
[2023-10-15T15:15:23.291+0100] {processor.py:153} INFO - Started process (PID=30325) to work on /Users/b/Documents/workflow/venv/lib/python3.11/site-packages/airflow/example_dags/example_datasets.py
[2023-10-15T15:15:23.294+0100] {processor.py:743} INFO - Processing file /Users/b/Documents/workflow/venv/lib/python3.11/site-packages/airflow/example_dags/example_datasets.py for tasks to queue
[2023-10-15T15:15:23.294+0100] {logging_mixin.py:137} INFO - [2023-10-15T15:15:23.294+0100] {dagbag.py:532} INFO - Filling up the DagBag from /Users/b/Documents/workflow/venv/lib/python3.11/site-packages/airflow/example_dags/example_datasets.py
[2023-10-15T15:15:23.304+0100] {processor.py:753} INFO - DAG(s) dict_keys(['dataset_produces_1', 'dataset_consumes_unknown_never_scheduled', 'dataset_consumes_1', 'dataset_consumes_1_never_scheduled', 'dataset_produces_2', 'dataset_consumes_1_and_2']) retrieved from /Users/b/Documents/workflow/venv/lib/python3.11/site-packages/airflow/example_dags/example_datasets.py
[2023-10-15T15:15:23.459+0100] {logging_mixin.py:137} INFO - [2023-10-15T15:15:23.459+0100] {dag.py:2705} INFO - Sync 6 DAGs
[2023-10-15T15:15:23.466+0100] {logging_mixin.py:137} INFO - [2023-10-15T15:15:23.465+0100] {dag.py:3452} INFO - Setting next_dagrun for dataset_consumes_1 to None, run_after=None
[2023-10-15T15:15:23.466+0100] {logging_mixin.py:137} INFO - [2023-10-15T15:15:23.466+0100] {dag.py:3452} INFO - Setting next_dagrun for dataset_consumes_1_and_2 to None, run_after=None
[2023-10-15T15:15:23.467+0100] {logging_mixin.py:137} INFO - [2023-10-15T15:15:23.467+0100] {dag.py:3452} INFO - Setting next_dagrun for dataset_consumes_1_never_scheduled to None, run_after=None
[2023-10-15T15:15:23.467+0100] {logging_mixin.py:137} INFO - [2023-10-15T15:15:23.467+0100] {dag.py:3452} INFO - Setting next_dagrun for dataset_consumes_unknown_never_scheduled to None, run_after=None
[2023-10-15T15:15:23.468+0100] {logging_mixin.py:137} INFO - [2023-10-15T15:15:23.467+0100] {dag.py:3452} INFO - Setting next_dagrun for dataset_produces_1 to 2023-10-14T00:00:00+00:00, run_after=2023-10-15T00:00:00+00:00
[2023-10-15T15:15:23.468+0100] {logging_mixin.py:137} INFO - [2023-10-15T15:15:23.468+0100] {dag.py:3452} INFO - Setting next_dagrun for dataset_produces_2 to None, run_after=None
[2023-10-15T15:15:23.477+0100] {processor.py:175} INFO - Processing /Users/b/Documents/workflow/venv/lib/python3.11/site-packages/airflow/example_dags/example_datasets.py took 0.186 seconds
[2023-10-15T15:20:49.657+0100] {processor.py:153} INFO - Started process (PID=30954) to work on /Users/b/Documents/workflow/venv/lib/python3.11/site-packages/airflow/example_dags/example_datasets.py
[2023-10-15T15:20:49.659+0100] {processor.py:743} INFO - Processing file /Users/b/Documents/workflow/venv/lib/python3.11/site-packages/airflow/example_dags/example_datasets.py for tasks to queue
[2023-10-15T15:20:49.659+0100] {logging_mixin.py:137} INFO - [2023-10-15T15:20:49.659+0100] {dagbag.py:532} INFO - Filling up the DagBag from /Users/b/Documents/workflow/venv/lib/python3.11/site-packages/airflow/example_dags/example_datasets.py
[2023-10-15T15:20:49.668+0100] {processor.py:753} INFO - DAG(s) dict_keys(['dataset_produces_1', 'dataset_consumes_1_and_2', 'dataset_consumes_unknown_never_scheduled', 'dataset_consumes_1_never_scheduled', 'dataset_consumes_1', 'dataset_produces_2']) retrieved from /Users/b/Documents/workflow/venv/lib/python3.11/site-packages/airflow/example_dags/example_datasets.py
[2023-10-15T15:20:49.845+0100] {logging_mixin.py:137} INFO - [2023-10-15T15:20:49.845+0100] {dag.py:2705} INFO - Sync 6 DAGs
[2023-10-15T15:20:49.852+0100] {logging_mixin.py:137} INFO - [2023-10-15T15:20:49.852+0100] {dag.py:3452} INFO - Setting next_dagrun for dataset_consumes_1 to None, run_after=None
[2023-10-15T15:20:49.853+0100] {logging_mixin.py:137} INFO - [2023-10-15T15:20:49.853+0100] {dag.py:3452} INFO - Setting next_dagrun for dataset_consumes_1_and_2 to None, run_after=None
[2023-10-15T15:20:49.853+0100] {logging_mixin.py:137} INFO - [2023-10-15T15:20:49.853+0100] {dag.py:3452} INFO - Setting next_dagrun for dataset_consumes_1_never_scheduled to None, run_after=None
[2023-10-15T15:20:49.854+0100] {logging_mixin.py:137} INFO - [2023-10-15T15:20:49.853+0100] {dag.py:3452} INFO - Setting next_dagrun for dataset_consumes_unknown_never_scheduled to None, run_after=None
[2023-10-15T15:20:49.854+0100] {logging_mixin.py:137} INFO - [2023-10-15T15:20:49.854+0100] {dag.py:3452} INFO - Setting next_dagrun for dataset_produces_1 to 2023-10-14T00:00:00+00:00, run_after=2023-10-15T00:00:00+00:00
[2023-10-15T15:20:49.855+0100] {logging_mixin.py:137} INFO - [2023-10-15T15:20:49.855+0100] {dag.py:3452} INFO - Setting next_dagrun for dataset_produces_2 to None, run_after=None
[2023-10-15T15:20:49.864+0100] {processor.py:175} INFO - Processing /Users/b/Documents/workflow/venv/lib/python3.11/site-packages/airflow/example_dags/example_datasets.py took 0.208 seconds
[2023-10-15T15:21:55.585+0100] {processor.py:153} INFO - Started process (PID=31165) to work on /Users/b/Documents/workflow/venv/lib/python3.11/site-packages/airflow/example_dags/example_datasets.py
[2023-10-15T15:21:55.587+0100] {processor.py:743} INFO - Processing file /Users/b/Documents/workflow/venv/lib/python3.11/site-packages/airflow/example_dags/example_datasets.py for tasks to queue
[2023-10-15T15:21:55.587+0100] {logging_mixin.py:137} INFO - [2023-10-15T15:21:55.587+0100] {dagbag.py:532} INFO - Filling up the DagBag from /Users/b/Documents/workflow/venv/lib/python3.11/site-packages/airflow/example_dags/example_datasets.py
[2023-10-15T15:21:55.596+0100] {processor.py:753} INFO - DAG(s) dict_keys(['dataset_produces_1', 'dataset_consumes_1', 'dataset_consumes_unknown_never_scheduled', 'dataset_produces_2', 'dataset_consumes_1_never_scheduled', 'dataset_consumes_1_and_2']) retrieved from /Users/b/Documents/workflow/venv/lib/python3.11/site-packages/airflow/example_dags/example_datasets.py
[2023-10-15T15:21:55.765+0100] {logging_mixin.py:137} INFO - [2023-10-15T15:21:55.764+0100] {dag.py:2705} INFO - Sync 6 DAGs
[2023-10-15T15:21:55.770+0100] {logging_mixin.py:137} INFO - [2023-10-15T15:21:55.770+0100] {dag.py:3452} INFO - Setting next_dagrun for dataset_consumes_1 to None, run_after=None
[2023-10-15T15:21:55.771+0100] {logging_mixin.py:137} INFO - [2023-10-15T15:21:55.771+0100] {dag.py:3452} INFO - Setting next_dagrun for dataset_consumes_1_and_2 to None, run_after=None
[2023-10-15T15:21:55.771+0100] {logging_mixin.py:137} INFO - [2023-10-15T15:21:55.771+0100] {dag.py:3452} INFO - Setting next_dagrun for dataset_consumes_1_never_scheduled to None, run_after=None
[2023-10-15T15:21:55.771+0100] {logging_mixin.py:137} INFO - [2023-10-15T15:21:55.771+0100] {dag.py:3452} INFO - Setting next_dagrun for dataset_consumes_unknown_never_scheduled to None, run_after=None
[2023-10-15T15:21:55.772+0100] {logging_mixin.py:137} INFO - [2023-10-15T15:21:55.772+0100] {dag.py:3452} INFO - Setting next_dagrun for dataset_produces_1 to 2023-10-14T00:00:00+00:00, run_after=2023-10-15T00:00:00+00:00
[2023-10-15T15:21:55.772+0100] {logging_mixin.py:137} INFO - [2023-10-15T15:21:55.772+0100] {dag.py:3452} INFO - Setting next_dagrun for dataset_produces_2 to None, run_after=None
[2023-10-15T15:21:55.781+0100] {processor.py:175} INFO - Processing /Users/b/Documents/workflow/venv/lib/python3.11/site-packages/airflow/example_dags/example_datasets.py took 0.197 seconds
[2023-10-15T15:22:59.211+0100] {processor.py:153} INFO - Started process (PID=31302) to work on /Users/b/Documents/workflow/venv/lib/python3.11/site-packages/airflow/example_dags/example_datasets.py
[2023-10-15T15:22:59.213+0100] {processor.py:743} INFO - Processing file /Users/b/Documents/workflow/venv/lib/python3.11/site-packages/airflow/example_dags/example_datasets.py for tasks to queue
[2023-10-15T15:22:59.214+0100] {logging_mixin.py:137} INFO - [2023-10-15T15:22:59.214+0100] {dagbag.py:532} INFO - Filling up the DagBag from /Users/b/Documents/workflow/venv/lib/python3.11/site-packages/airflow/example_dags/example_datasets.py
[2023-10-15T15:22:59.223+0100] {processor.py:753} INFO - DAG(s) dict_keys(['dataset_produces_1', 'dataset_consumes_1_and_2', 'dataset_consumes_unknown_never_scheduled', 'dataset_produces_2', 'dataset_consumes_1_never_scheduled', 'dataset_consumes_1']) retrieved from /Users/b/Documents/workflow/venv/lib/python3.11/site-packages/airflow/example_dags/example_datasets.py
[2023-10-15T15:22:59.393+0100] {logging_mixin.py:137} INFO - [2023-10-15T15:22:59.392+0100] {dag.py:2705} INFO - Sync 6 DAGs
[2023-10-15T15:22:59.398+0100] {logging_mixin.py:137} INFO - [2023-10-15T15:22:59.398+0100] {dag.py:3452} INFO - Setting next_dagrun for dataset_consumes_1 to None, run_after=None
[2023-10-15T15:22:59.399+0100] {logging_mixin.py:137} INFO - [2023-10-15T15:22:59.399+0100] {dag.py:3452} INFO - Setting next_dagrun for dataset_consumes_1_and_2 to None, run_after=None
[2023-10-15T15:22:59.399+0100] {logging_mixin.py:137} INFO - [2023-10-15T15:22:59.399+0100] {dag.py:3452} INFO - Setting next_dagrun for dataset_consumes_1_never_scheduled to None, run_after=None
[2023-10-15T15:22:59.399+0100] {logging_mixin.py:137} INFO - [2023-10-15T15:22:59.399+0100] {dag.py:3452} INFO - Setting next_dagrun for dataset_consumes_unknown_never_scheduled to None, run_after=None
[2023-10-15T15:22:59.400+0100] {logging_mixin.py:137} INFO - [2023-10-15T15:22:59.400+0100] {dag.py:3452} INFO - Setting next_dagrun for dataset_produces_1 to 2023-10-14T00:00:00+00:00, run_after=2023-10-15T00:00:00+00:00
[2023-10-15T15:22:59.400+0100] {logging_mixin.py:137} INFO - [2023-10-15T15:22:59.400+0100] {dag.py:3452} INFO - Setting next_dagrun for dataset_produces_2 to None, run_after=None
[2023-10-15T15:22:59.409+0100] {processor.py:175} INFO - Processing /Users/b/Documents/workflow/venv/lib/python3.11/site-packages/airflow/example_dags/example_datasets.py took 0.199 seconds
[2023-10-15T15:24:04.531+0100] {processor.py:153} INFO - Started process (PID=31447) to work on /Users/b/Documents/workflow/venv/lib/python3.11/site-packages/airflow/example_dags/example_datasets.py
[2023-10-15T15:24:04.533+0100] {processor.py:743} INFO - Processing file /Users/b/Documents/workflow/venv/lib/python3.11/site-packages/airflow/example_dags/example_datasets.py for tasks to queue
[2023-10-15T15:24:04.534+0100] {logging_mixin.py:137} INFO - [2023-10-15T15:24:04.534+0100] {dagbag.py:532} INFO - Filling up the DagBag from /Users/b/Documents/workflow/venv/lib/python3.11/site-packages/airflow/example_dags/example_datasets.py
[2023-10-15T15:24:04.546+0100] {processor.py:753} INFO - DAG(s) dict_keys(['dataset_consumes_1', 'dataset_consumes_1_never_scheduled', 'dataset_consumes_unknown_never_scheduled', 'dataset_produces_2', 'dataset_produces_1', 'dataset_consumes_1_and_2']) retrieved from /Users/b/Documents/workflow/venv/lib/python3.11/site-packages/airflow/example_dags/example_datasets.py
[2023-10-15T15:24:04.735+0100] {logging_mixin.py:137} INFO - [2023-10-15T15:24:04.735+0100] {dag.py:2705} INFO - Sync 6 DAGs
[2023-10-15T15:24:04.741+0100] {logging_mixin.py:137} INFO - [2023-10-15T15:24:04.741+0100] {dag.py:3452} INFO - Setting next_dagrun for dataset_consumes_1 to None, run_after=None
[2023-10-15T15:24:04.742+0100] {logging_mixin.py:137} INFO - [2023-10-15T15:24:04.742+0100] {dag.py:3452} INFO - Setting next_dagrun for dataset_consumes_1_and_2 to None, run_after=None
[2023-10-15T15:24:04.742+0100] {logging_mixin.py:137} INFO - [2023-10-15T15:24:04.742+0100] {dag.py:3452} INFO - Setting next_dagrun for dataset_consumes_1_never_scheduled to None, run_after=None
[2023-10-15T15:24:04.742+0100] {logging_mixin.py:137} INFO - [2023-10-15T15:24:04.742+0100] {dag.py:3452} INFO - Setting next_dagrun for dataset_consumes_unknown_never_scheduled to None, run_after=None
[2023-10-15T15:24:04.743+0100] {logging_mixin.py:137} INFO - [2023-10-15T15:24:04.743+0100] {dag.py:3452} INFO - Setting next_dagrun for dataset_produces_1 to 2023-10-14T00:00:00+00:00, run_after=2023-10-15T00:00:00+00:00
[2023-10-15T15:24:04.743+0100] {logging_mixin.py:137} INFO - [2023-10-15T15:24:04.743+0100] {dag.py:3452} INFO - Setting next_dagrun for dataset_produces_2 to None, run_after=None
[2023-10-15T15:24:04.752+0100] {processor.py:175} INFO - Processing /Users/b/Documents/workflow/venv/lib/python3.11/site-packages/airflow/example_dags/example_datasets.py took 0.222 seconds
[2023-10-15T15:25:08.911+0100] {processor.py:153} INFO - Started process (PID=31580) to work on /Users/b/Documents/workflow/venv/lib/python3.11/site-packages/airflow/example_dags/example_datasets.py
[2023-10-15T15:25:08.914+0100] {processor.py:743} INFO - Processing file /Users/b/Documents/workflow/venv/lib/python3.11/site-packages/airflow/example_dags/example_datasets.py for tasks to queue
[2023-10-15T15:25:08.915+0100] {logging_mixin.py:137} INFO - [2023-10-15T15:25:08.914+0100] {dagbag.py:532} INFO - Filling up the DagBag from /Users/b/Documents/workflow/venv/lib/python3.11/site-packages/airflow/example_dags/example_datasets.py
[2023-10-15T15:25:08.925+0100] {processor.py:753} INFO - DAG(s) dict_keys(['dataset_produces_2', 'dataset_produces_1', 'dataset_consumes_1', 'dataset_consumes_1_and_2', 'dataset_consumes_1_never_scheduled', 'dataset_consumes_unknown_never_scheduled']) retrieved from /Users/b/Documents/workflow/venv/lib/python3.11/site-packages/airflow/example_dags/example_datasets.py
[2023-10-15T15:25:09.108+0100] {logging_mixin.py:137} INFO - [2023-10-15T15:25:09.108+0100] {dag.py:2705} INFO - Sync 6 DAGs
[2023-10-15T15:25:09.114+0100] {logging_mixin.py:137} INFO - [2023-10-15T15:25:09.114+0100] {dag.py:3452} INFO - Setting next_dagrun for dataset_consumes_1 to None, run_after=None
[2023-10-15T15:25:09.115+0100] {logging_mixin.py:137} INFO - [2023-10-15T15:25:09.115+0100] {dag.py:3452} INFO - Setting next_dagrun for dataset_consumes_1_and_2 to None, run_after=None
[2023-10-15T15:25:09.115+0100] {logging_mixin.py:137} INFO - [2023-10-15T15:25:09.115+0100] {dag.py:3452} INFO - Setting next_dagrun for dataset_consumes_1_never_scheduled to None, run_after=None
[2023-10-15T15:25:09.115+0100] {logging_mixin.py:137} INFO - [2023-10-15T15:25:09.115+0100] {dag.py:3452} INFO - Setting next_dagrun for dataset_consumes_unknown_never_scheduled to None, run_after=None
[2023-10-15T15:25:09.116+0100] {logging_mixin.py:137} INFO - [2023-10-15T15:25:09.116+0100] {dag.py:3452} INFO - Setting next_dagrun for dataset_produces_1 to 2023-10-14T00:00:00+00:00, run_after=2023-10-15T00:00:00+00:00
[2023-10-15T15:25:09.116+0100] {logging_mixin.py:137} INFO - [2023-10-15T15:25:09.116+0100] {dag.py:3452} INFO - Setting next_dagrun for dataset_produces_2 to None, run_after=None
[2023-10-15T15:25:09.126+0100] {processor.py:175} INFO - Processing /Users/b/Documents/workflow/venv/lib/python3.11/site-packages/airflow/example_dags/example_datasets.py took 0.215 seconds
[2023-10-15T15:26:14.015+0100] {processor.py:153} INFO - Started process (PID=31705) to work on /Users/b/Documents/workflow/venv/lib/python3.11/site-packages/airflow/example_dags/example_datasets.py
[2023-10-15T15:26:14.017+0100] {processor.py:743} INFO - Processing file /Users/b/Documents/workflow/venv/lib/python3.11/site-packages/airflow/example_dags/example_datasets.py for tasks to queue
[2023-10-15T15:26:14.018+0100] {logging_mixin.py:137} INFO - [2023-10-15T15:26:14.018+0100] {dagbag.py:532} INFO - Filling up the DagBag from /Users/b/Documents/workflow/venv/lib/python3.11/site-packages/airflow/example_dags/example_datasets.py
[2023-10-15T15:26:14.027+0100] {processor.py:753} INFO - DAG(s) dict_keys(['dataset_produces_2', 'dataset_consumes_1_and_2', 'dataset_consumes_1', 'dataset_consumes_unknown_never_scheduled', 'dataset_produces_1', 'dataset_consumes_1_never_scheduled']) retrieved from /Users/b/Documents/workflow/venv/lib/python3.11/site-packages/airflow/example_dags/example_datasets.py
[2023-10-15T15:26:14.197+0100] {logging_mixin.py:137} INFO - [2023-10-15T15:26:14.196+0100] {dag.py:2705} INFO - Sync 6 DAGs
[2023-10-15T15:26:14.202+0100] {logging_mixin.py:137} INFO - [2023-10-15T15:26:14.202+0100] {dag.py:3452} INFO - Setting next_dagrun for dataset_consumes_1 to None, run_after=None
[2023-10-15T15:26:14.203+0100] {logging_mixin.py:137} INFO - [2023-10-15T15:26:14.203+0100] {dag.py:3452} INFO - Setting next_dagrun for dataset_consumes_1_and_2 to None, run_after=None
[2023-10-15T15:26:14.203+0100] {logging_mixin.py:137} INFO - [2023-10-15T15:26:14.203+0100] {dag.py:3452} INFO - Setting next_dagrun for dataset_consumes_1_never_scheduled to None, run_after=None
[2023-10-15T15:26:14.204+0100] {logging_mixin.py:137} INFO - [2023-10-15T15:26:14.204+0100] {dag.py:3452} INFO - Setting next_dagrun for dataset_consumes_unknown_never_scheduled to None, run_after=None
[2023-10-15T15:26:14.204+0100] {logging_mixin.py:137} INFO - [2023-10-15T15:26:14.204+0100] {dag.py:3452} INFO - Setting next_dagrun for dataset_produces_1 to 2023-10-14T00:00:00+00:00, run_after=2023-10-15T00:00:00+00:00
[2023-10-15T15:26:14.205+0100] {logging_mixin.py:137} INFO - [2023-10-15T15:26:14.205+0100] {dag.py:3452} INFO - Setting next_dagrun for dataset_produces_2 to None, run_after=None
[2023-10-15T15:26:14.213+0100] {processor.py:175} INFO - Processing /Users/b/Documents/workflow/venv/lib/python3.11/site-packages/airflow/example_dags/example_datasets.py took 0.199 seconds
[2023-10-15T15:27:18.464+0100] {processor.py:153} INFO - Started process (PID=31817) to work on /Users/b/Documents/workflow/venv/lib/python3.11/site-packages/airflow/example_dags/example_datasets.py
[2023-10-15T15:27:18.467+0100] {processor.py:743} INFO - Processing file /Users/b/Documents/workflow/venv/lib/python3.11/site-packages/airflow/example_dags/example_datasets.py for tasks to queue
[2023-10-15T15:27:18.467+0100] {logging_mixin.py:137} INFO - [2023-10-15T15:27:18.467+0100] {dagbag.py:532} INFO - Filling up the DagBag from /Users/b/Documents/workflow/venv/lib/python3.11/site-packages/airflow/example_dags/example_datasets.py
[2023-10-15T15:27:18.477+0100] {processor.py:753} INFO - DAG(s) dict_keys(['dataset_consumes_1_and_2', 'dataset_consumes_unknown_never_scheduled', 'dataset_consumes_1', 'dataset_produces_1', 'dataset_produces_2', 'dataset_consumes_1_never_scheduled']) retrieved from /Users/b/Documents/workflow/venv/lib/python3.11/site-packages/airflow/example_dags/example_datasets.py
[2023-10-15T15:27:18.652+0100] {logging_mixin.py:137} INFO - [2023-10-15T15:27:18.651+0100] {dag.py:2705} INFO - Sync 6 DAGs
[2023-10-15T15:27:18.657+0100] {logging_mixin.py:137} INFO - [2023-10-15T15:27:18.657+0100] {dag.py:3452} INFO - Setting next_dagrun for dataset_consumes_1 to None, run_after=None
[2023-10-15T15:27:18.658+0100] {logging_mixin.py:137} INFO - [2023-10-15T15:27:18.658+0100] {dag.py:3452} INFO - Setting next_dagrun for dataset_consumes_1_and_2 to None, run_after=None
[2023-10-15T15:27:18.658+0100] {logging_mixin.py:137} INFO - [2023-10-15T15:27:18.658+0100] {dag.py:3452} INFO - Setting next_dagrun for dataset_consumes_1_never_scheduled to None, run_after=None
[2023-10-15T15:27:18.658+0100] {logging_mixin.py:137} INFO - [2023-10-15T15:27:18.658+0100] {dag.py:3452} INFO - Setting next_dagrun for dataset_consumes_unknown_never_scheduled to None, run_after=None
[2023-10-15T15:27:18.659+0100] {logging_mixin.py:137} INFO - [2023-10-15T15:27:18.659+0100] {dag.py:3452} INFO - Setting next_dagrun for dataset_produces_1 to 2023-10-14T00:00:00+00:00, run_after=2023-10-15T00:00:00+00:00
[2023-10-15T15:27:18.659+0100] {logging_mixin.py:137} INFO - [2023-10-15T15:27:18.659+0100] {dag.py:3452} INFO - Setting next_dagrun for dataset_produces_2 to None, run_after=None
[2023-10-15T15:27:18.668+0100] {processor.py:175} INFO - Processing /Users/b/Documents/workflow/venv/lib/python3.11/site-packages/airflow/example_dags/example_datasets.py took 0.204 seconds
[2023-10-15T15:28:21.716+0100] {processor.py:153} INFO - Started process (PID=31923) to work on /Users/b/Documents/workflow/venv/lib/python3.11/site-packages/airflow/example_dags/example_datasets.py
[2023-10-15T15:28:21.718+0100] {processor.py:743} INFO - Processing file /Users/b/Documents/workflow/venv/lib/python3.11/site-packages/airflow/example_dags/example_datasets.py for tasks to queue
[2023-10-15T15:28:21.719+0100] {logging_mixin.py:137} INFO - [2023-10-15T15:28:21.718+0100] {dagbag.py:532} INFO - Filling up the DagBag from /Users/b/Documents/workflow/venv/lib/python3.11/site-packages/airflow/example_dags/example_datasets.py
[2023-10-15T15:28:21.728+0100] {processor.py:753} INFO - DAG(s) dict_keys(['dataset_produces_1', 'dataset_consumes_1', 'dataset_consumes_1_never_scheduled', 'dataset_consumes_1_and_2', 'dataset_consumes_unknown_never_scheduled', 'dataset_produces_2']) retrieved from /Users/b/Documents/workflow/venv/lib/python3.11/site-packages/airflow/example_dags/example_datasets.py
[2023-10-15T15:28:21.898+0100] {logging_mixin.py:137} INFO - [2023-10-15T15:28:21.898+0100] {dag.py:2705} INFO - Sync 6 DAGs
[2023-10-15T15:28:21.904+0100] {logging_mixin.py:137} INFO - [2023-10-15T15:28:21.904+0100] {dag.py:3452} INFO - Setting next_dagrun for dataset_consumes_1 to None, run_after=None
[2023-10-15T15:28:21.905+0100] {logging_mixin.py:137} INFO - [2023-10-15T15:28:21.905+0100] {dag.py:3452} INFO - Setting next_dagrun for dataset_consumes_1_and_2 to None, run_after=None
[2023-10-15T15:28:21.905+0100] {logging_mixin.py:137} INFO - [2023-10-15T15:28:21.905+0100] {dag.py:3452} INFO - Setting next_dagrun for dataset_consumes_1_never_scheduled to None, run_after=None
[2023-10-15T15:28:21.905+0100] {logging_mixin.py:137} INFO - [2023-10-15T15:28:21.905+0100] {dag.py:3452} INFO - Setting next_dagrun for dataset_consumes_unknown_never_scheduled to None, run_after=None
[2023-10-15T15:28:21.906+0100] {logging_mixin.py:137} INFO - [2023-10-15T15:28:21.906+0100] {dag.py:3452} INFO - Setting next_dagrun for dataset_produces_1 to 2023-10-14T00:00:00+00:00, run_after=2023-10-15T00:00:00+00:00
[2023-10-15T15:28:21.906+0100] {logging_mixin.py:137} INFO - [2023-10-15T15:28:21.906+0100] {dag.py:3452} INFO - Setting next_dagrun for dataset_produces_2 to None, run_after=None
[2023-10-15T15:28:21.916+0100] {processor.py:175} INFO - Processing /Users/b/Documents/workflow/venv/lib/python3.11/site-packages/airflow/example_dags/example_datasets.py took 0.200 seconds
[2023-10-15T15:29:27.227+0100] {processor.py:153} INFO - Started process (PID=32045) to work on /Users/b/Documents/workflow/venv/lib/python3.11/site-packages/airflow/example_dags/example_datasets.py
[2023-10-15T15:29:27.229+0100] {processor.py:743} INFO - Processing file /Users/b/Documents/workflow/venv/lib/python3.11/site-packages/airflow/example_dags/example_datasets.py for tasks to queue
[2023-10-15T15:29:27.229+0100] {logging_mixin.py:137} INFO - [2023-10-15T15:29:27.229+0100] {dagbag.py:532} INFO - Filling up the DagBag from /Users/b/Documents/workflow/venv/lib/python3.11/site-packages/airflow/example_dags/example_datasets.py
[2023-10-15T15:29:27.239+0100] {processor.py:753} INFO - DAG(s) dict_keys(['dataset_consumes_unknown_never_scheduled', 'dataset_consumes_1_never_scheduled', 'dataset_consumes_1_and_2', 'dataset_produces_1', 'dataset_consumes_1', 'dataset_produces_2']) retrieved from /Users/b/Documents/workflow/venv/lib/python3.11/site-packages/airflow/example_dags/example_datasets.py
[2023-10-15T15:29:27.439+0100] {logging_mixin.py:137} INFO - [2023-10-15T15:29:27.439+0100] {dag.py:2705} INFO - Sync 6 DAGs
[2023-10-15T15:29:27.446+0100] {logging_mixin.py:137} INFO - [2023-10-15T15:29:27.445+0100] {dag.py:3452} INFO - Setting next_dagrun for dataset_consumes_1 to None, run_after=None
[2023-10-15T15:29:27.446+0100] {logging_mixin.py:137} INFO - [2023-10-15T15:29:27.446+0100] {dag.py:3452} INFO - Setting next_dagrun for dataset_consumes_1_and_2 to None, run_after=None
[2023-10-15T15:29:27.447+0100] {logging_mixin.py:137} INFO - [2023-10-15T15:29:27.447+0100] {dag.py:3452} INFO - Setting next_dagrun for dataset_consumes_1_never_scheduled to None, run_after=None
[2023-10-15T15:29:27.447+0100] {logging_mixin.py:137} INFO - [2023-10-15T15:29:27.447+0100] {dag.py:3452} INFO - Setting next_dagrun for dataset_consumes_unknown_never_scheduled to None, run_after=None
[2023-10-15T15:29:27.448+0100] {logging_mixin.py:137} INFO - [2023-10-15T15:29:27.448+0100] {dag.py:3452} INFO - Setting next_dagrun for dataset_produces_1 to 2023-10-14T00:00:00+00:00, run_after=2023-10-15T00:00:00+00:00
[2023-10-15T15:29:27.448+0100] {logging_mixin.py:137} INFO - [2023-10-15T15:29:27.448+0100] {dag.py:3452} INFO - Setting next_dagrun for dataset_produces_2 to None, run_after=None
[2023-10-15T15:29:27.458+0100] {processor.py:175} INFO - Processing /Users/b/Documents/workflow/venv/lib/python3.11/site-packages/airflow/example_dags/example_datasets.py took 0.231 seconds
[2023-10-15T15:30:31.241+0100] {processor.py:153} INFO - Started process (PID=32169) to work on /Users/b/Documents/workflow/venv/lib/python3.11/site-packages/airflow/example_dags/example_datasets.py
[2023-10-15T15:30:31.243+0100] {processor.py:743} INFO - Processing file /Users/b/Documents/workflow/venv/lib/python3.11/site-packages/airflow/example_dags/example_datasets.py for tasks to queue
[2023-10-15T15:30:31.244+0100] {logging_mixin.py:137} INFO - [2023-10-15T15:30:31.244+0100] {dagbag.py:532} INFO - Filling up the DagBag from /Users/b/Documents/workflow/venv/lib/python3.11/site-packages/airflow/example_dags/example_datasets.py
[2023-10-15T15:30:31.253+0100] {processor.py:753} INFO - DAG(s) dict_keys(['dataset_consumes_1_and_2', 'dataset_produces_1', 'dataset_consumes_unknown_never_scheduled', 'dataset_consumes_1_never_scheduled', 'dataset_consumes_1', 'dataset_produces_2']) retrieved from /Users/b/Documents/workflow/venv/lib/python3.11/site-packages/airflow/example_dags/example_datasets.py
[2023-10-15T15:30:31.430+0100] {logging_mixin.py:137} INFO - [2023-10-15T15:30:31.430+0100] {dag.py:2705} INFO - Sync 6 DAGs
[2023-10-15T15:30:31.436+0100] {logging_mixin.py:137} INFO - [2023-10-15T15:30:31.436+0100] {dag.py:3452} INFO - Setting next_dagrun for dataset_consumes_1 to None, run_after=None
[2023-10-15T15:30:31.437+0100] {logging_mixin.py:137} INFO - [2023-10-15T15:30:31.437+0100] {dag.py:3452} INFO - Setting next_dagrun for dataset_consumes_1_and_2 to None, run_after=None
[2023-10-15T15:30:31.437+0100] {logging_mixin.py:137} INFO - [2023-10-15T15:30:31.437+0100] {dag.py:3452} INFO - Setting next_dagrun for dataset_consumes_1_never_scheduled to None, run_after=None
[2023-10-15T15:30:31.437+0100] {logging_mixin.py:137} INFO - [2023-10-15T15:30:31.437+0100] {dag.py:3452} INFO - Setting next_dagrun for dataset_consumes_unknown_never_scheduled to None, run_after=None
[2023-10-15T15:30:31.438+0100] {logging_mixin.py:137} INFO - [2023-10-15T15:30:31.438+0100] {dag.py:3452} INFO - Setting next_dagrun for dataset_produces_1 to 2023-10-14T00:00:00+00:00, run_after=2023-10-15T00:00:00+00:00
[2023-10-15T15:30:31.438+0100] {logging_mixin.py:137} INFO - [2023-10-15T15:30:31.438+0100] {dag.py:3452} INFO - Setting next_dagrun for dataset_produces_2 to None, run_after=None
[2023-10-15T15:30:31.447+0100] {processor.py:175} INFO - Processing /Users/b/Documents/workflow/venv/lib/python3.11/site-packages/airflow/example_dags/example_datasets.py took 0.206 seconds
[2023-10-15T15:31:41.461+0100] {processor.py:153} INFO - Started process (PID=32298) to work on /Users/b/Documents/workflow/venv/lib/python3.11/site-packages/airflow/example_dags/example_datasets.py
[2023-10-15T15:31:41.463+0100] {processor.py:743} INFO - Processing file /Users/b/Documents/workflow/venv/lib/python3.11/site-packages/airflow/example_dags/example_datasets.py for tasks to queue
[2023-10-15T15:31:41.463+0100] {logging_mixin.py:137} INFO - [2023-10-15T15:31:41.463+0100] {dagbag.py:532} INFO - Filling up the DagBag from /Users/b/Documents/workflow/venv/lib/python3.11/site-packages/airflow/example_dags/example_datasets.py
[2023-10-15T15:31:41.473+0100] {processor.py:753} INFO - DAG(s) dict_keys(['dataset_produces_1', 'dataset_consumes_1_never_scheduled', 'dataset_consumes_1', 'dataset_consumes_unknown_never_scheduled', 'dataset_consumes_1_and_2', 'dataset_produces_2']) retrieved from /Users/b/Documents/workflow/venv/lib/python3.11/site-packages/airflow/example_dags/example_datasets.py
[2023-10-15T15:31:41.648+0100] {logging_mixin.py:137} INFO - [2023-10-15T15:31:41.648+0100] {dag.py:2705} INFO - Sync 6 DAGs
[2023-10-15T15:31:41.654+0100] {logging_mixin.py:137} INFO - [2023-10-15T15:31:41.654+0100] {dag.py:3452} INFO - Setting next_dagrun for dataset_consumes_1 to None, run_after=None
[2023-10-15T15:31:41.654+0100] {logging_mixin.py:137} INFO - [2023-10-15T15:31:41.654+0100] {dag.py:3452} INFO - Setting next_dagrun for dataset_consumes_1_and_2 to None, run_after=None
[2023-10-15T15:31:41.655+0100] {logging_mixin.py:137} INFO - [2023-10-15T15:31:41.655+0100] {dag.py:3452} INFO - Setting next_dagrun for dataset_consumes_1_never_scheduled to None, run_after=None
[2023-10-15T15:31:41.655+0100] {logging_mixin.py:137} INFO - [2023-10-15T15:31:41.655+0100] {dag.py:3452} INFO - Setting next_dagrun for dataset_consumes_unknown_never_scheduled to None, run_after=None
[2023-10-15T15:31:41.656+0100] {logging_mixin.py:137} INFO - [2023-10-15T15:31:41.656+0100] {dag.py:3452} INFO - Setting next_dagrun for dataset_produces_1 to 2023-10-14T00:00:00+00:00, run_after=2023-10-15T00:00:00+00:00
[2023-10-15T15:31:41.656+0100] {logging_mixin.py:137} INFO - [2023-10-15T15:31:41.656+0100] {dag.py:3452} INFO - Setting next_dagrun for dataset_produces_2 to None, run_after=None
[2023-10-15T15:31:41.665+0100] {processor.py:175} INFO - Processing /Users/b/Documents/workflow/venv/lib/python3.11/site-packages/airflow/example_dags/example_datasets.py took 0.205 seconds
[2023-10-15T15:32:46.455+0100] {processor.py:153} INFO - Started process (PID=32429) to work on /Users/b/Documents/workflow/venv/lib/python3.11/site-packages/airflow/example_dags/example_datasets.py
[2023-10-15T15:32:46.458+0100] {processor.py:743} INFO - Processing file /Users/b/Documents/workflow/venv/lib/python3.11/site-packages/airflow/example_dags/example_datasets.py for tasks to queue
[2023-10-15T15:32:46.458+0100] {logging_mixin.py:137} INFO - [2023-10-15T15:32:46.458+0100] {dagbag.py:532} INFO - Filling up the DagBag from /Users/b/Documents/workflow/venv/lib/python3.11/site-packages/airflow/example_dags/example_datasets.py
[2023-10-15T15:32:46.469+0100] {processor.py:753} INFO - DAG(s) dict_keys(['dataset_consumes_unknown_never_scheduled', 'dataset_consumes_1', 'dataset_consumes_1_never_scheduled', 'dataset_consumes_1_and_2', 'dataset_produces_1', 'dataset_produces_2']) retrieved from /Users/b/Documents/workflow/venv/lib/python3.11/site-packages/airflow/example_dags/example_datasets.py
[2023-10-15T15:32:46.649+0100] {logging_mixin.py:137} INFO - [2023-10-15T15:32:46.649+0100] {dag.py:2705} INFO - Sync 6 DAGs
[2023-10-15T15:32:46.655+0100] {logging_mixin.py:137} INFO - [2023-10-15T15:32:46.655+0100] {dag.py:3452} INFO - Setting next_dagrun for dataset_consumes_1 to None, run_after=None
[2023-10-15T15:32:46.656+0100] {logging_mixin.py:137} INFO - [2023-10-15T15:32:46.656+0100] {dag.py:3452} INFO - Setting next_dagrun for dataset_consumes_1_and_2 to None, run_after=None
[2023-10-15T15:32:46.656+0100] {logging_mixin.py:137} INFO - [2023-10-15T15:32:46.656+0100] {dag.py:3452} INFO - Setting next_dagrun for dataset_consumes_1_never_scheduled to None, run_after=None
[2023-10-15T15:32:46.656+0100] {logging_mixin.py:137} INFO - [2023-10-15T15:32:46.656+0100] {dag.py:3452} INFO - Setting next_dagrun for dataset_consumes_unknown_never_scheduled to None, run_after=None
[2023-10-15T15:32:46.658+0100] {logging_mixin.py:137} INFO - [2023-10-15T15:32:46.657+0100] {dag.py:3452} INFO - Setting next_dagrun for dataset_produces_1 to 2023-10-14T00:00:00+00:00, run_after=2023-10-15T00:00:00+00:00
[2023-10-15T15:32:46.658+0100] {logging_mixin.py:137} INFO - [2023-10-15T15:32:46.658+0100] {dag.py:3452} INFO - Setting next_dagrun for dataset_produces_2 to None, run_after=None
[2023-10-15T15:32:46.669+0100] {processor.py:175} INFO - Processing /Users/b/Documents/workflow/venv/lib/python3.11/site-packages/airflow/example_dags/example_datasets.py took 0.214 seconds
