[2023-10-15T15:11:34.616+0100] {processor.py:153} INFO - Started process (PID=29437) to work on /Users/b/Documents/workflow/venv/lib/python3.11/site-packages/airflow/example_dags/example_time_delta_sensor_async.py
[2023-10-15T15:11:34.618+0100] {processor.py:743} INFO - Processing file /Users/b/Documents/workflow/venv/lib/python3.11/site-packages/airflow/example_dags/example_time_delta_sensor_async.py for tasks to queue
[2023-10-15T15:11:34.618+0100] {logging_mixin.py:137} INFO - [2023-10-15T15:11:34.618+0100] {dagbag.py:532} INFO - Filling up the DagBag from /Users/b/Documents/workflow/venv/lib/python3.11/site-packages/airflow/example_dags/example_time_delta_sensor_async.py
[2023-10-15T15:11:34.627+0100] {processor.py:753} INFO - DAG(s) dict_keys(['example_time_delta_sensor_async']) retrieved from /Users/b/Documents/workflow/venv/lib/python3.11/site-packages/airflow/example_dags/example_time_delta_sensor_async.py
[2023-10-15T15:11:34.864+0100] {logging_mixin.py:137} INFO - [2023-10-15T15:11:34.864+0100] {manager.py:504} INFO - Created Permission View: can read on DAG:example_time_delta_sensor_async
[2023-10-15T15:11:34.867+0100] {logging_mixin.py:137} INFO - [2023-10-15T15:11:34.867+0100] {manager.py:504} INFO - Created Permission View: can delete on DAG:example_time_delta_sensor_async
[2023-10-15T15:11:34.869+0100] {logging_mixin.py:137} INFO - [2023-10-15T15:11:34.869+0100] {manager.py:504} INFO - Created Permission View: can edit on DAG:example_time_delta_sensor_async
[2023-10-15T15:11:34.869+0100] {logging_mixin.py:137} INFO - [2023-10-15T15:11:34.869+0100] {dag.py:2705} INFO - Sync 1 DAGs
[2023-10-15T15:11:34.873+0100] {logging_mixin.py:137} INFO - [2023-10-15T15:11:34.873+0100] {dag.py:2726} INFO - Creating ORM DAG for example_time_delta_sensor_async
[2023-10-15T15:11:34.875+0100] {logging_mixin.py:137} INFO - [2023-10-15T15:11:34.875+0100] {dag.py:3452} INFO - Setting next_dagrun for example_time_delta_sensor_async to None, run_after=None
[2023-10-15T15:11:34.882+0100] {processor.py:175} INFO - Processing /Users/b/Documents/workflow/venv/lib/python3.11/site-packages/airflow/example_dags/example_time_delta_sensor_async.py took 0.266 seconds
[2023-10-15T15:12:41.091+0100] {processor.py:153} INFO - Started process (PID=29581) to work on /Users/b/Documents/workflow/venv/lib/python3.11/site-packages/airflow/example_dags/example_time_delta_sensor_async.py
[2023-10-15T15:12:41.094+0100] {processor.py:743} INFO - Processing file /Users/b/Documents/workflow/venv/lib/python3.11/site-packages/airflow/example_dags/example_time_delta_sensor_async.py for tasks to queue
[2023-10-15T15:12:41.094+0100] {logging_mixin.py:137} INFO - [2023-10-15T15:12:41.094+0100] {dagbag.py:532} INFO - Filling up the DagBag from /Users/b/Documents/workflow/venv/lib/python3.11/site-packages/airflow/example_dags/example_time_delta_sensor_async.py
[2023-10-15T15:12:41.103+0100] {processor.py:753} INFO - DAG(s) dict_keys(['example_time_delta_sensor_async']) retrieved from /Users/b/Documents/workflow/venv/lib/python3.11/site-packages/airflow/example_dags/example_time_delta_sensor_async.py
[2023-10-15T15:12:41.324+0100] {logging_mixin.py:137} INFO - [2023-10-15T15:12:41.324+0100] {dag.py:2705} INFO - Sync 1 DAGs
[2023-10-15T15:12:41.334+0100] {logging_mixin.py:137} INFO - [2023-10-15T15:12:41.334+0100] {dag.py:3452} INFO - Setting next_dagrun for example_time_delta_sensor_async to None, run_after=None
[2023-10-15T15:12:41.344+0100] {processor.py:175} INFO - Processing /Users/b/Documents/workflow/venv/lib/python3.11/site-packages/airflow/example_dags/example_time_delta_sensor_async.py took 0.253 seconds
[2023-10-15T15:13:49.485+0100] {processor.py:153} INFO - Started process (PID=30101) to work on /Users/b/Documents/workflow/venv/lib/python3.11/site-packages/airflow/example_dags/example_time_delta_sensor_async.py
[2023-10-15T15:13:49.487+0100] {processor.py:743} INFO - Processing file /Users/b/Documents/workflow/venv/lib/python3.11/site-packages/airflow/example_dags/example_time_delta_sensor_async.py for tasks to queue
[2023-10-15T15:13:49.487+0100] {logging_mixin.py:137} INFO - [2023-10-15T15:13:49.487+0100] {dagbag.py:532} INFO - Filling up the DagBag from /Users/b/Documents/workflow/venv/lib/python3.11/site-packages/airflow/example_dags/example_time_delta_sensor_async.py
[2023-10-15T15:13:49.495+0100] {processor.py:753} INFO - DAG(s) dict_keys(['example_time_delta_sensor_async']) retrieved from /Users/b/Documents/workflow/venv/lib/python3.11/site-packages/airflow/example_dags/example_time_delta_sensor_async.py
[2023-10-15T15:13:49.684+0100] {logging_mixin.py:137} INFO - [2023-10-15T15:13:49.684+0100] {dag.py:2705} INFO - Sync 1 DAGs
[2023-10-15T15:13:49.690+0100] {logging_mixin.py:137} INFO - [2023-10-15T15:13:49.690+0100] {dag.py:3452} INFO - Setting next_dagrun for example_time_delta_sensor_async to None, run_after=None
[2023-10-15T15:13:49.696+0100] {processor.py:175} INFO - Processing /Users/b/Documents/workflow/venv/lib/python3.11/site-packages/airflow/example_dags/example_time_delta_sensor_async.py took 0.211 seconds
[2023-10-15T15:14:53.888+0100] {processor.py:153} INFO - Started process (PID=30271) to work on /Users/b/Documents/workflow/venv/lib/python3.11/site-packages/airflow/example_dags/example_time_delta_sensor_async.py
[2023-10-15T15:14:53.890+0100] {processor.py:743} INFO - Processing file /Users/b/Documents/workflow/venv/lib/python3.11/site-packages/airflow/example_dags/example_time_delta_sensor_async.py for tasks to queue
[2023-10-15T15:14:53.891+0100] {logging_mixin.py:137} INFO - [2023-10-15T15:14:53.890+0100] {dagbag.py:532} INFO - Filling up the DagBag from /Users/b/Documents/workflow/venv/lib/python3.11/site-packages/airflow/example_dags/example_time_delta_sensor_async.py
[2023-10-15T15:14:53.898+0100] {processor.py:753} INFO - DAG(s) dict_keys(['example_time_delta_sensor_async']) retrieved from /Users/b/Documents/workflow/venv/lib/python3.11/site-packages/airflow/example_dags/example_time_delta_sensor_async.py
[2023-10-15T15:14:54.093+0100] {logging_mixin.py:137} INFO - [2023-10-15T15:14:54.093+0100] {dag.py:2705} INFO - Sync 1 DAGs
[2023-10-15T15:14:54.098+0100] {logging_mixin.py:137} INFO - [2023-10-15T15:14:54.098+0100] {dag.py:3452} INFO - Setting next_dagrun for example_time_delta_sensor_async to None, run_after=None
[2023-10-15T15:14:54.104+0100] {processor.py:175} INFO - Processing /Users/b/Documents/workflow/venv/lib/python3.11/site-packages/airflow/example_dags/example_time_delta_sensor_async.py took 0.216 seconds
[2023-10-15T15:15:55.887+0100] {processor.py:153} INFO - Started process (PID=30385) to work on /Users/b/Documents/workflow/venv/lib/python3.11/site-packages/airflow/example_dags/example_time_delta_sensor_async.py
[2023-10-15T15:15:55.889+0100] {processor.py:743} INFO - Processing file /Users/b/Documents/workflow/venv/lib/python3.11/site-packages/airflow/example_dags/example_time_delta_sensor_async.py for tasks to queue
[2023-10-15T15:15:55.890+0100] {logging_mixin.py:137} INFO - [2023-10-15T15:15:55.889+0100] {dagbag.py:532} INFO - Filling up the DagBag from /Users/b/Documents/workflow/venv/lib/python3.11/site-packages/airflow/example_dags/example_time_delta_sensor_async.py
[2023-10-15T15:15:55.897+0100] {processor.py:753} INFO - DAG(s) dict_keys(['example_time_delta_sensor_async']) retrieved from /Users/b/Documents/workflow/venv/lib/python3.11/site-packages/airflow/example_dags/example_time_delta_sensor_async.py
[2023-10-15T15:15:56.095+0100] {logging_mixin.py:137} INFO - [2023-10-15T15:15:56.094+0100] {dag.py:2705} INFO - Sync 1 DAGs
[2023-10-15T15:15:56.100+0100] {logging_mixin.py:137} INFO - [2023-10-15T15:15:56.100+0100] {dag.py:3452} INFO - Setting next_dagrun for example_time_delta_sensor_async to None, run_after=None
[2023-10-15T15:15:56.107+0100] {processor.py:175} INFO - Processing /Users/b/Documents/workflow/venv/lib/python3.11/site-packages/airflow/example_dags/example_time_delta_sensor_async.py took 0.220 seconds
[2023-10-15T15:20:15.086+0100] {processor.py:153} INFO - Started process (PID=30850) to work on /Users/b/Documents/workflow/venv/lib/python3.11/site-packages/airflow/example_dags/example_time_delta_sensor_async.py
[2023-10-15T15:20:15.089+0100] {processor.py:743} INFO - Processing file /Users/b/Documents/workflow/venv/lib/python3.11/site-packages/airflow/example_dags/example_time_delta_sensor_async.py for tasks to queue
[2023-10-15T15:20:15.089+0100] {logging_mixin.py:137} INFO - [2023-10-15T15:20:15.089+0100] {dagbag.py:532} INFO - Filling up the DagBag from /Users/b/Documents/workflow/venv/lib/python3.11/site-packages/airflow/example_dags/example_time_delta_sensor_async.py
[2023-10-15T15:20:15.097+0100] {processor.py:753} INFO - DAG(s) dict_keys(['example_time_delta_sensor_async']) retrieved from /Users/b/Documents/workflow/venv/lib/python3.11/site-packages/airflow/example_dags/example_time_delta_sensor_async.py
[2023-10-15T15:20:15.303+0100] {logging_mixin.py:137} INFO - [2023-10-15T15:20:15.302+0100] {dag.py:2705} INFO - Sync 1 DAGs
[2023-10-15T15:20:15.308+0100] {logging_mixin.py:137} INFO - [2023-10-15T15:20:15.308+0100] {dag.py:3452} INFO - Setting next_dagrun for example_time_delta_sensor_async to None, run_after=None
[2023-10-15T15:20:15.314+0100] {processor.py:175} INFO - Processing /Users/b/Documents/workflow/venv/lib/python3.11/site-packages/airflow/example_dags/example_time_delta_sensor_async.py took 0.229 seconds
[2023-10-15T15:21:27.327+0100] {processor.py:153} INFO - Started process (PID=31089) to work on /Users/b/Documents/workflow/venv/lib/python3.11/site-packages/airflow/example_dags/example_time_delta_sensor_async.py
[2023-10-15T15:21:27.329+0100] {processor.py:743} INFO - Processing file /Users/b/Documents/workflow/venv/lib/python3.11/site-packages/airflow/example_dags/example_time_delta_sensor_async.py for tasks to queue
[2023-10-15T15:21:27.329+0100] {logging_mixin.py:137} INFO - [2023-10-15T15:21:27.329+0100] {dagbag.py:532} INFO - Filling up the DagBag from /Users/b/Documents/workflow/venv/lib/python3.11/site-packages/airflow/example_dags/example_time_delta_sensor_async.py
[2023-10-15T15:21:27.338+0100] {processor.py:753} INFO - DAG(s) dict_keys(['example_time_delta_sensor_async']) retrieved from /Users/b/Documents/workflow/venv/lib/python3.11/site-packages/airflow/example_dags/example_time_delta_sensor_async.py
[2023-10-15T15:21:27.564+0100] {logging_mixin.py:137} INFO - [2023-10-15T15:21:27.564+0100] {dag.py:2705} INFO - Sync 1 DAGs
[2023-10-15T15:21:27.571+0100] {logging_mixin.py:137} INFO - [2023-10-15T15:21:27.571+0100] {dag.py:3452} INFO - Setting next_dagrun for example_time_delta_sensor_async to None, run_after=None
[2023-10-15T15:21:27.579+0100] {processor.py:175} INFO - Processing /Users/b/Documents/workflow/venv/lib/python3.11/site-packages/airflow/example_dags/example_time_delta_sensor_async.py took 0.253 seconds
[2023-10-15T15:22:28.614+0100] {processor.py:153} INFO - Started process (PID=31241) to work on /Users/b/Documents/workflow/venv/lib/python3.11/site-packages/airflow/example_dags/example_time_delta_sensor_async.py
[2023-10-15T15:22:28.616+0100] {processor.py:743} INFO - Processing file /Users/b/Documents/workflow/venv/lib/python3.11/site-packages/airflow/example_dags/example_time_delta_sensor_async.py for tasks to queue
[2023-10-15T15:22:28.616+0100] {logging_mixin.py:137} INFO - [2023-10-15T15:22:28.616+0100] {dagbag.py:532} INFO - Filling up the DagBag from /Users/b/Documents/workflow/venv/lib/python3.11/site-packages/airflow/example_dags/example_time_delta_sensor_async.py
[2023-10-15T15:22:28.627+0100] {processor.py:753} INFO - DAG(s) dict_keys(['example_time_delta_sensor_async']) retrieved from /Users/b/Documents/workflow/venv/lib/python3.11/site-packages/airflow/example_dags/example_time_delta_sensor_async.py
[2023-10-15T15:22:28.840+0100] {logging_mixin.py:137} INFO - [2023-10-15T15:22:28.840+0100] {dag.py:2705} INFO - Sync 1 DAGs
[2023-10-15T15:22:28.846+0100] {logging_mixin.py:137} INFO - [2023-10-15T15:22:28.846+0100] {dag.py:3452} INFO - Setting next_dagrun for example_time_delta_sensor_async to None, run_after=None
[2023-10-15T15:22:28.853+0100] {processor.py:175} INFO - Processing /Users/b/Documents/workflow/venv/lib/python3.11/site-packages/airflow/example_dags/example_time_delta_sensor_async.py took 0.239 seconds
[2023-10-15T15:23:32.951+0100] {processor.py:153} INFO - Started process (PID=31380) to work on /Users/b/Documents/workflow/venv/lib/python3.11/site-packages/airflow/example_dags/example_time_delta_sensor_async.py
[2023-10-15T15:23:32.954+0100] {processor.py:743} INFO - Processing file /Users/b/Documents/workflow/venv/lib/python3.11/site-packages/airflow/example_dags/example_time_delta_sensor_async.py for tasks to queue
[2023-10-15T15:23:32.954+0100] {logging_mixin.py:137} INFO - [2023-10-15T15:23:32.954+0100] {dagbag.py:532} INFO - Filling up the DagBag from /Users/b/Documents/workflow/venv/lib/python3.11/site-packages/airflow/example_dags/example_time_delta_sensor_async.py
[2023-10-15T15:23:32.962+0100] {processor.py:753} INFO - DAG(s) dict_keys(['example_time_delta_sensor_async']) retrieved from /Users/b/Documents/workflow/venv/lib/python3.11/site-packages/airflow/example_dags/example_time_delta_sensor_async.py
[2023-10-15T15:23:33.161+0100] {logging_mixin.py:137} INFO - [2023-10-15T15:23:33.161+0100] {dag.py:2705} INFO - Sync 1 DAGs
[2023-10-15T15:23:33.167+0100] {logging_mixin.py:137} INFO - [2023-10-15T15:23:33.166+0100] {dag.py:3452} INFO - Setting next_dagrun for example_time_delta_sensor_async to None, run_after=None
[2023-10-15T15:23:33.173+0100] {processor.py:175} INFO - Processing /Users/b/Documents/workflow/venv/lib/python3.11/site-packages/airflow/example_dags/example_time_delta_sensor_async.py took 0.222 seconds
[2023-10-15T15:24:38.151+0100] {processor.py:153} INFO - Started process (PID=31519) to work on /Users/b/Documents/workflow/venv/lib/python3.11/site-packages/airflow/example_dags/example_time_delta_sensor_async.py
[2023-10-15T15:24:38.153+0100] {processor.py:743} INFO - Processing file /Users/b/Documents/workflow/venv/lib/python3.11/site-packages/airflow/example_dags/example_time_delta_sensor_async.py for tasks to queue
[2023-10-15T15:24:38.153+0100] {logging_mixin.py:137} INFO - [2023-10-15T15:24:38.153+0100] {dagbag.py:532} INFO - Filling up the DagBag from /Users/b/Documents/workflow/venv/lib/python3.11/site-packages/airflow/example_dags/example_time_delta_sensor_async.py
[2023-10-15T15:24:38.161+0100] {processor.py:753} INFO - DAG(s) dict_keys(['example_time_delta_sensor_async']) retrieved from /Users/b/Documents/workflow/venv/lib/python3.11/site-packages/airflow/example_dags/example_time_delta_sensor_async.py
[2023-10-15T15:24:38.357+0100] {logging_mixin.py:137} INFO - [2023-10-15T15:24:38.357+0100] {dag.py:2705} INFO - Sync 1 DAGs
[2023-10-15T15:24:38.362+0100] {logging_mixin.py:137} INFO - [2023-10-15T15:24:38.362+0100] {dag.py:3452} INFO - Setting next_dagrun for example_time_delta_sensor_async to None, run_after=None
[2023-10-15T15:24:38.368+0100] {processor.py:175} INFO - Processing /Users/b/Documents/workflow/venv/lib/python3.11/site-packages/airflow/example_dags/example_time_delta_sensor_async.py took 0.218 seconds
[2023-10-15T15:25:43.414+0100] {processor.py:153} INFO - Started process (PID=31650) to work on /Users/b/Documents/workflow/venv/lib/python3.11/site-packages/airflow/example_dags/example_time_delta_sensor_async.py
[2023-10-15T15:25:43.416+0100] {processor.py:743} INFO - Processing file /Users/b/Documents/workflow/venv/lib/python3.11/site-packages/airflow/example_dags/example_time_delta_sensor_async.py for tasks to queue
[2023-10-15T15:25:43.416+0100] {logging_mixin.py:137} INFO - [2023-10-15T15:25:43.416+0100] {dagbag.py:532} INFO - Filling up the DagBag from /Users/b/Documents/workflow/venv/lib/python3.11/site-packages/airflow/example_dags/example_time_delta_sensor_async.py
[2023-10-15T15:25:43.424+0100] {processor.py:753} INFO - DAG(s) dict_keys(['example_time_delta_sensor_async']) retrieved from /Users/b/Documents/workflow/venv/lib/python3.11/site-packages/airflow/example_dags/example_time_delta_sensor_async.py
[2023-10-15T15:25:43.626+0100] {logging_mixin.py:137} INFO - [2023-10-15T15:25:43.626+0100] {dag.py:2705} INFO - Sync 1 DAGs
[2023-10-15T15:25:43.632+0100] {logging_mixin.py:137} INFO - [2023-10-15T15:25:43.632+0100] {dag.py:3452} INFO - Setting next_dagrun for example_time_delta_sensor_async to None, run_after=None
[2023-10-15T15:25:43.638+0100] {processor.py:175} INFO - Processing /Users/b/Documents/workflow/venv/lib/python3.11/site-packages/airflow/example_dags/example_time_delta_sensor_async.py took 0.225 seconds
[2023-10-15T15:26:47.995+0100] {processor.py:153} INFO - Started process (PID=31765) to work on /Users/b/Documents/workflow/venv/lib/python3.11/site-packages/airflow/example_dags/example_time_delta_sensor_async.py
[2023-10-15T15:26:47.997+0100] {processor.py:743} INFO - Processing file /Users/b/Documents/workflow/venv/lib/python3.11/site-packages/airflow/example_dags/example_time_delta_sensor_async.py for tasks to queue
[2023-10-15T15:26:47.997+0100] {logging_mixin.py:137} INFO - [2023-10-15T15:26:47.997+0100] {dagbag.py:532} INFO - Filling up the DagBag from /Users/b/Documents/workflow/venv/lib/python3.11/site-packages/airflow/example_dags/example_time_delta_sensor_async.py
[2023-10-15T15:26:48.005+0100] {processor.py:753} INFO - DAG(s) dict_keys(['example_time_delta_sensor_async']) retrieved from /Users/b/Documents/workflow/venv/lib/python3.11/site-packages/airflow/example_dags/example_time_delta_sensor_async.py
[2023-10-15T15:26:48.213+0100] {logging_mixin.py:137} INFO - [2023-10-15T15:26:48.213+0100] {dag.py:2705} INFO - Sync 1 DAGs
[2023-10-15T15:26:48.218+0100] {logging_mixin.py:137} INFO - [2023-10-15T15:26:48.218+0100] {dag.py:3452} INFO - Setting next_dagrun for example_time_delta_sensor_async to None, run_after=None
[2023-10-15T15:26:48.224+0100] {processor.py:175} INFO - Processing /Users/b/Documents/workflow/venv/lib/python3.11/site-packages/airflow/example_dags/example_time_delta_sensor_async.py took 0.230 seconds
[2023-10-15T15:27:52.399+0100] {processor.py:153} INFO - Started process (PID=31873) to work on /Users/b/Documents/workflow/venv/lib/python3.11/site-packages/airflow/example_dags/example_time_delta_sensor_async.py
[2023-10-15T15:27:52.402+0100] {processor.py:743} INFO - Processing file /Users/b/Documents/workflow/venv/lib/python3.11/site-packages/airflow/example_dags/example_time_delta_sensor_async.py for tasks to queue
[2023-10-15T15:27:52.402+0100] {logging_mixin.py:137} INFO - [2023-10-15T15:27:52.402+0100] {dagbag.py:532} INFO - Filling up the DagBag from /Users/b/Documents/workflow/venv/lib/python3.11/site-packages/airflow/example_dags/example_time_delta_sensor_async.py
[2023-10-15T15:27:52.410+0100] {processor.py:753} INFO - DAG(s) dict_keys(['example_time_delta_sensor_async']) retrieved from /Users/b/Documents/workflow/venv/lib/python3.11/site-packages/airflow/example_dags/example_time_delta_sensor_async.py
[2023-10-15T15:27:52.652+0100] {logging_mixin.py:137} INFO - [2023-10-15T15:27:52.652+0100] {dag.py:2705} INFO - Sync 1 DAGs
[2023-10-15T15:27:52.658+0100] {logging_mixin.py:137} INFO - [2023-10-15T15:27:52.658+0100] {dag.py:3452} INFO - Setting next_dagrun for example_time_delta_sensor_async to None, run_after=None
[2023-10-15T15:27:52.664+0100] {processor.py:175} INFO - Processing /Users/b/Documents/workflow/venv/lib/python3.11/site-packages/airflow/example_dags/example_time_delta_sensor_async.py took 0.265 seconds
[2023-10-15T15:28:56.812+0100] {processor.py:153} INFO - Started process (PID=31984) to work on /Users/b/Documents/workflow/venv/lib/python3.11/site-packages/airflow/example_dags/example_time_delta_sensor_async.py
[2023-10-15T15:28:56.815+0100] {processor.py:743} INFO - Processing file /Users/b/Documents/workflow/venv/lib/python3.11/site-packages/airflow/example_dags/example_time_delta_sensor_async.py for tasks to queue
[2023-10-15T15:28:56.815+0100] {logging_mixin.py:137} INFO - [2023-10-15T15:28:56.815+0100] {dagbag.py:532} INFO - Filling up the DagBag from /Users/b/Documents/workflow/venv/lib/python3.11/site-packages/airflow/example_dags/example_time_delta_sensor_async.py
[2023-10-15T15:28:56.823+0100] {processor.py:753} INFO - DAG(s) dict_keys(['example_time_delta_sensor_async']) retrieved from /Users/b/Documents/workflow/venv/lib/python3.11/site-packages/airflow/example_dags/example_time_delta_sensor_async.py
[2023-10-15T15:28:57.023+0100] {logging_mixin.py:137} INFO - [2023-10-15T15:28:57.023+0100] {dag.py:2705} INFO - Sync 1 DAGs
[2023-10-15T15:28:57.028+0100] {logging_mixin.py:137} INFO - [2023-10-15T15:28:57.028+0100] {dag.py:3452} INFO - Setting next_dagrun for example_time_delta_sensor_async to None, run_after=None
[2023-10-15T15:28:57.035+0100] {processor.py:175} INFO - Processing /Users/b/Documents/workflow/venv/lib/python3.11/site-packages/airflow/example_dags/example_time_delta_sensor_async.py took 0.223 seconds
[2023-10-15T15:30:00.525+0100] {processor.py:153} INFO - Started process (PID=32111) to work on /Users/b/Documents/workflow/venv/lib/python3.11/site-packages/airflow/example_dags/example_time_delta_sensor_async.py
[2023-10-15T15:30:00.528+0100] {processor.py:743} INFO - Processing file /Users/b/Documents/workflow/venv/lib/python3.11/site-packages/airflow/example_dags/example_time_delta_sensor_async.py for tasks to queue
[2023-10-15T15:30:00.528+0100] {logging_mixin.py:137} INFO - [2023-10-15T15:30:00.528+0100] {dagbag.py:532} INFO - Filling up the DagBag from /Users/b/Documents/workflow/venv/lib/python3.11/site-packages/airflow/example_dags/example_time_delta_sensor_async.py
[2023-10-15T15:30:00.536+0100] {processor.py:753} INFO - DAG(s) dict_keys(['example_time_delta_sensor_async']) retrieved from /Users/b/Documents/workflow/venv/lib/python3.11/site-packages/airflow/example_dags/example_time_delta_sensor_async.py
[2023-10-15T15:30:00.722+0100] {logging_mixin.py:137} INFO - [2023-10-15T15:30:00.722+0100] {dag.py:2705} INFO - Sync 1 DAGs
[2023-10-15T15:30:00.729+0100] {logging_mixin.py:137} INFO - [2023-10-15T15:30:00.729+0100] {dag.py:3452} INFO - Setting next_dagrun for example_time_delta_sensor_async to None, run_after=None
[2023-10-15T15:30:00.735+0100] {processor.py:175} INFO - Processing /Users/b/Documents/workflow/venv/lib/python3.11/site-packages/airflow/example_dags/example_time_delta_sensor_async.py took 0.210 seconds
[2023-10-15T15:31:07.368+0100] {processor.py:153} INFO - Started process (PID=32234) to work on /Users/b/Documents/workflow/venv/lib/python3.11/site-packages/airflow/example_dags/example_time_delta_sensor_async.py
[2023-10-15T15:31:07.371+0100] {processor.py:743} INFO - Processing file /Users/b/Documents/workflow/venv/lib/python3.11/site-packages/airflow/example_dags/example_time_delta_sensor_async.py for tasks to queue
[2023-10-15T15:31:07.371+0100] {logging_mixin.py:137} INFO - [2023-10-15T15:31:07.371+0100] {dagbag.py:532} INFO - Filling up the DagBag from /Users/b/Documents/workflow/venv/lib/python3.11/site-packages/airflow/example_dags/example_time_delta_sensor_async.py
[2023-10-15T15:31:07.379+0100] {processor.py:753} INFO - DAG(s) dict_keys(['example_time_delta_sensor_async']) retrieved from /Users/b/Documents/workflow/venv/lib/python3.11/site-packages/airflow/example_dags/example_time_delta_sensor_async.py
[2023-10-15T15:31:07.609+0100] {logging_mixin.py:137} INFO - [2023-10-15T15:31:07.609+0100] {dag.py:2705} INFO - Sync 1 DAGs
[2023-10-15T15:31:07.615+0100] {logging_mixin.py:137} INFO - [2023-10-15T15:31:07.615+0100] {dag.py:3452} INFO - Setting next_dagrun for example_time_delta_sensor_async to None, run_after=None
[2023-10-15T15:31:07.622+0100] {processor.py:175} INFO - Processing /Users/b/Documents/workflow/venv/lib/python3.11/site-packages/airflow/example_dags/example_time_delta_sensor_async.py took 0.254 seconds
[2023-10-15T15:32:16.370+0100] {processor.py:153} INFO - Started process (PID=32357) to work on /Users/b/Documents/workflow/venv/lib/python3.11/site-packages/airflow/example_dags/example_time_delta_sensor_async.py
[2023-10-15T15:32:16.373+0100] {processor.py:743} INFO - Processing file /Users/b/Documents/workflow/venv/lib/python3.11/site-packages/airflow/example_dags/example_time_delta_sensor_async.py for tasks to queue
[2023-10-15T15:32:16.373+0100] {logging_mixin.py:137} INFO - [2023-10-15T15:32:16.373+0100] {dagbag.py:532} INFO - Filling up the DagBag from /Users/b/Documents/workflow/venv/lib/python3.11/site-packages/airflow/example_dags/example_time_delta_sensor_async.py
[2023-10-15T15:32:16.385+0100] {processor.py:753} INFO - DAG(s) dict_keys(['example_time_delta_sensor_async']) retrieved from /Users/b/Documents/workflow/venv/lib/python3.11/site-packages/airflow/example_dags/example_time_delta_sensor_async.py
[2023-10-15T15:32:16.604+0100] {logging_mixin.py:137} INFO - [2023-10-15T15:32:16.604+0100] {dag.py:2705} INFO - Sync 1 DAGs
[2023-10-15T15:32:16.610+0100] {logging_mixin.py:137} INFO - [2023-10-15T15:32:16.610+0100] {dag.py:3452} INFO - Setting next_dagrun for example_time_delta_sensor_async to None, run_after=None
[2023-10-15T15:32:16.616+0100] {processor.py:175} INFO - Processing /Users/b/Documents/workflow/venv/lib/python3.11/site-packages/airflow/example_dags/example_time_delta_sensor_async.py took 0.246 seconds
[2023-10-15T15:33:20.287+0100] {processor.py:153} INFO - Started process (PID=32499) to work on /Users/b/Documents/workflow/venv/lib/python3.11/site-packages/airflow/example_dags/example_time_delta_sensor_async.py
[2023-10-15T15:33:20.289+0100] {processor.py:743} INFO - Processing file /Users/b/Documents/workflow/venv/lib/python3.11/site-packages/airflow/example_dags/example_time_delta_sensor_async.py for tasks to queue
[2023-10-15T15:33:20.290+0100] {logging_mixin.py:137} INFO - [2023-10-15T15:33:20.289+0100] {dagbag.py:532} INFO - Filling up the DagBag from /Users/b/Documents/workflow/venv/lib/python3.11/site-packages/airflow/example_dags/example_time_delta_sensor_async.py
[2023-10-15T15:33:20.299+0100] {processor.py:753} INFO - DAG(s) dict_keys(['example_time_delta_sensor_async']) retrieved from /Users/b/Documents/workflow/venv/lib/python3.11/site-packages/airflow/example_dags/example_time_delta_sensor_async.py
[2023-10-15T15:33:20.530+0100] {logging_mixin.py:137} INFO - [2023-10-15T15:33:20.530+0100] {dag.py:2705} INFO - Sync 1 DAGs
[2023-10-15T15:33:20.537+0100] {logging_mixin.py:137} INFO - [2023-10-15T15:33:20.537+0100] {dag.py:3452} INFO - Setting next_dagrun for example_time_delta_sensor_async to None, run_after=None
[2023-10-15T15:33:20.544+0100] {processor.py:175} INFO - Processing /Users/b/Documents/workflow/venv/lib/python3.11/site-packages/airflow/example_dags/example_time_delta_sensor_async.py took 0.258 seconds
