[2023-10-15T15:12:09.307+0100] {processor.py:153} INFO - Started process (PID=29492) to work on /Users/b/Documents/workflow/venv/lib/python3.11/site-packages/airflow/example_dags/example_branch_python_dop_operator_3.py
[2023-10-15T15:12:09.308+0100] {processor.py:743} INFO - Processing file /Users/b/Documents/workflow/venv/lib/python3.11/site-packages/airflow/example_dags/example_branch_python_dop_operator_3.py for tasks to queue
[2023-10-15T15:12:09.309+0100] {logging_mixin.py:137} INFO - [2023-10-15T15:12:09.309+0100] {dagbag.py:532} INFO - Filling up the DagBag from /Users/b/Documents/workflow/venv/lib/python3.11/site-packages/airflow/example_dags/example_branch_python_dop_operator_3.py
[2023-10-15T15:12:09.326+0100] {processor.py:753} INFO - DAG(s) dict_keys(['example_branch_dop_operator_v3']) retrieved from /Users/b/Documents/workflow/venv/lib/python3.11/site-packages/airflow/example_dags/example_branch_python_dop_operator_3.py
[2023-10-15T15:12:09.502+0100] {logging_mixin.py:137} INFO - [2023-10-15T15:12:09.502+0100] {manager.py:504} INFO - Created Permission View: can edit on DAG:example_branch_dop_operator_v3
[2023-10-15T15:12:09.504+0100] {logging_mixin.py:137} INFO - [2023-10-15T15:12:09.504+0100] {manager.py:504} INFO - Created Permission View: can read on DAG:example_branch_dop_operator_v3
[2023-10-15T15:12:09.506+0100] {logging_mixin.py:137} INFO - [2023-10-15T15:12:09.506+0100] {manager.py:504} INFO - Created Permission View: can delete on DAG:example_branch_dop_operator_v3
[2023-10-15T15:12:09.506+0100] {logging_mixin.py:137} INFO - [2023-10-15T15:12:09.506+0100] {dag.py:2705} INFO - Sync 1 DAGs
[2023-10-15T15:12:09.509+0100] {logging_mixin.py:137} INFO - [2023-10-15T15:12:09.509+0100] {dag.py:2726} INFO - Creating ORM DAG for example_branch_dop_operator_v3
[2023-10-15T15:12:09.513+0100] {logging_mixin.py:137} INFO - [2023-10-15T15:12:09.513+0100] {dag.py:3452} INFO - Setting next_dagrun for example_branch_dop_operator_v3 to 2023-10-15T14:11:00+00:00, run_after=2023-10-15T14:12:00+00:00
[2023-10-15T15:12:09.519+0100] {processor.py:175} INFO - Processing /Users/b/Documents/workflow/venv/lib/python3.11/site-packages/airflow/example_dags/example_branch_python_dop_operator_3.py took 0.213 seconds
[2023-10-15T15:13:20.811+0100] {processor.py:153} INFO - Started process (PID=29933) to work on /Users/b/Documents/workflow/venv/lib/python3.11/site-packages/airflow/example_dags/example_branch_python_dop_operator_3.py
[2023-10-15T15:13:20.813+0100] {processor.py:743} INFO - Processing file /Users/b/Documents/workflow/venv/lib/python3.11/site-packages/airflow/example_dags/example_branch_python_dop_operator_3.py for tasks to queue
[2023-10-15T15:13:20.813+0100] {logging_mixin.py:137} INFO - [2023-10-15T15:13:20.813+0100] {dagbag.py:532} INFO - Filling up the DagBag from /Users/b/Documents/workflow/venv/lib/python3.11/site-packages/airflow/example_dags/example_branch_python_dop_operator_3.py
[2023-10-15T15:13:20.830+0100] {processor.py:753} INFO - DAG(s) dict_keys(['example_branch_dop_operator_v3']) retrieved from /Users/b/Documents/workflow/venv/lib/python3.11/site-packages/airflow/example_dags/example_branch_python_dop_operator_3.py
[2023-10-15T15:13:20.979+0100] {logging_mixin.py:137} INFO - [2023-10-15T15:13:20.979+0100] {dag.py:2705} INFO - Sync 1 DAGs
[2023-10-15T15:13:20.987+0100] {logging_mixin.py:137} INFO - [2023-10-15T15:13:20.987+0100] {dag.py:3452} INFO - Setting next_dagrun for example_branch_dop_operator_v3 to 2023-10-15T14:12:00+00:00, run_after=2023-10-15T14:13:00+00:00
[2023-10-15T15:13:20.993+0100] {processor.py:175} INFO - Processing /Users/b/Documents/workflow/venv/lib/python3.11/site-packages/airflow/example_dags/example_branch_python_dop_operator_3.py took 0.182 seconds
[2023-10-15T15:14:25.092+0100] {processor.py:153} INFO - Started process (PID=30188) to work on /Users/b/Documents/workflow/venv/lib/python3.11/site-packages/airflow/example_dags/example_branch_python_dop_operator_3.py
[2023-10-15T15:14:25.094+0100] {processor.py:743} INFO - Processing file /Users/b/Documents/workflow/venv/lib/python3.11/site-packages/airflow/example_dags/example_branch_python_dop_operator_3.py for tasks to queue
[2023-10-15T15:14:25.094+0100] {logging_mixin.py:137} INFO - [2023-10-15T15:14:25.094+0100] {dagbag.py:532} INFO - Filling up the DagBag from /Users/b/Documents/workflow/venv/lib/python3.11/site-packages/airflow/example_dags/example_branch_python_dop_operator_3.py
[2023-10-15T15:14:25.112+0100] {processor.py:753} INFO - DAG(s) dict_keys(['example_branch_dop_operator_v3']) retrieved from /Users/b/Documents/workflow/venv/lib/python3.11/site-packages/airflow/example_dags/example_branch_python_dop_operator_3.py
[2023-10-15T15:14:25.285+0100] {logging_mixin.py:137} INFO - [2023-10-15T15:14:25.285+0100] {dag.py:2705} INFO - Sync 1 DAGs
[2023-10-15T15:14:25.293+0100] {logging_mixin.py:137} INFO - [2023-10-15T15:14:25.293+0100] {dag.py:3452} INFO - Setting next_dagrun for example_branch_dop_operator_v3 to 2023-10-15T14:13:00+00:00, run_after=2023-10-15T14:14:00+00:00
[2023-10-15T15:14:25.303+0100] {processor.py:175} INFO - Processing /Users/b/Documents/workflow/venv/lib/python3.11/site-packages/airflow/example_dags/example_branch_python_dop_operator_3.py took 0.211 seconds
[2023-10-15T15:15:28.317+0100] {processor.py:153} INFO - Started process (PID=30333) to work on /Users/b/Documents/workflow/venv/lib/python3.11/site-packages/airflow/example_dags/example_branch_python_dop_operator_3.py
[2023-10-15T15:15:28.320+0100] {processor.py:743} INFO - Processing file /Users/b/Documents/workflow/venv/lib/python3.11/site-packages/airflow/example_dags/example_branch_python_dop_operator_3.py for tasks to queue
[2023-10-15T15:15:28.320+0100] {logging_mixin.py:137} INFO - [2023-10-15T15:15:28.320+0100] {dagbag.py:532} INFO - Filling up the DagBag from /Users/b/Documents/workflow/venv/lib/python3.11/site-packages/airflow/example_dags/example_branch_python_dop_operator_3.py
[2023-10-15T15:15:28.336+0100] {processor.py:753} INFO - DAG(s) dict_keys(['example_branch_dop_operator_v3']) retrieved from /Users/b/Documents/workflow/venv/lib/python3.11/site-packages/airflow/example_dags/example_branch_python_dop_operator_3.py
[2023-10-15T15:15:28.483+0100] {logging_mixin.py:137} INFO - [2023-10-15T15:15:28.483+0100] {dag.py:2705} INFO - Sync 1 DAGs
[2023-10-15T15:15:28.490+0100] {logging_mixin.py:137} INFO - [2023-10-15T15:15:28.490+0100] {dag.py:3452} INFO - Setting next_dagrun for example_branch_dop_operator_v3 to 2023-10-15T14:14:00+00:00, run_after=2023-10-15T14:15:00+00:00
[2023-10-15T15:15:28.497+0100] {processor.py:175} INFO - Processing /Users/b/Documents/workflow/venv/lib/python3.11/site-packages/airflow/example_dags/example_branch_python_dop_operator_3.py took 0.180 seconds
[2023-10-15T15:20:54.880+0100] {processor.py:153} INFO - Started process (PID=30973) to work on /Users/b/Documents/workflow/venv/lib/python3.11/site-packages/airflow/example_dags/example_branch_python_dop_operator_3.py
[2023-10-15T15:20:54.882+0100] {processor.py:743} INFO - Processing file /Users/b/Documents/workflow/venv/lib/python3.11/site-packages/airflow/example_dags/example_branch_python_dop_operator_3.py for tasks to queue
[2023-10-15T15:20:54.883+0100] {logging_mixin.py:137} INFO - [2023-10-15T15:20:54.882+0100] {dagbag.py:532} INFO - Filling up the DagBag from /Users/b/Documents/workflow/venv/lib/python3.11/site-packages/airflow/example_dags/example_branch_python_dop_operator_3.py
[2023-10-15T15:20:54.905+0100] {processor.py:753} INFO - DAG(s) dict_keys(['example_branch_dop_operator_v3']) retrieved from /Users/b/Documents/workflow/venv/lib/python3.11/site-packages/airflow/example_dags/example_branch_python_dop_operator_3.py
[2023-10-15T15:20:55.089+0100] {logging_mixin.py:137} INFO - [2023-10-15T15:20:55.088+0100] {dag.py:2705} INFO - Sync 1 DAGs
[2023-10-15T15:20:55.096+0100] {logging_mixin.py:137} INFO - [2023-10-15T15:20:55.096+0100] {dag.py:3452} INFO - Setting next_dagrun for example_branch_dop_operator_v3 to 2023-10-15T14:19:00+00:00, run_after=2023-10-15T14:20:00+00:00
[2023-10-15T15:20:55.104+0100] {processor.py:175} INFO - Processing /Users/b/Documents/workflow/venv/lib/python3.11/site-packages/airflow/example_dags/example_branch_python_dop_operator_3.py took 0.225 seconds
[2023-10-15T15:22:00.467+0100] {processor.py:153} INFO - Started process (PID=31174) to work on /Users/b/Documents/workflow/venv/lib/python3.11/site-packages/airflow/example_dags/example_branch_python_dop_operator_3.py
[2023-10-15T15:22:00.470+0100] {processor.py:743} INFO - Processing file /Users/b/Documents/workflow/venv/lib/python3.11/site-packages/airflow/example_dags/example_branch_python_dop_operator_3.py for tasks to queue
[2023-10-15T15:22:00.470+0100] {logging_mixin.py:137} INFO - [2023-10-15T15:22:00.470+0100] {dagbag.py:532} INFO - Filling up the DagBag from /Users/b/Documents/workflow/venv/lib/python3.11/site-packages/airflow/example_dags/example_branch_python_dop_operator_3.py
[2023-10-15T15:22:00.488+0100] {processor.py:753} INFO - DAG(s) dict_keys(['example_branch_dop_operator_v3']) retrieved from /Users/b/Documents/workflow/venv/lib/python3.11/site-packages/airflow/example_dags/example_branch_python_dop_operator_3.py
[2023-10-15T15:22:00.638+0100] {logging_mixin.py:137} INFO - [2023-10-15T15:22:00.638+0100] {dag.py:2705} INFO - Sync 1 DAGs
[2023-10-15T15:22:00.646+0100] {logging_mixin.py:137} INFO - [2023-10-15T15:22:00.646+0100] {dag.py:3452} INFO - Setting next_dagrun for example_branch_dop_operator_v3 to 2023-10-15T14:21:00+00:00, run_after=2023-10-15T14:22:00+00:00
[2023-10-15T15:22:00.652+0100] {processor.py:175} INFO - Processing /Users/b/Documents/workflow/venv/lib/python3.11/site-packages/airflow/example_dags/example_branch_python_dop_operator_3.py took 0.185 seconds
[2023-10-15T15:23:03.172+0100] {processor.py:153} INFO - Started process (PID=31311) to work on /Users/b/Documents/workflow/venv/lib/python3.11/site-packages/airflow/example_dags/example_branch_python_dop_operator_3.py
[2023-10-15T15:23:03.174+0100] {processor.py:743} INFO - Processing file /Users/b/Documents/workflow/venv/lib/python3.11/site-packages/airflow/example_dags/example_branch_python_dop_operator_3.py for tasks to queue
[2023-10-15T15:23:03.174+0100] {logging_mixin.py:137} INFO - [2023-10-15T15:23:03.174+0100] {dagbag.py:532} INFO - Filling up the DagBag from /Users/b/Documents/workflow/venv/lib/python3.11/site-packages/airflow/example_dags/example_branch_python_dop_operator_3.py
[2023-10-15T15:23:03.192+0100] {processor.py:753} INFO - DAG(s) dict_keys(['example_branch_dop_operator_v3']) retrieved from /Users/b/Documents/workflow/venv/lib/python3.11/site-packages/airflow/example_dags/example_branch_python_dop_operator_3.py
[2023-10-15T15:23:03.350+0100] {logging_mixin.py:137} INFO - [2023-10-15T15:23:03.350+0100] {dag.py:2705} INFO - Sync 1 DAGs
[2023-10-15T15:23:03.359+0100] {logging_mixin.py:137} INFO - [2023-10-15T15:23:03.359+0100] {dag.py:3452} INFO - Setting next_dagrun for example_branch_dop_operator_v3 to 2023-10-15T14:22:00+00:00, run_after=2023-10-15T14:23:00+00:00
[2023-10-15T15:23:03.365+0100] {processor.py:175} INFO - Processing /Users/b/Documents/workflow/venv/lib/python3.11/site-packages/airflow/example_dags/example_branch_python_dop_operator_3.py took 0.194 seconds
[2023-10-15T15:24:09.078+0100] {processor.py:153} INFO - Started process (PID=31459) to work on /Users/b/Documents/workflow/venv/lib/python3.11/site-packages/airflow/example_dags/example_branch_python_dop_operator_3.py
[2023-10-15T15:24:09.080+0100] {processor.py:743} INFO - Processing file /Users/b/Documents/workflow/venv/lib/python3.11/site-packages/airflow/example_dags/example_branch_python_dop_operator_3.py for tasks to queue
[2023-10-15T15:24:09.080+0100] {logging_mixin.py:137} INFO - [2023-10-15T15:24:09.080+0100] {dagbag.py:532} INFO - Filling up the DagBag from /Users/b/Documents/workflow/venv/lib/python3.11/site-packages/airflow/example_dags/example_branch_python_dop_operator_3.py
[2023-10-15T15:24:09.097+0100] {processor.py:753} INFO - DAG(s) dict_keys(['example_branch_dop_operator_v3']) retrieved from /Users/b/Documents/workflow/venv/lib/python3.11/site-packages/airflow/example_dags/example_branch_python_dop_operator_3.py
[2023-10-15T15:24:09.250+0100] {logging_mixin.py:137} INFO - [2023-10-15T15:24:09.249+0100] {dag.py:2705} INFO - Sync 1 DAGs
[2023-10-15T15:24:09.257+0100] {logging_mixin.py:137} INFO - [2023-10-15T15:24:09.257+0100] {dag.py:3452} INFO - Setting next_dagrun for example_branch_dop_operator_v3 to 2023-10-15T14:23:00+00:00, run_after=2023-10-15T14:24:00+00:00
[2023-10-15T15:24:09.264+0100] {processor.py:175} INFO - Processing /Users/b/Documents/workflow/venv/lib/python3.11/site-packages/airflow/example_dags/example_branch_python_dop_operator_3.py took 0.186 seconds
[2023-10-15T15:25:14.133+0100] {processor.py:153} INFO - Started process (PID=31589) to work on /Users/b/Documents/workflow/venv/lib/python3.11/site-packages/airflow/example_dags/example_branch_python_dop_operator_3.py
[2023-10-15T15:25:14.135+0100] {processor.py:743} INFO - Processing file /Users/b/Documents/workflow/venv/lib/python3.11/site-packages/airflow/example_dags/example_branch_python_dop_operator_3.py for tasks to queue
[2023-10-15T15:25:14.136+0100] {logging_mixin.py:137} INFO - [2023-10-15T15:25:14.136+0100] {dagbag.py:532} INFO - Filling up the DagBag from /Users/b/Documents/workflow/venv/lib/python3.11/site-packages/airflow/example_dags/example_branch_python_dop_operator_3.py
[2023-10-15T15:25:14.153+0100] {processor.py:753} INFO - DAG(s) dict_keys(['example_branch_dop_operator_v3']) retrieved from /Users/b/Documents/workflow/venv/lib/python3.11/site-packages/airflow/example_dags/example_branch_python_dop_operator_3.py
[2023-10-15T15:25:14.312+0100] {logging_mixin.py:137} INFO - [2023-10-15T15:25:14.311+0100] {dag.py:2705} INFO - Sync 1 DAGs
[2023-10-15T15:25:14.320+0100] {logging_mixin.py:137} INFO - [2023-10-15T15:25:14.319+0100] {dag.py:3452} INFO - Setting next_dagrun for example_branch_dop_operator_v3 to 2023-10-15T14:24:00+00:00, run_after=2023-10-15T14:25:00+00:00
[2023-10-15T15:25:14.327+0100] {processor.py:175} INFO - Processing /Users/b/Documents/workflow/venv/lib/python3.11/site-packages/airflow/example_dags/example_branch_python_dop_operator_3.py took 0.194 seconds
[2023-10-15T15:26:19.252+0100] {processor.py:153} INFO - Started process (PID=31713) to work on /Users/b/Documents/workflow/venv/lib/python3.11/site-packages/airflow/example_dags/example_branch_python_dop_operator_3.py
[2023-10-15T15:26:19.255+0100] {processor.py:743} INFO - Processing file /Users/b/Documents/workflow/venv/lib/python3.11/site-packages/airflow/example_dags/example_branch_python_dop_operator_3.py for tasks to queue
[2023-10-15T15:26:19.255+0100] {logging_mixin.py:137} INFO - [2023-10-15T15:26:19.255+0100] {dagbag.py:532} INFO - Filling up the DagBag from /Users/b/Documents/workflow/venv/lib/python3.11/site-packages/airflow/example_dags/example_branch_python_dop_operator_3.py
[2023-10-15T15:26:19.271+0100] {processor.py:753} INFO - DAG(s) dict_keys(['example_branch_dop_operator_v3']) retrieved from /Users/b/Documents/workflow/venv/lib/python3.11/site-packages/airflow/example_dags/example_branch_python_dop_operator_3.py
[2023-10-15T15:26:19.428+0100] {logging_mixin.py:137} INFO - [2023-10-15T15:26:19.427+0100] {dag.py:2705} INFO - Sync 1 DAGs
[2023-10-15T15:26:19.436+0100] {logging_mixin.py:137} INFO - [2023-10-15T15:26:19.436+0100] {dag.py:3452} INFO - Setting next_dagrun for example_branch_dop_operator_v3 to 2023-10-15T14:25:00+00:00, run_after=2023-10-15T14:26:00+00:00
[2023-10-15T15:26:19.443+0100] {processor.py:175} INFO - Processing /Users/b/Documents/workflow/venv/lib/python3.11/site-packages/airflow/example_dags/example_branch_python_dop_operator_3.py took 0.191 seconds
[2023-10-15T15:27:23.605+0100] {processor.py:153} INFO - Started process (PID=31825) to work on /Users/b/Documents/workflow/venv/lib/python3.11/site-packages/airflow/example_dags/example_branch_python_dop_operator_3.py
[2023-10-15T15:27:23.607+0100] {processor.py:743} INFO - Processing file /Users/b/Documents/workflow/venv/lib/python3.11/site-packages/airflow/example_dags/example_branch_python_dop_operator_3.py for tasks to queue
[2023-10-15T15:27:23.607+0100] {logging_mixin.py:137} INFO - [2023-10-15T15:27:23.607+0100] {dagbag.py:532} INFO - Filling up the DagBag from /Users/b/Documents/workflow/venv/lib/python3.11/site-packages/airflow/example_dags/example_branch_python_dop_operator_3.py
[2023-10-15T15:27:23.624+0100] {processor.py:753} INFO - DAG(s) dict_keys(['example_branch_dop_operator_v3']) retrieved from /Users/b/Documents/workflow/venv/lib/python3.11/site-packages/airflow/example_dags/example_branch_python_dop_operator_3.py
[2023-10-15T15:27:23.776+0100] {logging_mixin.py:137} INFO - [2023-10-15T15:27:23.776+0100] {dag.py:2705} INFO - Sync 1 DAGs
[2023-10-15T15:27:23.783+0100] {logging_mixin.py:137} INFO - [2023-10-15T15:27:23.783+0100] {dag.py:3452} INFO - Setting next_dagrun for example_branch_dop_operator_v3 to 2023-10-15T14:26:00+00:00, run_after=2023-10-15T14:27:00+00:00
[2023-10-15T15:27:23.789+0100] {processor.py:175} INFO - Processing /Users/b/Documents/workflow/venv/lib/python3.11/site-packages/airflow/example_dags/example_branch_python_dop_operator_3.py took 0.185 seconds
[2023-10-15T15:28:27.074+0100] {processor.py:153} INFO - Started process (PID=31934) to work on /Users/b/Documents/workflow/venv/lib/python3.11/site-packages/airflow/example_dags/example_branch_python_dop_operator_3.py
[2023-10-15T15:28:27.076+0100] {processor.py:743} INFO - Processing file /Users/b/Documents/workflow/venv/lib/python3.11/site-packages/airflow/example_dags/example_branch_python_dop_operator_3.py for tasks to queue
[2023-10-15T15:28:27.076+0100] {logging_mixin.py:137} INFO - [2023-10-15T15:28:27.076+0100] {dagbag.py:532} INFO - Filling up the DagBag from /Users/b/Documents/workflow/venv/lib/python3.11/site-packages/airflow/example_dags/example_branch_python_dop_operator_3.py
[2023-10-15T15:28:27.099+0100] {processor.py:753} INFO - DAG(s) dict_keys(['example_branch_dop_operator_v3']) retrieved from /Users/b/Documents/workflow/venv/lib/python3.11/site-packages/airflow/example_dags/example_branch_python_dop_operator_3.py
[2023-10-15T15:28:27.278+0100] {logging_mixin.py:137} INFO - [2023-10-15T15:28:27.278+0100] {dag.py:2705} INFO - Sync 1 DAGs
[2023-10-15T15:28:27.286+0100] {logging_mixin.py:137} INFO - [2023-10-15T15:28:27.286+0100] {dag.py:3452} INFO - Setting next_dagrun for example_branch_dop_operator_v3 to 2023-10-15T14:27:00+00:00, run_after=2023-10-15T14:28:00+00:00
[2023-10-15T15:28:27.293+0100] {processor.py:175} INFO - Processing /Users/b/Documents/workflow/venv/lib/python3.11/site-packages/airflow/example_dags/example_branch_python_dop_operator_3.py took 0.219 seconds
[2023-10-15T15:29:32.320+0100] {processor.py:153} INFO - Started process (PID=32054) to work on /Users/b/Documents/workflow/venv/lib/python3.11/site-packages/airflow/example_dags/example_branch_python_dop_operator_3.py
[2023-10-15T15:29:32.323+0100] {processor.py:743} INFO - Processing file /Users/b/Documents/workflow/venv/lib/python3.11/site-packages/airflow/example_dags/example_branch_python_dop_operator_3.py for tasks to queue
[2023-10-15T15:29:32.323+0100] {logging_mixin.py:137} INFO - [2023-10-15T15:29:32.323+0100] {dagbag.py:532} INFO - Filling up the DagBag from /Users/b/Documents/workflow/venv/lib/python3.11/site-packages/airflow/example_dags/example_branch_python_dop_operator_3.py
[2023-10-15T15:29:32.346+0100] {processor.py:753} INFO - DAG(s) dict_keys(['example_branch_dop_operator_v3']) retrieved from /Users/b/Documents/workflow/venv/lib/python3.11/site-packages/airflow/example_dags/example_branch_python_dop_operator_3.py
[2023-10-15T15:29:32.533+0100] {logging_mixin.py:137} INFO - [2023-10-15T15:29:32.533+0100] {dag.py:2705} INFO - Sync 1 DAGs
[2023-10-15T15:29:32.541+0100] {logging_mixin.py:137} INFO - [2023-10-15T15:29:32.541+0100] {dag.py:3452} INFO - Setting next_dagrun for example_branch_dop_operator_v3 to 2023-10-15T14:28:00+00:00, run_after=2023-10-15T14:29:00+00:00
[2023-10-15T15:29:32.548+0100] {processor.py:175} INFO - Processing /Users/b/Documents/workflow/venv/lib/python3.11/site-packages/airflow/example_dags/example_branch_python_dop_operator_3.py took 0.229 seconds
[2023-10-15T15:30:36.381+0100] {processor.py:153} INFO - Started process (PID=32177) to work on /Users/b/Documents/workflow/venv/lib/python3.11/site-packages/airflow/example_dags/example_branch_python_dop_operator_3.py
[2023-10-15T15:30:36.384+0100] {processor.py:743} INFO - Processing file /Users/b/Documents/workflow/venv/lib/python3.11/site-packages/airflow/example_dags/example_branch_python_dop_operator_3.py for tasks to queue
[2023-10-15T15:30:36.384+0100] {logging_mixin.py:137} INFO - [2023-10-15T15:30:36.384+0100] {dagbag.py:532} INFO - Filling up the DagBag from /Users/b/Documents/workflow/venv/lib/python3.11/site-packages/airflow/example_dags/example_branch_python_dop_operator_3.py
[2023-10-15T15:30:36.401+0100] {processor.py:753} INFO - DAG(s) dict_keys(['example_branch_dop_operator_v3']) retrieved from /Users/b/Documents/workflow/venv/lib/python3.11/site-packages/airflow/example_dags/example_branch_python_dop_operator_3.py
[2023-10-15T15:30:36.557+0100] {logging_mixin.py:137} INFO - [2023-10-15T15:30:36.557+0100] {dag.py:2705} INFO - Sync 1 DAGs
[2023-10-15T15:30:36.565+0100] {logging_mixin.py:137} INFO - [2023-10-15T15:30:36.565+0100] {dag.py:3452} INFO - Setting next_dagrun for example_branch_dop_operator_v3 to 2023-10-15T14:29:00+00:00, run_after=2023-10-15T14:30:00+00:00
[2023-10-15T15:30:36.571+0100] {processor.py:175} INFO - Processing /Users/b/Documents/workflow/venv/lib/python3.11/site-packages/airflow/example_dags/example_branch_python_dop_operator_3.py took 0.191 seconds
[2023-10-15T15:31:46.627+0100] {processor.py:153} INFO - Started process (PID=32308) to work on /Users/b/Documents/workflow/venv/lib/python3.11/site-packages/airflow/example_dags/example_branch_python_dop_operator_3.py
[2023-10-15T15:31:46.629+0100] {processor.py:743} INFO - Processing file /Users/b/Documents/workflow/venv/lib/python3.11/site-packages/airflow/example_dags/example_branch_python_dop_operator_3.py for tasks to queue
[2023-10-15T15:31:46.629+0100] {logging_mixin.py:137} INFO - [2023-10-15T15:31:46.629+0100] {dagbag.py:532} INFO - Filling up the DagBag from /Users/b/Documents/workflow/venv/lib/python3.11/site-packages/airflow/example_dags/example_branch_python_dop_operator_3.py
[2023-10-15T15:31:46.646+0100] {processor.py:753} INFO - DAG(s) dict_keys(['example_branch_dop_operator_v3']) retrieved from /Users/b/Documents/workflow/venv/lib/python3.11/site-packages/airflow/example_dags/example_branch_python_dop_operator_3.py
[2023-10-15T15:31:46.824+0100] {logging_mixin.py:137} INFO - [2023-10-15T15:31:46.823+0100] {dag.py:2705} INFO - Sync 1 DAGs
[2023-10-15T15:31:46.831+0100] {logging_mixin.py:137} INFO - [2023-10-15T15:31:46.831+0100] {dag.py:3452} INFO - Setting next_dagrun for example_branch_dop_operator_v3 to 2023-10-15T14:30:00+00:00, run_after=2023-10-15T14:31:00+00:00
[2023-10-15T15:31:46.838+0100] {processor.py:175} INFO - Processing /Users/b/Documents/workflow/venv/lib/python3.11/site-packages/airflow/example_dags/example_branch_python_dop_operator_3.py took 0.211 seconds
[2023-10-15T15:32:50.999+0100] {processor.py:153} INFO - Started process (PID=32439) to work on /Users/b/Documents/workflow/venv/lib/python3.11/site-packages/airflow/example_dags/example_branch_python_dop_operator_3.py
[2023-10-15T15:32:51.002+0100] {processor.py:743} INFO - Processing file /Users/b/Documents/workflow/venv/lib/python3.11/site-packages/airflow/example_dags/example_branch_python_dop_operator_3.py for tasks to queue
[2023-10-15T15:32:51.002+0100] {logging_mixin.py:137} INFO - [2023-10-15T15:32:51.002+0100] {dagbag.py:532} INFO - Filling up the DagBag from /Users/b/Documents/workflow/venv/lib/python3.11/site-packages/airflow/example_dags/example_branch_python_dop_operator_3.py
[2023-10-15T15:32:51.018+0100] {processor.py:753} INFO - DAG(s) dict_keys(['example_branch_dop_operator_v3']) retrieved from /Users/b/Documents/workflow/venv/lib/python3.11/site-packages/airflow/example_dags/example_branch_python_dop_operator_3.py
[2023-10-15T15:32:51.173+0100] {logging_mixin.py:137} INFO - [2023-10-15T15:32:51.172+0100] {dag.py:2705} INFO - Sync 1 DAGs
[2023-10-15T15:32:51.180+0100] {logging_mixin.py:137} INFO - [2023-10-15T15:32:51.180+0100] {dag.py:3452} INFO - Setting next_dagrun for example_branch_dop_operator_v3 to 2023-10-15T14:31:00+00:00, run_after=2023-10-15T14:32:00+00:00
[2023-10-15T15:32:51.187+0100] {processor.py:175} INFO - Processing /Users/b/Documents/workflow/venv/lib/python3.11/site-packages/airflow/example_dags/example_branch_python_dop_operator_3.py took 0.188 seconds
