[2023-10-15T15:11:31.266+0100] {processor.py:153} INFO - Started process (PID=29432) to work on /Users/b/Documents/workflow/venv/lib/python3.11/site-packages/airflow/example_dags/example_trigger_target_dag.py
[2023-10-15T15:11:31.267+0100] {processor.py:743} INFO - Processing file /Users/b/Documents/workflow/venv/lib/python3.11/site-packages/airflow/example_dags/example_trigger_target_dag.py for tasks to queue
[2023-10-15T15:11:31.268+0100] {logging_mixin.py:137} INFO - [2023-10-15T15:11:31.268+0100] {dagbag.py:532} INFO - Filling up the DagBag from /Users/b/Documents/workflow/venv/lib/python3.11/site-packages/airflow/example_dags/example_trigger_target_dag.py
[2023-10-15T15:11:31.283+0100] {processor.py:753} INFO - DAG(s) dict_keys(['example_trigger_target_dag']) retrieved from /Users/b/Documents/workflow/venv/lib/python3.11/site-packages/airflow/example_dags/example_trigger_target_dag.py
[2023-10-15T15:11:31.467+0100] {logging_mixin.py:137} INFO - [2023-10-15T15:11:31.467+0100] {manager.py:504} INFO - Created Permission View: can delete on DAG:example_trigger_target_dag
[2023-10-15T15:11:31.469+0100] {logging_mixin.py:137} INFO - [2023-10-15T15:11:31.469+0100] {manager.py:504} INFO - Created Permission View: can edit on DAG:example_trigger_target_dag
[2023-10-15T15:11:31.471+0100] {logging_mixin.py:137} INFO - [2023-10-15T15:11:31.471+0100] {manager.py:504} INFO - Created Permission View: can read on DAG:example_trigger_target_dag
[2023-10-15T15:11:31.471+0100] {logging_mixin.py:137} INFO - [2023-10-15T15:11:31.471+0100] {dag.py:2705} INFO - Sync 1 DAGs
[2023-10-15T15:11:31.474+0100] {logging_mixin.py:137} INFO - [2023-10-15T15:11:31.474+0100] {dag.py:2726} INFO - Creating ORM DAG for example_trigger_target_dag
[2023-10-15T15:11:31.477+0100] {logging_mixin.py:137} INFO - [2023-10-15T15:11:31.477+0100] {dag.py:3452} INFO - Setting next_dagrun for example_trigger_target_dag to None, run_after=None
[2023-10-15T15:11:31.483+0100] {processor.py:175} INFO - Processing /Users/b/Documents/workflow/venv/lib/python3.11/site-packages/airflow/example_dags/example_trigger_target_dag.py took 0.218 seconds
[2023-10-15T15:12:37.680+0100] {processor.py:153} INFO - Started process (PID=29576) to work on /Users/b/Documents/workflow/venv/lib/python3.11/site-packages/airflow/example_dags/example_trigger_target_dag.py
[2023-10-15T15:12:37.683+0100] {processor.py:743} INFO - Processing file /Users/b/Documents/workflow/venv/lib/python3.11/site-packages/airflow/example_dags/example_trigger_target_dag.py for tasks to queue
[2023-10-15T15:12:37.683+0100] {logging_mixin.py:137} INFO - [2023-10-15T15:12:37.683+0100] {dagbag.py:532} INFO - Filling up the DagBag from /Users/b/Documents/workflow/venv/lib/python3.11/site-packages/airflow/example_dags/example_trigger_target_dag.py
[2023-10-15T15:12:37.699+0100] {processor.py:753} INFO - DAG(s) dict_keys(['example_trigger_target_dag']) retrieved from /Users/b/Documents/workflow/venv/lib/python3.11/site-packages/airflow/example_dags/example_trigger_target_dag.py
[2023-10-15T15:12:37.861+0100] {logging_mixin.py:137} INFO - [2023-10-15T15:12:37.861+0100] {dag.py:2705} INFO - Sync 1 DAGs
[2023-10-15T15:12:37.868+0100] {logging_mixin.py:137} INFO - [2023-10-15T15:12:37.868+0100] {dag.py:3452} INFO - Setting next_dagrun for example_trigger_target_dag to None, run_after=None
[2023-10-15T15:12:37.875+0100] {processor.py:175} INFO - Processing /Users/b/Documents/workflow/venv/lib/python3.11/site-packages/airflow/example_dags/example_trigger_target_dag.py took 0.195 seconds
[2023-10-15T15:13:46.189+0100] {processor.py:153} INFO - Started process (PID=30084) to work on /Users/b/Documents/workflow/venv/lib/python3.11/site-packages/airflow/example_dags/example_trigger_target_dag.py
[2023-10-15T15:13:46.191+0100] {processor.py:743} INFO - Processing file /Users/b/Documents/workflow/venv/lib/python3.11/site-packages/airflow/example_dags/example_trigger_target_dag.py for tasks to queue
[2023-10-15T15:13:46.192+0100] {logging_mixin.py:137} INFO - [2023-10-15T15:13:46.191+0100] {dagbag.py:532} INFO - Filling up the DagBag from /Users/b/Documents/workflow/venv/lib/python3.11/site-packages/airflow/example_dags/example_trigger_target_dag.py
[2023-10-15T15:13:46.207+0100] {processor.py:753} INFO - DAG(s) dict_keys(['example_trigger_target_dag']) retrieved from /Users/b/Documents/workflow/venv/lib/python3.11/site-packages/airflow/example_dags/example_trigger_target_dag.py
[2023-10-15T15:13:46.368+0100] {logging_mixin.py:137} INFO - [2023-10-15T15:13:46.368+0100] {dag.py:2705} INFO - Sync 1 DAGs
[2023-10-15T15:13:46.374+0100] {logging_mixin.py:137} INFO - [2023-10-15T15:13:46.374+0100] {dag.py:3452} INFO - Setting next_dagrun for example_trigger_target_dag to None, run_after=None
[2023-10-15T15:13:46.380+0100] {processor.py:175} INFO - Processing /Users/b/Documents/workflow/venv/lib/python3.11/site-packages/airflow/example_dags/example_trigger_target_dag.py took 0.191 seconds
[2023-10-15T15:14:50.519+0100] {processor.py:153} INFO - Started process (PID=30264) to work on /Users/b/Documents/workflow/venv/lib/python3.11/site-packages/airflow/example_dags/example_trigger_target_dag.py
[2023-10-15T15:14:50.521+0100] {processor.py:743} INFO - Processing file /Users/b/Documents/workflow/venv/lib/python3.11/site-packages/airflow/example_dags/example_trigger_target_dag.py for tasks to queue
[2023-10-15T15:14:50.522+0100] {logging_mixin.py:137} INFO - [2023-10-15T15:14:50.522+0100] {dagbag.py:532} INFO - Filling up the DagBag from /Users/b/Documents/workflow/venv/lib/python3.11/site-packages/airflow/example_dags/example_trigger_target_dag.py
[2023-10-15T15:14:50.537+0100] {processor.py:753} INFO - DAG(s) dict_keys(['example_trigger_target_dag']) retrieved from /Users/b/Documents/workflow/venv/lib/python3.11/site-packages/airflow/example_dags/example_trigger_target_dag.py
[2023-10-15T15:14:50.686+0100] {logging_mixin.py:137} INFO - [2023-10-15T15:14:50.685+0100] {dag.py:2705} INFO - Sync 1 DAGs
[2023-10-15T15:14:50.692+0100] {logging_mixin.py:137} INFO - [2023-10-15T15:14:50.692+0100] {dag.py:3452} INFO - Setting next_dagrun for example_trigger_target_dag to None, run_after=None
[2023-10-15T15:14:50.698+0100] {processor.py:175} INFO - Processing /Users/b/Documents/workflow/venv/lib/python3.11/site-packages/airflow/example_dags/example_trigger_target_dag.py took 0.180 seconds
[2023-10-15T15:15:53.518+0100] {processor.py:153} INFO - Started process (PID=30383) to work on /Users/b/Documents/workflow/venv/lib/python3.11/site-packages/airflow/example_dags/example_trigger_target_dag.py
[2023-10-15T15:15:53.521+0100] {processor.py:743} INFO - Processing file /Users/b/Documents/workflow/venv/lib/python3.11/site-packages/airflow/example_dags/example_trigger_target_dag.py for tasks to queue
[2023-10-15T15:15:53.521+0100] {logging_mixin.py:137} INFO - [2023-10-15T15:15:53.521+0100] {dagbag.py:532} INFO - Filling up the DagBag from /Users/b/Documents/workflow/venv/lib/python3.11/site-packages/airflow/example_dags/example_trigger_target_dag.py
[2023-10-15T15:15:53.536+0100] {processor.py:753} INFO - DAG(s) dict_keys(['example_trigger_target_dag']) retrieved from /Users/b/Documents/workflow/venv/lib/python3.11/site-packages/airflow/example_dags/example_trigger_target_dag.py
[2023-10-15T15:15:53.684+0100] {logging_mixin.py:137} INFO - [2023-10-15T15:15:53.684+0100] {dag.py:2705} INFO - Sync 1 DAGs
[2023-10-15T15:15:53.690+0100] {logging_mixin.py:137} INFO - [2023-10-15T15:15:53.690+0100] {dag.py:3452} INFO - Setting next_dagrun for example_trigger_target_dag to None, run_after=None
[2023-10-15T15:15:53.696+0100] {processor.py:175} INFO - Processing /Users/b/Documents/workflow/venv/lib/python3.11/site-packages/airflow/example_dags/example_trigger_target_dag.py took 0.179 seconds
[2023-10-15T15:16:40.282+0100] {processor.py:153} INFO - Started process (PID=30473) to work on /Users/b/Documents/workflow/venv/lib/python3.11/site-packages/airflow/example_dags/example_trigger_target_dag.py
[2023-10-15T15:16:40.284+0100] {processor.py:743} INFO - Processing file /Users/b/Documents/workflow/venv/lib/python3.11/site-packages/airflow/example_dags/example_trigger_target_dag.py for tasks to queue
[2023-10-15T15:16:40.285+0100] {logging_mixin.py:137} INFO - [2023-10-15T15:16:40.285+0100] {dagbag.py:532} INFO - Filling up the DagBag from /Users/b/Documents/workflow/venv/lib/python3.11/site-packages/airflow/example_dags/example_trigger_target_dag.py
[2023-10-15T15:16:40.307+0100] {processor.py:753} INFO - DAG(s) dict_keys(['example_trigger_target_dag']) retrieved from /Users/b/Documents/workflow/venv/lib/python3.11/site-packages/airflow/example_dags/example_trigger_target_dag.py
[2023-10-15T15:16:40.468+0100] {logging_mixin.py:137} INFO - [2023-10-15T15:16:40.468+0100] {dag.py:2705} INFO - Sync 1 DAGs
[2023-10-15T15:16:40.475+0100] {logging_mixin.py:137} INFO - [2023-10-15T15:16:40.474+0100] {dag.py:3452} INFO - Setting next_dagrun for example_trigger_target_dag to None, run_after=None
[2023-10-15T15:16:40.485+0100] {processor.py:175} INFO - Processing /Users/b/Documents/workflow/venv/lib/python3.11/site-packages/airflow/example_dags/example_trigger_target_dag.py took 0.203 seconds
[2023-10-15T15:20:11.689+0100] {processor.py:153} INFO - Started process (PID=30843) to work on /Users/b/Documents/workflow/venv/lib/python3.11/site-packages/airflow/example_dags/example_trigger_target_dag.py
[2023-10-15T15:20:11.691+0100] {processor.py:743} INFO - Processing file /Users/b/Documents/workflow/venv/lib/python3.11/site-packages/airflow/example_dags/example_trigger_target_dag.py for tasks to queue
[2023-10-15T15:20:11.691+0100] {logging_mixin.py:137} INFO - [2023-10-15T15:20:11.691+0100] {dagbag.py:532} INFO - Filling up the DagBag from /Users/b/Documents/workflow/venv/lib/python3.11/site-packages/airflow/example_dags/example_trigger_target_dag.py
[2023-10-15T15:20:11.707+0100] {processor.py:753} INFO - DAG(s) dict_keys(['example_trigger_target_dag']) retrieved from /Users/b/Documents/workflow/venv/lib/python3.11/site-packages/airflow/example_dags/example_trigger_target_dag.py
[2023-10-15T15:20:11.871+0100] {logging_mixin.py:137} INFO - [2023-10-15T15:20:11.871+0100] {dag.py:2705} INFO - Sync 1 DAGs
[2023-10-15T15:20:11.877+0100] {logging_mixin.py:137} INFO - [2023-10-15T15:20:11.877+0100] {dag.py:3452} INFO - Setting next_dagrun for example_trigger_target_dag to None, run_after=None
[2023-10-15T15:20:11.885+0100] {processor.py:175} INFO - Processing /Users/b/Documents/workflow/venv/lib/python3.11/site-packages/airflow/example_dags/example_trigger_target_dag.py took 0.196 seconds
[2023-10-15T15:21:24.035+0100] {processor.py:153} INFO - Started process (PID=31081) to work on /Users/b/Documents/workflow/venv/lib/python3.11/site-packages/airflow/example_dags/example_trigger_target_dag.py
[2023-10-15T15:21:24.037+0100] {processor.py:743} INFO - Processing file /Users/b/Documents/workflow/venv/lib/python3.11/site-packages/airflow/example_dags/example_trigger_target_dag.py for tasks to queue
[2023-10-15T15:21:24.037+0100] {logging_mixin.py:137} INFO - [2023-10-15T15:21:24.037+0100] {dagbag.py:532} INFO - Filling up the DagBag from /Users/b/Documents/workflow/venv/lib/python3.11/site-packages/airflow/example_dags/example_trigger_target_dag.py
[2023-10-15T15:21:24.053+0100] {processor.py:753} INFO - DAG(s) dict_keys(['example_trigger_target_dag']) retrieved from /Users/b/Documents/workflow/venv/lib/python3.11/site-packages/airflow/example_dags/example_trigger_target_dag.py
[2023-10-15T15:21:24.218+0100] {logging_mixin.py:137} INFO - [2023-10-15T15:21:24.217+0100] {dag.py:2705} INFO - Sync 1 DAGs
[2023-10-15T15:21:24.223+0100] {logging_mixin.py:137} INFO - [2023-10-15T15:21:24.223+0100] {dag.py:3452} INFO - Setting next_dagrun for example_trigger_target_dag to None, run_after=None
[2023-10-15T15:21:24.230+0100] {processor.py:175} INFO - Processing /Users/b/Documents/workflow/venv/lib/python3.11/site-packages/airflow/example_dags/example_trigger_target_dag.py took 0.195 seconds
[2023-10-15T15:22:25.152+0100] {processor.py:153} INFO - Started process (PID=31229) to work on /Users/b/Documents/workflow/venv/lib/python3.11/site-packages/airflow/example_dags/example_trigger_target_dag.py
[2023-10-15T15:22:25.154+0100] {processor.py:743} INFO - Processing file /Users/b/Documents/workflow/venv/lib/python3.11/site-packages/airflow/example_dags/example_trigger_target_dag.py for tasks to queue
[2023-10-15T15:22:25.155+0100] {logging_mixin.py:137} INFO - [2023-10-15T15:22:25.155+0100] {dagbag.py:532} INFO - Filling up the DagBag from /Users/b/Documents/workflow/venv/lib/python3.11/site-packages/airflow/example_dags/example_trigger_target_dag.py
[2023-10-15T15:22:25.170+0100] {processor.py:753} INFO - DAG(s) dict_keys(['example_trigger_target_dag']) retrieved from /Users/b/Documents/workflow/venv/lib/python3.11/site-packages/airflow/example_dags/example_trigger_target_dag.py
[2023-10-15T15:22:25.327+0100] {logging_mixin.py:137} INFO - [2023-10-15T15:22:25.327+0100] {dag.py:2705} INFO - Sync 1 DAGs
[2023-10-15T15:22:25.333+0100] {logging_mixin.py:137} INFO - [2023-10-15T15:22:25.333+0100] {dag.py:3452} INFO - Setting next_dagrun for example_trigger_target_dag to None, run_after=None
[2023-10-15T15:22:25.340+0100] {processor.py:175} INFO - Processing /Users/b/Documents/workflow/venv/lib/python3.11/site-packages/airflow/example_dags/example_trigger_target_dag.py took 0.188 seconds
[2023-10-15T15:23:30.741+0100] {processor.py:153} INFO - Started process (PID=31373) to work on /Users/b/Documents/workflow/venv/lib/python3.11/site-packages/airflow/example_dags/example_trigger_target_dag.py
[2023-10-15T15:23:30.744+0100] {processor.py:743} INFO - Processing file /Users/b/Documents/workflow/venv/lib/python3.11/site-packages/airflow/example_dags/example_trigger_target_dag.py for tasks to queue
[2023-10-15T15:23:30.744+0100] {logging_mixin.py:137} INFO - [2023-10-15T15:23:30.744+0100] {dagbag.py:532} INFO - Filling up the DagBag from /Users/b/Documents/workflow/venv/lib/python3.11/site-packages/airflow/example_dags/example_trigger_target_dag.py
[2023-10-15T15:23:30.759+0100] {processor.py:753} INFO - DAG(s) dict_keys(['example_trigger_target_dag']) retrieved from /Users/b/Documents/workflow/venv/lib/python3.11/site-packages/airflow/example_dags/example_trigger_target_dag.py
[2023-10-15T15:23:30.911+0100] {logging_mixin.py:137} INFO - [2023-10-15T15:23:30.911+0100] {dag.py:2705} INFO - Sync 1 DAGs
[2023-10-15T15:23:30.917+0100] {logging_mixin.py:137} INFO - [2023-10-15T15:23:30.917+0100] {dag.py:3452} INFO - Setting next_dagrun for example_trigger_target_dag to None, run_after=None
[2023-10-15T15:23:30.925+0100] {processor.py:175} INFO - Processing /Users/b/Documents/workflow/venv/lib/python3.11/site-packages/airflow/example_dags/example_trigger_target_dag.py took 0.184 seconds
[2023-10-15T15:24:35.518+0100] {processor.py:153} INFO - Started process (PID=31512) to work on /Users/b/Documents/workflow/venv/lib/python3.11/site-packages/airflow/example_dags/example_trigger_target_dag.py
[2023-10-15T15:24:35.520+0100] {processor.py:743} INFO - Processing file /Users/b/Documents/workflow/venv/lib/python3.11/site-packages/airflow/example_dags/example_trigger_target_dag.py for tasks to queue
[2023-10-15T15:24:35.521+0100] {logging_mixin.py:137} INFO - [2023-10-15T15:24:35.521+0100] {dagbag.py:532} INFO - Filling up the DagBag from /Users/b/Documents/workflow/venv/lib/python3.11/site-packages/airflow/example_dags/example_trigger_target_dag.py
[2023-10-15T15:24:35.537+0100] {processor.py:753} INFO - DAG(s) dict_keys(['example_trigger_target_dag']) retrieved from /Users/b/Documents/workflow/venv/lib/python3.11/site-packages/airflow/example_dags/example_trigger_target_dag.py
[2023-10-15T15:24:35.691+0100] {logging_mixin.py:137} INFO - [2023-10-15T15:24:35.691+0100] {dag.py:2705} INFO - Sync 1 DAGs
[2023-10-15T15:24:35.697+0100] {logging_mixin.py:137} INFO - [2023-10-15T15:24:35.697+0100] {dag.py:3452} INFO - Setting next_dagrun for example_trigger_target_dag to None, run_after=None
[2023-10-15T15:24:35.704+0100] {processor.py:175} INFO - Processing /Users/b/Documents/workflow/venv/lib/python3.11/site-packages/airflow/example_dags/example_trigger_target_dag.py took 0.186 seconds
[2023-10-15T15:25:40.860+0100] {processor.py:153} INFO - Started process (PID=31640) to work on /Users/b/Documents/workflow/venv/lib/python3.11/site-packages/airflow/example_dags/example_trigger_target_dag.py
[2023-10-15T15:25:40.863+0100] {processor.py:743} INFO - Processing file /Users/b/Documents/workflow/venv/lib/python3.11/site-packages/airflow/example_dags/example_trigger_target_dag.py for tasks to queue
[2023-10-15T15:25:40.863+0100] {logging_mixin.py:137} INFO - [2023-10-15T15:25:40.863+0100] {dagbag.py:532} INFO - Filling up the DagBag from /Users/b/Documents/workflow/venv/lib/python3.11/site-packages/airflow/example_dags/example_trigger_target_dag.py
[2023-10-15T15:25:40.880+0100] {processor.py:753} INFO - DAG(s) dict_keys(['example_trigger_target_dag']) retrieved from /Users/b/Documents/workflow/venv/lib/python3.11/site-packages/airflow/example_dags/example_trigger_target_dag.py
[2023-10-15T15:25:41.051+0100] {logging_mixin.py:137} INFO - [2023-10-15T15:25:41.051+0100] {dag.py:2705} INFO - Sync 1 DAGs
[2023-10-15T15:25:41.057+0100] {logging_mixin.py:137} INFO - [2023-10-15T15:25:41.057+0100] {dag.py:3452} INFO - Setting next_dagrun for example_trigger_target_dag to None, run_after=None
[2023-10-15T15:25:41.063+0100] {processor.py:175} INFO - Processing /Users/b/Documents/workflow/venv/lib/python3.11/site-packages/airflow/example_dags/example_trigger_target_dag.py took 0.204 seconds
[2023-10-15T15:26:44.656+0100] {processor.py:153} INFO - Started process (PID=31758) to work on /Users/b/Documents/workflow/venv/lib/python3.11/site-packages/airflow/example_dags/example_trigger_target_dag.py
[2023-10-15T15:26:44.658+0100] {processor.py:743} INFO - Processing file /Users/b/Documents/workflow/venv/lib/python3.11/site-packages/airflow/example_dags/example_trigger_target_dag.py for tasks to queue
[2023-10-15T15:26:44.659+0100] {logging_mixin.py:137} INFO - [2023-10-15T15:26:44.659+0100] {dagbag.py:532} INFO - Filling up the DagBag from /Users/b/Documents/workflow/venv/lib/python3.11/site-packages/airflow/example_dags/example_trigger_target_dag.py
[2023-10-15T15:26:44.674+0100] {processor.py:753} INFO - DAG(s) dict_keys(['example_trigger_target_dag']) retrieved from /Users/b/Documents/workflow/venv/lib/python3.11/site-packages/airflow/example_dags/example_trigger_target_dag.py
[2023-10-15T15:26:44.824+0100] {logging_mixin.py:137} INFO - [2023-10-15T15:26:44.823+0100] {dag.py:2705} INFO - Sync 1 DAGs
[2023-10-15T15:26:44.829+0100] {logging_mixin.py:137} INFO - [2023-10-15T15:26:44.829+0100] {dag.py:3452} INFO - Setting next_dagrun for example_trigger_target_dag to None, run_after=None
[2023-10-15T15:26:44.836+0100] {processor.py:175} INFO - Processing /Users/b/Documents/workflow/venv/lib/python3.11/site-packages/airflow/example_dags/example_trigger_target_dag.py took 0.180 seconds
[2023-10-15T15:27:49.049+0100] {processor.py:153} INFO - Started process (PID=31867) to work on /Users/b/Documents/workflow/venv/lib/python3.11/site-packages/airflow/example_dags/example_trigger_target_dag.py
[2023-10-15T15:27:49.051+0100] {processor.py:743} INFO - Processing file /Users/b/Documents/workflow/venv/lib/python3.11/site-packages/airflow/example_dags/example_trigger_target_dag.py for tasks to queue
[2023-10-15T15:27:49.052+0100] {logging_mixin.py:137} INFO - [2023-10-15T15:27:49.052+0100] {dagbag.py:532} INFO - Filling up the DagBag from /Users/b/Documents/workflow/venv/lib/python3.11/site-packages/airflow/example_dags/example_trigger_target_dag.py
[2023-10-15T15:27:49.067+0100] {processor.py:753} INFO - DAG(s) dict_keys(['example_trigger_target_dag']) retrieved from /Users/b/Documents/workflow/venv/lib/python3.11/site-packages/airflow/example_dags/example_trigger_target_dag.py
[2023-10-15T15:27:49.217+0100] {logging_mixin.py:137} INFO - [2023-10-15T15:27:49.217+0100] {dag.py:2705} INFO - Sync 1 DAGs
[2023-10-15T15:27:49.222+0100] {logging_mixin.py:137} INFO - [2023-10-15T15:27:49.222+0100] {dag.py:3452} INFO - Setting next_dagrun for example_trigger_target_dag to None, run_after=None
[2023-10-15T15:27:49.228+0100] {processor.py:175} INFO - Processing /Users/b/Documents/workflow/venv/lib/python3.11/site-packages/airflow/example_dags/example_trigger_target_dag.py took 0.179 seconds
[2023-10-15T15:28:53.489+0100] {processor.py:153} INFO - Started process (PID=31980) to work on /Users/b/Documents/workflow/venv/lib/python3.11/site-packages/airflow/example_dags/example_trigger_target_dag.py
[2023-10-15T15:28:53.492+0100] {processor.py:743} INFO - Processing file /Users/b/Documents/workflow/venv/lib/python3.11/site-packages/airflow/example_dags/example_trigger_target_dag.py for tasks to queue
[2023-10-15T15:28:53.492+0100] {logging_mixin.py:137} INFO - [2023-10-15T15:28:53.492+0100] {dagbag.py:532} INFO - Filling up the DagBag from /Users/b/Documents/workflow/venv/lib/python3.11/site-packages/airflow/example_dags/example_trigger_target_dag.py
[2023-10-15T15:28:53.508+0100] {processor.py:753} INFO - DAG(s) dict_keys(['example_trigger_target_dag']) retrieved from /Users/b/Documents/workflow/venv/lib/python3.11/site-packages/airflow/example_dags/example_trigger_target_dag.py
[2023-10-15T15:28:53.658+0100] {logging_mixin.py:137} INFO - [2023-10-15T15:28:53.658+0100] {dag.py:2705} INFO - Sync 1 DAGs
[2023-10-15T15:28:53.664+0100] {logging_mixin.py:137} INFO - [2023-10-15T15:28:53.664+0100] {dag.py:3452} INFO - Setting next_dagrun for example_trigger_target_dag to None, run_after=None
[2023-10-15T15:28:53.670+0100] {processor.py:175} INFO - Processing /Users/b/Documents/workflow/venv/lib/python3.11/site-packages/airflow/example_dags/example_trigger_target_dag.py took 0.181 seconds
[2023-10-15T15:29:59.080+0100] {processor.py:153} INFO - Started process (PID=32107) to work on /Users/b/Documents/workflow/venv/lib/python3.11/site-packages/airflow/example_dags/example_trigger_target_dag.py
[2023-10-15T15:29:59.083+0100] {processor.py:743} INFO - Processing file /Users/b/Documents/workflow/venv/lib/python3.11/site-packages/airflow/example_dags/example_trigger_target_dag.py for tasks to queue
[2023-10-15T15:29:59.083+0100] {logging_mixin.py:137} INFO - [2023-10-15T15:29:59.083+0100] {dagbag.py:532} INFO - Filling up the DagBag from /Users/b/Documents/workflow/venv/lib/python3.11/site-packages/airflow/example_dags/example_trigger_target_dag.py
[2023-10-15T15:29:59.099+0100] {processor.py:753} INFO - DAG(s) dict_keys(['example_trigger_target_dag']) retrieved from /Users/b/Documents/workflow/venv/lib/python3.11/site-packages/airflow/example_dags/example_trigger_target_dag.py
[2023-10-15T15:29:59.267+0100] {logging_mixin.py:137} INFO - [2023-10-15T15:29:59.267+0100] {dag.py:2705} INFO - Sync 1 DAGs
[2023-10-15T15:29:59.273+0100] {logging_mixin.py:137} INFO - [2023-10-15T15:29:59.273+0100] {dag.py:3452} INFO - Setting next_dagrun for example_trigger_target_dag to None, run_after=None
[2023-10-15T15:29:59.279+0100] {processor.py:175} INFO - Processing /Users/b/Documents/workflow/venv/lib/python3.11/site-packages/airflow/example_dags/example_trigger_target_dag.py took 0.199 seconds
[2023-10-15T15:31:03.994+0100] {processor.py:153} INFO - Started process (PID=32227) to work on /Users/b/Documents/workflow/venv/lib/python3.11/site-packages/airflow/example_dags/example_trigger_target_dag.py
[2023-10-15T15:31:03.997+0100] {processor.py:743} INFO - Processing file /Users/b/Documents/workflow/venv/lib/python3.11/site-packages/airflow/example_dags/example_trigger_target_dag.py for tasks to queue
[2023-10-15T15:31:03.997+0100] {logging_mixin.py:137} INFO - [2023-10-15T15:31:03.997+0100] {dagbag.py:532} INFO - Filling up the DagBag from /Users/b/Documents/workflow/venv/lib/python3.11/site-packages/airflow/example_dags/example_trigger_target_dag.py
[2023-10-15T15:31:04.013+0100] {processor.py:753} INFO - DAG(s) dict_keys(['example_trigger_target_dag']) retrieved from /Users/b/Documents/workflow/venv/lib/python3.11/site-packages/airflow/example_dags/example_trigger_target_dag.py
[2023-10-15T15:31:04.164+0100] {logging_mixin.py:137} INFO - [2023-10-15T15:31:04.164+0100] {dag.py:2705} INFO - Sync 1 DAGs
[2023-10-15T15:31:04.170+0100] {logging_mixin.py:137} INFO - [2023-10-15T15:31:04.170+0100] {dag.py:3452} INFO - Setting next_dagrun for example_trigger_target_dag to None, run_after=None
[2023-10-15T15:31:04.177+0100] {processor.py:175} INFO - Processing /Users/b/Documents/workflow/venv/lib/python3.11/site-packages/airflow/example_dags/example_trigger_target_dag.py took 0.183 seconds
[2023-10-15T15:32:13.124+0100] {processor.py:153} INFO - Started process (PID=32355) to work on /Users/b/Documents/workflow/venv/lib/python3.11/site-packages/airflow/example_dags/example_trigger_target_dag.py
[2023-10-15T15:32:13.126+0100] {processor.py:743} INFO - Processing file /Users/b/Documents/workflow/venv/lib/python3.11/site-packages/airflow/example_dags/example_trigger_target_dag.py for tasks to queue
[2023-10-15T15:32:13.126+0100] {logging_mixin.py:137} INFO - [2023-10-15T15:32:13.126+0100] {dagbag.py:532} INFO - Filling up the DagBag from /Users/b/Documents/workflow/venv/lib/python3.11/site-packages/airflow/example_dags/example_trigger_target_dag.py
[2023-10-15T15:32:13.142+0100] {processor.py:753} INFO - DAG(s) dict_keys(['example_trigger_target_dag']) retrieved from /Users/b/Documents/workflow/venv/lib/python3.11/site-packages/airflow/example_dags/example_trigger_target_dag.py
[2023-10-15T15:32:13.294+0100] {logging_mixin.py:137} INFO - [2023-10-15T15:32:13.293+0100] {dag.py:2705} INFO - Sync 1 DAGs
[2023-10-15T15:32:13.300+0100] {logging_mixin.py:137} INFO - [2023-10-15T15:32:13.300+0100] {dag.py:3452} INFO - Setting next_dagrun for example_trigger_target_dag to None, run_after=None
[2023-10-15T15:32:13.306+0100] {processor.py:175} INFO - Processing /Users/b/Documents/workflow/venv/lib/python3.11/site-packages/airflow/example_dags/example_trigger_target_dag.py took 0.183 seconds
[2023-10-15T15:33:17.276+0100] {processor.py:153} INFO - Started process (PID=32495) to work on /Users/b/Documents/workflow/venv/lib/python3.11/site-packages/airflow/example_dags/example_trigger_target_dag.py
[2023-10-15T15:33:17.278+0100] {processor.py:743} INFO - Processing file /Users/b/Documents/workflow/venv/lib/python3.11/site-packages/airflow/example_dags/example_trigger_target_dag.py for tasks to queue
[2023-10-15T15:33:17.279+0100] {logging_mixin.py:137} INFO - [2023-10-15T15:33:17.278+0100] {dagbag.py:532} INFO - Filling up the DagBag from /Users/b/Documents/workflow/venv/lib/python3.11/site-packages/airflow/example_dags/example_trigger_target_dag.py
[2023-10-15T15:33:17.296+0100] {processor.py:753} INFO - DAG(s) dict_keys(['example_trigger_target_dag']) retrieved from /Users/b/Documents/workflow/venv/lib/python3.11/site-packages/airflow/example_dags/example_trigger_target_dag.py
[2023-10-15T15:33:17.487+0100] {logging_mixin.py:137} INFO - [2023-10-15T15:33:17.487+0100] {dag.py:2705} INFO - Sync 1 DAGs
[2023-10-15T15:33:17.493+0100] {logging_mixin.py:137} INFO - [2023-10-15T15:33:17.493+0100] {dag.py:3452} INFO - Setting next_dagrun for example_trigger_target_dag to None, run_after=None
[2023-10-15T15:33:17.499+0100] {processor.py:175} INFO - Processing /Users/b/Documents/workflow/venv/lib/python3.11/site-packages/airflow/example_dags/example_trigger_target_dag.py took 0.224 seconds
