[2023-10-15T15:12:15.596+0100] {processor.py:153} INFO - Started process (PID=29507) to work on /Users/b/Documents/workflow/venv/lib/python3.11/site-packages/airflow/example_dags/example_branch_day_of_week_operator.py
[2023-10-15T15:12:15.598+0100] {processor.py:743} INFO - Processing file /Users/b/Documents/workflow/venv/lib/python3.11/site-packages/airflow/example_dags/example_branch_day_of_week_operator.py for tasks to queue
[2023-10-15T15:12:15.598+0100] {logging_mixin.py:137} INFO - [2023-10-15T15:12:15.598+0100] {dagbag.py:532} INFO - Filling up the DagBag from /Users/b/Documents/workflow/venv/lib/python3.11/site-packages/airflow/example_dags/example_branch_day_of_week_operator.py
[2023-10-15T15:12:15.608+0100] {processor.py:753} INFO - DAG(s) dict_keys(['example_weekday_branch_operator']) retrieved from /Users/b/Documents/workflow/venv/lib/python3.11/site-packages/airflow/example_dags/example_branch_day_of_week_operator.py
[2023-10-15T15:12:15.792+0100] {logging_mixin.py:137} INFO - [2023-10-15T15:12:15.792+0100] {manager.py:504} INFO - Created Permission View: can read on DAG:example_weekday_branch_operator
[2023-10-15T15:12:15.794+0100] {logging_mixin.py:137} INFO - [2023-10-15T15:12:15.794+0100] {manager.py:504} INFO - Created Permission View: can delete on DAG:example_weekday_branch_operator
[2023-10-15T15:12:15.796+0100] {logging_mixin.py:137} INFO - [2023-10-15T15:12:15.796+0100] {manager.py:504} INFO - Created Permission View: can edit on DAG:example_weekday_branch_operator
[2023-10-15T15:12:15.796+0100] {logging_mixin.py:137} INFO - [2023-10-15T15:12:15.796+0100] {dag.py:2705} INFO - Sync 1 DAGs
[2023-10-15T15:12:15.799+0100] {logging_mixin.py:137} INFO - [2023-10-15T15:12:15.799+0100] {dag.py:2726} INFO - Creating ORM DAG for example_weekday_branch_operator
[2023-10-15T15:12:15.802+0100] {logging_mixin.py:137} INFO - [2023-10-15T15:12:15.802+0100] {dag.py:3452} INFO - Setting next_dagrun for example_weekday_branch_operator to 2023-10-14T00:00:00+00:00, run_after=2023-10-15T00:00:00+00:00
[2023-10-15T15:12:15.808+0100] {processor.py:175} INFO - Processing /Users/b/Documents/workflow/venv/lib/python3.11/site-packages/airflow/example_dags/example_branch_day_of_week_operator.py took 0.212 seconds
[2023-10-15T15:13:26.438+0100] {processor.py:153} INFO - Started process (PID=29964) to work on /Users/b/Documents/workflow/venv/lib/python3.11/site-packages/airflow/example_dags/example_branch_day_of_week_operator.py
[2023-10-15T15:13:26.441+0100] {processor.py:743} INFO - Processing file /Users/b/Documents/workflow/venv/lib/python3.11/site-packages/airflow/example_dags/example_branch_day_of_week_operator.py for tasks to queue
[2023-10-15T15:13:26.441+0100] {logging_mixin.py:137} INFO - [2023-10-15T15:13:26.441+0100] {dagbag.py:532} INFO - Filling up the DagBag from /Users/b/Documents/workflow/venv/lib/python3.11/site-packages/airflow/example_dags/example_branch_day_of_week_operator.py
[2023-10-15T15:13:26.455+0100] {processor.py:753} INFO - DAG(s) dict_keys(['example_weekday_branch_operator']) retrieved from /Users/b/Documents/workflow/venv/lib/python3.11/site-packages/airflow/example_dags/example_branch_day_of_week_operator.py
[2023-10-15T15:13:26.617+0100] {logging_mixin.py:137} INFO - [2023-10-15T15:13:26.616+0100] {dag.py:2705} INFO - Sync 1 DAGs
[2023-10-15T15:13:26.623+0100] {logging_mixin.py:137} INFO - [2023-10-15T15:13:26.623+0100] {dag.py:3452} INFO - Setting next_dagrun for example_weekday_branch_operator to 2023-10-14T00:00:00+00:00, run_after=2023-10-15T00:00:00+00:00
[2023-10-15T15:13:26.630+0100] {processor.py:175} INFO - Processing /Users/b/Documents/workflow/venv/lib/python3.11/site-packages/airflow/example_dags/example_branch_day_of_week_operator.py took 0.191 seconds
[2023-10-15T15:14:31.785+0100] {processor.py:153} INFO - Started process (PID=30200) to work on /Users/b/Documents/workflow/venv/lib/python3.11/site-packages/airflow/example_dags/example_branch_day_of_week_operator.py
[2023-10-15T15:14:31.787+0100] {processor.py:743} INFO - Processing file /Users/b/Documents/workflow/venv/lib/python3.11/site-packages/airflow/example_dags/example_branch_day_of_week_operator.py for tasks to queue
[2023-10-15T15:14:31.788+0100] {logging_mixin.py:137} INFO - [2023-10-15T15:14:31.788+0100] {dagbag.py:532} INFO - Filling up the DagBag from /Users/b/Documents/workflow/venv/lib/python3.11/site-packages/airflow/example_dags/example_branch_day_of_week_operator.py
[2023-10-15T15:14:31.800+0100] {processor.py:753} INFO - DAG(s) dict_keys(['example_weekday_branch_operator']) retrieved from /Users/b/Documents/workflow/venv/lib/python3.11/site-packages/airflow/example_dags/example_branch_day_of_week_operator.py
[2023-10-15T15:14:31.968+0100] {logging_mixin.py:137} INFO - [2023-10-15T15:14:31.968+0100] {dag.py:2705} INFO - Sync 1 DAGs
[2023-10-15T15:14:31.975+0100] {logging_mixin.py:137} INFO - [2023-10-15T15:14:31.975+0100] {dag.py:3452} INFO - Setting next_dagrun for example_weekday_branch_operator to 2023-10-14T00:00:00+00:00, run_after=2023-10-15T00:00:00+00:00
[2023-10-15T15:14:31.982+0100] {processor.py:175} INFO - Processing /Users/b/Documents/workflow/venv/lib/python3.11/site-packages/airflow/example_dags/example_branch_day_of_week_operator.py took 0.197 seconds
[2023-10-15T15:15:33.971+0100] {processor.py:153} INFO - Started process (PID=30342) to work on /Users/b/Documents/workflow/venv/lib/python3.11/site-packages/airflow/example_dags/example_branch_day_of_week_operator.py
[2023-10-15T15:15:33.974+0100] {processor.py:743} INFO - Processing file /Users/b/Documents/workflow/venv/lib/python3.11/site-packages/airflow/example_dags/example_branch_day_of_week_operator.py for tasks to queue
[2023-10-15T15:15:33.974+0100] {logging_mixin.py:137} INFO - [2023-10-15T15:15:33.974+0100] {dagbag.py:532} INFO - Filling up the DagBag from /Users/b/Documents/workflow/venv/lib/python3.11/site-packages/airflow/example_dags/example_branch_day_of_week_operator.py
[2023-10-15T15:15:33.983+0100] {processor.py:753} INFO - DAG(s) dict_keys(['example_weekday_branch_operator']) retrieved from /Users/b/Documents/workflow/venv/lib/python3.11/site-packages/airflow/example_dags/example_branch_day_of_week_operator.py
[2023-10-15T15:15:34.135+0100] {logging_mixin.py:137} INFO - [2023-10-15T15:15:34.135+0100] {dag.py:2705} INFO - Sync 1 DAGs
[2023-10-15T15:15:34.141+0100] {logging_mixin.py:137} INFO - [2023-10-15T15:15:34.141+0100] {dag.py:3452} INFO - Setting next_dagrun for example_weekday_branch_operator to 2023-10-14T00:00:00+00:00, run_after=2023-10-15T00:00:00+00:00
[2023-10-15T15:15:34.148+0100] {processor.py:175} INFO - Processing /Users/b/Documents/workflow/venv/lib/python3.11/site-packages/airflow/example_dags/example_branch_day_of_week_operator.py took 0.177 seconds
[2023-10-15T15:21:01.880+0100] {processor.py:153} INFO - Started process (PID=30989) to work on /Users/b/Documents/workflow/venv/lib/python3.11/site-packages/airflow/example_dags/example_branch_day_of_week_operator.py
[2023-10-15T15:21:01.882+0100] {processor.py:743} INFO - Processing file /Users/b/Documents/workflow/venv/lib/python3.11/site-packages/airflow/example_dags/example_branch_day_of_week_operator.py for tasks to queue
[2023-10-15T15:21:01.882+0100] {logging_mixin.py:137} INFO - [2023-10-15T15:21:01.882+0100] {dagbag.py:532} INFO - Filling up the DagBag from /Users/b/Documents/workflow/venv/lib/python3.11/site-packages/airflow/example_dags/example_branch_day_of_week_operator.py
[2023-10-15T15:21:01.891+0100] {processor.py:753} INFO - DAG(s) dict_keys(['example_weekday_branch_operator']) retrieved from /Users/b/Documents/workflow/venv/lib/python3.11/site-packages/airflow/example_dags/example_branch_day_of_week_operator.py
[2023-10-15T15:21:02.063+0100] {logging_mixin.py:137} INFO - [2023-10-15T15:21:02.063+0100] {dag.py:2705} INFO - Sync 1 DAGs
[2023-10-15T15:21:02.070+0100] {logging_mixin.py:137} INFO - [2023-10-15T15:21:02.070+0100] {dag.py:3452} INFO - Setting next_dagrun for example_weekday_branch_operator to 2023-10-14T00:00:00+00:00, run_after=2023-10-15T00:00:00+00:00
[2023-10-15T15:21:02.077+0100] {processor.py:175} INFO - Processing /Users/b/Documents/workflow/venv/lib/python3.11/site-packages/airflow/example_dags/example_branch_day_of_week_operator.py took 0.197 seconds
[2023-10-15T15:22:06.182+0100] {processor.py:153} INFO - Started process (PID=31183) to work on /Users/b/Documents/workflow/venv/lib/python3.11/site-packages/airflow/example_dags/example_branch_day_of_week_operator.py
[2023-10-15T15:22:06.184+0100] {processor.py:743} INFO - Processing file /Users/b/Documents/workflow/venv/lib/python3.11/site-packages/airflow/example_dags/example_branch_day_of_week_operator.py for tasks to queue
[2023-10-15T15:22:06.185+0100] {logging_mixin.py:137} INFO - [2023-10-15T15:22:06.185+0100] {dagbag.py:532} INFO - Filling up the DagBag from /Users/b/Documents/workflow/venv/lib/python3.11/site-packages/airflow/example_dags/example_branch_day_of_week_operator.py
[2023-10-15T15:22:06.194+0100] {processor.py:753} INFO - DAG(s) dict_keys(['example_weekday_branch_operator']) retrieved from /Users/b/Documents/workflow/venv/lib/python3.11/site-packages/airflow/example_dags/example_branch_day_of_week_operator.py
[2023-10-15T15:22:06.352+0100] {logging_mixin.py:137} INFO - [2023-10-15T15:22:06.351+0100] {dag.py:2705} INFO - Sync 1 DAGs
[2023-10-15T15:22:06.359+0100] {logging_mixin.py:137} INFO - [2023-10-15T15:22:06.359+0100] {dag.py:3452} INFO - Setting next_dagrun for example_weekday_branch_operator to 2023-10-14T00:00:00+00:00, run_after=2023-10-15T00:00:00+00:00
[2023-10-15T15:22:06.366+0100] {processor.py:175} INFO - Processing /Users/b/Documents/workflow/venv/lib/python3.11/site-packages/airflow/example_dags/example_branch_day_of_week_operator.py took 0.184 seconds
[2023-10-15T15:23:09.865+0100] {processor.py:153} INFO - Started process (PID=31320) to work on /Users/b/Documents/workflow/venv/lib/python3.11/site-packages/airflow/example_dags/example_branch_day_of_week_operator.py
[2023-10-15T15:23:09.868+0100] {processor.py:743} INFO - Processing file /Users/b/Documents/workflow/venv/lib/python3.11/site-packages/airflow/example_dags/example_branch_day_of_week_operator.py for tasks to queue
[2023-10-15T15:23:09.868+0100] {logging_mixin.py:137} INFO - [2023-10-15T15:23:09.868+0100] {dagbag.py:532} INFO - Filling up the DagBag from /Users/b/Documents/workflow/venv/lib/python3.11/site-packages/airflow/example_dags/example_branch_day_of_week_operator.py
[2023-10-15T15:23:09.878+0100] {processor.py:753} INFO - DAG(s) dict_keys(['example_weekday_branch_operator']) retrieved from /Users/b/Documents/workflow/venv/lib/python3.11/site-packages/airflow/example_dags/example_branch_day_of_week_operator.py
[2023-10-15T15:23:10.036+0100] {logging_mixin.py:137} INFO - [2023-10-15T15:23:10.036+0100] {dag.py:2705} INFO - Sync 1 DAGs
[2023-10-15T15:23:10.042+0100] {logging_mixin.py:137} INFO - [2023-10-15T15:23:10.042+0100] {dag.py:3452} INFO - Setting next_dagrun for example_weekday_branch_operator to 2023-10-14T00:00:00+00:00, run_after=2023-10-15T00:00:00+00:00
[2023-10-15T15:23:10.048+0100] {processor.py:175} INFO - Processing /Users/b/Documents/workflow/venv/lib/python3.11/site-packages/airflow/example_dags/example_branch_day_of_week_operator.py took 0.183 seconds
[2023-10-15T15:24:15.242+0100] {processor.py:153} INFO - Started process (PID=31474) to work on /Users/b/Documents/workflow/venv/lib/python3.11/site-packages/airflow/example_dags/example_branch_day_of_week_operator.py
[2023-10-15T15:24:15.245+0100] {processor.py:743} INFO - Processing file /Users/b/Documents/workflow/venv/lib/python3.11/site-packages/airflow/example_dags/example_branch_day_of_week_operator.py for tasks to queue
[2023-10-15T15:24:15.245+0100] {logging_mixin.py:137} INFO - [2023-10-15T15:24:15.245+0100] {dagbag.py:532} INFO - Filling up the DagBag from /Users/b/Documents/workflow/venv/lib/python3.11/site-packages/airflow/example_dags/example_branch_day_of_week_operator.py
[2023-10-15T15:24:15.254+0100] {processor.py:753} INFO - DAG(s) dict_keys(['example_weekday_branch_operator']) retrieved from /Users/b/Documents/workflow/venv/lib/python3.11/site-packages/airflow/example_dags/example_branch_day_of_week_operator.py
[2023-10-15T15:24:15.418+0100] {logging_mixin.py:137} INFO - [2023-10-15T15:24:15.418+0100] {dag.py:2705} INFO - Sync 1 DAGs
[2023-10-15T15:24:15.425+0100] {logging_mixin.py:137} INFO - [2023-10-15T15:24:15.425+0100] {dag.py:3452} INFO - Setting next_dagrun for example_weekday_branch_operator to 2023-10-14T00:00:00+00:00, run_after=2023-10-15T00:00:00+00:00
[2023-10-15T15:24:15.431+0100] {processor.py:175} INFO - Processing /Users/b/Documents/workflow/venv/lib/python3.11/site-packages/airflow/example_dags/example_branch_day_of_week_operator.py took 0.189 seconds
[2023-10-15T15:25:20.259+0100] {processor.py:153} INFO - Started process (PID=31600) to work on /Users/b/Documents/workflow/venv/lib/python3.11/site-packages/airflow/example_dags/example_branch_day_of_week_operator.py
[2023-10-15T15:25:20.261+0100] {processor.py:743} INFO - Processing file /Users/b/Documents/workflow/venv/lib/python3.11/site-packages/airflow/example_dags/example_branch_day_of_week_operator.py for tasks to queue
[2023-10-15T15:25:20.262+0100] {logging_mixin.py:137} INFO - [2023-10-15T15:25:20.261+0100] {dagbag.py:532} INFO - Filling up the DagBag from /Users/b/Documents/workflow/venv/lib/python3.11/site-packages/airflow/example_dags/example_branch_day_of_week_operator.py
[2023-10-15T15:25:20.271+0100] {processor.py:753} INFO - DAG(s) dict_keys(['example_weekday_branch_operator']) retrieved from /Users/b/Documents/workflow/venv/lib/python3.11/site-packages/airflow/example_dags/example_branch_day_of_week_operator.py
[2023-10-15T15:25:20.513+0100] {logging_mixin.py:137} INFO - [2023-10-15T15:25:20.513+0100] {dag.py:2705} INFO - Sync 1 DAGs
[2023-10-15T15:25:20.521+0100] {logging_mixin.py:137} INFO - [2023-10-15T15:25:20.520+0100] {dag.py:3452} INFO - Setting next_dagrun for example_weekday_branch_operator to 2023-10-14T00:00:00+00:00, run_after=2023-10-15T00:00:00+00:00
[2023-10-15T15:25:20.528+0100] {processor.py:175} INFO - Processing /Users/b/Documents/workflow/venv/lib/python3.11/site-packages/airflow/example_dags/example_branch_day_of_week_operator.py took 0.270 seconds
[2023-10-15T15:26:25.982+0100] {processor.py:153} INFO - Started process (PID=31723) to work on /Users/b/Documents/workflow/venv/lib/python3.11/site-packages/airflow/example_dags/example_branch_day_of_week_operator.py
[2023-10-15T15:26:25.984+0100] {processor.py:743} INFO - Processing file /Users/b/Documents/workflow/venv/lib/python3.11/site-packages/airflow/example_dags/example_branch_day_of_week_operator.py for tasks to queue
[2023-10-15T15:26:25.984+0100] {logging_mixin.py:137} INFO - [2023-10-15T15:26:25.984+0100] {dagbag.py:532} INFO - Filling up the DagBag from /Users/b/Documents/workflow/venv/lib/python3.11/site-packages/airflow/example_dags/example_branch_day_of_week_operator.py
[2023-10-15T15:26:25.994+0100] {processor.py:753} INFO - DAG(s) dict_keys(['example_weekday_branch_operator']) retrieved from /Users/b/Documents/workflow/venv/lib/python3.11/site-packages/airflow/example_dags/example_branch_day_of_week_operator.py
[2023-10-15T15:26:26.159+0100] {logging_mixin.py:137} INFO - [2023-10-15T15:26:26.159+0100] {dag.py:2705} INFO - Sync 1 DAGs
[2023-10-15T15:26:26.166+0100] {logging_mixin.py:137} INFO - [2023-10-15T15:26:26.166+0100] {dag.py:3452} INFO - Setting next_dagrun for example_weekday_branch_operator to 2023-10-14T00:00:00+00:00, run_after=2023-10-15T00:00:00+00:00
[2023-10-15T15:26:26.172+0100] {processor.py:175} INFO - Processing /Users/b/Documents/workflow/venv/lib/python3.11/site-packages/airflow/example_dags/example_branch_day_of_week_operator.py took 0.190 seconds
[2023-10-15T15:27:29.258+0100] {processor.py:153} INFO - Started process (PID=31834) to work on /Users/b/Documents/workflow/venv/lib/python3.11/site-packages/airflow/example_dags/example_branch_day_of_week_operator.py
[2023-10-15T15:27:29.260+0100] {processor.py:743} INFO - Processing file /Users/b/Documents/workflow/venv/lib/python3.11/site-packages/airflow/example_dags/example_branch_day_of_week_operator.py for tasks to queue
[2023-10-15T15:27:29.260+0100] {logging_mixin.py:137} INFO - [2023-10-15T15:27:29.260+0100] {dagbag.py:532} INFO - Filling up the DagBag from /Users/b/Documents/workflow/venv/lib/python3.11/site-packages/airflow/example_dags/example_branch_day_of_week_operator.py
[2023-10-15T15:27:29.270+0100] {processor.py:753} INFO - DAG(s) dict_keys(['example_weekday_branch_operator']) retrieved from /Users/b/Documents/workflow/venv/lib/python3.11/site-packages/airflow/example_dags/example_branch_day_of_week_operator.py
[2023-10-15T15:27:29.426+0100] {logging_mixin.py:137} INFO - [2023-10-15T15:27:29.426+0100] {dag.py:2705} INFO - Sync 1 DAGs
[2023-10-15T15:27:29.432+0100] {logging_mixin.py:137} INFO - [2023-10-15T15:27:29.432+0100] {dag.py:3452} INFO - Setting next_dagrun for example_weekday_branch_operator to 2023-10-14T00:00:00+00:00, run_after=2023-10-15T00:00:00+00:00
[2023-10-15T15:27:29.438+0100] {processor.py:175} INFO - Processing /Users/b/Documents/workflow/venv/lib/python3.11/site-packages/airflow/example_dags/example_branch_day_of_week_operator.py took 0.181 seconds
[2023-10-15T15:28:33.864+0100] {processor.py:153} INFO - Started process (PID=31946) to work on /Users/b/Documents/workflow/venv/lib/python3.11/site-packages/airflow/example_dags/example_branch_day_of_week_operator.py
[2023-10-15T15:28:33.866+0100] {processor.py:743} INFO - Processing file /Users/b/Documents/workflow/venv/lib/python3.11/site-packages/airflow/example_dags/example_branch_day_of_week_operator.py for tasks to queue
[2023-10-15T15:28:33.866+0100] {logging_mixin.py:137} INFO - [2023-10-15T15:28:33.866+0100] {dagbag.py:532} INFO - Filling up the DagBag from /Users/b/Documents/workflow/venv/lib/python3.11/site-packages/airflow/example_dags/example_branch_day_of_week_operator.py
[2023-10-15T15:28:33.876+0100] {processor.py:753} INFO - DAG(s) dict_keys(['example_weekday_branch_operator']) retrieved from /Users/b/Documents/workflow/venv/lib/python3.11/site-packages/airflow/example_dags/example_branch_day_of_week_operator.py
[2023-10-15T15:28:34.031+0100] {logging_mixin.py:137} INFO - [2023-10-15T15:28:34.031+0100] {dag.py:2705} INFO - Sync 1 DAGs
[2023-10-15T15:28:34.038+0100] {logging_mixin.py:137} INFO - [2023-10-15T15:28:34.038+0100] {dag.py:3452} INFO - Setting next_dagrun for example_weekday_branch_operator to 2023-10-14T00:00:00+00:00, run_after=2023-10-15T00:00:00+00:00
[2023-10-15T15:28:34.044+0100] {processor.py:175} INFO - Processing /Users/b/Documents/workflow/venv/lib/python3.11/site-packages/airflow/example_dags/example_branch_day_of_week_operator.py took 0.180 seconds
[2023-10-15T15:29:39.206+0100] {processor.py:153} INFO - Started process (PID=32066) to work on /Users/b/Documents/workflow/venv/lib/python3.11/site-packages/airflow/example_dags/example_branch_day_of_week_operator.py
[2023-10-15T15:29:39.209+0100] {processor.py:743} INFO - Processing file /Users/b/Documents/workflow/venv/lib/python3.11/site-packages/airflow/example_dags/example_branch_day_of_week_operator.py for tasks to queue
[2023-10-15T15:29:39.209+0100] {logging_mixin.py:137} INFO - [2023-10-15T15:29:39.209+0100] {dagbag.py:532} INFO - Filling up the DagBag from /Users/b/Documents/workflow/venv/lib/python3.11/site-packages/airflow/example_dags/example_branch_day_of_week_operator.py
[2023-10-15T15:29:39.219+0100] {processor.py:753} INFO - DAG(s) dict_keys(['example_weekday_branch_operator']) retrieved from /Users/b/Documents/workflow/venv/lib/python3.11/site-packages/airflow/example_dags/example_branch_day_of_week_operator.py
[2023-10-15T15:29:39.376+0100] {logging_mixin.py:137} INFO - [2023-10-15T15:29:39.376+0100] {dag.py:2705} INFO - Sync 1 DAGs
[2023-10-15T15:29:39.384+0100] {logging_mixin.py:137} INFO - [2023-10-15T15:29:39.384+0100] {dag.py:3452} INFO - Setting next_dagrun for example_weekday_branch_operator to 2023-10-14T00:00:00+00:00, run_after=2023-10-15T00:00:00+00:00
[2023-10-15T15:29:39.390+0100] {processor.py:175} INFO - Processing /Users/b/Documents/workflow/venv/lib/python3.11/site-packages/airflow/example_dags/example_branch_day_of_week_operator.py took 0.185 seconds
[2023-10-15T15:30:43.120+0100] {processor.py:153} INFO - Started process (PID=32191) to work on /Users/b/Documents/workflow/venv/lib/python3.11/site-packages/airflow/example_dags/example_branch_day_of_week_operator.py
[2023-10-15T15:30:43.122+0100] {processor.py:743} INFO - Processing file /Users/b/Documents/workflow/venv/lib/python3.11/site-packages/airflow/example_dags/example_branch_day_of_week_operator.py for tasks to queue
[2023-10-15T15:30:43.122+0100] {logging_mixin.py:137} INFO - [2023-10-15T15:30:43.122+0100] {dagbag.py:532} INFO - Filling up the DagBag from /Users/b/Documents/workflow/venv/lib/python3.11/site-packages/airflow/example_dags/example_branch_day_of_week_operator.py
[2023-10-15T15:30:43.132+0100] {processor.py:753} INFO - DAG(s) dict_keys(['example_weekday_branch_operator']) retrieved from /Users/b/Documents/workflow/venv/lib/python3.11/site-packages/airflow/example_dags/example_branch_day_of_week_operator.py
[2023-10-15T15:30:43.292+0100] {logging_mixin.py:137} INFO - [2023-10-15T15:30:43.292+0100] {dag.py:2705} INFO - Sync 1 DAGs
[2023-10-15T15:30:43.298+0100] {logging_mixin.py:137} INFO - [2023-10-15T15:30:43.298+0100] {dag.py:3452} INFO - Setting next_dagrun for example_weekday_branch_operator to 2023-10-14T00:00:00+00:00, run_after=2023-10-15T00:00:00+00:00
[2023-10-15T15:30:43.305+0100] {processor.py:175} INFO - Processing /Users/b/Documents/workflow/venv/lib/python3.11/site-packages/airflow/example_dags/example_branch_day_of_week_operator.py took 0.185 seconds
[2023-10-15T15:31:53.331+0100] {processor.py:153} INFO - Started process (PID=32320) to work on /Users/b/Documents/workflow/venv/lib/python3.11/site-packages/airflow/example_dags/example_branch_day_of_week_operator.py
[2023-10-15T15:31:53.333+0100] {processor.py:743} INFO - Processing file /Users/b/Documents/workflow/venv/lib/python3.11/site-packages/airflow/example_dags/example_branch_day_of_week_operator.py for tasks to queue
[2023-10-15T15:31:53.333+0100] {logging_mixin.py:137} INFO - [2023-10-15T15:31:53.333+0100] {dagbag.py:532} INFO - Filling up the DagBag from /Users/b/Documents/workflow/venv/lib/python3.11/site-packages/airflow/example_dags/example_branch_day_of_week_operator.py
[2023-10-15T15:31:53.342+0100] {processor.py:753} INFO - DAG(s) dict_keys(['example_weekday_branch_operator']) retrieved from /Users/b/Documents/workflow/venv/lib/python3.11/site-packages/airflow/example_dags/example_branch_day_of_week_operator.py
[2023-10-15T15:31:53.499+0100] {logging_mixin.py:137} INFO - [2023-10-15T15:31:53.499+0100] {dag.py:2705} INFO - Sync 1 DAGs
[2023-10-15T15:31:53.505+0100] {logging_mixin.py:137} INFO - [2023-10-15T15:31:53.505+0100] {dag.py:3452} INFO - Setting next_dagrun for example_weekday_branch_operator to 2023-10-14T00:00:00+00:00, run_after=2023-10-15T00:00:00+00:00
[2023-10-15T15:31:53.511+0100] {processor.py:175} INFO - Processing /Users/b/Documents/workflow/venv/lib/python3.11/site-packages/airflow/example_dags/example_branch_day_of_week_operator.py took 0.181 seconds
[2023-10-15T15:32:57.215+0100] {processor.py:153} INFO - Started process (PID=32451) to work on /Users/b/Documents/workflow/venv/lib/python3.11/site-packages/airflow/example_dags/example_branch_day_of_week_operator.py
[2023-10-15T15:32:57.217+0100] {processor.py:743} INFO - Processing file /Users/b/Documents/workflow/venv/lib/python3.11/site-packages/airflow/example_dags/example_branch_day_of_week_operator.py for tasks to queue
[2023-10-15T15:32:57.217+0100] {logging_mixin.py:137} INFO - [2023-10-15T15:32:57.217+0100] {dagbag.py:532} INFO - Filling up the DagBag from /Users/b/Documents/workflow/venv/lib/python3.11/site-packages/airflow/example_dags/example_branch_day_of_week_operator.py
[2023-10-15T15:32:57.230+0100] {processor.py:753} INFO - DAG(s) dict_keys(['example_weekday_branch_operator']) retrieved from /Users/b/Documents/workflow/venv/lib/python3.11/site-packages/airflow/example_dags/example_branch_day_of_week_operator.py
[2023-10-15T15:32:57.417+0100] {logging_mixin.py:137} INFO - [2023-10-15T15:32:57.417+0100] {dag.py:2705} INFO - Sync 1 DAGs
[2023-10-15T15:32:57.425+0100] {logging_mixin.py:137} INFO - [2023-10-15T15:32:57.424+0100] {dag.py:3452} INFO - Setting next_dagrun for example_weekday_branch_operator to 2023-10-14T00:00:00+00:00, run_after=2023-10-15T00:00:00+00:00
[2023-10-15T15:32:57.431+0100] {processor.py:175} INFO - Processing /Users/b/Documents/workflow/venv/lib/python3.11/site-packages/airflow/example_dags/example_branch_day_of_week_operator.py took 0.216 seconds
