[2023-10-15T15:11:43.109+0100] {processor.py:153} INFO - Started process (PID=29448) to work on /Users/b/Documents/workflow/venv/lib/python3.11/site-packages/airflow/example_dags/example_skip_dag.py
[2023-10-15T15:11:43.111+0100] {processor.py:743} INFO - Processing file /Users/b/Documents/workflow/venv/lib/python3.11/site-packages/airflow/example_dags/example_skip_dag.py for tasks to queue
[2023-10-15T15:11:43.111+0100] {logging_mixin.py:137} INFO - [2023-10-15T15:11:43.111+0100] {dagbag.py:532} INFO - Filling up the DagBag from /Users/b/Documents/workflow/venv/lib/python3.11/site-packages/airflow/example_dags/example_skip_dag.py
[2023-10-15T15:11:43.119+0100] {processor.py:753} INFO - DAG(s) dict_keys(['example_skip_dag']) retrieved from /Users/b/Documents/workflow/venv/lib/python3.11/site-packages/airflow/example_dags/example_skip_dag.py
[2023-10-15T15:11:43.300+0100] {logging_mixin.py:137} INFO - [2023-10-15T15:11:43.300+0100] {manager.py:504} INFO - Created Permission View: can delete on DAG:example_skip_dag
[2023-10-15T15:11:43.302+0100] {logging_mixin.py:137} INFO - [2023-10-15T15:11:43.302+0100] {manager.py:504} INFO - Created Permission View: can edit on DAG:example_skip_dag
[2023-10-15T15:11:43.304+0100] {logging_mixin.py:137} INFO - [2023-10-15T15:11:43.304+0100] {manager.py:504} INFO - Created Permission View: can read on DAG:example_skip_dag
[2023-10-15T15:11:43.304+0100] {logging_mixin.py:137} INFO - [2023-10-15T15:11:43.304+0100] {dag.py:2705} INFO - Sync 1 DAGs
[2023-10-15T15:11:43.307+0100] {logging_mixin.py:137} INFO - [2023-10-15T15:11:43.307+0100] {dag.py:2726} INFO - Creating ORM DAG for example_skip_dag
[2023-10-15T15:11:43.310+0100] {logging_mixin.py:137} INFO - [2023-10-15T15:11:43.310+0100] {dag.py:3452} INFO - Setting next_dagrun for example_skip_dag to 2023-10-14T14:11:43.310442+00:00, run_after=2023-10-15T14:11:43.310442+00:00
[2023-10-15T15:11:43.316+0100] {processor.py:175} INFO - Processing /Users/b/Documents/workflow/venv/lib/python3.11/site-packages/airflow/example_dags/example_skip_dag.py took 0.207 seconds
[2023-10-15T15:12:50.586+0100] {processor.py:153} INFO - Started process (PID=29657) to work on /Users/b/Documents/workflow/venv/lib/python3.11/site-packages/airflow/example_dags/example_skip_dag.py
[2023-10-15T15:12:50.593+0100] {processor.py:743} INFO - Processing file /Users/b/Documents/workflow/venv/lib/python3.11/site-packages/airflow/example_dags/example_skip_dag.py for tasks to queue
[2023-10-15T15:12:50.594+0100] {logging_mixin.py:137} INFO - [2023-10-15T15:12:50.594+0100] {dagbag.py:532} INFO - Filling up the DagBag from /Users/b/Documents/workflow/venv/lib/python3.11/site-packages/airflow/example_dags/example_skip_dag.py
[2023-10-15T15:12:50.605+0100] {processor.py:753} INFO - DAG(s) dict_keys(['example_skip_dag']) retrieved from /Users/b/Documents/workflow/venv/lib/python3.11/site-packages/airflow/example_dags/example_skip_dag.py
[2023-10-15T15:12:51.476+0100] {logging_mixin.py:137} INFO - [2023-10-15T15:12:51.471+0100] {dag.py:2705} INFO - Sync 1 DAGs
[2023-10-15T15:12:51.492+0100] {logging_mixin.py:137} INFO - [2023-10-15T15:12:51.492+0100] {dag.py:3452} INFO - Setting next_dagrun for example_skip_dag to 2023-10-14T14:12:51.492217+00:00, run_after=2023-10-15T14:12:51.492217+00:00
[2023-10-15T15:12:51.517+0100] {processor.py:175} INFO - Processing /Users/b/Documents/workflow/venv/lib/python3.11/site-packages/airflow/example_dags/example_skip_dag.py took 0.932 seconds
[2023-10-15T15:13:55.936+0100] {processor.py:153} INFO - Started process (PID=30138) to work on /Users/b/Documents/workflow/venv/lib/python3.11/site-packages/airflow/example_dags/example_skip_dag.py
[2023-10-15T15:13:55.939+0100] {processor.py:743} INFO - Processing file /Users/b/Documents/workflow/venv/lib/python3.11/site-packages/airflow/example_dags/example_skip_dag.py for tasks to queue
[2023-10-15T15:13:55.939+0100] {logging_mixin.py:137} INFO - [2023-10-15T15:13:55.939+0100] {dagbag.py:532} INFO - Filling up the DagBag from /Users/b/Documents/workflow/venv/lib/python3.11/site-packages/airflow/example_dags/example_skip_dag.py
[2023-10-15T15:13:55.947+0100] {processor.py:753} INFO - DAG(s) dict_keys(['example_skip_dag']) retrieved from /Users/b/Documents/workflow/venv/lib/python3.11/site-packages/airflow/example_dags/example_skip_dag.py
[2023-10-15T15:13:56.100+0100] {logging_mixin.py:137} INFO - [2023-10-15T15:13:56.099+0100] {dag.py:2705} INFO - Sync 1 DAGs
[2023-10-15T15:13:56.105+0100] {logging_mixin.py:137} INFO - [2023-10-15T15:13:56.105+0100] {dag.py:3452} INFO - Setting next_dagrun for example_skip_dag to 2023-10-14T14:13:56.105690+00:00, run_after=2023-10-15T14:13:56.105690+00:00
[2023-10-15T15:13:56.112+0100] {processor.py:175} INFO - Processing /Users/b/Documents/workflow/venv/lib/python3.11/site-packages/airflow/example_dags/example_skip_dag.py took 0.176 seconds
[2023-10-15T15:15:01.258+0100] {processor.py:153} INFO - Started process (PID=30283) to work on /Users/b/Documents/workflow/venv/lib/python3.11/site-packages/airflow/example_dags/example_skip_dag.py
[2023-10-15T15:15:01.260+0100] {processor.py:743} INFO - Processing file /Users/b/Documents/workflow/venv/lib/python3.11/site-packages/airflow/example_dags/example_skip_dag.py for tasks to queue
[2023-10-15T15:15:01.260+0100] {logging_mixin.py:137} INFO - [2023-10-15T15:15:01.260+0100] {dagbag.py:532} INFO - Filling up the DagBag from /Users/b/Documents/workflow/venv/lib/python3.11/site-packages/airflow/example_dags/example_skip_dag.py
[2023-10-15T15:15:01.268+0100] {processor.py:753} INFO - DAG(s) dict_keys(['example_skip_dag']) retrieved from /Users/b/Documents/workflow/venv/lib/python3.11/site-packages/airflow/example_dags/example_skip_dag.py
[2023-10-15T15:15:01.421+0100] {logging_mixin.py:137} INFO - [2023-10-15T15:15:01.421+0100] {dag.py:2705} INFO - Sync 1 DAGs
[2023-10-15T15:15:01.427+0100] {logging_mixin.py:137} INFO - [2023-10-15T15:15:01.427+0100] {dag.py:3452} INFO - Setting next_dagrun for example_skip_dag to 2023-10-14T14:15:01.427489+00:00, run_after=2023-10-15T14:15:01.427489+00:00
[2023-10-15T15:15:01.435+0100] {processor.py:175} INFO - Processing /Users/b/Documents/workflow/venv/lib/python3.11/site-packages/airflow/example_dags/example_skip_dag.py took 0.177 seconds
[2023-10-15T15:16:04.246+0100] {processor.py:153} INFO - Started process (PID=30401) to work on /Users/b/Documents/workflow/venv/lib/python3.11/site-packages/airflow/example_dags/example_skip_dag.py
[2023-10-15T15:16:04.249+0100] {processor.py:743} INFO - Processing file /Users/b/Documents/workflow/venv/lib/python3.11/site-packages/airflow/example_dags/example_skip_dag.py for tasks to queue
[2023-10-15T15:16:04.249+0100] {logging_mixin.py:137} INFO - [2023-10-15T15:16:04.249+0100] {dagbag.py:532} INFO - Filling up the DagBag from /Users/b/Documents/workflow/venv/lib/python3.11/site-packages/airflow/example_dags/example_skip_dag.py
[2023-10-15T15:16:04.257+0100] {processor.py:753} INFO - DAG(s) dict_keys(['example_skip_dag']) retrieved from /Users/b/Documents/workflow/venv/lib/python3.11/site-packages/airflow/example_dags/example_skip_dag.py
[2023-10-15T15:16:04.425+0100] {logging_mixin.py:137} INFO - [2023-10-15T15:16:04.425+0100] {dag.py:2705} INFO - Sync 1 DAGs
[2023-10-15T15:16:04.431+0100] {logging_mixin.py:137} INFO - [2023-10-15T15:16:04.431+0100] {dag.py:3452} INFO - Setting next_dagrun for example_skip_dag to 2023-10-14T14:16:04.431531+00:00, run_after=2023-10-15T14:16:04.431531+00:00
[2023-10-15T15:16:04.439+0100] {processor.py:175} INFO - Processing /Users/b/Documents/workflow/venv/lib/python3.11/site-packages/airflow/example_dags/example_skip_dag.py took 0.193 seconds
[2023-10-15T15:20:23.920+0100] {processor.py:153} INFO - Started process (PID=30877) to work on /Users/b/Documents/workflow/venv/lib/python3.11/site-packages/airflow/example_dags/example_skip_dag.py
[2023-10-15T15:20:23.923+0100] {processor.py:743} INFO - Processing file /Users/b/Documents/workflow/venv/lib/python3.11/site-packages/airflow/example_dags/example_skip_dag.py for tasks to queue
[2023-10-15T15:20:23.923+0100] {logging_mixin.py:137} INFO - [2023-10-15T15:20:23.923+0100] {dagbag.py:532} INFO - Filling up the DagBag from /Users/b/Documents/workflow/venv/lib/python3.11/site-packages/airflow/example_dags/example_skip_dag.py
[2023-10-15T15:20:23.931+0100] {processor.py:753} INFO - DAG(s) dict_keys(['example_skip_dag']) retrieved from /Users/b/Documents/workflow/venv/lib/python3.11/site-packages/airflow/example_dags/example_skip_dag.py
[2023-10-15T15:20:24.093+0100] {logging_mixin.py:137} INFO - [2023-10-15T15:20:24.093+0100] {dag.py:2705} INFO - Sync 1 DAGs
[2023-10-15T15:20:24.099+0100] {logging_mixin.py:137} INFO - [2023-10-15T15:20:24.099+0100] {dag.py:3452} INFO - Setting next_dagrun for example_skip_dag to 2023-10-14T14:20:24.099682+00:00, run_after=2023-10-15T14:20:24.099682+00:00
[2023-10-15T15:20:24.106+0100] {processor.py:175} INFO - Processing /Users/b/Documents/workflow/venv/lib/python3.11/site-packages/airflow/example_dags/example_skip_dag.py took 0.187 seconds
[2023-10-15T15:21:34.684+0100] {processor.py:153} INFO - Started process (PID=31108) to work on /Users/b/Documents/workflow/venv/lib/python3.11/site-packages/airflow/example_dags/example_skip_dag.py
[2023-10-15T15:21:34.686+0100] {processor.py:743} INFO - Processing file /Users/b/Documents/workflow/venv/lib/python3.11/site-packages/airflow/example_dags/example_skip_dag.py for tasks to queue
[2023-10-15T15:21:34.687+0100] {logging_mixin.py:137} INFO - [2023-10-15T15:21:34.687+0100] {dagbag.py:532} INFO - Filling up the DagBag from /Users/b/Documents/workflow/venv/lib/python3.11/site-packages/airflow/example_dags/example_skip_dag.py
[2023-10-15T15:21:34.694+0100] {processor.py:753} INFO - DAG(s) dict_keys(['example_skip_dag']) retrieved from /Users/b/Documents/workflow/venv/lib/python3.11/site-packages/airflow/example_dags/example_skip_dag.py
[2023-10-15T15:21:34.848+0100] {logging_mixin.py:137} INFO - [2023-10-15T15:21:34.848+0100] {dag.py:2705} INFO - Sync 1 DAGs
[2023-10-15T15:21:34.855+0100] {logging_mixin.py:137} INFO - [2023-10-15T15:21:34.855+0100] {dag.py:3452} INFO - Setting next_dagrun for example_skip_dag to 2023-10-14T14:21:34.855395+00:00, run_after=2023-10-15T14:21:34.855395+00:00
[2023-10-15T15:21:34.862+0100] {processor.py:175} INFO - Processing /Users/b/Documents/workflow/venv/lib/python3.11/site-packages/airflow/example_dags/example_skip_dag.py took 0.178 seconds
[2023-10-15T15:22:36.026+0100] {processor.py:153} INFO - Started process (PID=31255) to work on /Users/b/Documents/workflow/venv/lib/python3.11/site-packages/airflow/example_dags/example_skip_dag.py
[2023-10-15T15:22:36.029+0100] {processor.py:743} INFO - Processing file /Users/b/Documents/workflow/venv/lib/python3.11/site-packages/airflow/example_dags/example_skip_dag.py for tasks to queue
[2023-10-15T15:22:36.029+0100] {logging_mixin.py:137} INFO - [2023-10-15T15:22:36.029+0100] {dagbag.py:532} INFO - Filling up the DagBag from /Users/b/Documents/workflow/venv/lib/python3.11/site-packages/airflow/example_dags/example_skip_dag.py
[2023-10-15T15:22:36.038+0100] {processor.py:753} INFO - DAG(s) dict_keys(['example_skip_dag']) retrieved from /Users/b/Documents/workflow/venv/lib/python3.11/site-packages/airflow/example_dags/example_skip_dag.py
[2023-10-15T15:22:36.193+0100] {logging_mixin.py:137} INFO - [2023-10-15T15:22:36.193+0100] {dag.py:2705} INFO - Sync 1 DAGs
[2023-10-15T15:22:36.200+0100] {logging_mixin.py:137} INFO - [2023-10-15T15:22:36.200+0100] {dag.py:3452} INFO - Setting next_dagrun for example_skip_dag to 2023-10-14T14:22:36.199955+00:00, run_after=2023-10-15T14:22:36.199955+00:00
[2023-10-15T15:22:36.206+0100] {processor.py:175} INFO - Processing /Users/b/Documents/workflow/venv/lib/python3.11/site-packages/airflow/example_dags/example_skip_dag.py took 0.181 seconds
[2023-10-15T15:23:40.413+0100] {processor.py:153} INFO - Started process (PID=31390) to work on /Users/b/Documents/workflow/venv/lib/python3.11/site-packages/airflow/example_dags/example_skip_dag.py
[2023-10-15T15:23:40.415+0100] {processor.py:743} INFO - Processing file /Users/b/Documents/workflow/venv/lib/python3.11/site-packages/airflow/example_dags/example_skip_dag.py for tasks to queue
[2023-10-15T15:23:40.415+0100] {logging_mixin.py:137} INFO - [2023-10-15T15:23:40.415+0100] {dagbag.py:532} INFO - Filling up the DagBag from /Users/b/Documents/workflow/venv/lib/python3.11/site-packages/airflow/example_dags/example_skip_dag.py
[2023-10-15T15:23:40.423+0100] {processor.py:753} INFO - DAG(s) dict_keys(['example_skip_dag']) retrieved from /Users/b/Documents/workflow/venv/lib/python3.11/site-packages/airflow/example_dags/example_skip_dag.py
[2023-10-15T15:23:40.589+0100] {logging_mixin.py:137} INFO - [2023-10-15T15:23:40.589+0100] {dag.py:2705} INFO - Sync 1 DAGs
[2023-10-15T15:23:40.595+0100] {logging_mixin.py:137} INFO - [2023-10-15T15:23:40.594+0100] {dag.py:3452} INFO - Setting next_dagrun for example_skip_dag to 2023-10-14T14:23:40.594894+00:00, run_after=2023-10-15T14:23:40.594894+00:00
[2023-10-15T15:23:40.601+0100] {processor.py:175} INFO - Processing /Users/b/Documents/workflow/venv/lib/python3.11/site-packages/airflow/example_dags/example_skip_dag.py took 0.188 seconds
[2023-10-15T15:24:46.202+0100] {processor.py:153} INFO - Started process (PID=31531) to work on /Users/b/Documents/workflow/venv/lib/python3.11/site-packages/airflow/example_dags/example_skip_dag.py
[2023-10-15T15:24:46.205+0100] {processor.py:743} INFO - Processing file /Users/b/Documents/workflow/venv/lib/python3.11/site-packages/airflow/example_dags/example_skip_dag.py for tasks to queue
[2023-10-15T15:24:46.205+0100] {logging_mixin.py:137} INFO - [2023-10-15T15:24:46.205+0100] {dagbag.py:532} INFO - Filling up the DagBag from /Users/b/Documents/workflow/venv/lib/python3.11/site-packages/airflow/example_dags/example_skip_dag.py
[2023-10-15T15:24:46.213+0100] {processor.py:753} INFO - DAG(s) dict_keys(['example_skip_dag']) retrieved from /Users/b/Documents/workflow/venv/lib/python3.11/site-packages/airflow/example_dags/example_skip_dag.py
[2023-10-15T15:24:46.375+0100] {logging_mixin.py:137} INFO - [2023-10-15T15:24:46.375+0100] {dag.py:2705} INFO - Sync 1 DAGs
[2023-10-15T15:24:46.381+0100] {logging_mixin.py:137} INFO - [2023-10-15T15:24:46.381+0100] {dag.py:3452} INFO - Setting next_dagrun for example_skip_dag to 2023-10-14T14:24:46.381676+00:00, run_after=2023-10-15T14:24:46.381676+00:00
[2023-10-15T15:24:46.388+0100] {processor.py:175} INFO - Processing /Users/b/Documents/workflow/venv/lib/python3.11/site-packages/airflow/example_dags/example_skip_dag.py took 0.186 seconds
[2023-10-15T15:25:51.414+0100] {processor.py:153} INFO - Started process (PID=31664) to work on /Users/b/Documents/workflow/venv/lib/python3.11/site-packages/airflow/example_dags/example_skip_dag.py
[2023-10-15T15:25:51.416+0100] {processor.py:743} INFO - Processing file /Users/b/Documents/workflow/venv/lib/python3.11/site-packages/airflow/example_dags/example_skip_dag.py for tasks to queue
[2023-10-15T15:25:51.417+0100] {logging_mixin.py:137} INFO - [2023-10-15T15:25:51.417+0100] {dagbag.py:532} INFO - Filling up the DagBag from /Users/b/Documents/workflow/venv/lib/python3.11/site-packages/airflow/example_dags/example_skip_dag.py
[2023-10-15T15:25:51.424+0100] {processor.py:753} INFO - DAG(s) dict_keys(['example_skip_dag']) retrieved from /Users/b/Documents/workflow/venv/lib/python3.11/site-packages/airflow/example_dags/example_skip_dag.py
[2023-10-15T15:25:51.588+0100] {logging_mixin.py:137} INFO - [2023-10-15T15:25:51.588+0100] {dag.py:2705} INFO - Sync 1 DAGs
[2023-10-15T15:25:51.594+0100] {logging_mixin.py:137} INFO - [2023-10-15T15:25:51.593+0100] {dag.py:3452} INFO - Setting next_dagrun for example_skip_dag to 2023-10-14T14:25:51.593916+00:00, run_after=2023-10-15T14:25:51.593916+00:00
[2023-10-15T15:25:51.600+0100] {processor.py:175} INFO - Processing /Users/b/Documents/workflow/venv/lib/python3.11/site-packages/airflow/example_dags/example_skip_dag.py took 0.187 seconds
[2023-10-15T15:26:55.395+0100] {processor.py:153} INFO - Started process (PID=31776) to work on /Users/b/Documents/workflow/venv/lib/python3.11/site-packages/airflow/example_dags/example_skip_dag.py
[2023-10-15T15:26:55.397+0100] {processor.py:743} INFO - Processing file /Users/b/Documents/workflow/venv/lib/python3.11/site-packages/airflow/example_dags/example_skip_dag.py for tasks to queue
[2023-10-15T15:26:55.398+0100] {logging_mixin.py:137} INFO - [2023-10-15T15:26:55.398+0100] {dagbag.py:532} INFO - Filling up the DagBag from /Users/b/Documents/workflow/venv/lib/python3.11/site-packages/airflow/example_dags/example_skip_dag.py
[2023-10-15T15:26:55.406+0100] {processor.py:753} INFO - DAG(s) dict_keys(['example_skip_dag']) retrieved from /Users/b/Documents/workflow/venv/lib/python3.11/site-packages/airflow/example_dags/example_skip_dag.py
[2023-10-15T15:26:55.559+0100] {logging_mixin.py:137} INFO - [2023-10-15T15:26:55.559+0100] {dag.py:2705} INFO - Sync 1 DAGs
[2023-10-15T15:26:55.565+0100] {logging_mixin.py:137} INFO - [2023-10-15T15:26:55.565+0100] {dag.py:3452} INFO - Setting next_dagrun for example_skip_dag to 2023-10-14T14:26:55.565432+00:00, run_after=2023-10-15T14:26:55.565432+00:00
[2023-10-15T15:26:55.571+0100] {processor.py:175} INFO - Processing /Users/b/Documents/workflow/venv/lib/python3.11/site-packages/airflow/example_dags/example_skip_dag.py took 0.177 seconds
[2023-10-15T15:27:58.690+0100] {processor.py:153} INFO - Started process (PID=31885) to work on /Users/b/Documents/workflow/venv/lib/python3.11/site-packages/airflow/example_dags/example_skip_dag.py
[2023-10-15T15:27:58.692+0100] {processor.py:743} INFO - Processing file /Users/b/Documents/workflow/venv/lib/python3.11/site-packages/airflow/example_dags/example_skip_dag.py for tasks to queue
[2023-10-15T15:27:58.693+0100] {logging_mixin.py:137} INFO - [2023-10-15T15:27:58.693+0100] {dagbag.py:532} INFO - Filling up the DagBag from /Users/b/Documents/workflow/venv/lib/python3.11/site-packages/airflow/example_dags/example_skip_dag.py
[2023-10-15T15:27:58.700+0100] {processor.py:753} INFO - DAG(s) dict_keys(['example_skip_dag']) retrieved from /Users/b/Documents/workflow/venv/lib/python3.11/site-packages/airflow/example_dags/example_skip_dag.py
[2023-10-15T15:27:58.855+0100] {logging_mixin.py:137} INFO - [2023-10-15T15:27:58.855+0100] {dag.py:2705} INFO - Sync 1 DAGs
[2023-10-15T15:27:58.861+0100] {logging_mixin.py:137} INFO - [2023-10-15T15:27:58.860+0100] {dag.py:3452} INFO - Setting next_dagrun for example_skip_dag to 2023-10-14T14:27:58.860898+00:00, run_after=2023-10-15T14:27:58.860898+00:00
[2023-10-15T15:27:58.867+0100] {processor.py:175} INFO - Processing /Users/b/Documents/workflow/venv/lib/python3.11/site-packages/airflow/example_dags/example_skip_dag.py took 0.178 seconds
[2023-10-15T15:29:04.220+0100] {processor.py:153} INFO - Started process (PID=31997) to work on /Users/b/Documents/workflow/venv/lib/python3.11/site-packages/airflow/example_dags/example_skip_dag.py
[2023-10-15T15:29:04.222+0100] {processor.py:743} INFO - Processing file /Users/b/Documents/workflow/venv/lib/python3.11/site-packages/airflow/example_dags/example_skip_dag.py for tasks to queue
[2023-10-15T15:29:04.222+0100] {logging_mixin.py:137} INFO - [2023-10-15T15:29:04.222+0100] {dagbag.py:532} INFO - Filling up the DagBag from /Users/b/Documents/workflow/venv/lib/python3.11/site-packages/airflow/example_dags/example_skip_dag.py
[2023-10-15T15:29:04.230+0100] {processor.py:753} INFO - DAG(s) dict_keys(['example_skip_dag']) retrieved from /Users/b/Documents/workflow/venv/lib/python3.11/site-packages/airflow/example_dags/example_skip_dag.py
[2023-10-15T15:29:04.385+0100] {logging_mixin.py:137} INFO - [2023-10-15T15:29:04.385+0100] {dag.py:2705} INFO - Sync 1 DAGs
[2023-10-15T15:29:04.391+0100] {logging_mixin.py:137} INFO - [2023-10-15T15:29:04.391+0100] {dag.py:3452} INFO - Setting next_dagrun for example_skip_dag to 2023-10-14T14:29:04.391561+00:00, run_after=2023-10-15T14:29:04.391561+00:00
[2023-10-15T15:29:04.398+0100] {processor.py:175} INFO - Processing /Users/b/Documents/workflow/venv/lib/python3.11/site-packages/airflow/example_dags/example_skip_dag.py took 0.178 seconds
[2023-10-15T15:30:09.122+0100] {processor.py:153} INFO - Started process (PID=32131) to work on /Users/b/Documents/workflow/venv/lib/python3.11/site-packages/airflow/example_dags/example_skip_dag.py
[2023-10-15T15:30:09.125+0100] {processor.py:743} INFO - Processing file /Users/b/Documents/workflow/venv/lib/python3.11/site-packages/airflow/example_dags/example_skip_dag.py for tasks to queue
[2023-10-15T15:30:09.125+0100] {logging_mixin.py:137} INFO - [2023-10-15T15:30:09.125+0100] {dagbag.py:532} INFO - Filling up the DagBag from /Users/b/Documents/workflow/venv/lib/python3.11/site-packages/airflow/example_dags/example_skip_dag.py
[2023-10-15T15:30:09.133+0100] {processor.py:753} INFO - DAG(s) dict_keys(['example_skip_dag']) retrieved from /Users/b/Documents/workflow/venv/lib/python3.11/site-packages/airflow/example_dags/example_skip_dag.py
[2023-10-15T15:30:09.293+0100] {logging_mixin.py:137} INFO - [2023-10-15T15:30:09.293+0100] {dag.py:2705} INFO - Sync 1 DAGs
[2023-10-15T15:30:09.299+0100] {logging_mixin.py:137} INFO - [2023-10-15T15:30:09.299+0100] {dag.py:3452} INFO - Setting next_dagrun for example_skip_dag to 2023-10-14T14:30:09.299727+00:00, run_after=2023-10-15T14:30:09.299727+00:00
[2023-10-15T15:30:09.306+0100] {processor.py:175} INFO - Processing /Users/b/Documents/workflow/venv/lib/python3.11/site-packages/airflow/example_dags/example_skip_dag.py took 0.184 seconds
[2023-10-15T15:31:15.933+0100] {processor.py:153} INFO - Started process (PID=32249) to work on /Users/b/Documents/workflow/venv/lib/python3.11/site-packages/airflow/example_dags/example_skip_dag.py
[2023-10-15T15:31:15.936+0100] {processor.py:743} INFO - Processing file /Users/b/Documents/workflow/venv/lib/python3.11/site-packages/airflow/example_dags/example_skip_dag.py for tasks to queue
[2023-10-15T15:31:15.936+0100] {logging_mixin.py:137} INFO - [2023-10-15T15:31:15.936+0100] {dagbag.py:532} INFO - Filling up the DagBag from /Users/b/Documents/workflow/venv/lib/python3.11/site-packages/airflow/example_dags/example_skip_dag.py
[2023-10-15T15:31:15.944+0100] {processor.py:753} INFO - DAG(s) dict_keys(['example_skip_dag']) retrieved from /Users/b/Documents/workflow/venv/lib/python3.11/site-packages/airflow/example_dags/example_skip_dag.py
[2023-10-15T15:31:16.106+0100] {logging_mixin.py:137} INFO - [2023-10-15T15:31:16.106+0100] {dag.py:2705} INFO - Sync 1 DAGs
[2023-10-15T15:31:16.112+0100] {logging_mixin.py:137} INFO - [2023-10-15T15:31:16.112+0100] {dag.py:3452} INFO - Setting next_dagrun for example_skip_dag to 2023-10-14T14:31:16.112460+00:00, run_after=2023-10-15T14:31:16.112460+00:00
[2023-10-15T15:31:16.119+0100] {processor.py:175} INFO - Processing /Users/b/Documents/workflow/venv/lib/python3.11/site-packages/airflow/example_dags/example_skip_dag.py took 0.186 seconds
[2023-10-15T15:32:22.844+0100] {processor.py:153} INFO - Started process (PID=32374) to work on /Users/b/Documents/workflow/venv/lib/python3.11/site-packages/airflow/example_dags/example_skip_dag.py
[2023-10-15T15:32:22.846+0100] {processor.py:743} INFO - Processing file /Users/b/Documents/workflow/venv/lib/python3.11/site-packages/airflow/example_dags/example_skip_dag.py for tasks to queue
[2023-10-15T15:32:22.846+0100] {logging_mixin.py:137} INFO - [2023-10-15T15:32:22.846+0100] {dagbag.py:532} INFO - Filling up the DagBag from /Users/b/Documents/workflow/venv/lib/python3.11/site-packages/airflow/example_dags/example_skip_dag.py
[2023-10-15T15:32:22.854+0100] {processor.py:753} INFO - DAG(s) dict_keys(['example_skip_dag']) retrieved from /Users/b/Documents/workflow/venv/lib/python3.11/site-packages/airflow/example_dags/example_skip_dag.py
[2023-10-15T15:32:23.011+0100] {logging_mixin.py:137} INFO - [2023-10-15T15:32:23.011+0100] {dag.py:2705} INFO - Sync 1 DAGs
[2023-10-15T15:32:23.017+0100] {logging_mixin.py:137} INFO - [2023-10-15T15:32:23.017+0100] {dag.py:3452} INFO - Setting next_dagrun for example_skip_dag to 2023-10-14T14:32:23.017179+00:00, run_after=2023-10-15T14:32:23.017179+00:00
[2023-10-15T15:32:23.024+0100] {processor.py:175} INFO - Processing /Users/b/Documents/workflow/venv/lib/python3.11/site-packages/airflow/example_dags/example_skip_dag.py took 0.180 seconds
