[2023-10-15T15:11:32.944+0100] {processor.py:153} INFO - Started process (PID=29435) to work on /Users/b/Documents/workflow/venv/lib/python3.11/site-packages/airflow/example_dags/example_trigger_controller_dag.py
[2023-10-15T15:11:32.945+0100] {processor.py:743} INFO - Processing file /Users/b/Documents/workflow/venv/lib/python3.11/site-packages/airflow/example_dags/example_trigger_controller_dag.py for tasks to queue
[2023-10-15T15:11:32.946+0100] {logging_mixin.py:137} INFO - [2023-10-15T15:11:32.945+0100] {dagbag.py:532} INFO - Filling up the DagBag from /Users/b/Documents/workflow/venv/lib/python3.11/site-packages/airflow/example_dags/example_trigger_controller_dag.py
[2023-10-15T15:11:32.953+0100] {processor.py:753} INFO - DAG(s) dict_keys(['example_trigger_controller_dag']) retrieved from /Users/b/Documents/workflow/venv/lib/python3.11/site-packages/airflow/example_dags/example_trigger_controller_dag.py
[2023-10-15T15:11:33.135+0100] {logging_mixin.py:137} INFO - [2023-10-15T15:11:33.135+0100] {manager.py:504} INFO - Created Permission View: can edit on DAG:example_trigger_controller_dag
[2023-10-15T15:11:33.137+0100] {logging_mixin.py:137} INFO - [2023-10-15T15:11:33.137+0100] {manager.py:504} INFO - Created Permission View: can delete on DAG:example_trigger_controller_dag
[2023-10-15T15:11:33.139+0100] {logging_mixin.py:137} INFO - [2023-10-15T15:11:33.139+0100] {manager.py:504} INFO - Created Permission View: can read on DAG:example_trigger_controller_dag
[2023-10-15T15:11:33.139+0100] {logging_mixin.py:137} INFO - [2023-10-15T15:11:33.139+0100] {dag.py:2705} INFO - Sync 1 DAGs
[2023-10-15T15:11:33.142+0100] {logging_mixin.py:137} INFO - [2023-10-15T15:11:33.142+0100] {dag.py:2726} INFO - Creating ORM DAG for example_trigger_controller_dag
[2023-10-15T15:11:33.145+0100] {logging_mixin.py:137} INFO - [2023-10-15T15:11:33.145+0100] {dag.py:3452} INFO - Setting next_dagrun for example_trigger_controller_dag to 2021-01-01T00:00:00+00:00, run_after=2021-01-01T00:00:00+00:00
[2023-10-15T15:11:33.152+0100] {processor.py:175} INFO - Processing /Users/b/Documents/workflow/venv/lib/python3.11/site-packages/airflow/example_dags/example_trigger_controller_dag.py took 0.209 seconds
[2023-10-15T15:12:39.395+0100] {processor.py:153} INFO - Started process (PID=29579) to work on /Users/b/Documents/workflow/venv/lib/python3.11/site-packages/airflow/example_dags/example_trigger_controller_dag.py
[2023-10-15T15:12:39.399+0100] {processor.py:743} INFO - Processing file /Users/b/Documents/workflow/venv/lib/python3.11/site-packages/airflow/example_dags/example_trigger_controller_dag.py for tasks to queue
[2023-10-15T15:12:39.400+0100] {logging_mixin.py:137} INFO - [2023-10-15T15:12:39.400+0100] {dagbag.py:532} INFO - Filling up the DagBag from /Users/b/Documents/workflow/venv/lib/python3.11/site-packages/airflow/example_dags/example_trigger_controller_dag.py
[2023-10-15T15:12:39.408+0100] {processor.py:753} INFO - DAG(s) dict_keys(['example_trigger_controller_dag']) retrieved from /Users/b/Documents/workflow/venv/lib/python3.11/site-packages/airflow/example_dags/example_trigger_controller_dag.py
[2023-10-15T15:12:39.577+0100] {logging_mixin.py:137} INFO - [2023-10-15T15:12:39.577+0100] {dag.py:2705} INFO - Sync 1 DAGs
[2023-10-15T15:12:39.585+0100] {logging_mixin.py:137} INFO - [2023-10-15T15:12:39.585+0100] {dag.py:3452} INFO - Setting next_dagrun for example_trigger_controller_dag to 2021-01-01T00:00:00+00:00, run_after=2021-01-01T00:00:00+00:00
[2023-10-15T15:12:39.593+0100] {processor.py:175} INFO - Processing /Users/b/Documents/workflow/venv/lib/python3.11/site-packages/airflow/example_dags/example_trigger_controller_dag.py took 0.199 seconds
[2023-10-15T15:13:47.842+0100] {processor.py:153} INFO - Started process (PID=30091) to work on /Users/b/Documents/workflow/venv/lib/python3.11/site-packages/airflow/example_dags/example_trigger_controller_dag.py
[2023-10-15T15:13:47.844+0100] {processor.py:743} INFO - Processing file /Users/b/Documents/workflow/venv/lib/python3.11/site-packages/airflow/example_dags/example_trigger_controller_dag.py for tasks to queue
[2023-10-15T15:13:47.845+0100] {logging_mixin.py:137} INFO - [2023-10-15T15:13:47.845+0100] {dagbag.py:532} INFO - Filling up the DagBag from /Users/b/Documents/workflow/venv/lib/python3.11/site-packages/airflow/example_dags/example_trigger_controller_dag.py
[2023-10-15T15:13:47.852+0100] {processor.py:753} INFO - DAG(s) dict_keys(['example_trigger_controller_dag']) retrieved from /Users/b/Documents/workflow/venv/lib/python3.11/site-packages/airflow/example_dags/example_trigger_controller_dag.py
[2023-10-15T15:13:48.004+0100] {logging_mixin.py:137} INFO - [2023-10-15T15:13:48.004+0100] {dag.py:2705} INFO - Sync 1 DAGs
[2023-10-15T15:13:48.009+0100] {logging_mixin.py:137} INFO - [2023-10-15T15:13:48.009+0100] {dag.py:3452} INFO - Setting next_dagrun for example_trigger_controller_dag to 2021-01-01T00:00:00+00:00, run_after=2021-01-01T00:00:00+00:00
[2023-10-15T15:13:48.016+0100] {processor.py:175} INFO - Processing /Users/b/Documents/workflow/venv/lib/python3.11/site-packages/airflow/example_dags/example_trigger_controller_dag.py took 0.174 seconds
[2023-10-15T15:14:52.187+0100] {processor.py:153} INFO - Started process (PID=30265) to work on /Users/b/Documents/workflow/venv/lib/python3.11/site-packages/airflow/example_dags/example_trigger_controller_dag.py
[2023-10-15T15:14:52.189+0100] {processor.py:743} INFO - Processing file /Users/b/Documents/workflow/venv/lib/python3.11/site-packages/airflow/example_dags/example_trigger_controller_dag.py for tasks to queue
[2023-10-15T15:14:52.190+0100] {logging_mixin.py:137} INFO - [2023-10-15T15:14:52.190+0100] {dagbag.py:532} INFO - Filling up the DagBag from /Users/b/Documents/workflow/venv/lib/python3.11/site-packages/airflow/example_dags/example_trigger_controller_dag.py
[2023-10-15T15:14:52.197+0100] {processor.py:753} INFO - DAG(s) dict_keys(['example_trigger_controller_dag']) retrieved from /Users/b/Documents/workflow/venv/lib/python3.11/site-packages/airflow/example_dags/example_trigger_controller_dag.py
[2023-10-15T15:14:52.371+0100] {logging_mixin.py:137} INFO - [2023-10-15T15:14:52.371+0100] {dag.py:2705} INFO - Sync 1 DAGs
[2023-10-15T15:14:52.377+0100] {logging_mixin.py:137} INFO - [2023-10-15T15:14:52.377+0100] {dag.py:3452} INFO - Setting next_dagrun for example_trigger_controller_dag to 2021-01-01T00:00:00+00:00, run_after=2021-01-01T00:00:00+00:00
[2023-10-15T15:14:52.386+0100] {processor.py:175} INFO - Processing /Users/b/Documents/workflow/venv/lib/python3.11/site-packages/airflow/example_dags/example_trigger_controller_dag.py took 0.199 seconds
[2023-10-15T15:15:54.572+0100] {processor.py:153} INFO - Started process (PID=30384) to work on /Users/b/Documents/workflow/venv/lib/python3.11/site-packages/airflow/example_dags/example_trigger_controller_dag.py
[2023-10-15T15:15:54.575+0100] {processor.py:743} INFO - Processing file /Users/b/Documents/workflow/venv/lib/python3.11/site-packages/airflow/example_dags/example_trigger_controller_dag.py for tasks to queue
[2023-10-15T15:15:54.575+0100] {logging_mixin.py:137} INFO - [2023-10-15T15:15:54.575+0100] {dagbag.py:532} INFO - Filling up the DagBag from /Users/b/Documents/workflow/venv/lib/python3.11/site-packages/airflow/example_dags/example_trigger_controller_dag.py
[2023-10-15T15:15:54.582+0100] {processor.py:753} INFO - DAG(s) dict_keys(['example_trigger_controller_dag']) retrieved from /Users/b/Documents/workflow/venv/lib/python3.11/site-packages/airflow/example_dags/example_trigger_controller_dag.py
[2023-10-15T15:15:54.734+0100] {logging_mixin.py:137} INFO - [2023-10-15T15:15:54.734+0100] {dag.py:2705} INFO - Sync 1 DAGs
[2023-10-15T15:15:54.740+0100] {logging_mixin.py:137} INFO - [2023-10-15T15:15:54.740+0100] {dag.py:3452} INFO - Setting next_dagrun for example_trigger_controller_dag to 2021-01-01T00:00:00+00:00, run_after=2021-01-01T00:00:00+00:00
[2023-10-15T15:15:54.747+0100] {processor.py:175} INFO - Processing /Users/b/Documents/workflow/venv/lib/python3.11/site-packages/airflow/example_dags/example_trigger_controller_dag.py took 0.175 seconds
[2023-10-15T15:20:13.397+0100] {processor.py:153} INFO - Started process (PID=30849) to work on /Users/b/Documents/workflow/venv/lib/python3.11/site-packages/airflow/example_dags/example_trigger_controller_dag.py
[2023-10-15T15:20:13.399+0100] {processor.py:743} INFO - Processing file /Users/b/Documents/workflow/venv/lib/python3.11/site-packages/airflow/example_dags/example_trigger_controller_dag.py for tasks to queue
[2023-10-15T15:20:13.399+0100] {logging_mixin.py:137} INFO - [2023-10-15T15:20:13.399+0100] {dagbag.py:532} INFO - Filling up the DagBag from /Users/b/Documents/workflow/venv/lib/python3.11/site-packages/airflow/example_dags/example_trigger_controller_dag.py
[2023-10-15T15:20:13.407+0100] {processor.py:753} INFO - DAG(s) dict_keys(['example_trigger_controller_dag']) retrieved from /Users/b/Documents/workflow/venv/lib/python3.11/site-packages/airflow/example_dags/example_trigger_controller_dag.py
[2023-10-15T15:20:13.575+0100] {logging_mixin.py:137} INFO - [2023-10-15T15:20:13.575+0100] {dag.py:2705} INFO - Sync 1 DAGs
[2023-10-15T15:20:13.582+0100] {logging_mixin.py:137} INFO - [2023-10-15T15:20:13.582+0100] {dag.py:3452} INFO - Setting next_dagrun for example_trigger_controller_dag to 2021-01-01T00:00:00+00:00, run_after=2021-01-01T00:00:00+00:00
[2023-10-15T15:20:13.590+0100] {processor.py:175} INFO - Processing /Users/b/Documents/workflow/venv/lib/python3.11/site-packages/airflow/example_dags/example_trigger_controller_dag.py took 0.193 seconds
[2023-10-15T15:21:25.694+0100] {processor.py:153} INFO - Started process (PID=31083) to work on /Users/b/Documents/workflow/venv/lib/python3.11/site-packages/airflow/example_dags/example_trigger_controller_dag.py
[2023-10-15T15:21:25.696+0100] {processor.py:743} INFO - Processing file /Users/b/Documents/workflow/venv/lib/python3.11/site-packages/airflow/example_dags/example_trigger_controller_dag.py for tasks to queue
[2023-10-15T15:21:25.696+0100] {logging_mixin.py:137} INFO - [2023-10-15T15:21:25.696+0100] {dagbag.py:532} INFO - Filling up the DagBag from /Users/b/Documents/workflow/venv/lib/python3.11/site-packages/airflow/example_dags/example_trigger_controller_dag.py
[2023-10-15T15:21:25.703+0100] {processor.py:753} INFO - DAG(s) dict_keys(['example_trigger_controller_dag']) retrieved from /Users/b/Documents/workflow/venv/lib/python3.11/site-packages/airflow/example_dags/example_trigger_controller_dag.py
[2023-10-15T15:21:25.857+0100] {logging_mixin.py:137} INFO - [2023-10-15T15:21:25.857+0100] {dag.py:2705} INFO - Sync 1 DAGs
[2023-10-15T15:21:25.863+0100] {logging_mixin.py:137} INFO - [2023-10-15T15:21:25.863+0100] {dag.py:3452} INFO - Setting next_dagrun for example_trigger_controller_dag to 2021-01-01T00:00:00+00:00, run_after=2021-01-01T00:00:00+00:00
[2023-10-15T15:21:25.869+0100] {processor.py:175} INFO - Processing /Users/b/Documents/workflow/venv/lib/python3.11/site-packages/airflow/example_dags/example_trigger_controller_dag.py took 0.176 seconds
[2023-10-15T15:22:26.840+0100] {processor.py:153} INFO - Started process (PID=31235) to work on /Users/b/Documents/workflow/venv/lib/python3.11/site-packages/airflow/example_dags/example_trigger_controller_dag.py
[2023-10-15T15:22:26.844+0100] {processor.py:743} INFO - Processing file /Users/b/Documents/workflow/venv/lib/python3.11/site-packages/airflow/example_dags/example_trigger_controller_dag.py for tasks to queue
[2023-10-15T15:22:26.845+0100] {logging_mixin.py:137} INFO - [2023-10-15T15:22:26.845+0100] {dagbag.py:532} INFO - Filling up the DagBag from /Users/b/Documents/workflow/venv/lib/python3.11/site-packages/airflow/example_dags/example_trigger_controller_dag.py
[2023-10-15T15:22:26.852+0100] {processor.py:753} INFO - DAG(s) dict_keys(['example_trigger_controller_dag']) retrieved from /Users/b/Documents/workflow/venv/lib/python3.11/site-packages/airflow/example_dags/example_trigger_controller_dag.py
[2023-10-15T15:22:27.040+0100] {logging_mixin.py:137} INFO - [2023-10-15T15:22:27.040+0100] {dag.py:2705} INFO - Sync 1 DAGs
[2023-10-15T15:22:27.047+0100] {logging_mixin.py:137} INFO - [2023-10-15T15:22:27.047+0100] {dag.py:3452} INFO - Setting next_dagrun for example_trigger_controller_dag to 2021-01-01T00:00:00+00:00, run_after=2021-01-01T00:00:00+00:00
[2023-10-15T15:22:27.053+0100] {processor.py:175} INFO - Processing /Users/b/Documents/workflow/venv/lib/python3.11/site-packages/airflow/example_dags/example_trigger_controller_dag.py took 0.214 seconds
[2023-10-15T15:23:32.151+0100] {processor.py:153} INFO - Started process (PID=31376) to work on /Users/b/Documents/workflow/venv/lib/python3.11/site-packages/airflow/example_dags/example_trigger_controller_dag.py
[2023-10-15T15:23:32.153+0100] {processor.py:743} INFO - Processing file /Users/b/Documents/workflow/venv/lib/python3.11/site-packages/airflow/example_dags/example_trigger_controller_dag.py for tasks to queue
[2023-10-15T15:23:32.154+0100] {logging_mixin.py:137} INFO - [2023-10-15T15:23:32.154+0100] {dagbag.py:532} INFO - Filling up the DagBag from /Users/b/Documents/workflow/venv/lib/python3.11/site-packages/airflow/example_dags/example_trigger_controller_dag.py
[2023-10-15T15:23:32.162+0100] {processor.py:753} INFO - DAG(s) dict_keys(['example_trigger_controller_dag']) retrieved from /Users/b/Documents/workflow/venv/lib/python3.11/site-packages/airflow/example_dags/example_trigger_controller_dag.py
[2023-10-15T15:23:32.336+0100] {logging_mixin.py:137} INFO - [2023-10-15T15:23:32.336+0100] {dag.py:2705} INFO - Sync 1 DAGs
[2023-10-15T15:23:32.343+0100] {logging_mixin.py:137} INFO - [2023-10-15T15:23:32.343+0100] {dag.py:3452} INFO - Setting next_dagrun for example_trigger_controller_dag to 2021-01-01T00:00:00+00:00, run_after=2021-01-01T00:00:00+00:00
[2023-10-15T15:23:32.350+0100] {processor.py:175} INFO - Processing /Users/b/Documents/workflow/venv/lib/python3.11/site-packages/airflow/example_dags/example_trigger_controller_dag.py took 0.199 seconds
[2023-10-15T15:24:37.220+0100] {processor.py:153} INFO - Started process (PID=31515) to work on /Users/b/Documents/workflow/venv/lib/python3.11/site-packages/airflow/example_dags/example_trigger_controller_dag.py
[2023-10-15T15:24:37.222+0100] {processor.py:743} INFO - Processing file /Users/b/Documents/workflow/venv/lib/python3.11/site-packages/airflow/example_dags/example_trigger_controller_dag.py for tasks to queue
[2023-10-15T15:24:37.222+0100] {logging_mixin.py:137} INFO - [2023-10-15T15:24:37.222+0100] {dagbag.py:532} INFO - Filling up the DagBag from /Users/b/Documents/workflow/venv/lib/python3.11/site-packages/airflow/example_dags/example_trigger_controller_dag.py
[2023-10-15T15:24:37.231+0100] {processor.py:753} INFO - DAG(s) dict_keys(['example_trigger_controller_dag']) retrieved from /Users/b/Documents/workflow/venv/lib/python3.11/site-packages/airflow/example_dags/example_trigger_controller_dag.py
[2023-10-15T15:24:37.416+0100] {logging_mixin.py:137} INFO - [2023-10-15T15:24:37.415+0100] {dag.py:2705} INFO - Sync 1 DAGs
[2023-10-15T15:24:37.423+0100] {logging_mixin.py:137} INFO - [2023-10-15T15:24:37.423+0100] {dag.py:3452} INFO - Setting next_dagrun for example_trigger_controller_dag to 2021-01-01T00:00:00+00:00, run_after=2021-01-01T00:00:00+00:00
[2023-10-15T15:24:37.430+0100] {processor.py:175} INFO - Processing /Users/b/Documents/workflow/venv/lib/python3.11/site-packages/airflow/example_dags/example_trigger_controller_dag.py took 0.211 seconds
[2023-10-15T15:25:42.611+0100] {processor.py:153} INFO - Started process (PID=31649) to work on /Users/b/Documents/workflow/venv/lib/python3.11/site-packages/airflow/example_dags/example_trigger_controller_dag.py
[2023-10-15T15:25:42.614+0100] {processor.py:743} INFO - Processing file /Users/b/Documents/workflow/venv/lib/python3.11/site-packages/airflow/example_dags/example_trigger_controller_dag.py for tasks to queue
[2023-10-15T15:25:42.614+0100] {logging_mixin.py:137} INFO - [2023-10-15T15:25:42.614+0100] {dagbag.py:532} INFO - Filling up the DagBag from /Users/b/Documents/workflow/venv/lib/python3.11/site-packages/airflow/example_dags/example_trigger_controller_dag.py
[2023-10-15T15:25:42.623+0100] {processor.py:753} INFO - DAG(s) dict_keys(['example_trigger_controller_dag']) retrieved from /Users/b/Documents/workflow/venv/lib/python3.11/site-packages/airflow/example_dags/example_trigger_controller_dag.py
[2023-10-15T15:25:42.793+0100] {logging_mixin.py:137} INFO - [2023-10-15T15:25:42.793+0100] {dag.py:2705} INFO - Sync 1 DAGs
[2023-10-15T15:25:42.799+0100] {logging_mixin.py:137} INFO - [2023-10-15T15:25:42.799+0100] {dag.py:3452} INFO - Setting next_dagrun for example_trigger_controller_dag to 2021-01-01T00:00:00+00:00, run_after=2021-01-01T00:00:00+00:00
[2023-10-15T15:25:42.805+0100] {processor.py:175} INFO - Processing /Users/b/Documents/workflow/venv/lib/python3.11/site-packages/airflow/example_dags/example_trigger_controller_dag.py took 0.195 seconds
[2023-10-15T15:26:46.319+0100] {processor.py:153} INFO - Started process (PID=31759) to work on /Users/b/Documents/workflow/venv/lib/python3.11/site-packages/airflow/example_dags/example_trigger_controller_dag.py
[2023-10-15T15:26:46.321+0100] {processor.py:743} INFO - Processing file /Users/b/Documents/workflow/venv/lib/python3.11/site-packages/airflow/example_dags/example_trigger_controller_dag.py for tasks to queue
[2023-10-15T15:26:46.322+0100] {logging_mixin.py:137} INFO - [2023-10-15T15:26:46.322+0100] {dagbag.py:532} INFO - Filling up the DagBag from /Users/b/Documents/workflow/venv/lib/python3.11/site-packages/airflow/example_dags/example_trigger_controller_dag.py
[2023-10-15T15:26:46.329+0100] {processor.py:753} INFO - DAG(s) dict_keys(['example_trigger_controller_dag']) retrieved from /Users/b/Documents/workflow/venv/lib/python3.11/site-packages/airflow/example_dags/example_trigger_controller_dag.py
[2023-10-15T15:26:46.483+0100] {logging_mixin.py:137} INFO - [2023-10-15T15:26:46.483+0100] {dag.py:2705} INFO - Sync 1 DAGs
[2023-10-15T15:26:46.489+0100] {logging_mixin.py:137} INFO - [2023-10-15T15:26:46.489+0100] {dag.py:3452} INFO - Setting next_dagrun for example_trigger_controller_dag to 2021-01-01T00:00:00+00:00, run_after=2021-01-01T00:00:00+00:00
[2023-10-15T15:26:46.495+0100] {processor.py:175} INFO - Processing /Users/b/Documents/workflow/venv/lib/python3.11/site-packages/airflow/example_dags/example_trigger_controller_dag.py took 0.177 seconds
[2023-10-15T15:27:50.706+0100] {processor.py:153} INFO - Started process (PID=31868) to work on /Users/b/Documents/workflow/venv/lib/python3.11/site-packages/airflow/example_dags/example_trigger_controller_dag.py
[2023-10-15T15:27:50.708+0100] {processor.py:743} INFO - Processing file /Users/b/Documents/workflow/venv/lib/python3.11/site-packages/airflow/example_dags/example_trigger_controller_dag.py for tasks to queue
[2023-10-15T15:27:50.708+0100] {logging_mixin.py:137} INFO - [2023-10-15T15:27:50.708+0100] {dagbag.py:532} INFO - Filling up the DagBag from /Users/b/Documents/workflow/venv/lib/python3.11/site-packages/airflow/example_dags/example_trigger_controller_dag.py
[2023-10-15T15:27:50.715+0100] {processor.py:753} INFO - DAG(s) dict_keys(['example_trigger_controller_dag']) retrieved from /Users/b/Documents/workflow/venv/lib/python3.11/site-packages/airflow/example_dags/example_trigger_controller_dag.py
[2023-10-15T15:27:50.883+0100] {logging_mixin.py:137} INFO - [2023-10-15T15:27:50.883+0100] {dag.py:2705} INFO - Sync 1 DAGs
[2023-10-15T15:27:50.890+0100] {logging_mixin.py:137} INFO - [2023-10-15T15:27:50.890+0100] {dag.py:3452} INFO - Setting next_dagrun for example_trigger_controller_dag to 2021-01-01T00:00:00+00:00, run_after=2021-01-01T00:00:00+00:00
[2023-10-15T15:27:50.897+0100] {processor.py:175} INFO - Processing /Users/b/Documents/workflow/venv/lib/python3.11/site-packages/airflow/example_dags/example_trigger_controller_dag.py took 0.192 seconds
[2023-10-15T15:28:55.151+0100] {processor.py:153} INFO - Started process (PID=31981) to work on /Users/b/Documents/workflow/venv/lib/python3.11/site-packages/airflow/example_dags/example_trigger_controller_dag.py
[2023-10-15T15:28:55.154+0100] {processor.py:743} INFO - Processing file /Users/b/Documents/workflow/venv/lib/python3.11/site-packages/airflow/example_dags/example_trigger_controller_dag.py for tasks to queue
[2023-10-15T15:28:55.154+0100] {logging_mixin.py:137} INFO - [2023-10-15T15:28:55.154+0100] {dagbag.py:532} INFO - Filling up the DagBag from /Users/b/Documents/workflow/venv/lib/python3.11/site-packages/airflow/example_dags/example_trigger_controller_dag.py
[2023-10-15T15:28:55.161+0100] {processor.py:753} INFO - DAG(s) dict_keys(['example_trigger_controller_dag']) retrieved from /Users/b/Documents/workflow/venv/lib/python3.11/site-packages/airflow/example_dags/example_trigger_controller_dag.py
[2023-10-15T15:28:55.314+0100] {logging_mixin.py:137} INFO - [2023-10-15T15:28:55.314+0100] {dag.py:2705} INFO - Sync 1 DAGs
[2023-10-15T15:28:55.320+0100] {logging_mixin.py:137} INFO - [2023-10-15T15:28:55.320+0100] {dag.py:3452} INFO - Setting next_dagrun for example_trigger_controller_dag to 2021-01-01T00:00:00+00:00, run_after=2021-01-01T00:00:00+00:00
[2023-10-15T15:28:55.327+0100] {processor.py:175} INFO - Processing /Users/b/Documents/workflow/venv/lib/python3.11/site-packages/airflow/example_dags/example_trigger_controller_dag.py took 0.176 seconds
[2023-10-15T15:29:59.891+0100] {processor.py:153} INFO - Started process (PID=32109) to work on /Users/b/Documents/workflow/venv/lib/python3.11/site-packages/airflow/example_dags/example_trigger_controller_dag.py
[2023-10-15T15:29:59.893+0100] {processor.py:743} INFO - Processing file /Users/b/Documents/workflow/venv/lib/python3.11/site-packages/airflow/example_dags/example_trigger_controller_dag.py for tasks to queue
[2023-10-15T15:29:59.894+0100] {logging_mixin.py:137} INFO - [2023-10-15T15:29:59.894+0100] {dagbag.py:532} INFO - Filling up the DagBag from /Users/b/Documents/workflow/venv/lib/python3.11/site-packages/airflow/example_dags/example_trigger_controller_dag.py
[2023-10-15T15:29:59.900+0100] {processor.py:753} INFO - DAG(s) dict_keys(['example_trigger_controller_dag']) retrieved from /Users/b/Documents/workflow/venv/lib/python3.11/site-packages/airflow/example_dags/example_trigger_controller_dag.py
[2023-10-15T15:30:00.061+0100] {logging_mixin.py:137} INFO - [2023-10-15T15:30:00.061+0100] {dag.py:2705} INFO - Sync 1 DAGs
[2023-10-15T15:30:00.067+0100] {logging_mixin.py:137} INFO - [2023-10-15T15:30:00.067+0100] {dag.py:3452} INFO - Setting next_dagrun for example_trigger_controller_dag to 2021-01-01T00:00:00+00:00, run_after=2021-01-01T00:00:00+00:00
[2023-10-15T15:30:00.074+0100] {processor.py:175} INFO - Processing /Users/b/Documents/workflow/venv/lib/python3.11/site-packages/airflow/example_dags/example_trigger_controller_dag.py took 0.183 seconds
[2023-10-15T15:31:05.653+0100] {processor.py:153} INFO - Started process (PID=32228) to work on /Users/b/Documents/workflow/venv/lib/python3.11/site-packages/airflow/example_dags/example_trigger_controller_dag.py
[2023-10-15T15:31:05.656+0100] {processor.py:743} INFO - Processing file /Users/b/Documents/workflow/venv/lib/python3.11/site-packages/airflow/example_dags/example_trigger_controller_dag.py for tasks to queue
[2023-10-15T15:31:05.656+0100] {logging_mixin.py:137} INFO - [2023-10-15T15:31:05.656+0100] {dagbag.py:532} INFO - Filling up the DagBag from /Users/b/Documents/workflow/venv/lib/python3.11/site-packages/airflow/example_dags/example_trigger_controller_dag.py
[2023-10-15T15:31:05.663+0100] {processor.py:753} INFO - DAG(s) dict_keys(['example_trigger_controller_dag']) retrieved from /Users/b/Documents/workflow/venv/lib/python3.11/site-packages/airflow/example_dags/example_trigger_controller_dag.py
[2023-10-15T15:31:05.832+0100] {logging_mixin.py:137} INFO - [2023-10-15T15:31:05.832+0100] {dag.py:2705} INFO - Sync 1 DAGs
[2023-10-15T15:31:05.838+0100] {logging_mixin.py:137} INFO - [2023-10-15T15:31:05.838+0100] {dag.py:3452} INFO - Setting next_dagrun for example_trigger_controller_dag to 2021-01-01T00:00:00+00:00, run_after=2021-01-01T00:00:00+00:00
[2023-10-15T15:31:05.845+0100] {processor.py:175} INFO - Processing /Users/b/Documents/workflow/venv/lib/python3.11/site-packages/airflow/example_dags/example_trigger_controller_dag.py took 0.191 seconds
[2023-10-15T15:32:14.665+0100] {processor.py:153} INFO - Started process (PID=32356) to work on /Users/b/Documents/workflow/venv/lib/python3.11/site-packages/airflow/example_dags/example_trigger_controller_dag.py
[2023-10-15T15:32:14.667+0100] {processor.py:743} INFO - Processing file /Users/b/Documents/workflow/venv/lib/python3.11/site-packages/airflow/example_dags/example_trigger_controller_dag.py for tasks to queue
[2023-10-15T15:32:14.667+0100] {logging_mixin.py:137} INFO - [2023-10-15T15:32:14.667+0100] {dagbag.py:532} INFO - Filling up the DagBag from /Users/b/Documents/workflow/venv/lib/python3.11/site-packages/airflow/example_dags/example_trigger_controller_dag.py
[2023-10-15T15:32:14.675+0100] {processor.py:753} INFO - DAG(s) dict_keys(['example_trigger_controller_dag']) retrieved from /Users/b/Documents/workflow/venv/lib/python3.11/site-packages/airflow/example_dags/example_trigger_controller_dag.py
[2023-10-15T15:32:14.841+0100] {logging_mixin.py:137} INFO - [2023-10-15T15:32:14.840+0100] {dag.py:2705} INFO - Sync 1 DAGs
[2023-10-15T15:32:14.846+0100] {logging_mixin.py:137} INFO - [2023-10-15T15:32:14.846+0100] {dag.py:3452} INFO - Setting next_dagrun for example_trigger_controller_dag to 2021-01-01T00:00:00+00:00, run_after=2021-01-01T00:00:00+00:00
[2023-10-15T15:32:14.853+0100] {processor.py:175} INFO - Processing /Users/b/Documents/workflow/venv/lib/python3.11/site-packages/airflow/example_dags/example_trigger_controller_dag.py took 0.189 seconds
[2023-10-15T15:33:18.563+0100] {processor.py:153} INFO - Started process (PID=32498) to work on /Users/b/Documents/workflow/venv/lib/python3.11/site-packages/airflow/example_dags/example_trigger_controller_dag.py
[2023-10-15T15:33:18.565+0100] {processor.py:743} INFO - Processing file /Users/b/Documents/workflow/venv/lib/python3.11/site-packages/airflow/example_dags/example_trigger_controller_dag.py for tasks to queue
[2023-10-15T15:33:18.565+0100] {logging_mixin.py:137} INFO - [2023-10-15T15:33:18.565+0100] {dagbag.py:532} INFO - Filling up the DagBag from /Users/b/Documents/workflow/venv/lib/python3.11/site-packages/airflow/example_dags/example_trigger_controller_dag.py
[2023-10-15T15:33:18.573+0100] {processor.py:753} INFO - DAG(s) dict_keys(['example_trigger_controller_dag']) retrieved from /Users/b/Documents/workflow/venv/lib/python3.11/site-packages/airflow/example_dags/example_trigger_controller_dag.py
[2023-10-15T15:33:18.735+0100] {logging_mixin.py:137} INFO - [2023-10-15T15:33:18.735+0100] {dag.py:2705} INFO - Sync 1 DAGs
[2023-10-15T15:33:18.741+0100] {logging_mixin.py:137} INFO - [2023-10-15T15:33:18.741+0100] {dag.py:3452} INFO - Setting next_dagrun for example_trigger_controller_dag to 2021-01-01T00:00:00+00:00, run_after=2021-01-01T00:00:00+00:00
[2023-10-15T15:33:18.747+0100] {processor.py:175} INFO - Processing /Users/b/Documents/workflow/venv/lib/python3.11/site-packages/airflow/example_dags/example_trigger_controller_dag.py took 0.185 seconds
