[2023-10-15T15:11:44.798+0100] {processor.py:153} INFO - Started process (PID=29449) to work on /Users/b/Documents/workflow/venv/lib/python3.11/site-packages/airflow/example_dags/example_short_circuit_operator.py
[2023-10-15T15:11:44.800+0100] {processor.py:743} INFO - Processing file /Users/b/Documents/workflow/venv/lib/python3.11/site-packages/airflow/example_dags/example_short_circuit_operator.py for tasks to queue
[2023-10-15T15:11:44.800+0100] {logging_mixin.py:137} INFO - [2023-10-15T15:11:44.800+0100] {dagbag.py:532} INFO - Filling up the DagBag from /Users/b/Documents/workflow/venv/lib/python3.11/site-packages/airflow/example_dags/example_short_circuit_operator.py
[2023-10-15T15:11:44.814+0100] {processor.py:753} INFO - DAG(s) dict_keys(['example_short_circuit_operator']) retrieved from /Users/b/Documents/workflow/venv/lib/python3.11/site-packages/airflow/example_dags/example_short_circuit_operator.py
[2023-10-15T15:11:45.000+0100] {logging_mixin.py:137} INFO - [2023-10-15T15:11:45.000+0100] {manager.py:504} INFO - Created Permission View: can edit on DAG:example_short_circuit_operator
[2023-10-15T15:11:45.002+0100] {logging_mixin.py:137} INFO - [2023-10-15T15:11:45.002+0100] {manager.py:504} INFO - Created Permission View: can read on DAG:example_short_circuit_operator
[2023-10-15T15:11:45.004+0100] {logging_mixin.py:137} INFO - [2023-10-15T15:11:45.004+0100] {manager.py:504} INFO - Created Permission View: can delete on DAG:example_short_circuit_operator
[2023-10-15T15:11:45.004+0100] {logging_mixin.py:137} INFO - [2023-10-15T15:11:45.004+0100] {dag.py:2705} INFO - Sync 1 DAGs
[2023-10-15T15:11:45.008+0100] {logging_mixin.py:137} INFO - [2023-10-15T15:11:45.008+0100] {dag.py:2726} INFO - Creating ORM DAG for example_short_circuit_operator
[2023-10-15T15:11:45.010+0100] {logging_mixin.py:137} INFO - [2023-10-15T15:11:45.010+0100] {dag.py:3452} INFO - Setting next_dagrun for example_short_circuit_operator to 2023-10-14T14:11:45.010574+00:00, run_after=2023-10-15T14:11:45.010574+00:00
[2023-10-15T15:11:45.016+0100] {processor.py:175} INFO - Processing /Users/b/Documents/workflow/venv/lib/python3.11/site-packages/airflow/example_dags/example_short_circuit_operator.py took 0.219 seconds
[2023-10-15T15:12:53.428+0100] {processor.py:153} INFO - Started process (PID=29709) to work on /Users/b/Documents/workflow/venv/lib/python3.11/site-packages/airflow/example_dags/example_short_circuit_operator.py
[2023-10-15T15:12:53.430+0100] {processor.py:743} INFO - Processing file /Users/b/Documents/workflow/venv/lib/python3.11/site-packages/airflow/example_dags/example_short_circuit_operator.py for tasks to queue
[2023-10-15T15:12:53.431+0100] {logging_mixin.py:137} INFO - [2023-10-15T15:12:53.431+0100] {dagbag.py:532} INFO - Filling up the DagBag from /Users/b/Documents/workflow/venv/lib/python3.11/site-packages/airflow/example_dags/example_short_circuit_operator.py
[2023-10-15T15:12:53.446+0100] {processor.py:753} INFO - DAG(s) dict_keys(['example_short_circuit_operator']) retrieved from /Users/b/Documents/workflow/venv/lib/python3.11/site-packages/airflow/example_dags/example_short_circuit_operator.py
[2023-10-15T15:12:53.668+0100] {logging_mixin.py:137} INFO - [2023-10-15T15:12:53.668+0100] {dag.py:2705} INFO - Sync 1 DAGs
[2023-10-15T15:12:53.681+0100] {logging_mixin.py:137} INFO - [2023-10-15T15:12:53.680+0100] {dag.py:3452} INFO - Setting next_dagrun for example_short_circuit_operator to 2023-10-14T14:12:53.680855+00:00, run_after=2023-10-15T14:12:53.680855+00:00
[2023-10-15T15:12:53.695+0100] {processor.py:175} INFO - Processing /Users/b/Documents/workflow/venv/lib/python3.11/site-packages/airflow/example_dags/example_short_circuit_operator.py took 0.268 seconds
[2023-10-15T15:13:57.561+0100] {processor.py:153} INFO - Started process (PID=30141) to work on /Users/b/Documents/workflow/venv/lib/python3.11/site-packages/airflow/example_dags/example_short_circuit_operator.py
[2023-10-15T15:13:57.563+0100] {processor.py:743} INFO - Processing file /Users/b/Documents/workflow/venv/lib/python3.11/site-packages/airflow/example_dags/example_short_circuit_operator.py for tasks to queue
[2023-10-15T15:13:57.563+0100] {logging_mixin.py:137} INFO - [2023-10-15T15:13:57.563+0100] {dagbag.py:532} INFO - Filling up the DagBag from /Users/b/Documents/workflow/venv/lib/python3.11/site-packages/airflow/example_dags/example_short_circuit_operator.py
[2023-10-15T15:13:57.579+0100] {processor.py:753} INFO - DAG(s) dict_keys(['example_short_circuit_operator']) retrieved from /Users/b/Documents/workflow/venv/lib/python3.11/site-packages/airflow/example_dags/example_short_circuit_operator.py
[2023-10-15T15:13:57.733+0100] {logging_mixin.py:137} INFO - [2023-10-15T15:13:57.733+0100] {dag.py:2705} INFO - Sync 1 DAGs
[2023-10-15T15:13:57.740+0100] {logging_mixin.py:137} INFO - [2023-10-15T15:13:57.740+0100] {dag.py:3452} INFO - Setting next_dagrun for example_short_circuit_operator to 2023-10-14T14:13:57.739959+00:00, run_after=2023-10-15T14:13:57.739959+00:00
[2023-10-15T15:13:57.746+0100] {processor.py:175} INFO - Processing /Users/b/Documents/workflow/venv/lib/python3.11/site-packages/airflow/example_dags/example_short_circuit_operator.py took 0.186 seconds
[2023-10-15T15:15:02.900+0100] {processor.py:153} INFO - Started process (PID=30287) to work on /Users/b/Documents/workflow/venv/lib/python3.11/site-packages/airflow/example_dags/example_short_circuit_operator.py
[2023-10-15T15:15:02.903+0100] {processor.py:743} INFO - Processing file /Users/b/Documents/workflow/venv/lib/python3.11/site-packages/airflow/example_dags/example_short_circuit_operator.py for tasks to queue
[2023-10-15T15:15:02.903+0100] {logging_mixin.py:137} INFO - [2023-10-15T15:15:02.903+0100] {dagbag.py:532} INFO - Filling up the DagBag from /Users/b/Documents/workflow/venv/lib/python3.11/site-packages/airflow/example_dags/example_short_circuit_operator.py
[2023-10-15T15:15:02.915+0100] {processor.py:753} INFO - DAG(s) dict_keys(['example_short_circuit_operator']) retrieved from /Users/b/Documents/workflow/venv/lib/python3.11/site-packages/airflow/example_dags/example_short_circuit_operator.py
[2023-10-15T15:15:03.064+0100] {logging_mixin.py:137} INFO - [2023-10-15T15:15:03.064+0100] {dag.py:2705} INFO - Sync 1 DAGs
[2023-10-15T15:15:03.070+0100] {logging_mixin.py:137} INFO - [2023-10-15T15:15:03.070+0100] {dag.py:3452} INFO - Setting next_dagrun for example_short_circuit_operator to 2023-10-14T14:15:03.069999+00:00, run_after=2023-10-15T14:15:03.069999+00:00
[2023-10-15T15:15:03.076+0100] {processor.py:175} INFO - Processing /Users/b/Documents/workflow/venv/lib/python3.11/site-packages/airflow/example_dags/example_short_circuit_operator.py took 0.176 seconds
[2023-10-15T15:16:05.925+0100] {processor.py:153} INFO - Started process (PID=30402) to work on /Users/b/Documents/workflow/venv/lib/python3.11/site-packages/airflow/example_dags/example_short_circuit_operator.py
[2023-10-15T15:16:05.928+0100] {processor.py:743} INFO - Processing file /Users/b/Documents/workflow/venv/lib/python3.11/site-packages/airflow/example_dags/example_short_circuit_operator.py for tasks to queue
[2023-10-15T15:16:05.928+0100] {logging_mixin.py:137} INFO - [2023-10-15T15:16:05.928+0100] {dagbag.py:532} INFO - Filling up the DagBag from /Users/b/Documents/workflow/venv/lib/python3.11/site-packages/airflow/example_dags/example_short_circuit_operator.py
[2023-10-15T15:16:05.942+0100] {processor.py:753} INFO - DAG(s) dict_keys(['example_short_circuit_operator']) retrieved from /Users/b/Documents/workflow/venv/lib/python3.11/site-packages/airflow/example_dags/example_short_circuit_operator.py
[2023-10-15T15:16:06.104+0100] {logging_mixin.py:137} INFO - [2023-10-15T15:16:06.104+0100] {dag.py:2705} INFO - Sync 1 DAGs
[2023-10-15T15:16:06.111+0100] {logging_mixin.py:137} INFO - [2023-10-15T15:16:06.110+0100] {dag.py:3452} INFO - Setting next_dagrun for example_short_circuit_operator to 2023-10-14T14:16:06.110894+00:00, run_after=2023-10-15T14:16:06.110894+00:00
[2023-10-15T15:16:06.118+0100] {processor.py:175} INFO - Processing /Users/b/Documents/workflow/venv/lib/python3.11/site-packages/airflow/example_dags/example_short_circuit_operator.py took 0.193 seconds
[2023-10-15T15:20:25.580+0100] {processor.py:153} INFO - Started process (PID=30881) to work on /Users/b/Documents/workflow/venv/lib/python3.11/site-packages/airflow/example_dags/example_short_circuit_operator.py
[2023-10-15T15:20:25.583+0100] {processor.py:743} INFO - Processing file /Users/b/Documents/workflow/venv/lib/python3.11/site-packages/airflow/example_dags/example_short_circuit_operator.py for tasks to queue
[2023-10-15T15:20:25.583+0100] {logging_mixin.py:137} INFO - [2023-10-15T15:20:25.583+0100] {dagbag.py:532} INFO - Filling up the DagBag from /Users/b/Documents/workflow/venv/lib/python3.11/site-packages/airflow/example_dags/example_short_circuit_operator.py
[2023-10-15T15:20:25.596+0100] {processor.py:753} INFO - DAG(s) dict_keys(['example_short_circuit_operator']) retrieved from /Users/b/Documents/workflow/venv/lib/python3.11/site-packages/airflow/example_dags/example_short_circuit_operator.py
[2023-10-15T15:20:25.754+0100] {logging_mixin.py:137} INFO - [2023-10-15T15:20:25.753+0100] {dag.py:2705} INFO - Sync 1 DAGs
[2023-10-15T15:20:25.760+0100] {logging_mixin.py:137} INFO - [2023-10-15T15:20:25.760+0100] {dag.py:3452} INFO - Setting next_dagrun for example_short_circuit_operator to 2023-10-14T14:20:25.760244+00:00, run_after=2023-10-15T14:20:25.760244+00:00
[2023-10-15T15:20:25.766+0100] {processor.py:175} INFO - Processing /Users/b/Documents/workflow/venv/lib/python3.11/site-packages/airflow/example_dags/example_short_circuit_operator.py took 0.186 seconds
[2023-10-15T15:21:36.325+0100] {processor.py:153} INFO - Started process (PID=31113) to work on /Users/b/Documents/workflow/venv/lib/python3.11/site-packages/airflow/example_dags/example_short_circuit_operator.py
[2023-10-15T15:21:36.327+0100] {processor.py:743} INFO - Processing file /Users/b/Documents/workflow/venv/lib/python3.11/site-packages/airflow/example_dags/example_short_circuit_operator.py for tasks to queue
[2023-10-15T15:21:36.327+0100] {logging_mixin.py:137} INFO - [2023-10-15T15:21:36.327+0100] {dagbag.py:532} INFO - Filling up the DagBag from /Users/b/Documents/workflow/venv/lib/python3.11/site-packages/airflow/example_dags/example_short_circuit_operator.py
[2023-10-15T15:21:36.340+0100] {processor.py:753} INFO - DAG(s) dict_keys(['example_short_circuit_operator']) retrieved from /Users/b/Documents/workflow/venv/lib/python3.11/site-packages/airflow/example_dags/example_short_circuit_operator.py
[2023-10-15T15:21:36.498+0100] {logging_mixin.py:137} INFO - [2023-10-15T15:21:36.498+0100] {dag.py:2705} INFO - Sync 1 DAGs
[2023-10-15T15:21:36.504+0100] {logging_mixin.py:137} INFO - [2023-10-15T15:21:36.504+0100] {dag.py:3452} INFO - Setting next_dagrun for example_short_circuit_operator to 2023-10-14T14:21:36.504088+00:00, run_after=2023-10-15T14:21:36.504088+00:00
[2023-10-15T15:21:36.510+0100] {processor.py:175} INFO - Processing /Users/b/Documents/workflow/venv/lib/python3.11/site-packages/airflow/example_dags/example_short_circuit_operator.py took 0.186 seconds
[2023-10-15T15:22:37.693+0100] {processor.py:153} INFO - Started process (PID=31263) to work on /Users/b/Documents/workflow/venv/lib/python3.11/site-packages/airflow/example_dags/example_short_circuit_operator.py
[2023-10-15T15:22:37.695+0100] {processor.py:743} INFO - Processing file /Users/b/Documents/workflow/venv/lib/python3.11/site-packages/airflow/example_dags/example_short_circuit_operator.py for tasks to queue
[2023-10-15T15:22:37.695+0100] {logging_mixin.py:137} INFO - [2023-10-15T15:22:37.695+0100] {dagbag.py:532} INFO - Filling up the DagBag from /Users/b/Documents/workflow/venv/lib/python3.11/site-packages/airflow/example_dags/example_short_circuit_operator.py
[2023-10-15T15:22:37.708+0100] {processor.py:753} INFO - DAG(s) dict_keys(['example_short_circuit_operator']) retrieved from /Users/b/Documents/workflow/venv/lib/python3.11/site-packages/airflow/example_dags/example_short_circuit_operator.py
[2023-10-15T15:22:37.860+0100] {logging_mixin.py:137} INFO - [2023-10-15T15:22:37.860+0100] {dag.py:2705} INFO - Sync 1 DAGs
[2023-10-15T15:22:37.866+0100] {logging_mixin.py:137} INFO - [2023-10-15T15:22:37.866+0100] {dag.py:3452} INFO - Setting next_dagrun for example_short_circuit_operator to 2023-10-14T14:22:37.866344+00:00, run_after=2023-10-15T14:22:37.866344+00:00
[2023-10-15T15:22:37.873+0100] {processor.py:175} INFO - Processing /Users/b/Documents/workflow/venv/lib/python3.11/site-packages/airflow/example_dags/example_short_circuit_operator.py took 0.180 seconds
[2023-10-15T15:23:42.106+0100] {processor.py:153} INFO - Started process (PID=31393) to work on /Users/b/Documents/workflow/venv/lib/python3.11/site-packages/airflow/example_dags/example_short_circuit_operator.py
[2023-10-15T15:23:42.108+0100] {processor.py:743} INFO - Processing file /Users/b/Documents/workflow/venv/lib/python3.11/site-packages/airflow/example_dags/example_short_circuit_operator.py for tasks to queue
[2023-10-15T15:23:42.108+0100] {logging_mixin.py:137} INFO - [2023-10-15T15:23:42.108+0100] {dagbag.py:532} INFO - Filling up the DagBag from /Users/b/Documents/workflow/venv/lib/python3.11/site-packages/airflow/example_dags/example_short_circuit_operator.py
[2023-10-15T15:23:42.126+0100] {processor.py:753} INFO - DAG(s) dict_keys(['example_short_circuit_operator']) retrieved from /Users/b/Documents/workflow/venv/lib/python3.11/site-packages/airflow/example_dags/example_short_circuit_operator.py
[2023-10-15T15:23:42.325+0100] {logging_mixin.py:137} INFO - [2023-10-15T15:23:42.325+0100] {dag.py:2705} INFO - Sync 1 DAGs
[2023-10-15T15:23:42.332+0100] {logging_mixin.py:137} INFO - [2023-10-15T15:23:42.332+0100] {dag.py:3452} INFO - Setting next_dagrun for example_short_circuit_operator to 2023-10-14T14:23:42.332101+00:00, run_after=2023-10-15T14:23:42.332101+00:00
[2023-10-15T15:23:42.340+0100] {processor.py:175} INFO - Processing /Users/b/Documents/workflow/venv/lib/python3.11/site-packages/airflow/example_dags/example_short_circuit_operator.py took 0.235 seconds
[2023-10-15T15:24:47.899+0100] {processor.py:153} INFO - Started process (PID=31537) to work on /Users/b/Documents/workflow/venv/lib/python3.11/site-packages/airflow/example_dags/example_short_circuit_operator.py
[2023-10-15T15:24:47.902+0100] {processor.py:743} INFO - Processing file /Users/b/Documents/workflow/venv/lib/python3.11/site-packages/airflow/example_dags/example_short_circuit_operator.py for tasks to queue
[2023-10-15T15:24:47.902+0100] {logging_mixin.py:137} INFO - [2023-10-15T15:24:47.902+0100] {dagbag.py:532} INFO - Filling up the DagBag from /Users/b/Documents/workflow/venv/lib/python3.11/site-packages/airflow/example_dags/example_short_circuit_operator.py
[2023-10-15T15:24:47.915+0100] {processor.py:753} INFO - DAG(s) dict_keys(['example_short_circuit_operator']) retrieved from /Users/b/Documents/workflow/venv/lib/python3.11/site-packages/airflow/example_dags/example_short_circuit_operator.py
[2023-10-15T15:24:48.081+0100] {logging_mixin.py:137} INFO - [2023-10-15T15:24:48.080+0100] {dag.py:2705} INFO - Sync 1 DAGs
[2023-10-15T15:24:48.087+0100] {logging_mixin.py:137} INFO - [2023-10-15T15:24:48.087+0100] {dag.py:3452} INFO - Setting next_dagrun for example_short_circuit_operator to 2023-10-14T14:24:48.087626+00:00, run_after=2023-10-15T14:24:48.087626+00:00
[2023-10-15T15:24:48.094+0100] {processor.py:175} INFO - Processing /Users/b/Documents/workflow/venv/lib/python3.11/site-packages/airflow/example_dags/example_short_circuit_operator.py took 0.195 seconds
[2023-10-15T15:25:53.098+0100] {processor.py:153} INFO - Started process (PID=31668) to work on /Users/b/Documents/workflow/venv/lib/python3.11/site-packages/airflow/example_dags/example_short_circuit_operator.py
[2023-10-15T15:25:53.101+0100] {processor.py:743} INFO - Processing file /Users/b/Documents/workflow/venv/lib/python3.11/site-packages/airflow/example_dags/example_short_circuit_operator.py for tasks to queue
[2023-10-15T15:25:53.101+0100] {logging_mixin.py:137} INFO - [2023-10-15T15:25:53.101+0100] {dagbag.py:532} INFO - Filling up the DagBag from /Users/b/Documents/workflow/venv/lib/python3.11/site-packages/airflow/example_dags/example_short_circuit_operator.py
[2023-10-15T15:25:53.114+0100] {processor.py:753} INFO - DAG(s) dict_keys(['example_short_circuit_operator']) retrieved from /Users/b/Documents/workflow/venv/lib/python3.11/site-packages/airflow/example_dags/example_short_circuit_operator.py
[2023-10-15T15:25:53.266+0100] {logging_mixin.py:137} INFO - [2023-10-15T15:25:53.266+0100] {dag.py:2705} INFO - Sync 1 DAGs
[2023-10-15T15:25:53.272+0100] {logging_mixin.py:137} INFO - [2023-10-15T15:25:53.272+0100] {dag.py:3452} INFO - Setting next_dagrun for example_short_circuit_operator to 2023-10-14T14:25:53.272369+00:00, run_after=2023-10-15T14:25:53.272369+00:00
[2023-10-15T15:25:53.279+0100] {processor.py:175} INFO - Processing /Users/b/Documents/workflow/venv/lib/python3.11/site-packages/airflow/example_dags/example_short_circuit_operator.py took 0.181 seconds
[2023-10-15T15:26:57.069+0100] {processor.py:153} INFO - Started process (PID=31779) to work on /Users/b/Documents/workflow/venv/lib/python3.11/site-packages/airflow/example_dags/example_short_circuit_operator.py
[2023-10-15T15:26:57.071+0100] {processor.py:743} INFO - Processing file /Users/b/Documents/workflow/venv/lib/python3.11/site-packages/airflow/example_dags/example_short_circuit_operator.py for tasks to queue
[2023-10-15T15:26:57.072+0100] {logging_mixin.py:137} INFO - [2023-10-15T15:26:57.071+0100] {dagbag.py:532} INFO - Filling up the DagBag from /Users/b/Documents/workflow/venv/lib/python3.11/site-packages/airflow/example_dags/example_short_circuit_operator.py
[2023-10-15T15:26:57.085+0100] {processor.py:753} INFO - DAG(s) dict_keys(['example_short_circuit_operator']) retrieved from /Users/b/Documents/workflow/venv/lib/python3.11/site-packages/airflow/example_dags/example_short_circuit_operator.py
[2023-10-15T15:26:57.264+0100] {logging_mixin.py:137} INFO - [2023-10-15T15:26:57.264+0100] {dag.py:2705} INFO - Sync 1 DAGs
[2023-10-15T15:26:57.271+0100] {logging_mixin.py:137} INFO - [2023-10-15T15:26:57.271+0100] {dag.py:3452} INFO - Setting next_dagrun for example_short_circuit_operator to 2023-10-14T14:26:57.270885+00:00, run_after=2023-10-15T14:26:57.270885+00:00
[2023-10-15T15:26:57.278+0100] {processor.py:175} INFO - Processing /Users/b/Documents/workflow/venv/lib/python3.11/site-packages/airflow/example_dags/example_short_circuit_operator.py took 0.209 seconds
[2023-10-15T15:28:00.351+0100] {processor.py:153} INFO - Started process (PID=31886) to work on /Users/b/Documents/workflow/venv/lib/python3.11/site-packages/airflow/example_dags/example_short_circuit_operator.py
[2023-10-15T15:28:00.353+0100] {processor.py:743} INFO - Processing file /Users/b/Documents/workflow/venv/lib/python3.11/site-packages/airflow/example_dags/example_short_circuit_operator.py for tasks to queue
[2023-10-15T15:28:00.354+0100] {logging_mixin.py:137} INFO - [2023-10-15T15:28:00.354+0100] {dagbag.py:532} INFO - Filling up the DagBag from /Users/b/Documents/workflow/venv/lib/python3.11/site-packages/airflow/example_dags/example_short_circuit_operator.py
[2023-10-15T15:28:00.366+0100] {processor.py:753} INFO - DAG(s) dict_keys(['example_short_circuit_operator']) retrieved from /Users/b/Documents/workflow/venv/lib/python3.11/site-packages/airflow/example_dags/example_short_circuit_operator.py
[2023-10-15T15:28:00.516+0100] {logging_mixin.py:137} INFO - [2023-10-15T15:28:00.516+0100] {dag.py:2705} INFO - Sync 1 DAGs
[2023-10-15T15:28:00.522+0100] {logging_mixin.py:137} INFO - [2023-10-15T15:28:00.522+0100] {dag.py:3452} INFO - Setting next_dagrun for example_short_circuit_operator to 2023-10-14T14:28:00.522504+00:00, run_after=2023-10-15T14:28:00.522504+00:00
[2023-10-15T15:28:00.529+0100] {processor.py:175} INFO - Processing /Users/b/Documents/workflow/venv/lib/python3.11/site-packages/airflow/example_dags/example_short_circuit_operator.py took 0.178 seconds
[2023-10-15T15:29:05.874+0100] {processor.py:153} INFO - Started process (PID=31998) to work on /Users/b/Documents/workflow/venv/lib/python3.11/site-packages/airflow/example_dags/example_short_circuit_operator.py
[2023-10-15T15:29:05.876+0100] {processor.py:743} INFO - Processing file /Users/b/Documents/workflow/venv/lib/python3.11/site-packages/airflow/example_dags/example_short_circuit_operator.py for tasks to queue
[2023-10-15T15:29:05.877+0100] {logging_mixin.py:137} INFO - [2023-10-15T15:29:05.877+0100] {dagbag.py:532} INFO - Filling up the DagBag from /Users/b/Documents/workflow/venv/lib/python3.11/site-packages/airflow/example_dags/example_short_circuit_operator.py
[2023-10-15T15:29:05.889+0100] {processor.py:753} INFO - DAG(s) dict_keys(['example_short_circuit_operator']) retrieved from /Users/b/Documents/workflow/venv/lib/python3.11/site-packages/airflow/example_dags/example_short_circuit_operator.py
[2023-10-15T15:29:06.040+0100] {logging_mixin.py:137} INFO - [2023-10-15T15:29:06.040+0100] {dag.py:2705} INFO - Sync 1 DAGs
[2023-10-15T15:29:06.046+0100] {logging_mixin.py:137} INFO - [2023-10-15T15:29:06.046+0100] {dag.py:3452} INFO - Setting next_dagrun for example_short_circuit_operator to 2023-10-14T14:29:06.045963+00:00, run_after=2023-10-15T14:29:06.045963+00:00
[2023-10-15T15:29:06.052+0100] {processor.py:175} INFO - Processing /Users/b/Documents/workflow/venv/lib/python3.11/site-packages/airflow/example_dags/example_short_circuit_operator.py took 0.178 seconds
[2023-10-15T15:30:10.560+0100] {processor.py:153} INFO - Started process (PID=32132) to work on /Users/b/Documents/workflow/venv/lib/python3.11/site-packages/airflow/example_dags/example_short_circuit_operator.py
[2023-10-15T15:30:10.563+0100] {processor.py:743} INFO - Processing file /Users/b/Documents/workflow/venv/lib/python3.11/site-packages/airflow/example_dags/example_short_circuit_operator.py for tasks to queue
[2023-10-15T15:30:10.563+0100] {logging_mixin.py:137} INFO - [2023-10-15T15:30:10.563+0100] {dagbag.py:532} INFO - Filling up the DagBag from /Users/b/Documents/workflow/venv/lib/python3.11/site-packages/airflow/example_dags/example_short_circuit_operator.py
[2023-10-15T15:30:10.575+0100] {processor.py:753} INFO - DAG(s) dict_keys(['example_short_circuit_operator']) retrieved from /Users/b/Documents/workflow/venv/lib/python3.11/site-packages/airflow/example_dags/example_short_circuit_operator.py
[2023-10-15T15:30:10.734+0100] {logging_mixin.py:137} INFO - [2023-10-15T15:30:10.734+0100] {dag.py:2705} INFO - Sync 1 DAGs
[2023-10-15T15:30:10.741+0100] {logging_mixin.py:137} INFO - [2023-10-15T15:30:10.741+0100] {dag.py:3452} INFO - Setting next_dagrun for example_short_circuit_operator to 2023-10-14T14:30:10.741108+00:00, run_after=2023-10-15T14:30:10.741108+00:00
[2023-10-15T15:30:10.747+0100] {processor.py:175} INFO - Processing /Users/b/Documents/workflow/venv/lib/python3.11/site-packages/airflow/example_dags/example_short_circuit_operator.py took 0.187 seconds
[2023-10-15T15:31:17.632+0100] {processor.py:153} INFO - Started process (PID=32255) to work on /Users/b/Documents/workflow/venv/lib/python3.11/site-packages/airflow/example_dags/example_short_circuit_operator.py
[2023-10-15T15:31:17.634+0100] {processor.py:743} INFO - Processing file /Users/b/Documents/workflow/venv/lib/python3.11/site-packages/airflow/example_dags/example_short_circuit_operator.py for tasks to queue
[2023-10-15T15:31:17.634+0100] {logging_mixin.py:137} INFO - [2023-10-15T15:31:17.634+0100] {dagbag.py:532} INFO - Filling up the DagBag from /Users/b/Documents/workflow/venv/lib/python3.11/site-packages/airflow/example_dags/example_short_circuit_operator.py
[2023-10-15T15:31:17.648+0100] {processor.py:753} INFO - DAG(s) dict_keys(['example_short_circuit_operator']) retrieved from /Users/b/Documents/workflow/venv/lib/python3.11/site-packages/airflow/example_dags/example_short_circuit_operator.py
[2023-10-15T15:31:17.802+0100] {logging_mixin.py:137} INFO - [2023-10-15T15:31:17.802+0100] {dag.py:2705} INFO - Sync 1 DAGs
[2023-10-15T15:31:17.808+0100] {logging_mixin.py:137} INFO - [2023-10-15T15:31:17.808+0100] {dag.py:3452} INFO - Setting next_dagrun for example_short_circuit_operator to 2023-10-14T14:31:17.808291+00:00, run_after=2023-10-15T14:31:17.808291+00:00
[2023-10-15T15:31:17.815+0100] {processor.py:175} INFO - Processing /Users/b/Documents/workflow/venv/lib/python3.11/site-packages/airflow/example_dags/example_short_circuit_operator.py took 0.184 seconds
[2023-10-15T15:32:24.522+0100] {processor.py:153} INFO - Started process (PID=32375) to work on /Users/b/Documents/workflow/venv/lib/python3.11/site-packages/airflow/example_dags/example_short_circuit_operator.py
[2023-10-15T15:32:24.525+0100] {processor.py:743} INFO - Processing file /Users/b/Documents/workflow/venv/lib/python3.11/site-packages/airflow/example_dags/example_short_circuit_operator.py for tasks to queue
[2023-10-15T15:32:24.525+0100] {logging_mixin.py:137} INFO - [2023-10-15T15:32:24.525+0100] {dagbag.py:532} INFO - Filling up the DagBag from /Users/b/Documents/workflow/venv/lib/python3.11/site-packages/airflow/example_dags/example_short_circuit_operator.py
[2023-10-15T15:32:24.537+0100] {processor.py:753} INFO - DAG(s) dict_keys(['example_short_circuit_operator']) retrieved from /Users/b/Documents/workflow/venv/lib/python3.11/site-packages/airflow/example_dags/example_short_circuit_operator.py
[2023-10-15T15:32:24.697+0100] {logging_mixin.py:137} INFO - [2023-10-15T15:32:24.697+0100] {dag.py:2705} INFO - Sync 1 DAGs
[2023-10-15T15:32:24.709+0100] {logging_mixin.py:137} INFO - [2023-10-15T15:32:24.709+0100] {dag.py:3452} INFO - Setting next_dagrun for example_short_circuit_operator to 2023-10-14T14:32:24.709403+00:00, run_after=2023-10-15T14:32:24.709403+00:00
[2023-10-15T15:32:24.715+0100] {processor.py:175} INFO - Processing /Users/b/Documents/workflow/venv/lib/python3.11/site-packages/airflow/example_dags/example_short_circuit_operator.py took 0.193 seconds
