[2023-10-15T15:12:07.898+0100] {processor.py:153} INFO - Started process (PID=29489) to work on /Users/b/Documents/workflow/venv/lib/python3.11/site-packages/airflow/example_dags/example_complex.py
[2023-10-15T15:12:07.900+0100] {processor.py:743} INFO - Processing file /Users/b/Documents/workflow/venv/lib/python3.11/site-packages/airflow/example_dags/example_complex.py for tasks to queue
[2023-10-15T15:12:07.900+0100] {logging_mixin.py:137} INFO - [2023-10-15T15:12:07.900+0100] {dagbag.py:532} INFO - Filling up the DagBag from /Users/b/Documents/workflow/venv/lib/python3.11/site-packages/airflow/example_dags/example_complex.py
[2023-10-15T15:12:07.908+0100] {logging_mixin.py:137} INFO - [2023-10-15T15:12:07.908+0100] {taskmixin.py:211} WARNING - Dependency <Task(BashOperator): create_entry_group>, delete_entry_group already registered for DAG: example_complex
[2023-10-15T15:12:07.908+0100] {logging_mixin.py:137} INFO - [2023-10-15T15:12:07.908+0100] {taskmixin.py:211} WARNING - Dependency <Task(BashOperator): delete_entry_group>, create_entry_group already registered for DAG: example_complex
[2023-10-15T15:12:07.908+0100] {logging_mixin.py:137} INFO - [2023-10-15T15:12:07.908+0100] {taskmixin.py:211} WARNING - Dependency <Task(BashOperator): create_entry_gcs>, delete_entry already registered for DAG: example_complex
[2023-10-15T15:12:07.908+0100] {logging_mixin.py:137} INFO - [2023-10-15T15:12:07.908+0100] {taskmixin.py:211} WARNING - Dependency <Task(BashOperator): delete_entry>, create_entry_gcs already registered for DAG: example_complex
[2023-10-15T15:12:07.908+0100] {logging_mixin.py:137} INFO - [2023-10-15T15:12:07.908+0100] {taskmixin.py:211} WARNING - Dependency <Task(BashOperator): create_tag>, delete_tag already registered for DAG: example_complex
[2023-10-15T15:12:07.908+0100] {logging_mixin.py:137} INFO - [2023-10-15T15:12:07.908+0100] {taskmixin.py:211} WARNING - Dependency <Task(BashOperator): delete_tag>, create_tag already registered for DAG: example_complex
[2023-10-15T15:12:07.911+0100] {processor.py:753} INFO - DAG(s) dict_keys(['example_complex']) retrieved from /Users/b/Documents/workflow/venv/lib/python3.11/site-packages/airflow/example_dags/example_complex.py
[2023-10-15T15:12:08.095+0100] {logging_mixin.py:137} INFO - [2023-10-15T15:12:08.094+0100] {manager.py:504} INFO - Created Permission View: can delete on DAG:example_complex
[2023-10-15T15:12:08.097+0100] {logging_mixin.py:137} INFO - [2023-10-15T15:12:08.097+0100] {manager.py:504} INFO - Created Permission View: can read on DAG:example_complex
[2023-10-15T15:12:08.099+0100] {logging_mixin.py:137} INFO - [2023-10-15T15:12:08.099+0100] {manager.py:504} INFO - Created Permission View: can edit on DAG:example_complex
[2023-10-15T15:12:08.099+0100] {logging_mixin.py:137} INFO - [2023-10-15T15:12:08.099+0100] {dag.py:2705} INFO - Sync 1 DAGs
[2023-10-15T15:12:08.102+0100] {logging_mixin.py:137} INFO - [2023-10-15T15:12:08.102+0100] {dag.py:2726} INFO - Creating ORM DAG for example_complex
[2023-10-15T15:12:08.105+0100] {logging_mixin.py:137} INFO - [2023-10-15T15:12:08.105+0100] {dag.py:3452} INFO - Setting next_dagrun for example_complex to None, run_after=None
[2023-10-15T15:12:08.110+0100] {processor.py:175} INFO - Processing /Users/b/Documents/workflow/venv/lib/python3.11/site-packages/airflow/example_dags/example_complex.py took 0.212 seconds
[2023-10-15T15:13:19.119+0100] {processor.py:153} INFO - Started process (PID=29919) to work on /Users/b/Documents/workflow/venv/lib/python3.11/site-packages/airflow/example_dags/example_complex.py
[2023-10-15T15:13:19.121+0100] {processor.py:743} INFO - Processing file /Users/b/Documents/workflow/venv/lib/python3.11/site-packages/airflow/example_dags/example_complex.py for tasks to queue
[2023-10-15T15:13:19.121+0100] {logging_mixin.py:137} INFO - [2023-10-15T15:13:19.121+0100] {dagbag.py:532} INFO - Filling up the DagBag from /Users/b/Documents/workflow/venv/lib/python3.11/site-packages/airflow/example_dags/example_complex.py
[2023-10-15T15:13:19.128+0100] {logging_mixin.py:137} INFO - [2023-10-15T15:13:19.128+0100] {taskmixin.py:211} WARNING - Dependency <Task(BashOperator): create_entry_group>, delete_entry_group already registered for DAG: example_complex
[2023-10-15T15:13:19.128+0100] {logging_mixin.py:137} INFO - [2023-10-15T15:13:19.128+0100] {taskmixin.py:211} WARNING - Dependency <Task(BashOperator): delete_entry_group>, create_entry_group already registered for DAG: example_complex
[2023-10-15T15:13:19.128+0100] {logging_mixin.py:137} INFO - [2023-10-15T15:13:19.128+0100] {taskmixin.py:211} WARNING - Dependency <Task(BashOperator): create_entry_gcs>, delete_entry already registered for DAG: example_complex
[2023-10-15T15:13:19.128+0100] {logging_mixin.py:137} INFO - [2023-10-15T15:13:19.128+0100] {taskmixin.py:211} WARNING - Dependency <Task(BashOperator): delete_entry>, create_entry_gcs already registered for DAG: example_complex
[2023-10-15T15:13:19.128+0100] {logging_mixin.py:137} INFO - [2023-10-15T15:13:19.128+0100] {taskmixin.py:211} WARNING - Dependency <Task(BashOperator): create_tag>, delete_tag already registered for DAG: example_complex
[2023-10-15T15:13:19.129+0100] {logging_mixin.py:137} INFO - [2023-10-15T15:13:19.128+0100] {taskmixin.py:211} WARNING - Dependency <Task(BashOperator): delete_tag>, create_tag already registered for DAG: example_complex
[2023-10-15T15:13:19.131+0100] {processor.py:753} INFO - DAG(s) dict_keys(['example_complex']) retrieved from /Users/b/Documents/workflow/venv/lib/python3.11/site-packages/airflow/example_dags/example_complex.py
[2023-10-15T15:13:19.296+0100] {logging_mixin.py:137} INFO - [2023-10-15T15:13:19.296+0100] {dag.py:2705} INFO - Sync 1 DAGs
[2023-10-15T15:13:19.302+0100] {logging_mixin.py:137} INFO - [2023-10-15T15:13:19.302+0100] {dag.py:3452} INFO - Setting next_dagrun for example_complex to None, run_after=None
[2023-10-15T15:13:19.308+0100] {processor.py:175} INFO - Processing /Users/b/Documents/workflow/venv/lib/python3.11/site-packages/airflow/example_dags/example_complex.py took 0.189 seconds
[2023-10-15T15:14:23.387+0100] {processor.py:153} INFO - Started process (PID=30187) to work on /Users/b/Documents/workflow/venv/lib/python3.11/site-packages/airflow/example_dags/example_complex.py
[2023-10-15T15:14:23.389+0100] {processor.py:743} INFO - Processing file /Users/b/Documents/workflow/venv/lib/python3.11/site-packages/airflow/example_dags/example_complex.py for tasks to queue
[2023-10-15T15:14:23.390+0100] {logging_mixin.py:137} INFO - [2023-10-15T15:14:23.390+0100] {dagbag.py:532} INFO - Filling up the DagBag from /Users/b/Documents/workflow/venv/lib/python3.11/site-packages/airflow/example_dags/example_complex.py
[2023-10-15T15:14:23.397+0100] {logging_mixin.py:137} INFO - [2023-10-15T15:14:23.397+0100] {taskmixin.py:211} WARNING - Dependency <Task(BashOperator): create_entry_group>, delete_entry_group already registered for DAG: example_complex
[2023-10-15T15:14:23.397+0100] {logging_mixin.py:137} INFO - [2023-10-15T15:14:23.397+0100] {taskmixin.py:211} WARNING - Dependency <Task(BashOperator): delete_entry_group>, create_entry_group already registered for DAG: example_complex
[2023-10-15T15:14:23.397+0100] {logging_mixin.py:137} INFO - [2023-10-15T15:14:23.397+0100] {taskmixin.py:211} WARNING - Dependency <Task(BashOperator): create_entry_gcs>, delete_entry already registered for DAG: example_complex
[2023-10-15T15:14:23.397+0100] {logging_mixin.py:137} INFO - [2023-10-15T15:14:23.397+0100] {taskmixin.py:211} WARNING - Dependency <Task(BashOperator): delete_entry>, create_entry_gcs already registered for DAG: example_complex
[2023-10-15T15:14:23.397+0100] {logging_mixin.py:137} INFO - [2023-10-15T15:14:23.397+0100] {taskmixin.py:211} WARNING - Dependency <Task(BashOperator): create_tag>, delete_tag already registered for DAG: example_complex
[2023-10-15T15:14:23.397+0100] {logging_mixin.py:137} INFO - [2023-10-15T15:14:23.397+0100] {taskmixin.py:211} WARNING - Dependency <Task(BashOperator): delete_tag>, create_tag already registered for DAG: example_complex
[2023-10-15T15:14:23.399+0100] {processor.py:753} INFO - DAG(s) dict_keys(['example_complex']) retrieved from /Users/b/Documents/workflow/venv/lib/python3.11/site-packages/airflow/example_dags/example_complex.py
[2023-10-15T15:14:23.559+0100] {logging_mixin.py:137} INFO - [2023-10-15T15:14:23.559+0100] {dag.py:2705} INFO - Sync 1 DAGs
[2023-10-15T15:14:23.565+0100] {logging_mixin.py:137} INFO - [2023-10-15T15:14:23.565+0100] {dag.py:3452} INFO - Setting next_dagrun for example_complex to None, run_after=None
[2023-10-15T15:14:23.571+0100] {processor.py:175} INFO - Processing /Users/b/Documents/workflow/venv/lib/python3.11/site-packages/airflow/example_dags/example_complex.py took 0.185 seconds
[2023-10-15T15:15:26.668+0100] {processor.py:153} INFO - Started process (PID=30327) to work on /Users/b/Documents/workflow/venv/lib/python3.11/site-packages/airflow/example_dags/example_complex.py
[2023-10-15T15:15:26.670+0100] {processor.py:743} INFO - Processing file /Users/b/Documents/workflow/venv/lib/python3.11/site-packages/airflow/example_dags/example_complex.py for tasks to queue
[2023-10-15T15:15:26.670+0100] {logging_mixin.py:137} INFO - [2023-10-15T15:15:26.670+0100] {dagbag.py:532} INFO - Filling up the DagBag from /Users/b/Documents/workflow/venv/lib/python3.11/site-packages/airflow/example_dags/example_complex.py
[2023-10-15T15:15:26.677+0100] {logging_mixin.py:137} INFO - [2023-10-15T15:15:26.677+0100] {taskmixin.py:211} WARNING - Dependency <Task(BashOperator): create_entry_group>, delete_entry_group already registered for DAG: example_complex
[2023-10-15T15:15:26.677+0100] {logging_mixin.py:137} INFO - [2023-10-15T15:15:26.677+0100] {taskmixin.py:211} WARNING - Dependency <Task(BashOperator): delete_entry_group>, create_entry_group already registered for DAG: example_complex
[2023-10-15T15:15:26.677+0100] {logging_mixin.py:137} INFO - [2023-10-15T15:15:26.677+0100] {taskmixin.py:211} WARNING - Dependency <Task(BashOperator): create_entry_gcs>, delete_entry already registered for DAG: example_complex
[2023-10-15T15:15:26.677+0100] {logging_mixin.py:137} INFO - [2023-10-15T15:15:26.677+0100] {taskmixin.py:211} WARNING - Dependency <Task(BashOperator): delete_entry>, create_entry_gcs already registered for DAG: example_complex
[2023-10-15T15:15:26.677+0100] {logging_mixin.py:137} INFO - [2023-10-15T15:15:26.677+0100] {taskmixin.py:211} WARNING - Dependency <Task(BashOperator): create_tag>, delete_tag already registered for DAG: example_complex
[2023-10-15T15:15:26.677+0100] {logging_mixin.py:137} INFO - [2023-10-15T15:15:26.677+0100] {taskmixin.py:211} WARNING - Dependency <Task(BashOperator): delete_tag>, create_tag already registered for DAG: example_complex
[2023-10-15T15:15:26.680+0100] {processor.py:753} INFO - DAG(s) dict_keys(['example_complex']) retrieved from /Users/b/Documents/workflow/venv/lib/python3.11/site-packages/airflow/example_dags/example_complex.py
[2023-10-15T15:15:26.838+0100] {logging_mixin.py:137} INFO - [2023-10-15T15:15:26.838+0100] {dag.py:2705} INFO - Sync 1 DAGs
[2023-10-15T15:15:26.844+0100] {logging_mixin.py:137} INFO - [2023-10-15T15:15:26.844+0100] {dag.py:3452} INFO - Setting next_dagrun for example_complex to None, run_after=None
[2023-10-15T15:15:26.850+0100] {processor.py:175} INFO - Processing /Users/b/Documents/workflow/venv/lib/python3.11/site-packages/airflow/example_dags/example_complex.py took 0.183 seconds
[2023-10-15T15:20:53.141+0100] {processor.py:153} INFO - Started process (PID=30964) to work on /Users/b/Documents/workflow/venv/lib/python3.11/site-packages/airflow/example_dags/example_complex.py
[2023-10-15T15:20:53.143+0100] {processor.py:743} INFO - Processing file /Users/b/Documents/workflow/venv/lib/python3.11/site-packages/airflow/example_dags/example_complex.py for tasks to queue
[2023-10-15T15:20:53.143+0100] {logging_mixin.py:137} INFO - [2023-10-15T15:20:53.143+0100] {dagbag.py:532} INFO - Filling up the DagBag from /Users/b/Documents/workflow/venv/lib/python3.11/site-packages/airflow/example_dags/example_complex.py
[2023-10-15T15:20:53.150+0100] {logging_mixin.py:137} INFO - [2023-10-15T15:20:53.150+0100] {taskmixin.py:211} WARNING - Dependency <Task(BashOperator): create_entry_group>, delete_entry_group already registered for DAG: example_complex
[2023-10-15T15:20:53.150+0100] {logging_mixin.py:137} INFO - [2023-10-15T15:20:53.150+0100] {taskmixin.py:211} WARNING - Dependency <Task(BashOperator): delete_entry_group>, create_entry_group already registered for DAG: example_complex
[2023-10-15T15:20:53.150+0100] {logging_mixin.py:137} INFO - [2023-10-15T15:20:53.150+0100] {taskmixin.py:211} WARNING - Dependency <Task(BashOperator): create_entry_gcs>, delete_entry already registered for DAG: example_complex
[2023-10-15T15:20:53.150+0100] {logging_mixin.py:137} INFO - [2023-10-15T15:20:53.150+0100] {taskmixin.py:211} WARNING - Dependency <Task(BashOperator): delete_entry>, create_entry_gcs already registered for DAG: example_complex
[2023-10-15T15:20:53.150+0100] {logging_mixin.py:137} INFO - [2023-10-15T15:20:53.150+0100] {taskmixin.py:211} WARNING - Dependency <Task(BashOperator): create_tag>, delete_tag already registered for DAG: example_complex
[2023-10-15T15:20:53.150+0100] {logging_mixin.py:137} INFO - [2023-10-15T15:20:53.150+0100] {taskmixin.py:211} WARNING - Dependency <Task(BashOperator): delete_tag>, create_tag already registered for DAG: example_complex
[2023-10-15T15:20:53.154+0100] {processor.py:753} INFO - DAG(s) dict_keys(['example_complex']) retrieved from /Users/b/Documents/workflow/venv/lib/python3.11/site-packages/airflow/example_dags/example_complex.py
[2023-10-15T15:20:53.347+0100] {logging_mixin.py:137} INFO - [2023-10-15T15:20:53.347+0100] {dag.py:2705} INFO - Sync 1 DAGs
[2023-10-15T15:20:53.353+0100] {logging_mixin.py:137} INFO - [2023-10-15T15:20:53.353+0100] {dag.py:3452} INFO - Setting next_dagrun for example_complex to None, run_after=None
[2023-10-15T15:20:53.360+0100] {processor.py:175} INFO - Processing /Users/b/Documents/workflow/venv/lib/python3.11/site-packages/airflow/example_dags/example_complex.py took 0.220 seconds
[2023-10-15T15:21:58.762+0100] {processor.py:153} INFO - Started process (PID=31172) to work on /Users/b/Documents/workflow/venv/lib/python3.11/site-packages/airflow/example_dags/example_complex.py
[2023-10-15T15:21:58.765+0100] {processor.py:743} INFO - Processing file /Users/b/Documents/workflow/venv/lib/python3.11/site-packages/airflow/example_dags/example_complex.py for tasks to queue
[2023-10-15T15:21:58.765+0100] {logging_mixin.py:137} INFO - [2023-10-15T15:21:58.765+0100] {dagbag.py:532} INFO - Filling up the DagBag from /Users/b/Documents/workflow/venv/lib/python3.11/site-packages/airflow/example_dags/example_complex.py
[2023-10-15T15:21:58.773+0100] {logging_mixin.py:137} INFO - [2023-10-15T15:21:58.772+0100] {taskmixin.py:211} WARNING - Dependency <Task(BashOperator): create_entry_group>, delete_entry_group already registered for DAG: example_complex
[2023-10-15T15:21:58.773+0100] {logging_mixin.py:137} INFO - [2023-10-15T15:21:58.773+0100] {taskmixin.py:211} WARNING - Dependency <Task(BashOperator): delete_entry_group>, create_entry_group already registered for DAG: example_complex
[2023-10-15T15:21:58.773+0100] {logging_mixin.py:137} INFO - [2023-10-15T15:21:58.773+0100] {taskmixin.py:211} WARNING - Dependency <Task(BashOperator): create_entry_gcs>, delete_entry already registered for DAG: example_complex
[2023-10-15T15:21:58.773+0100] {logging_mixin.py:137} INFO - [2023-10-15T15:21:58.773+0100] {taskmixin.py:211} WARNING - Dependency <Task(BashOperator): delete_entry>, create_entry_gcs already registered for DAG: example_complex
[2023-10-15T15:21:58.773+0100] {logging_mixin.py:137} INFO - [2023-10-15T15:21:58.773+0100] {taskmixin.py:211} WARNING - Dependency <Task(BashOperator): create_tag>, delete_tag already registered for DAG: example_complex
[2023-10-15T15:21:58.773+0100] {logging_mixin.py:137} INFO - [2023-10-15T15:21:58.773+0100] {taskmixin.py:211} WARNING - Dependency <Task(BashOperator): delete_tag>, create_tag already registered for DAG: example_complex
[2023-10-15T15:21:58.775+0100] {processor.py:753} INFO - DAG(s) dict_keys(['example_complex']) retrieved from /Users/b/Documents/workflow/venv/lib/python3.11/site-packages/airflow/example_dags/example_complex.py
[2023-10-15T15:21:58.966+0100] {logging_mixin.py:137} INFO - [2023-10-15T15:21:58.966+0100] {dag.py:2705} INFO - Sync 1 DAGs
[2023-10-15T15:21:58.972+0100] {logging_mixin.py:137} INFO - [2023-10-15T15:21:58.972+0100] {dag.py:3452} INFO - Setting next_dagrun for example_complex to None, run_after=None
[2023-10-15T15:21:58.978+0100] {processor.py:175} INFO - Processing /Users/b/Documents/workflow/venv/lib/python3.11/site-packages/airflow/example_dags/example_complex.py took 0.216 seconds
[2023-10-15T15:23:01.474+0100] {processor.py:153} INFO - Started process (PID=31307) to work on /Users/b/Documents/workflow/venv/lib/python3.11/site-packages/airflow/example_dags/example_complex.py
[2023-10-15T15:23:01.476+0100] {processor.py:743} INFO - Processing file /Users/b/Documents/workflow/venv/lib/python3.11/site-packages/airflow/example_dags/example_complex.py for tasks to queue
[2023-10-15T15:23:01.477+0100] {logging_mixin.py:137} INFO - [2023-10-15T15:23:01.477+0100] {dagbag.py:532} INFO - Filling up the DagBag from /Users/b/Documents/workflow/venv/lib/python3.11/site-packages/airflow/example_dags/example_complex.py
[2023-10-15T15:23:01.484+0100] {logging_mixin.py:137} INFO - [2023-10-15T15:23:01.484+0100] {taskmixin.py:211} WARNING - Dependency <Task(BashOperator): create_entry_group>, delete_entry_group already registered for DAG: example_complex
[2023-10-15T15:23:01.484+0100] {logging_mixin.py:137} INFO - [2023-10-15T15:23:01.484+0100] {taskmixin.py:211} WARNING - Dependency <Task(BashOperator): delete_entry_group>, create_entry_group already registered for DAG: example_complex
[2023-10-15T15:23:01.484+0100] {logging_mixin.py:137} INFO - [2023-10-15T15:23:01.484+0100] {taskmixin.py:211} WARNING - Dependency <Task(BashOperator): create_entry_gcs>, delete_entry already registered for DAG: example_complex
[2023-10-15T15:23:01.484+0100] {logging_mixin.py:137} INFO - [2023-10-15T15:23:01.484+0100] {taskmixin.py:211} WARNING - Dependency <Task(BashOperator): delete_entry>, create_entry_gcs already registered for DAG: example_complex
[2023-10-15T15:23:01.484+0100] {logging_mixin.py:137} INFO - [2023-10-15T15:23:01.484+0100] {taskmixin.py:211} WARNING - Dependency <Task(BashOperator): create_tag>, delete_tag already registered for DAG: example_complex
[2023-10-15T15:23:01.484+0100] {logging_mixin.py:137} INFO - [2023-10-15T15:23:01.484+0100] {taskmixin.py:211} WARNING - Dependency <Task(BashOperator): delete_tag>, create_tag already registered for DAG: example_complex
[2023-10-15T15:23:01.487+0100] {processor.py:753} INFO - DAG(s) dict_keys(['example_complex']) retrieved from /Users/b/Documents/workflow/venv/lib/python3.11/site-packages/airflow/example_dags/example_complex.py
[2023-10-15T15:23:01.649+0100] {logging_mixin.py:137} INFO - [2023-10-15T15:23:01.649+0100] {dag.py:2705} INFO - Sync 1 DAGs
[2023-10-15T15:23:01.655+0100] {logging_mixin.py:137} INFO - [2023-10-15T15:23:01.655+0100] {dag.py:3452} INFO - Setting next_dagrun for example_complex to None, run_after=None
[2023-10-15T15:23:01.662+0100] {processor.py:175} INFO - Processing /Users/b/Documents/workflow/venv/lib/python3.11/site-packages/airflow/example_dags/example_complex.py took 0.189 seconds
[2023-10-15T15:24:07.301+0100] {processor.py:153} INFO - Started process (PID=31454) to work on /Users/b/Documents/workflow/venv/lib/python3.11/site-packages/airflow/example_dags/example_complex.py
[2023-10-15T15:24:07.303+0100] {processor.py:743} INFO - Processing file /Users/b/Documents/workflow/venv/lib/python3.11/site-packages/airflow/example_dags/example_complex.py for tasks to queue
[2023-10-15T15:24:07.304+0100] {logging_mixin.py:137} INFO - [2023-10-15T15:24:07.304+0100] {dagbag.py:532} INFO - Filling up the DagBag from /Users/b/Documents/workflow/venv/lib/python3.11/site-packages/airflow/example_dags/example_complex.py
[2023-10-15T15:24:07.311+0100] {logging_mixin.py:137} INFO - [2023-10-15T15:24:07.311+0100] {taskmixin.py:211} WARNING - Dependency <Task(BashOperator): create_entry_group>, delete_entry_group already registered for DAG: example_complex
[2023-10-15T15:24:07.312+0100] {logging_mixin.py:137} INFO - [2023-10-15T15:24:07.311+0100] {taskmixin.py:211} WARNING - Dependency <Task(BashOperator): delete_entry_group>, create_entry_group already registered for DAG: example_complex
[2023-10-15T15:24:07.312+0100] {logging_mixin.py:137} INFO - [2023-10-15T15:24:07.312+0100] {taskmixin.py:211} WARNING - Dependency <Task(BashOperator): create_entry_gcs>, delete_entry already registered for DAG: example_complex
[2023-10-15T15:24:07.312+0100] {logging_mixin.py:137} INFO - [2023-10-15T15:24:07.312+0100] {taskmixin.py:211} WARNING - Dependency <Task(BashOperator): delete_entry>, create_entry_gcs already registered for DAG: example_complex
[2023-10-15T15:24:07.312+0100] {logging_mixin.py:137} INFO - [2023-10-15T15:24:07.312+0100] {taskmixin.py:211} WARNING - Dependency <Task(BashOperator): create_tag>, delete_tag already registered for DAG: example_complex
[2023-10-15T15:24:07.312+0100] {logging_mixin.py:137} INFO - [2023-10-15T15:24:07.312+0100] {taskmixin.py:211} WARNING - Dependency <Task(BashOperator): delete_tag>, create_tag already registered for DAG: example_complex
[2023-10-15T15:24:07.314+0100] {processor.py:753} INFO - DAG(s) dict_keys(['example_complex']) retrieved from /Users/b/Documents/workflow/venv/lib/python3.11/site-packages/airflow/example_dags/example_complex.py
[2023-10-15T15:24:07.505+0100] {logging_mixin.py:137} INFO - [2023-10-15T15:24:07.505+0100] {dag.py:2705} INFO - Sync 1 DAGs
[2023-10-15T15:24:07.513+0100] {logging_mixin.py:137} INFO - [2023-10-15T15:24:07.513+0100] {dag.py:3452} INFO - Setting next_dagrun for example_complex to None, run_after=None
[2023-10-15T15:24:07.519+0100] {processor.py:175} INFO - Processing /Users/b/Documents/workflow/venv/lib/python3.11/site-packages/airflow/example_dags/example_complex.py took 0.219 seconds
[2023-10-15T15:25:12.384+0100] {processor.py:153} INFO - Started process (PID=31586) to work on /Users/b/Documents/workflow/venv/lib/python3.11/site-packages/airflow/example_dags/example_complex.py
[2023-10-15T15:25:12.387+0100] {processor.py:743} INFO - Processing file /Users/b/Documents/workflow/venv/lib/python3.11/site-packages/airflow/example_dags/example_complex.py for tasks to queue
[2023-10-15T15:25:12.387+0100] {logging_mixin.py:137} INFO - [2023-10-15T15:25:12.387+0100] {dagbag.py:532} INFO - Filling up the DagBag from /Users/b/Documents/workflow/venv/lib/python3.11/site-packages/airflow/example_dags/example_complex.py
[2023-10-15T15:25:12.394+0100] {logging_mixin.py:137} INFO - [2023-10-15T15:25:12.394+0100] {taskmixin.py:211} WARNING - Dependency <Task(BashOperator): create_entry_group>, delete_entry_group already registered for DAG: example_complex
[2023-10-15T15:25:12.395+0100] {logging_mixin.py:137} INFO - [2023-10-15T15:25:12.395+0100] {taskmixin.py:211} WARNING - Dependency <Task(BashOperator): delete_entry_group>, create_entry_group already registered for DAG: example_complex
[2023-10-15T15:25:12.395+0100] {logging_mixin.py:137} INFO - [2023-10-15T15:25:12.395+0100] {taskmixin.py:211} WARNING - Dependency <Task(BashOperator): create_entry_gcs>, delete_entry already registered for DAG: example_complex
[2023-10-15T15:25:12.395+0100] {logging_mixin.py:137} INFO - [2023-10-15T15:25:12.395+0100] {taskmixin.py:211} WARNING - Dependency <Task(BashOperator): delete_entry>, create_entry_gcs already registered for DAG: example_complex
[2023-10-15T15:25:12.395+0100] {logging_mixin.py:137} INFO - [2023-10-15T15:25:12.395+0100] {taskmixin.py:211} WARNING - Dependency <Task(BashOperator): create_tag>, delete_tag already registered for DAG: example_complex
[2023-10-15T15:25:12.395+0100] {logging_mixin.py:137} INFO - [2023-10-15T15:25:12.395+0100] {taskmixin.py:211} WARNING - Dependency <Task(BashOperator): delete_tag>, create_tag already registered for DAG: example_complex
[2023-10-15T15:25:12.398+0100] {processor.py:753} INFO - DAG(s) dict_keys(['example_complex']) retrieved from /Users/b/Documents/workflow/venv/lib/python3.11/site-packages/airflow/example_dags/example_complex.py
[2023-10-15T15:25:12.596+0100] {logging_mixin.py:137} INFO - [2023-10-15T15:25:12.595+0100] {dag.py:2705} INFO - Sync 1 DAGs
[2023-10-15T15:25:12.603+0100] {logging_mixin.py:137} INFO - [2023-10-15T15:25:12.603+0100] {dag.py:3452} INFO - Setting next_dagrun for example_complex to None, run_after=None
[2023-10-15T15:25:12.611+0100] {processor.py:175} INFO - Processing /Users/b/Documents/workflow/venv/lib/python3.11/site-packages/airflow/example_dags/example_complex.py took 0.228 seconds
[2023-10-15T15:26:17.556+0100] {processor.py:153} INFO - Started process (PID=31710) to work on /Users/b/Documents/workflow/venv/lib/python3.11/site-packages/airflow/example_dags/example_complex.py
[2023-10-15T15:26:17.558+0100] {processor.py:743} INFO - Processing file /Users/b/Documents/workflow/venv/lib/python3.11/site-packages/airflow/example_dags/example_complex.py for tasks to queue
[2023-10-15T15:26:17.558+0100] {logging_mixin.py:137} INFO - [2023-10-15T15:26:17.558+0100] {dagbag.py:532} INFO - Filling up the DagBag from /Users/b/Documents/workflow/venv/lib/python3.11/site-packages/airflow/example_dags/example_complex.py
[2023-10-15T15:26:17.566+0100] {logging_mixin.py:137} INFO - [2023-10-15T15:26:17.566+0100] {taskmixin.py:211} WARNING - Dependency <Task(BashOperator): create_entry_group>, delete_entry_group already registered for DAG: example_complex
[2023-10-15T15:26:17.566+0100] {logging_mixin.py:137} INFO - [2023-10-15T15:26:17.566+0100] {taskmixin.py:211} WARNING - Dependency <Task(BashOperator): delete_entry_group>, create_entry_group already registered for DAG: example_complex
[2023-10-15T15:26:17.567+0100] {logging_mixin.py:137} INFO - [2023-10-15T15:26:17.566+0100] {taskmixin.py:211} WARNING - Dependency <Task(BashOperator): create_entry_gcs>, delete_entry already registered for DAG: example_complex
[2023-10-15T15:26:17.567+0100] {logging_mixin.py:137} INFO - [2023-10-15T15:26:17.567+0100] {taskmixin.py:211} WARNING - Dependency <Task(BashOperator): delete_entry>, create_entry_gcs already registered for DAG: example_complex
[2023-10-15T15:26:17.567+0100] {logging_mixin.py:137} INFO - [2023-10-15T15:26:17.567+0100] {taskmixin.py:211} WARNING - Dependency <Task(BashOperator): create_tag>, delete_tag already registered for DAG: example_complex
[2023-10-15T15:26:17.567+0100] {logging_mixin.py:137} INFO - [2023-10-15T15:26:17.567+0100] {taskmixin.py:211} WARNING - Dependency <Task(BashOperator): delete_tag>, create_tag already registered for DAG: example_complex
[2023-10-15T15:26:17.570+0100] {processor.py:753} INFO - DAG(s) dict_keys(['example_complex']) retrieved from /Users/b/Documents/workflow/venv/lib/python3.11/site-packages/airflow/example_dags/example_complex.py
[2023-10-15T15:26:17.747+0100] {logging_mixin.py:137} INFO - [2023-10-15T15:26:17.747+0100] {dag.py:2705} INFO - Sync 1 DAGs
[2023-10-15T15:26:17.755+0100] {logging_mixin.py:137} INFO - [2023-10-15T15:26:17.754+0100] {dag.py:3452} INFO - Setting next_dagrun for example_complex to None, run_after=None
[2023-10-15T15:26:17.762+0100] {processor.py:175} INFO - Processing /Users/b/Documents/workflow/venv/lib/python3.11/site-packages/airflow/example_dags/example_complex.py took 0.206 seconds
[2023-10-15T15:27:21.897+0100] {processor.py:153} INFO - Started process (PID=31821) to work on /Users/b/Documents/workflow/venv/lib/python3.11/site-packages/airflow/example_dags/example_complex.py
[2023-10-15T15:27:21.900+0100] {processor.py:743} INFO - Processing file /Users/b/Documents/workflow/venv/lib/python3.11/site-packages/airflow/example_dags/example_complex.py for tasks to queue
[2023-10-15T15:27:21.900+0100] {logging_mixin.py:137} INFO - [2023-10-15T15:27:21.900+0100] {dagbag.py:532} INFO - Filling up the DagBag from /Users/b/Documents/workflow/venv/lib/python3.11/site-packages/airflow/example_dags/example_complex.py
[2023-10-15T15:27:21.907+0100] {logging_mixin.py:137} INFO - [2023-10-15T15:27:21.907+0100] {taskmixin.py:211} WARNING - Dependency <Task(BashOperator): create_entry_group>, delete_entry_group already registered for DAG: example_complex
[2023-10-15T15:27:21.907+0100] {logging_mixin.py:137} INFO - [2023-10-15T15:27:21.907+0100] {taskmixin.py:211} WARNING - Dependency <Task(BashOperator): delete_entry_group>, create_entry_group already registered for DAG: example_complex
[2023-10-15T15:27:21.907+0100] {logging_mixin.py:137} INFO - [2023-10-15T15:27:21.907+0100] {taskmixin.py:211} WARNING - Dependency <Task(BashOperator): create_entry_gcs>, delete_entry already registered for DAG: example_complex
[2023-10-15T15:27:21.907+0100] {logging_mixin.py:137} INFO - [2023-10-15T15:27:21.907+0100] {taskmixin.py:211} WARNING - Dependency <Task(BashOperator): delete_entry>, create_entry_gcs already registered for DAG: example_complex
[2023-10-15T15:27:21.908+0100] {logging_mixin.py:137} INFO - [2023-10-15T15:27:21.908+0100] {taskmixin.py:211} WARNING - Dependency <Task(BashOperator): create_tag>, delete_tag already registered for DAG: example_complex
[2023-10-15T15:27:21.908+0100] {logging_mixin.py:137} INFO - [2023-10-15T15:27:21.908+0100] {taskmixin.py:211} WARNING - Dependency <Task(BashOperator): delete_tag>, create_tag already registered for DAG: example_complex
[2023-10-15T15:27:21.910+0100] {processor.py:753} INFO - DAG(s) dict_keys(['example_complex']) retrieved from /Users/b/Documents/workflow/venv/lib/python3.11/site-packages/airflow/example_dags/example_complex.py
[2023-10-15T15:27:22.087+0100] {logging_mixin.py:137} INFO - [2023-10-15T15:27:22.087+0100] {dag.py:2705} INFO - Sync 1 DAGs
[2023-10-15T15:27:22.094+0100] {logging_mixin.py:137} INFO - [2023-10-15T15:27:22.094+0100] {dag.py:3452} INFO - Setting next_dagrun for example_complex to None, run_after=None
[2023-10-15T15:27:22.105+0100] {processor.py:175} INFO - Processing /Users/b/Documents/workflow/venv/lib/python3.11/site-packages/airflow/example_dags/example_complex.py took 0.208 seconds
[2023-10-15T15:28:25.376+0100] {processor.py:153} INFO - Started process (PID=31931) to work on /Users/b/Documents/workflow/venv/lib/python3.11/site-packages/airflow/example_dags/example_complex.py
[2023-10-15T15:28:25.378+0100] {processor.py:743} INFO - Processing file /Users/b/Documents/workflow/venv/lib/python3.11/site-packages/airflow/example_dags/example_complex.py for tasks to queue
[2023-10-15T15:28:25.379+0100] {logging_mixin.py:137} INFO - [2023-10-15T15:28:25.379+0100] {dagbag.py:532} INFO - Filling up the DagBag from /Users/b/Documents/workflow/venv/lib/python3.11/site-packages/airflow/example_dags/example_complex.py
[2023-10-15T15:28:25.386+0100] {logging_mixin.py:137} INFO - [2023-10-15T15:28:25.386+0100] {taskmixin.py:211} WARNING - Dependency <Task(BashOperator): create_entry_group>, delete_entry_group already registered for DAG: example_complex
[2023-10-15T15:28:25.386+0100] {logging_mixin.py:137} INFO - [2023-10-15T15:28:25.386+0100] {taskmixin.py:211} WARNING - Dependency <Task(BashOperator): delete_entry_group>, create_entry_group already registered for DAG: example_complex
[2023-10-15T15:28:25.386+0100] {logging_mixin.py:137} INFO - [2023-10-15T15:28:25.386+0100] {taskmixin.py:211} WARNING - Dependency <Task(BashOperator): create_entry_gcs>, delete_entry already registered for DAG: example_complex
[2023-10-15T15:28:25.386+0100] {logging_mixin.py:137} INFO - [2023-10-15T15:28:25.386+0100] {taskmixin.py:211} WARNING - Dependency <Task(BashOperator): delete_entry>, create_entry_gcs already registered for DAG: example_complex
[2023-10-15T15:28:25.386+0100] {logging_mixin.py:137} INFO - [2023-10-15T15:28:25.386+0100] {taskmixin.py:211} WARNING - Dependency <Task(BashOperator): create_tag>, delete_tag already registered for DAG: example_complex
[2023-10-15T15:28:25.386+0100] {logging_mixin.py:137} INFO - [2023-10-15T15:28:25.386+0100] {taskmixin.py:211} WARNING - Dependency <Task(BashOperator): delete_tag>, create_tag already registered for DAG: example_complex
[2023-10-15T15:28:25.389+0100] {processor.py:753} INFO - DAG(s) dict_keys(['example_complex']) retrieved from /Users/b/Documents/workflow/venv/lib/python3.11/site-packages/airflow/example_dags/example_complex.py
[2023-10-15T15:28:25.550+0100] {logging_mixin.py:137} INFO - [2023-10-15T15:28:25.550+0100] {dag.py:2705} INFO - Sync 1 DAGs
[2023-10-15T15:28:25.556+0100] {logging_mixin.py:137} INFO - [2023-10-15T15:28:25.556+0100] {dag.py:3452} INFO - Setting next_dagrun for example_complex to None, run_after=None
[2023-10-15T15:28:25.562+0100] {processor.py:175} INFO - Processing /Users/b/Documents/workflow/venv/lib/python3.11/site-packages/airflow/example_dags/example_complex.py took 0.186 seconds
[2023-10-15T15:29:30.605+0100] {processor.py:153} INFO - Started process (PID=32050) to work on /Users/b/Documents/workflow/venv/lib/python3.11/site-packages/airflow/example_dags/example_complex.py
[2023-10-15T15:29:30.608+0100] {processor.py:743} INFO - Processing file /Users/b/Documents/workflow/venv/lib/python3.11/site-packages/airflow/example_dags/example_complex.py for tasks to queue
[2023-10-15T15:29:30.608+0100] {logging_mixin.py:137} INFO - [2023-10-15T15:29:30.608+0100] {dagbag.py:532} INFO - Filling up the DagBag from /Users/b/Documents/workflow/venv/lib/python3.11/site-packages/airflow/example_dags/example_complex.py
[2023-10-15T15:29:30.619+0100] {logging_mixin.py:137} INFO - [2023-10-15T15:29:30.619+0100] {taskmixin.py:211} WARNING - Dependency <Task(BashOperator): create_entry_group>, delete_entry_group already registered for DAG: example_complex
[2023-10-15T15:29:30.619+0100] {logging_mixin.py:137} INFO - [2023-10-15T15:29:30.619+0100] {taskmixin.py:211} WARNING - Dependency <Task(BashOperator): delete_entry_group>, create_entry_group already registered for DAG: example_complex
[2023-10-15T15:29:30.619+0100] {logging_mixin.py:137} INFO - [2023-10-15T15:29:30.619+0100] {taskmixin.py:211} WARNING - Dependency <Task(BashOperator): create_entry_gcs>, delete_entry already registered for DAG: example_complex
[2023-10-15T15:29:30.619+0100] {logging_mixin.py:137} INFO - [2023-10-15T15:29:30.619+0100] {taskmixin.py:211} WARNING - Dependency <Task(BashOperator): delete_entry>, create_entry_gcs already registered for DAG: example_complex
[2023-10-15T15:29:30.619+0100] {logging_mixin.py:137} INFO - [2023-10-15T15:29:30.619+0100] {taskmixin.py:211} WARNING - Dependency <Task(BashOperator): create_tag>, delete_tag already registered for DAG: example_complex
[2023-10-15T15:29:30.619+0100] {logging_mixin.py:137} INFO - [2023-10-15T15:29:30.619+0100] {taskmixin.py:211} WARNING - Dependency <Task(BashOperator): delete_tag>, create_tag already registered for DAG: example_complex
[2023-10-15T15:29:30.622+0100] {processor.py:753} INFO - DAG(s) dict_keys(['example_complex']) retrieved from /Users/b/Documents/workflow/venv/lib/python3.11/site-packages/airflow/example_dags/example_complex.py
[2023-10-15T15:29:30.807+0100] {logging_mixin.py:137} INFO - [2023-10-15T15:29:30.807+0100] {dag.py:2705} INFO - Sync 1 DAGs
[2023-10-15T15:29:30.813+0100] {logging_mixin.py:137} INFO - [2023-10-15T15:29:30.813+0100] {dag.py:3452} INFO - Setting next_dagrun for example_complex to None, run_after=None
[2023-10-15T15:29:30.820+0100] {processor.py:175} INFO - Processing /Users/b/Documents/workflow/venv/lib/python3.11/site-packages/airflow/example_dags/example_complex.py took 0.215 seconds
[2023-10-15T15:30:34.671+0100] {processor.py:153} INFO - Started process (PID=32176) to work on /Users/b/Documents/workflow/venv/lib/python3.11/site-packages/airflow/example_dags/example_complex.py
[2023-10-15T15:30:34.674+0100] {processor.py:743} INFO - Processing file /Users/b/Documents/workflow/venv/lib/python3.11/site-packages/airflow/example_dags/example_complex.py for tasks to queue
[2023-10-15T15:30:34.674+0100] {logging_mixin.py:137} INFO - [2023-10-15T15:30:34.674+0100] {dagbag.py:532} INFO - Filling up the DagBag from /Users/b/Documents/workflow/venv/lib/python3.11/site-packages/airflow/example_dags/example_complex.py
[2023-10-15T15:30:34.682+0100] {logging_mixin.py:137} INFO - [2023-10-15T15:30:34.682+0100] {taskmixin.py:211} WARNING - Dependency <Task(BashOperator): create_entry_group>, delete_entry_group already registered for DAG: example_complex
[2023-10-15T15:30:34.682+0100] {logging_mixin.py:137} INFO - [2023-10-15T15:30:34.682+0100] {taskmixin.py:211} WARNING - Dependency <Task(BashOperator): delete_entry_group>, create_entry_group already registered for DAG: example_complex
[2023-10-15T15:30:34.682+0100] {logging_mixin.py:137} INFO - [2023-10-15T15:30:34.682+0100] {taskmixin.py:211} WARNING - Dependency <Task(BashOperator): create_entry_gcs>, delete_entry already registered for DAG: example_complex
[2023-10-15T15:30:34.682+0100] {logging_mixin.py:137} INFO - [2023-10-15T15:30:34.682+0100] {taskmixin.py:211} WARNING - Dependency <Task(BashOperator): delete_entry>, create_entry_gcs already registered for DAG: example_complex
[2023-10-15T15:30:34.682+0100] {logging_mixin.py:137} INFO - [2023-10-15T15:30:34.682+0100] {taskmixin.py:211} WARNING - Dependency <Task(BashOperator): create_tag>, delete_tag already registered for DAG: example_complex
[2023-10-15T15:30:34.682+0100] {logging_mixin.py:137} INFO - [2023-10-15T15:30:34.682+0100] {taskmixin.py:211} WARNING - Dependency <Task(BashOperator): delete_tag>, create_tag already registered for DAG: example_complex
[2023-10-15T15:30:34.685+0100] {processor.py:753} INFO - DAG(s) dict_keys(['example_complex']) retrieved from /Users/b/Documents/workflow/venv/lib/python3.11/site-packages/airflow/example_dags/example_complex.py
[2023-10-15T15:30:34.859+0100] {logging_mixin.py:137} INFO - [2023-10-15T15:30:34.859+0100] {dag.py:2705} INFO - Sync 1 DAGs
[2023-10-15T15:30:34.866+0100] {logging_mixin.py:137} INFO - [2023-10-15T15:30:34.866+0100] {dag.py:3452} INFO - Setting next_dagrun for example_complex to None, run_after=None
[2023-10-15T15:30:34.874+0100] {processor.py:175} INFO - Processing /Users/b/Documents/workflow/venv/lib/python3.11/site-packages/airflow/example_dags/example_complex.py took 0.203 seconds
[2023-10-15T15:31:44.936+0100] {processor.py:153} INFO - Started process (PID=32305) to work on /Users/b/Documents/workflow/venv/lib/python3.11/site-packages/airflow/example_dags/example_complex.py
[2023-10-15T15:31:44.938+0100] {processor.py:743} INFO - Processing file /Users/b/Documents/workflow/venv/lib/python3.11/site-packages/airflow/example_dags/example_complex.py for tasks to queue
[2023-10-15T15:31:44.939+0100] {logging_mixin.py:137} INFO - [2023-10-15T15:31:44.938+0100] {dagbag.py:532} INFO - Filling up the DagBag from /Users/b/Documents/workflow/venv/lib/python3.11/site-packages/airflow/example_dags/example_complex.py
[2023-10-15T15:31:44.945+0100] {logging_mixin.py:137} INFO - [2023-10-15T15:31:44.945+0100] {taskmixin.py:211} WARNING - Dependency <Task(BashOperator): create_entry_group>, delete_entry_group already registered for DAG: example_complex
[2023-10-15T15:31:44.945+0100] {logging_mixin.py:137} INFO - [2023-10-15T15:31:44.945+0100] {taskmixin.py:211} WARNING - Dependency <Task(BashOperator): delete_entry_group>, create_entry_group already registered for DAG: example_complex
[2023-10-15T15:31:44.946+0100] {logging_mixin.py:137} INFO - [2023-10-15T15:31:44.946+0100] {taskmixin.py:211} WARNING - Dependency <Task(BashOperator): create_entry_gcs>, delete_entry already registered for DAG: example_complex
[2023-10-15T15:31:44.946+0100] {logging_mixin.py:137} INFO - [2023-10-15T15:31:44.946+0100] {taskmixin.py:211} WARNING - Dependency <Task(BashOperator): delete_entry>, create_entry_gcs already registered for DAG: example_complex
[2023-10-15T15:31:44.946+0100] {logging_mixin.py:137} INFO - [2023-10-15T15:31:44.946+0100] {taskmixin.py:211} WARNING - Dependency <Task(BashOperator): create_tag>, delete_tag already registered for DAG: example_complex
[2023-10-15T15:31:44.946+0100] {logging_mixin.py:137} INFO - [2023-10-15T15:31:44.946+0100] {taskmixin.py:211} WARNING - Dependency <Task(BashOperator): delete_tag>, create_tag already registered for DAG: example_complex
[2023-10-15T15:31:44.948+0100] {processor.py:753} INFO - DAG(s) dict_keys(['example_complex']) retrieved from /Users/b/Documents/workflow/venv/lib/python3.11/site-packages/airflow/example_dags/example_complex.py
[2023-10-15T15:31:45.110+0100] {logging_mixin.py:137} INFO - [2023-10-15T15:31:45.110+0100] {dag.py:2705} INFO - Sync 1 DAGs
[2023-10-15T15:31:45.119+0100] {logging_mixin.py:137} INFO - [2023-10-15T15:31:45.119+0100] {dag.py:3452} INFO - Setting next_dagrun for example_complex to None, run_after=None
[2023-10-15T15:31:45.125+0100] {processor.py:175} INFO - Processing /Users/b/Documents/workflow/venv/lib/python3.11/site-packages/airflow/example_dags/example_complex.py took 0.189 seconds
[2023-10-15T15:32:50.011+0100] {processor.py:153} INFO - Started process (PID=32438) to work on /Users/b/Documents/workflow/venv/lib/python3.11/site-packages/airflow/example_dags/example_complex.py
[2023-10-15T15:32:50.014+0100] {processor.py:743} INFO - Processing file /Users/b/Documents/workflow/venv/lib/python3.11/site-packages/airflow/example_dags/example_complex.py for tasks to queue
[2023-10-15T15:32:50.015+0100] {logging_mixin.py:137} INFO - [2023-10-15T15:32:50.014+0100] {dagbag.py:532} INFO - Filling up the DagBag from /Users/b/Documents/workflow/venv/lib/python3.11/site-packages/airflow/example_dags/example_complex.py
[2023-10-15T15:32:50.023+0100] {logging_mixin.py:137} INFO - [2023-10-15T15:32:50.023+0100] {taskmixin.py:211} WARNING - Dependency <Task(BashOperator): create_entry_group>, delete_entry_group already registered for DAG: example_complex
[2023-10-15T15:32:50.023+0100] {logging_mixin.py:137} INFO - [2023-10-15T15:32:50.023+0100] {taskmixin.py:211} WARNING - Dependency <Task(BashOperator): delete_entry_group>, create_entry_group already registered for DAG: example_complex
[2023-10-15T15:32:50.023+0100] {logging_mixin.py:137} INFO - [2023-10-15T15:32:50.023+0100] {taskmixin.py:211} WARNING - Dependency <Task(BashOperator): create_entry_gcs>, delete_entry already registered for DAG: example_complex
[2023-10-15T15:32:50.023+0100] {logging_mixin.py:137} INFO - [2023-10-15T15:32:50.023+0100] {taskmixin.py:211} WARNING - Dependency <Task(BashOperator): delete_entry>, create_entry_gcs already registered for DAG: example_complex
[2023-10-15T15:32:50.024+0100] {logging_mixin.py:137} INFO - [2023-10-15T15:32:50.023+0100] {taskmixin.py:211} WARNING - Dependency <Task(BashOperator): create_tag>, delete_tag already registered for DAG: example_complex
[2023-10-15T15:32:50.024+0100] {logging_mixin.py:137} INFO - [2023-10-15T15:32:50.024+0100] {taskmixin.py:211} WARNING - Dependency <Task(BashOperator): delete_tag>, create_tag already registered for DAG: example_complex
[2023-10-15T15:32:50.026+0100] {processor.py:753} INFO - DAG(s) dict_keys(['example_complex']) retrieved from /Users/b/Documents/workflow/venv/lib/python3.11/site-packages/airflow/example_dags/example_complex.py
[2023-10-15T15:32:50.189+0100] {logging_mixin.py:137} INFO - [2023-10-15T15:32:50.189+0100] {dag.py:2705} INFO - Sync 1 DAGs
[2023-10-15T15:32:50.195+0100] {logging_mixin.py:137} INFO - [2023-10-15T15:32:50.195+0100] {dag.py:3452} INFO - Setting next_dagrun for example_complex to None, run_after=None
[2023-10-15T15:32:50.201+0100] {processor.py:175} INFO - Processing /Users/b/Documents/workflow/venv/lib/python3.11/site-packages/airflow/example_dags/example_complex.py took 0.191 seconds
