[2023-10-15T15:12:12.736+0100] {processor.py:153} INFO - Started process (PID=29498) to work on /Users/b/Documents/workflow/venv/lib/python3.11/site-packages/airflow/example_dags/example_branch_operator.py
[2023-10-15T15:12:12.738+0100] {processor.py:743} INFO - Processing file /Users/b/Documents/workflow/venv/lib/python3.11/site-packages/airflow/example_dags/example_branch_operator.py for tasks to queue
[2023-10-15T15:12:12.739+0100] {logging_mixin.py:137} INFO - [2023-10-15T15:12:12.739+0100] {dagbag.py:532} INFO - Filling up the DagBag from /Users/b/Documents/workflow/venv/lib/python3.11/site-packages/airflow/example_dags/example_branch_operator.py
[2023-10-15T15:12:12.770+0100] {processor.py:753} INFO - DAG(s) dict_keys(['example_branch_operator']) retrieved from /Users/b/Documents/workflow/venv/lib/python3.11/site-packages/airflow/example_dags/example_branch_operator.py
[2023-10-15T15:12:13.066+0100] {logging_mixin.py:137} INFO - [2023-10-15T15:12:13.066+0100] {manager.py:504} INFO - Created Permission View: can edit on DAG:example_branch_operator
[2023-10-15T15:12:13.069+0100] {logging_mixin.py:137} INFO - [2023-10-15T15:12:13.069+0100] {manager.py:504} INFO - Created Permission View: can delete on DAG:example_branch_operator
[2023-10-15T15:12:13.071+0100] {logging_mixin.py:137} INFO - [2023-10-15T15:12:13.071+0100] {manager.py:504} INFO - Created Permission View: can read on DAG:example_branch_operator
[2023-10-15T15:12:13.071+0100] {logging_mixin.py:137} INFO - [2023-10-15T15:12:13.071+0100] {dag.py:2705} INFO - Sync 1 DAGs
[2023-10-15T15:12:13.074+0100] {logging_mixin.py:137} INFO - [2023-10-15T15:12:13.074+0100] {dag.py:2726} INFO - Creating ORM DAG for example_branch_operator
[2023-10-15T15:12:13.077+0100] {logging_mixin.py:137} INFO - [2023-10-15T15:12:13.077+0100] {dag.py:3452} INFO - Setting next_dagrun for example_branch_operator to 2023-10-14T00:00:00+00:00, run_after=2023-10-15T00:00:00+00:00
[2023-10-15T15:12:13.083+0100] {processor.py:175} INFO - Processing /Users/b/Documents/workflow/venv/lib/python3.11/site-packages/airflow/example_dags/example_branch_operator.py took 0.348 seconds
[2023-10-15T15:13:24.131+0100] {processor.py:153} INFO - Started process (PID=29957) to work on /Users/b/Documents/workflow/venv/lib/python3.11/site-packages/airflow/example_dags/example_branch_operator.py
[2023-10-15T15:13:24.133+0100] {processor.py:743} INFO - Processing file /Users/b/Documents/workflow/venv/lib/python3.11/site-packages/airflow/example_dags/example_branch_operator.py for tasks to queue
[2023-10-15T15:13:24.133+0100] {logging_mixin.py:137} INFO - [2023-10-15T15:13:24.133+0100] {dagbag.py:532} INFO - Filling up the DagBag from /Users/b/Documents/workflow/venv/lib/python3.11/site-packages/airflow/example_dags/example_branch_operator.py
[2023-10-15T15:13:24.146+0100] {processor.py:753} INFO - DAG(s) dict_keys(['example_branch_operator']) retrieved from /Users/b/Documents/workflow/venv/lib/python3.11/site-packages/airflow/example_dags/example_branch_operator.py
[2023-10-15T15:13:24.300+0100] {logging_mixin.py:137} INFO - [2023-10-15T15:13:24.300+0100] {dag.py:2705} INFO - Sync 1 DAGs
[2023-10-15T15:13:24.307+0100] {logging_mixin.py:137} INFO - [2023-10-15T15:13:24.306+0100] {dag.py:3452} INFO - Setting next_dagrun for example_branch_operator to 2023-10-14T00:00:00+00:00, run_after=2023-10-15T00:00:00+00:00
[2023-10-15T15:13:24.313+0100] {processor.py:175} INFO - Processing /Users/b/Documents/workflow/venv/lib/python3.11/site-packages/airflow/example_dags/example_branch_operator.py took 0.182 seconds
[2023-10-15T15:14:28.499+0100] {processor.py:153} INFO - Started process (PID=30195) to work on /Users/b/Documents/workflow/venv/lib/python3.11/site-packages/airflow/example_dags/example_branch_operator.py
[2023-10-15T15:14:28.501+0100] {processor.py:743} INFO - Processing file /Users/b/Documents/workflow/venv/lib/python3.11/site-packages/airflow/example_dags/example_branch_operator.py for tasks to queue
[2023-10-15T15:14:28.502+0100] {logging_mixin.py:137} INFO - [2023-10-15T15:14:28.501+0100] {dagbag.py:532} INFO - Filling up the DagBag from /Users/b/Documents/workflow/venv/lib/python3.11/site-packages/airflow/example_dags/example_branch_operator.py
[2023-10-15T15:14:28.514+0100] {processor.py:753} INFO - DAG(s) dict_keys(['example_branch_operator']) retrieved from /Users/b/Documents/workflow/venv/lib/python3.11/site-packages/airflow/example_dags/example_branch_operator.py
[2023-10-15T15:14:28.665+0100] {logging_mixin.py:137} INFO - [2023-10-15T15:14:28.665+0100] {dag.py:2705} INFO - Sync 1 DAGs
[2023-10-15T15:14:28.672+0100] {logging_mixin.py:137} INFO - [2023-10-15T15:14:28.672+0100] {dag.py:3452} INFO - Setting next_dagrun for example_branch_operator to 2023-10-14T00:00:00+00:00, run_after=2023-10-15T00:00:00+00:00
[2023-10-15T15:14:28.678+0100] {processor.py:175} INFO - Processing /Users/b/Documents/workflow/venv/lib/python3.11/site-packages/airflow/example_dags/example_branch_operator.py took 0.180 seconds
[2023-10-15T15:15:30.717+0100] {processor.py:153} INFO - Started process (PID=30335) to work on /Users/b/Documents/workflow/venv/lib/python3.11/site-packages/airflow/example_dags/example_branch_operator.py
[2023-10-15T15:15:30.720+0100] {processor.py:743} INFO - Processing file /Users/b/Documents/workflow/venv/lib/python3.11/site-packages/airflow/example_dags/example_branch_operator.py for tasks to queue
[2023-10-15T15:15:30.720+0100] {logging_mixin.py:137} INFO - [2023-10-15T15:15:30.720+0100] {dagbag.py:532} INFO - Filling up the DagBag from /Users/b/Documents/workflow/venv/lib/python3.11/site-packages/airflow/example_dags/example_branch_operator.py
[2023-10-15T15:15:30.733+0100] {processor.py:753} INFO - DAG(s) dict_keys(['example_branch_operator']) retrieved from /Users/b/Documents/workflow/venv/lib/python3.11/site-packages/airflow/example_dags/example_branch_operator.py
[2023-10-15T15:15:30.884+0100] {logging_mixin.py:137} INFO - [2023-10-15T15:15:30.884+0100] {dag.py:2705} INFO - Sync 1 DAGs
[2023-10-15T15:15:30.891+0100] {logging_mixin.py:137} INFO - [2023-10-15T15:15:30.891+0100] {dag.py:3452} INFO - Setting next_dagrun for example_branch_operator to 2023-10-14T00:00:00+00:00, run_after=2023-10-15T00:00:00+00:00
[2023-10-15T15:15:30.898+0100] {processor.py:175} INFO - Processing /Users/b/Documents/workflow/venv/lib/python3.11/site-packages/airflow/example_dags/example_branch_operator.py took 0.181 seconds
[2023-10-15T15:20:58.345+0100] {processor.py:153} INFO - Started process (PID=30981) to work on /Users/b/Documents/workflow/venv/lib/python3.11/site-packages/airflow/example_dags/example_branch_operator.py
[2023-10-15T15:20:58.349+0100] {processor.py:743} INFO - Processing file /Users/b/Documents/workflow/venv/lib/python3.11/site-packages/airflow/example_dags/example_branch_operator.py for tasks to queue
[2023-10-15T15:20:58.350+0100] {logging_mixin.py:137} INFO - [2023-10-15T15:20:58.350+0100] {dagbag.py:532} INFO - Filling up the DagBag from /Users/b/Documents/workflow/venv/lib/python3.11/site-packages/airflow/example_dags/example_branch_operator.py
[2023-10-15T15:20:58.372+0100] {processor.py:753} INFO - DAG(s) dict_keys(['example_branch_operator']) retrieved from /Users/b/Documents/workflow/venv/lib/python3.11/site-packages/airflow/example_dags/example_branch_operator.py
[2023-10-15T15:20:58.621+0100] {logging_mixin.py:137} INFO - [2023-10-15T15:20:58.620+0100] {dag.py:2705} INFO - Sync 1 DAGs
[2023-10-15T15:20:58.630+0100] {logging_mixin.py:137} INFO - [2023-10-15T15:20:58.630+0100] {dag.py:3452} INFO - Setting next_dagrun for example_branch_operator to 2023-10-14T00:00:00+00:00, run_after=2023-10-15T00:00:00+00:00
[2023-10-15T15:20:58.642+0100] {processor.py:175} INFO - Processing /Users/b/Documents/workflow/venv/lib/python3.11/site-packages/airflow/example_dags/example_branch_operator.py took 0.297 seconds
[2023-10-15T15:22:02.879+0100] {processor.py:153} INFO - Started process (PID=31181) to work on /Users/b/Documents/workflow/venv/lib/python3.11/site-packages/airflow/example_dags/example_branch_operator.py
[2023-10-15T15:22:02.881+0100] {processor.py:743} INFO - Processing file /Users/b/Documents/workflow/venv/lib/python3.11/site-packages/airflow/example_dags/example_branch_operator.py for tasks to queue
[2023-10-15T15:22:02.881+0100] {logging_mixin.py:137} INFO - [2023-10-15T15:22:02.881+0100] {dagbag.py:532} INFO - Filling up the DagBag from /Users/b/Documents/workflow/venv/lib/python3.11/site-packages/airflow/example_dags/example_branch_operator.py
[2023-10-15T15:22:02.894+0100] {processor.py:753} INFO - DAG(s) dict_keys(['example_branch_operator']) retrieved from /Users/b/Documents/workflow/venv/lib/python3.11/site-packages/airflow/example_dags/example_branch_operator.py
[2023-10-15T15:22:03.044+0100] {logging_mixin.py:137} INFO - [2023-10-15T15:22:03.043+0100] {dag.py:2705} INFO - Sync 1 DAGs
[2023-10-15T15:22:03.050+0100] {logging_mixin.py:137} INFO - [2023-10-15T15:22:03.050+0100] {dag.py:3452} INFO - Setting next_dagrun for example_branch_operator to 2023-10-14T00:00:00+00:00, run_after=2023-10-15T00:00:00+00:00
[2023-10-15T15:22:03.056+0100] {processor.py:175} INFO - Processing /Users/b/Documents/workflow/venv/lib/python3.11/site-packages/airflow/example_dags/example_branch_operator.py took 0.178 seconds
[2023-10-15T15:23:06.523+0100] {processor.py:153} INFO - Started process (PID=31315) to work on /Users/b/Documents/workflow/venv/lib/python3.11/site-packages/airflow/example_dags/example_branch_operator.py
[2023-10-15T15:23:06.525+0100] {processor.py:743} INFO - Processing file /Users/b/Documents/workflow/venv/lib/python3.11/site-packages/airflow/example_dags/example_branch_operator.py for tasks to queue
[2023-10-15T15:23:06.525+0100] {logging_mixin.py:137} INFO - [2023-10-15T15:23:06.525+0100] {dagbag.py:532} INFO - Filling up the DagBag from /Users/b/Documents/workflow/venv/lib/python3.11/site-packages/airflow/example_dags/example_branch_operator.py
[2023-10-15T15:23:06.538+0100] {processor.py:753} INFO - DAG(s) dict_keys(['example_branch_operator']) retrieved from /Users/b/Documents/workflow/venv/lib/python3.11/site-packages/airflow/example_dags/example_branch_operator.py
[2023-10-15T15:23:06.690+0100] {logging_mixin.py:137} INFO - [2023-10-15T15:23:06.690+0100] {dag.py:2705} INFO - Sync 1 DAGs
[2023-10-15T15:23:06.696+0100] {logging_mixin.py:137} INFO - [2023-10-15T15:23:06.696+0100] {dag.py:3452} INFO - Setting next_dagrun for example_branch_operator to 2023-10-14T00:00:00+00:00, run_after=2023-10-15T00:00:00+00:00
[2023-10-15T15:23:06.702+0100] {processor.py:175} INFO - Processing /Users/b/Documents/workflow/venv/lib/python3.11/site-packages/airflow/example_dags/example_branch_operator.py took 0.180 seconds
[2023-10-15T15:24:12.462+0100] {processor.py:153} INFO - Started process (PID=31470) to work on /Users/b/Documents/workflow/venv/lib/python3.11/site-packages/airflow/example_dags/example_branch_operator.py
[2023-10-15T15:24:12.465+0100] {processor.py:743} INFO - Processing file /Users/b/Documents/workflow/venv/lib/python3.11/site-packages/airflow/example_dags/example_branch_operator.py for tasks to queue
[2023-10-15T15:24:12.465+0100] {logging_mixin.py:137} INFO - [2023-10-15T15:24:12.465+0100] {dagbag.py:532} INFO - Filling up the DagBag from /Users/b/Documents/workflow/venv/lib/python3.11/site-packages/airflow/example_dags/example_branch_operator.py
[2023-10-15T15:24:12.480+0100] {processor.py:753} INFO - DAG(s) dict_keys(['example_branch_operator']) retrieved from /Users/b/Documents/workflow/venv/lib/python3.11/site-packages/airflow/example_dags/example_branch_operator.py
[2023-10-15T15:24:12.662+0100] {logging_mixin.py:137} INFO - [2023-10-15T15:24:12.662+0100] {dag.py:2705} INFO - Sync 1 DAGs
[2023-10-15T15:24:12.668+0100] {logging_mixin.py:137} INFO - [2023-10-15T15:24:12.668+0100] {dag.py:3452} INFO - Setting next_dagrun for example_branch_operator to 2023-10-14T00:00:00+00:00, run_after=2023-10-15T00:00:00+00:00
[2023-10-15T15:24:12.690+0100] {processor.py:175} INFO - Processing /Users/b/Documents/workflow/venv/lib/python3.11/site-packages/airflow/example_dags/example_branch_operator.py took 0.229 seconds
[2023-10-15T15:25:17.610+0100] {processor.py:153} INFO - Started process (PID=31596) to work on /Users/b/Documents/workflow/venv/lib/python3.11/site-packages/airflow/example_dags/example_branch_operator.py
[2023-10-15T15:25:17.613+0100] {processor.py:743} INFO - Processing file /Users/b/Documents/workflow/venv/lib/python3.11/site-packages/airflow/example_dags/example_branch_operator.py for tasks to queue
[2023-10-15T15:25:17.613+0100] {logging_mixin.py:137} INFO - [2023-10-15T15:25:17.613+0100] {dagbag.py:532} INFO - Filling up the DagBag from /Users/b/Documents/workflow/venv/lib/python3.11/site-packages/airflow/example_dags/example_branch_operator.py
[2023-10-15T15:25:17.630+0100] {processor.py:753} INFO - DAG(s) dict_keys(['example_branch_operator']) retrieved from /Users/b/Documents/workflow/venv/lib/python3.11/site-packages/airflow/example_dags/example_branch_operator.py
[2023-10-15T15:25:17.802+0100] {logging_mixin.py:137} INFO - [2023-10-15T15:25:17.802+0100] {dag.py:2705} INFO - Sync 1 DAGs
[2023-10-15T15:25:17.809+0100] {logging_mixin.py:137} INFO - [2023-10-15T15:25:17.809+0100] {dag.py:3452} INFO - Setting next_dagrun for example_branch_operator to 2023-10-14T00:00:00+00:00, run_after=2023-10-15T00:00:00+00:00
[2023-10-15T15:25:17.815+0100] {processor.py:175} INFO - Processing /Users/b/Documents/workflow/venv/lib/python3.11/site-packages/airflow/example_dags/example_branch_operator.py took 0.205 seconds
[2023-10-15T15:26:22.644+0100] {processor.py:153} INFO - Started process (PID=31721) to work on /Users/b/Documents/workflow/venv/lib/python3.11/site-packages/airflow/example_dags/example_branch_operator.py
[2023-10-15T15:26:22.647+0100] {processor.py:743} INFO - Processing file /Users/b/Documents/workflow/venv/lib/python3.11/site-packages/airflow/example_dags/example_branch_operator.py for tasks to queue
[2023-10-15T15:26:22.647+0100] {logging_mixin.py:137} INFO - [2023-10-15T15:26:22.647+0100] {dagbag.py:532} INFO - Filling up the DagBag from /Users/b/Documents/workflow/venv/lib/python3.11/site-packages/airflow/example_dags/example_branch_operator.py
[2023-10-15T15:26:22.660+0100] {processor.py:753} INFO - DAG(s) dict_keys(['example_branch_operator']) retrieved from /Users/b/Documents/workflow/venv/lib/python3.11/site-packages/airflow/example_dags/example_branch_operator.py
[2023-10-15T15:26:22.810+0100] {logging_mixin.py:137} INFO - [2023-10-15T15:26:22.810+0100] {dag.py:2705} INFO - Sync 1 DAGs
[2023-10-15T15:26:22.817+0100] {logging_mixin.py:137} INFO - [2023-10-15T15:26:22.817+0100] {dag.py:3452} INFO - Setting next_dagrun for example_branch_operator to 2023-10-15T00:00:00+00:00, run_after=2023-10-16T00:00:00+00:00
[2023-10-15T15:26:22.824+0100] {processor.py:175} INFO - Processing /Users/b/Documents/workflow/venv/lib/python3.11/site-packages/airflow/example_dags/example_branch_operator.py took 0.180 seconds
[2023-10-15T15:27:25.891+0100] {processor.py:153} INFO - Started process (PID=31827) to work on /Users/b/Documents/workflow/venv/lib/python3.11/site-packages/airflow/example_dags/example_branch_operator.py
[2023-10-15T15:27:25.893+0100] {processor.py:743} INFO - Processing file /Users/b/Documents/workflow/venv/lib/python3.11/site-packages/airflow/example_dags/example_branch_operator.py for tasks to queue
[2023-10-15T15:27:25.894+0100] {logging_mixin.py:137} INFO - [2023-10-15T15:27:25.894+0100] {dagbag.py:532} INFO - Filling up the DagBag from /Users/b/Documents/workflow/venv/lib/python3.11/site-packages/airflow/example_dags/example_branch_operator.py
[2023-10-15T15:27:25.907+0100] {processor.py:753} INFO - DAG(s) dict_keys(['example_branch_operator']) retrieved from /Users/b/Documents/workflow/venv/lib/python3.11/site-packages/airflow/example_dags/example_branch_operator.py
[2023-10-15T15:27:26.059+0100] {logging_mixin.py:137} INFO - [2023-10-15T15:27:26.059+0100] {dag.py:2705} INFO - Sync 1 DAGs
[2023-10-15T15:27:26.066+0100] {logging_mixin.py:137} INFO - [2023-10-15T15:27:26.066+0100] {dag.py:3452} INFO - Setting next_dagrun for example_branch_operator to 2023-10-15T00:00:00+00:00, run_after=2023-10-16T00:00:00+00:00
[2023-10-15T15:27:26.072+0100] {processor.py:175} INFO - Processing /Users/b/Documents/workflow/venv/lib/python3.11/site-packages/airflow/example_dags/example_branch_operator.py took 0.182 seconds
[2023-10-15T15:28:30.466+0100] {processor.py:153} INFO - Started process (PID=31939) to work on /Users/b/Documents/workflow/venv/lib/python3.11/site-packages/airflow/example_dags/example_branch_operator.py
[2023-10-15T15:28:30.468+0100] {processor.py:743} INFO - Processing file /Users/b/Documents/workflow/venv/lib/python3.11/site-packages/airflow/example_dags/example_branch_operator.py for tasks to queue
[2023-10-15T15:28:30.468+0100] {logging_mixin.py:137} INFO - [2023-10-15T15:28:30.468+0100] {dagbag.py:532} INFO - Filling up the DagBag from /Users/b/Documents/workflow/venv/lib/python3.11/site-packages/airflow/example_dags/example_branch_operator.py
[2023-10-15T15:28:30.481+0100] {processor.py:753} INFO - DAG(s) dict_keys(['example_branch_operator']) retrieved from /Users/b/Documents/workflow/venv/lib/python3.11/site-packages/airflow/example_dags/example_branch_operator.py
[2023-10-15T15:28:30.636+0100] {logging_mixin.py:137} INFO - [2023-10-15T15:28:30.636+0100] {dag.py:2705} INFO - Sync 1 DAGs
[2023-10-15T15:28:30.642+0100] {logging_mixin.py:137} INFO - [2023-10-15T15:28:30.642+0100] {dag.py:3452} INFO - Setting next_dagrun for example_branch_operator to 2023-10-15T00:00:00+00:00, run_after=2023-10-16T00:00:00+00:00
[2023-10-15T15:28:30.649+0100] {processor.py:175} INFO - Processing /Users/b/Documents/workflow/venv/lib/python3.11/site-packages/airflow/example_dags/example_branch_operator.py took 0.184 seconds
[2023-10-15T15:29:35.784+0100] {processor.py:153} INFO - Started process (PID=32058) to work on /Users/b/Documents/workflow/venv/lib/python3.11/site-packages/airflow/example_dags/example_branch_operator.py
[2023-10-15T15:29:35.786+0100] {processor.py:743} INFO - Processing file /Users/b/Documents/workflow/venv/lib/python3.11/site-packages/airflow/example_dags/example_branch_operator.py for tasks to queue
[2023-10-15T15:29:35.786+0100] {logging_mixin.py:137} INFO - [2023-10-15T15:29:35.786+0100] {dagbag.py:532} INFO - Filling up the DagBag from /Users/b/Documents/workflow/venv/lib/python3.11/site-packages/airflow/example_dags/example_branch_operator.py
[2023-10-15T15:29:35.799+0100] {processor.py:753} INFO - DAG(s) dict_keys(['example_branch_operator']) retrieved from /Users/b/Documents/workflow/venv/lib/python3.11/site-packages/airflow/example_dags/example_branch_operator.py
[2023-10-15T15:29:35.960+0100] {logging_mixin.py:137} INFO - [2023-10-15T15:29:35.960+0100] {dag.py:2705} INFO - Sync 1 DAGs
[2023-10-15T15:29:35.966+0100] {logging_mixin.py:137} INFO - [2023-10-15T15:29:35.966+0100] {dag.py:3452} INFO - Setting next_dagrun for example_branch_operator to 2023-10-15T00:00:00+00:00, run_after=2023-10-16T00:00:00+00:00
[2023-10-15T15:29:35.973+0100] {processor.py:175} INFO - Processing /Users/b/Documents/workflow/venv/lib/python3.11/site-packages/airflow/example_dags/example_branch_operator.py took 0.190 seconds
[2023-10-15T15:30:39.770+0100] {processor.py:153} INFO - Started process (PID=32184) to work on /Users/b/Documents/workflow/venv/lib/python3.11/site-packages/airflow/example_dags/example_branch_operator.py
[2023-10-15T15:30:39.773+0100] {processor.py:743} INFO - Processing file /Users/b/Documents/workflow/venv/lib/python3.11/site-packages/airflow/example_dags/example_branch_operator.py for tasks to queue
[2023-10-15T15:30:39.773+0100] {logging_mixin.py:137} INFO - [2023-10-15T15:30:39.773+0100] {dagbag.py:532} INFO - Filling up the DagBag from /Users/b/Documents/workflow/venv/lib/python3.11/site-packages/airflow/example_dags/example_branch_operator.py
[2023-10-15T15:30:39.786+0100] {processor.py:753} INFO - DAG(s) dict_keys(['example_branch_operator']) retrieved from /Users/b/Documents/workflow/venv/lib/python3.11/site-packages/airflow/example_dags/example_branch_operator.py
[2023-10-15T15:30:39.947+0100] {logging_mixin.py:137} INFO - [2023-10-15T15:30:39.947+0100] {dag.py:2705} INFO - Sync 1 DAGs
[2023-10-15T15:30:39.953+0100] {logging_mixin.py:137} INFO - [2023-10-15T15:30:39.953+0100] {dag.py:3452} INFO - Setting next_dagrun for example_branch_operator to 2023-10-15T00:00:00+00:00, run_after=2023-10-16T00:00:00+00:00
[2023-10-15T15:30:39.960+0100] {processor.py:175} INFO - Processing /Users/b/Documents/workflow/venv/lib/python3.11/site-packages/airflow/example_dags/example_branch_operator.py took 0.190 seconds
[2023-10-15T15:31:50.005+0100] {processor.py:153} INFO - Started process (PID=32313) to work on /Users/b/Documents/workflow/venv/lib/python3.11/site-packages/airflow/example_dags/example_branch_operator.py
[2023-10-15T15:31:50.007+0100] {processor.py:743} INFO - Processing file /Users/b/Documents/workflow/venv/lib/python3.11/site-packages/airflow/example_dags/example_branch_operator.py for tasks to queue
[2023-10-15T15:31:50.007+0100] {logging_mixin.py:137} INFO - [2023-10-15T15:31:50.007+0100] {dagbag.py:532} INFO - Filling up the DagBag from /Users/b/Documents/workflow/venv/lib/python3.11/site-packages/airflow/example_dags/example_branch_operator.py
[2023-10-15T15:31:50.020+0100] {processor.py:753} INFO - DAG(s) dict_keys(['example_branch_operator']) retrieved from /Users/b/Documents/workflow/venv/lib/python3.11/site-packages/airflow/example_dags/example_branch_operator.py
[2023-10-15T15:31:50.172+0100] {logging_mixin.py:137} INFO - [2023-10-15T15:31:50.172+0100] {dag.py:2705} INFO - Sync 1 DAGs
[2023-10-15T15:31:50.178+0100] {logging_mixin.py:137} INFO - [2023-10-15T15:31:50.178+0100] {dag.py:3452} INFO - Setting next_dagrun for example_branch_operator to 2023-10-15T00:00:00+00:00, run_after=2023-10-16T00:00:00+00:00
[2023-10-15T15:31:50.185+0100] {processor.py:175} INFO - Processing /Users/b/Documents/workflow/venv/lib/python3.11/site-packages/airflow/example_dags/example_branch_operator.py took 0.181 seconds
[2023-10-15T15:32:54.375+0100] {processor.py:153} INFO - Started process (PID=32447) to work on /Users/b/Documents/workflow/venv/lib/python3.11/site-packages/airflow/example_dags/example_branch_operator.py
[2023-10-15T15:32:54.378+0100] {processor.py:743} INFO - Processing file /Users/b/Documents/workflow/venv/lib/python3.11/site-packages/airflow/example_dags/example_branch_operator.py for tasks to queue
[2023-10-15T15:32:54.378+0100] {logging_mixin.py:137} INFO - [2023-10-15T15:32:54.378+0100] {dagbag.py:532} INFO - Filling up the DagBag from /Users/b/Documents/workflow/venv/lib/python3.11/site-packages/airflow/example_dags/example_branch_operator.py
[2023-10-15T15:32:54.391+0100] {processor.py:753} INFO - DAG(s) dict_keys(['example_branch_operator']) retrieved from /Users/b/Documents/workflow/venv/lib/python3.11/site-packages/airflow/example_dags/example_branch_operator.py
[2023-10-15T15:32:54.546+0100] {logging_mixin.py:137} INFO - [2023-10-15T15:32:54.546+0100] {dag.py:2705} INFO - Sync 1 DAGs
[2023-10-15T15:32:54.553+0100] {logging_mixin.py:137} INFO - [2023-10-15T15:32:54.553+0100] {dag.py:3452} INFO - Setting next_dagrun for example_branch_operator to 2023-10-15T00:00:00+00:00, run_after=2023-10-16T00:00:00+00:00
[2023-10-15T15:32:54.559+0100] {processor.py:175} INFO - Processing /Users/b/Documents/workflow/venv/lib/python3.11/site-packages/airflow/example_dags/example_branch_operator.py took 0.184 seconds
