[2023-10-15T15:11:57.899+0100] {processor.py:153} INFO - Started process (PID=29472) to work on /Users/b/Documents/workflow/venv/lib/python3.11/site-packages/airflow/example_dags/example_latest_only_with_trigger.py
[2023-10-15T15:11:57.901+0100] {processor.py:743} INFO - Processing file /Users/b/Documents/workflow/venv/lib/python3.11/site-packages/airflow/example_dags/example_latest_only_with_trigger.py for tasks to queue
[2023-10-15T15:11:57.901+0100] {logging_mixin.py:137} INFO - [2023-10-15T15:11:57.901+0100] {dagbag.py:532} INFO - Filling up the DagBag from /Users/b/Documents/workflow/venv/lib/python3.11/site-packages/airflow/example_dags/example_latest_only_with_trigger.py
[2023-10-15T15:11:57.909+0100] {processor.py:753} INFO - DAG(s) dict_keys(['latest_only_with_trigger']) retrieved from /Users/b/Documents/workflow/venv/lib/python3.11/site-packages/airflow/example_dags/example_latest_only_with_trigger.py
[2023-10-15T15:11:58.095+0100] {logging_mixin.py:137} INFO - [2023-10-15T15:11:58.095+0100] {manager.py:504} INFO - Created Permission View: can delete on DAG:latest_only_with_trigger
[2023-10-15T15:11:58.097+0100] {logging_mixin.py:137} INFO - [2023-10-15T15:11:58.097+0100] {manager.py:504} INFO - Created Permission View: can edit on DAG:latest_only_with_trigger
[2023-10-15T15:11:58.099+0100] {logging_mixin.py:137} INFO - [2023-10-15T15:11:58.099+0100] {manager.py:504} INFO - Created Permission View: can read on DAG:latest_only_with_trigger
[2023-10-15T15:11:58.099+0100] {logging_mixin.py:137} INFO - [2023-10-15T15:11:58.099+0100] {dag.py:2705} INFO - Sync 1 DAGs
[2023-10-15T15:11:58.102+0100] {logging_mixin.py:137} INFO - [2023-10-15T15:11:58.102+0100] {dag.py:2726} INFO - Creating ORM DAG for latest_only_with_trigger
[2023-10-15T15:11:58.105+0100] {logging_mixin.py:137} INFO - [2023-10-15T15:11:58.105+0100] {dag.py:3452} INFO - Setting next_dagrun for latest_only_with_trigger to 2023-10-15T10:11:58.105425+00:00, run_after=2023-10-15T14:11:58.105425+00:00
[2023-10-15T15:11:58.111+0100] {processor.py:175} INFO - Processing /Users/b/Documents/workflow/venv/lib/python3.11/site-packages/airflow/example_dags/example_latest_only_with_trigger.py took 0.212 seconds
[2023-10-15T15:13:08.374+0100] {processor.py:153} INFO - Started process (PID=29834) to work on /Users/b/Documents/workflow/venv/lib/python3.11/site-packages/airflow/example_dags/example_latest_only_with_trigger.py
[2023-10-15T15:13:08.376+0100] {processor.py:743} INFO - Processing file /Users/b/Documents/workflow/venv/lib/python3.11/site-packages/airflow/example_dags/example_latest_only_with_trigger.py for tasks to queue
[2023-10-15T15:13:08.376+0100] {logging_mixin.py:137} INFO - [2023-10-15T15:13:08.376+0100] {dagbag.py:532} INFO - Filling up the DagBag from /Users/b/Documents/workflow/venv/lib/python3.11/site-packages/airflow/example_dags/example_latest_only_with_trigger.py
[2023-10-15T15:13:08.386+0100] {processor.py:753} INFO - DAG(s) dict_keys(['latest_only_with_trigger']) retrieved from /Users/b/Documents/workflow/venv/lib/python3.11/site-packages/airflow/example_dags/example_latest_only_with_trigger.py
[2023-10-15T15:13:08.564+0100] {logging_mixin.py:137} INFO - [2023-10-15T15:13:08.564+0100] {dag.py:2705} INFO - Sync 1 DAGs
[2023-10-15T15:13:08.571+0100] {logging_mixin.py:137} INFO - [2023-10-15T15:13:08.571+0100] {dag.py:3452} INFO - Setting next_dagrun for latest_only_with_trigger to 2023-10-15T10:13:08.571761+00:00, run_after=2023-10-15T14:13:08.571761+00:00
[2023-10-15T15:13:08.578+0100] {processor.py:175} INFO - Processing /Users/b/Documents/workflow/venv/lib/python3.11/site-packages/airflow/example_dags/example_latest_only_with_trigger.py took 0.205 seconds
[2023-10-15T15:14:12.639+0100] {processor.py:153} INFO - Started process (PID=30167) to work on /Users/b/Documents/workflow/venv/lib/python3.11/site-packages/airflow/example_dags/example_latest_only_with_trigger.py
[2023-10-15T15:14:12.642+0100] {processor.py:743} INFO - Processing file /Users/b/Documents/workflow/venv/lib/python3.11/site-packages/airflow/example_dags/example_latest_only_with_trigger.py for tasks to queue
[2023-10-15T15:14:12.642+0100] {logging_mixin.py:137} INFO - [2023-10-15T15:14:12.642+0100] {dagbag.py:532} INFO - Filling up the DagBag from /Users/b/Documents/workflow/venv/lib/python3.11/site-packages/airflow/example_dags/example_latest_only_with_trigger.py
[2023-10-15T15:14:12.650+0100] {processor.py:753} INFO - DAG(s) dict_keys(['latest_only_with_trigger']) retrieved from /Users/b/Documents/workflow/venv/lib/python3.11/site-packages/airflow/example_dags/example_latest_only_with_trigger.py
[2023-10-15T15:14:12.806+0100] {logging_mixin.py:137} INFO - [2023-10-15T15:14:12.806+0100] {dag.py:2705} INFO - Sync 1 DAGs
[2023-10-15T15:14:12.813+0100] {logging_mixin.py:137} INFO - [2023-10-15T15:14:12.812+0100] {dag.py:3452} INFO - Setting next_dagrun for latest_only_with_trigger to 2023-10-15T10:14:12.812940+00:00, run_after=2023-10-15T14:14:12.812940+00:00
[2023-10-15T15:14:12.819+0100] {processor.py:175} INFO - Processing /Users/b/Documents/workflow/venv/lib/python3.11/site-packages/airflow/example_dags/example_latest_only_with_trigger.py took 0.180 seconds
[2023-10-15T15:15:16.946+0100] {processor.py:153} INFO - Started process (PID=30310) to work on /Users/b/Documents/workflow/venv/lib/python3.11/site-packages/airflow/example_dags/example_latest_only_with_trigger.py
[2023-10-15T15:15:16.948+0100] {processor.py:743} INFO - Processing file /Users/b/Documents/workflow/venv/lib/python3.11/site-packages/airflow/example_dags/example_latest_only_with_trigger.py for tasks to queue
[2023-10-15T15:15:16.948+0100] {logging_mixin.py:137} INFO - [2023-10-15T15:15:16.948+0100] {dagbag.py:532} INFO - Filling up the DagBag from /Users/b/Documents/workflow/venv/lib/python3.11/site-packages/airflow/example_dags/example_latest_only_with_trigger.py
[2023-10-15T15:15:16.957+0100] {processor.py:753} INFO - DAG(s) dict_keys(['latest_only_with_trigger']) retrieved from /Users/b/Documents/workflow/venv/lib/python3.11/site-packages/airflow/example_dags/example_latest_only_with_trigger.py
[2023-10-15T15:15:17.136+0100] {logging_mixin.py:137} INFO - [2023-10-15T15:15:17.135+0100] {dag.py:2705} INFO - Sync 1 DAGs
[2023-10-15T15:15:17.144+0100] {logging_mixin.py:137} INFO - [2023-10-15T15:15:17.144+0100] {dag.py:3452} INFO - Setting next_dagrun for latest_only_with_trigger to 2023-10-15T10:15:17.143941+00:00, run_after=2023-10-15T14:15:17.143941+00:00
[2023-10-15T15:15:17.150+0100] {processor.py:175} INFO - Processing /Users/b/Documents/workflow/venv/lib/python3.11/site-packages/airflow/example_dags/example_latest_only_with_trigger.py took 0.205 seconds
[2023-10-15T15:20:41.156+0100] {processor.py:153} INFO - Started process (PID=30926) to work on /Users/b/Documents/workflow/venv/lib/python3.11/site-packages/airflow/example_dags/example_latest_only_with_trigger.py
[2023-10-15T15:20:41.159+0100] {processor.py:743} INFO - Processing file /Users/b/Documents/workflow/venv/lib/python3.11/site-packages/airflow/example_dags/example_latest_only_with_trigger.py for tasks to queue
[2023-10-15T15:20:41.159+0100] {logging_mixin.py:137} INFO - [2023-10-15T15:20:41.159+0100] {dagbag.py:532} INFO - Filling up the DagBag from /Users/b/Documents/workflow/venv/lib/python3.11/site-packages/airflow/example_dags/example_latest_only_with_trigger.py
[2023-10-15T15:20:41.168+0100] {processor.py:753} INFO - DAG(s) dict_keys(['latest_only_with_trigger']) retrieved from /Users/b/Documents/workflow/venv/lib/python3.11/site-packages/airflow/example_dags/example_latest_only_with_trigger.py
[2023-10-15T15:20:41.359+0100] {logging_mixin.py:137} INFO - [2023-10-15T15:20:41.359+0100] {dag.py:2705} INFO - Sync 1 DAGs
[2023-10-15T15:20:41.366+0100] {logging_mixin.py:137} INFO - [2023-10-15T15:20:41.366+0100] {dag.py:3452} INFO - Setting next_dagrun for latest_only_with_trigger to 2023-10-15T10:20:41.366181+00:00, run_after=2023-10-15T14:20:41.366181+00:00
[2023-10-15T15:20:41.373+0100] {processor.py:175} INFO - Processing /Users/b/Documents/workflow/venv/lib/python3.11/site-packages/airflow/example_dags/example_latest_only_with_trigger.py took 0.217 seconds
[2023-10-15T15:21:48.627+0100] {processor.py:153} INFO - Started process (PID=31143) to work on /Users/b/Documents/workflow/venv/lib/python3.11/site-packages/airflow/example_dags/example_latest_only_with_trigger.py
[2023-10-15T15:21:48.629+0100] {processor.py:743} INFO - Processing file /Users/b/Documents/workflow/venv/lib/python3.11/site-packages/airflow/example_dags/example_latest_only_with_trigger.py for tasks to queue
[2023-10-15T15:21:48.629+0100] {logging_mixin.py:137} INFO - [2023-10-15T15:21:48.629+0100] {dagbag.py:532} INFO - Filling up the DagBag from /Users/b/Documents/workflow/venv/lib/python3.11/site-packages/airflow/example_dags/example_latest_only_with_trigger.py
[2023-10-15T15:21:48.638+0100] {processor.py:753} INFO - DAG(s) dict_keys(['latest_only_with_trigger']) retrieved from /Users/b/Documents/workflow/venv/lib/python3.11/site-packages/airflow/example_dags/example_latest_only_with_trigger.py
[2023-10-15T15:21:48.817+0100] {logging_mixin.py:137} INFO - [2023-10-15T15:21:48.817+0100] {dag.py:2705} INFO - Sync 1 DAGs
[2023-10-15T15:21:48.823+0100] {logging_mixin.py:137} INFO - [2023-10-15T15:21:48.823+0100] {dag.py:3452} INFO - Setting next_dagrun for latest_only_with_trigger to 2023-10-15T10:21:48.823767+00:00, run_after=2023-10-15T14:21:48.823767+00:00
[2023-10-15T15:21:48.831+0100] {processor.py:175} INFO - Processing /Users/b/Documents/workflow/venv/lib/python3.11/site-packages/airflow/example_dags/example_latest_only_with_trigger.py took 0.204 seconds
[2023-10-15T15:22:51.409+0100] {processor.py:153} INFO - Started process (PID=31287) to work on /Users/b/Documents/workflow/venv/lib/python3.11/site-packages/airflow/example_dags/example_latest_only_with_trigger.py
[2023-10-15T15:22:51.412+0100] {processor.py:743} INFO - Processing file /Users/b/Documents/workflow/venv/lib/python3.11/site-packages/airflow/example_dags/example_latest_only_with_trigger.py for tasks to queue
[2023-10-15T15:22:51.412+0100] {logging_mixin.py:137} INFO - [2023-10-15T15:22:51.412+0100] {dagbag.py:532} INFO - Filling up the DagBag from /Users/b/Documents/workflow/venv/lib/python3.11/site-packages/airflow/example_dags/example_latest_only_with_trigger.py
[2023-10-15T15:22:51.422+0100] {processor.py:753} INFO - DAG(s) dict_keys(['latest_only_with_trigger']) retrieved from /Users/b/Documents/workflow/venv/lib/python3.11/site-packages/airflow/example_dags/example_latest_only_with_trigger.py
[2023-10-15T15:22:51.612+0100] {logging_mixin.py:137} INFO - [2023-10-15T15:22:51.612+0100] {dag.py:2705} INFO - Sync 1 DAGs
[2023-10-15T15:22:51.618+0100] {logging_mixin.py:137} INFO - [2023-10-15T15:22:51.618+0100] {dag.py:3452} INFO - Setting next_dagrun for latest_only_with_trigger to 2023-10-15T10:22:51.618375+00:00, run_after=2023-10-15T14:22:51.618375+00:00
[2023-10-15T15:22:51.625+0100] {processor.py:175} INFO - Processing /Users/b/Documents/workflow/venv/lib/python3.11/site-packages/airflow/example_dags/example_latest_only_with_trigger.py took 0.216 seconds
[2023-10-15T15:23:57.545+0100] {processor.py:153} INFO - Started process (PID=31430) to work on /Users/b/Documents/workflow/venv/lib/python3.11/site-packages/airflow/example_dags/example_latest_only_with_trigger.py
[2023-10-15T15:23:57.548+0100] {processor.py:743} INFO - Processing file /Users/b/Documents/workflow/venv/lib/python3.11/site-packages/airflow/example_dags/example_latest_only_with_trigger.py for tasks to queue
[2023-10-15T15:23:57.548+0100] {logging_mixin.py:137} INFO - [2023-10-15T15:23:57.548+0100] {dagbag.py:532} INFO - Filling up the DagBag from /Users/b/Documents/workflow/venv/lib/python3.11/site-packages/airflow/example_dags/example_latest_only_with_trigger.py
[2023-10-15T15:23:57.558+0100] {processor.py:753} INFO - DAG(s) dict_keys(['latest_only_with_trigger']) retrieved from /Users/b/Documents/workflow/venv/lib/python3.11/site-packages/airflow/example_dags/example_latest_only_with_trigger.py
[2023-10-15T15:23:57.722+0100] {logging_mixin.py:137} INFO - [2023-10-15T15:23:57.722+0100] {dag.py:2705} INFO - Sync 1 DAGs
[2023-10-15T15:23:57.728+0100] {logging_mixin.py:137} INFO - [2023-10-15T15:23:57.728+0100] {dag.py:3452} INFO - Setting next_dagrun for latest_only_with_trigger to 2023-10-15T10:23:57.728552+00:00, run_after=2023-10-15T14:23:57.728552+00:00
[2023-10-15T15:23:57.735+0100] {processor.py:175} INFO - Processing /Users/b/Documents/workflow/venv/lib/python3.11/site-packages/airflow/example_dags/example_latest_only_with_trigger.py took 0.190 seconds
[2023-10-15T15:25:01.402+0100] {processor.py:153} INFO - Started process (PID=31567) to work on /Users/b/Documents/workflow/venv/lib/python3.11/site-packages/airflow/example_dags/example_latest_only_with_trigger.py
[2023-10-15T15:25:01.405+0100] {processor.py:743} INFO - Processing file /Users/b/Documents/workflow/venv/lib/python3.11/site-packages/airflow/example_dags/example_latest_only_with_trigger.py for tasks to queue
[2023-10-15T15:25:01.405+0100] {logging_mixin.py:137} INFO - [2023-10-15T15:25:01.405+0100] {dagbag.py:532} INFO - Filling up the DagBag from /Users/b/Documents/workflow/venv/lib/python3.11/site-packages/airflow/example_dags/example_latest_only_with_trigger.py
[2023-10-15T15:25:01.413+0100] {processor.py:753} INFO - DAG(s) dict_keys(['latest_only_with_trigger']) retrieved from /Users/b/Documents/workflow/venv/lib/python3.11/site-packages/airflow/example_dags/example_latest_only_with_trigger.py
[2023-10-15T15:25:01.575+0100] {logging_mixin.py:137} INFO - [2023-10-15T15:25:01.575+0100] {dag.py:2705} INFO - Sync 1 DAGs
[2023-10-15T15:25:01.581+0100] {logging_mixin.py:137} INFO - [2023-10-15T15:25:01.581+0100] {dag.py:3452} INFO - Setting next_dagrun for latest_only_with_trigger to 2023-10-15T10:25:01.581604+00:00, run_after=2023-10-15T14:25:01.581604+00:00
[2023-10-15T15:25:01.588+0100] {processor.py:175} INFO - Processing /Users/b/Documents/workflow/venv/lib/python3.11/site-packages/airflow/example_dags/example_latest_only_with_trigger.py took 0.186 seconds
[2023-10-15T15:26:05.466+0100] {processor.py:153} INFO - Started process (PID=31689) to work on /Users/b/Documents/workflow/venv/lib/python3.11/site-packages/airflow/example_dags/example_latest_only_with_trigger.py
[2023-10-15T15:26:05.469+0100] {processor.py:743} INFO - Processing file /Users/b/Documents/workflow/venv/lib/python3.11/site-packages/airflow/example_dags/example_latest_only_with_trigger.py for tasks to queue
[2023-10-15T15:26:05.469+0100] {logging_mixin.py:137} INFO - [2023-10-15T15:26:05.469+0100] {dagbag.py:532} INFO - Filling up the DagBag from /Users/b/Documents/workflow/venv/lib/python3.11/site-packages/airflow/example_dags/example_latest_only_with_trigger.py
[2023-10-15T15:26:05.478+0100] {processor.py:753} INFO - DAG(s) dict_keys(['latest_only_with_trigger']) retrieved from /Users/b/Documents/workflow/venv/lib/python3.11/site-packages/airflow/example_dags/example_latest_only_with_trigger.py
[2023-10-15T15:26:05.635+0100] {logging_mixin.py:137} INFO - [2023-10-15T15:26:05.635+0100] {dag.py:2705} INFO - Sync 1 DAGs
[2023-10-15T15:26:05.641+0100] {logging_mixin.py:137} INFO - [2023-10-15T15:26:05.641+0100] {dag.py:3452} INFO - Setting next_dagrun for latest_only_with_trigger to 2023-10-15T10:26:05.641444+00:00, run_after=2023-10-15T14:26:05.641444+00:00
[2023-10-15T15:26:05.648+0100] {processor.py:175} INFO - Processing /Users/b/Documents/workflow/venv/lib/python3.11/site-packages/airflow/example_dags/example_latest_only_with_trigger.py took 0.182 seconds
[2023-10-15T15:27:10.050+0100] {processor.py:153} INFO - Started process (PID=31801) to work on /Users/b/Documents/workflow/venv/lib/python3.11/site-packages/airflow/example_dags/example_latest_only_with_trigger.py
[2023-10-15T15:27:10.053+0100] {processor.py:743} INFO - Processing file /Users/b/Documents/workflow/venv/lib/python3.11/site-packages/airflow/example_dags/example_latest_only_with_trigger.py for tasks to queue
[2023-10-15T15:27:10.053+0100] {logging_mixin.py:137} INFO - [2023-10-15T15:27:10.053+0100] {dagbag.py:532} INFO - Filling up the DagBag from /Users/b/Documents/workflow/venv/lib/python3.11/site-packages/airflow/example_dags/example_latest_only_with_trigger.py
[2023-10-15T15:27:10.062+0100] {processor.py:753} INFO - DAG(s) dict_keys(['latest_only_with_trigger']) retrieved from /Users/b/Documents/workflow/venv/lib/python3.11/site-packages/airflow/example_dags/example_latest_only_with_trigger.py
[2023-10-15T15:27:10.216+0100] {logging_mixin.py:137} INFO - [2023-10-15T15:27:10.215+0100] {dag.py:2705} INFO - Sync 1 DAGs
[2023-10-15T15:27:10.222+0100] {logging_mixin.py:137} INFO - [2023-10-15T15:27:10.222+0100] {dag.py:3452} INFO - Setting next_dagrun for latest_only_with_trigger to 2023-10-15T10:27:10.222067+00:00, run_after=2023-10-15T14:27:10.222067+00:00
[2023-10-15T15:27:10.228+0100] {processor.py:175} INFO - Processing /Users/b/Documents/workflow/venv/lib/python3.11/site-packages/airflow/example_dags/example_latest_only_with_trigger.py took 0.178 seconds
[2023-10-15T15:28:13.698+0100] {processor.py:153} INFO - Started process (PID=31911) to work on /Users/b/Documents/workflow/venv/lib/python3.11/site-packages/airflow/example_dags/example_latest_only_with_trigger.py
[2023-10-15T15:28:13.700+0100] {processor.py:743} INFO - Processing file /Users/b/Documents/workflow/venv/lib/python3.11/site-packages/airflow/example_dags/example_latest_only_with_trigger.py for tasks to queue
[2023-10-15T15:28:13.700+0100] {logging_mixin.py:137} INFO - [2023-10-15T15:28:13.700+0100] {dagbag.py:532} INFO - Filling up the DagBag from /Users/b/Documents/workflow/venv/lib/python3.11/site-packages/airflow/example_dags/example_latest_only_with_trigger.py
[2023-10-15T15:28:13.708+0100] {processor.py:753} INFO - DAG(s) dict_keys(['latest_only_with_trigger']) retrieved from /Users/b/Documents/workflow/venv/lib/python3.11/site-packages/airflow/example_dags/example_latest_only_with_trigger.py
[2023-10-15T15:28:13.866+0100] {logging_mixin.py:137} INFO - [2023-10-15T15:28:13.866+0100] {dag.py:2705} INFO - Sync 1 DAGs
[2023-10-15T15:28:13.872+0100] {logging_mixin.py:137} INFO - [2023-10-15T15:28:13.872+0100] {dag.py:3452} INFO - Setting next_dagrun for latest_only_with_trigger to 2023-10-15T10:28:13.872029+00:00, run_after=2023-10-15T14:28:13.872029+00:00
[2023-10-15T15:28:13.878+0100] {processor.py:175} INFO - Processing /Users/b/Documents/workflow/venv/lib/python3.11/site-packages/airflow/example_dags/example_latest_only_with_trigger.py took 0.180 seconds
[2023-10-15T15:29:18.832+0100] {processor.py:153} INFO - Started process (PID=32030) to work on /Users/b/Documents/workflow/venv/lib/python3.11/site-packages/airflow/example_dags/example_latest_only_with_trigger.py
[2023-10-15T15:29:18.834+0100] {processor.py:743} INFO - Processing file /Users/b/Documents/workflow/venv/lib/python3.11/site-packages/airflow/example_dags/example_latest_only_with_trigger.py for tasks to queue
[2023-10-15T15:29:18.835+0100] {logging_mixin.py:137} INFO - [2023-10-15T15:29:18.835+0100] {dagbag.py:532} INFO - Filling up the DagBag from /Users/b/Documents/workflow/venv/lib/python3.11/site-packages/airflow/example_dags/example_latest_only_with_trigger.py
[2023-10-15T15:29:18.843+0100] {processor.py:753} INFO - DAG(s) dict_keys(['latest_only_with_trigger']) retrieved from /Users/b/Documents/workflow/venv/lib/python3.11/site-packages/airflow/example_dags/example_latest_only_with_trigger.py
[2023-10-15T15:29:18.998+0100] {logging_mixin.py:137} INFO - [2023-10-15T15:29:18.997+0100] {dag.py:2705} INFO - Sync 1 DAGs
[2023-10-15T15:29:19.003+0100] {logging_mixin.py:137} INFO - [2023-10-15T15:29:19.003+0100] {dag.py:3452} INFO - Setting next_dagrun for latest_only_with_trigger to 2023-10-15T10:29:19.003737+00:00, run_after=2023-10-15T14:29:19.003737+00:00
[2023-10-15T15:29:19.010+0100] {processor.py:175} INFO - Processing /Users/b/Documents/workflow/venv/lib/python3.11/site-packages/airflow/example_dags/example_latest_only_with_trigger.py took 0.178 seconds
[2023-10-15T15:30:22.795+0100] {processor.py:153} INFO - Started process (PID=32158) to work on /Users/b/Documents/workflow/venv/lib/python3.11/site-packages/airflow/example_dags/example_latest_only_with_trigger.py
[2023-10-15T15:30:22.797+0100] {processor.py:743} INFO - Processing file /Users/b/Documents/workflow/venv/lib/python3.11/site-packages/airflow/example_dags/example_latest_only_with_trigger.py for tasks to queue
[2023-10-15T15:30:22.797+0100] {logging_mixin.py:137} INFO - [2023-10-15T15:30:22.797+0100] {dagbag.py:532} INFO - Filling up the DagBag from /Users/b/Documents/workflow/venv/lib/python3.11/site-packages/airflow/example_dags/example_latest_only_with_trigger.py
[2023-10-15T15:30:22.806+0100] {processor.py:753} INFO - DAG(s) dict_keys(['latest_only_with_trigger']) retrieved from /Users/b/Documents/workflow/venv/lib/python3.11/site-packages/airflow/example_dags/example_latest_only_with_trigger.py
[2023-10-15T15:30:22.969+0100] {logging_mixin.py:137} INFO - [2023-10-15T15:30:22.969+0100] {dag.py:2705} INFO - Sync 1 DAGs
[2023-10-15T15:30:22.975+0100] {logging_mixin.py:137} INFO - [2023-10-15T15:30:22.975+0100] {dag.py:3452} INFO - Setting next_dagrun for latest_only_with_trigger to 2023-10-15T10:30:22.975611+00:00, run_after=2023-10-15T14:30:22.975611+00:00
[2023-10-15T15:30:22.982+0100] {processor.py:175} INFO - Processing /Users/b/Documents/workflow/venv/lib/python3.11/site-packages/airflow/example_dags/example_latest_only_with_trigger.py took 0.187 seconds
[2023-10-15T15:31:32.988+0100] {processor.py:153} INFO - Started process (PID=32285) to work on /Users/b/Documents/workflow/venv/lib/python3.11/site-packages/airflow/example_dags/example_latest_only_with_trigger.py
[2023-10-15T15:31:32.991+0100] {processor.py:743} INFO - Processing file /Users/b/Documents/workflow/venv/lib/python3.11/site-packages/airflow/example_dags/example_latest_only_with_trigger.py for tasks to queue
[2023-10-15T15:31:32.991+0100] {logging_mixin.py:137} INFO - [2023-10-15T15:31:32.991+0100] {dagbag.py:532} INFO - Filling up the DagBag from /Users/b/Documents/workflow/venv/lib/python3.11/site-packages/airflow/example_dags/example_latest_only_with_trigger.py
[2023-10-15T15:31:32.999+0100] {processor.py:753} INFO - DAG(s) dict_keys(['latest_only_with_trigger']) retrieved from /Users/b/Documents/workflow/venv/lib/python3.11/site-packages/airflow/example_dags/example_latest_only_with_trigger.py
[2023-10-15T15:31:33.157+0100] {logging_mixin.py:137} INFO - [2023-10-15T15:31:33.156+0100] {dag.py:2705} INFO - Sync 1 DAGs
[2023-10-15T15:31:33.162+0100] {logging_mixin.py:137} INFO - [2023-10-15T15:31:33.162+0100] {dag.py:3452} INFO - Setting next_dagrun for latest_only_with_trigger to 2023-10-15T10:31:33.162798+00:00, run_after=2023-10-15T14:31:33.162798+00:00
[2023-10-15T15:31:33.169+0100] {processor.py:175} INFO - Processing /Users/b/Documents/workflow/venv/lib/python3.11/site-packages/airflow/example_dags/example_latest_only_with_trigger.py took 0.181 seconds
[2023-10-15T15:32:37.637+0100] {processor.py:153} INFO - Started process (PID=32405) to work on /Users/b/Documents/workflow/venv/lib/python3.11/site-packages/airflow/example_dags/example_latest_only_with_trigger.py
[2023-10-15T15:32:37.639+0100] {processor.py:743} INFO - Processing file /Users/b/Documents/workflow/venv/lib/python3.11/site-packages/airflow/example_dags/example_latest_only_with_trigger.py for tasks to queue
[2023-10-15T15:32:37.639+0100] {logging_mixin.py:137} INFO - [2023-10-15T15:32:37.639+0100] {dagbag.py:532} INFO - Filling up the DagBag from /Users/b/Documents/workflow/venv/lib/python3.11/site-packages/airflow/example_dags/example_latest_only_with_trigger.py
[2023-10-15T15:32:37.647+0100] {processor.py:753} INFO - DAG(s) dict_keys(['latest_only_with_trigger']) retrieved from /Users/b/Documents/workflow/venv/lib/python3.11/site-packages/airflow/example_dags/example_latest_only_with_trigger.py
[2023-10-15T15:32:37.856+0100] {logging_mixin.py:137} INFO - [2023-10-15T15:32:37.856+0100] {dag.py:2705} INFO - Sync 1 DAGs
[2023-10-15T15:32:37.864+0100] {logging_mixin.py:137} INFO - [2023-10-15T15:32:37.863+0100] {dag.py:3452} INFO - Setting next_dagrun for latest_only_with_trigger to 2023-10-15T10:32:37.863894+00:00, run_after=2023-10-15T14:32:37.863894+00:00
[2023-10-15T15:32:37.870+0100] {processor.py:175} INFO - Processing /Users/b/Documents/workflow/venv/lib/python3.11/site-packages/airflow/example_dags/example_latest_only_with_trigger.py took 0.234 seconds
