[2023-10-15T15:12:17.297+0100] {processor.py:153} INFO - Started process (PID=29509) to work on /Users/b/Documents/workflow/venv/lib/python3.11/site-packages/airflow/example_dags/example_branch_datetime_operator.py
[2023-10-15T15:12:17.299+0100] {processor.py:743} INFO - Processing file /Users/b/Documents/workflow/venv/lib/python3.11/site-packages/airflow/example_dags/example_branch_datetime_operator.py for tasks to queue
[2023-10-15T15:12:17.299+0100] {logging_mixin.py:137} INFO - [2023-10-15T15:12:17.299+0100] {dagbag.py:532} INFO - Filling up the DagBag from /Users/b/Documents/workflow/venv/lib/python3.11/site-packages/airflow/example_dags/example_branch_datetime_operator.py
[2023-10-15T15:12:17.309+0100] {processor.py:753} INFO - DAG(s) dict_keys(['example_branch_datetime_operator_2', 'example_branch_datetime_operator', 'example_branch_datetime_operator_3']) retrieved from /Users/b/Documents/workflow/venv/lib/python3.11/site-packages/airflow/example_dags/example_branch_datetime_operator.py
[2023-10-15T15:12:17.502+0100] {logging_mixin.py:137} INFO - [2023-10-15T15:12:17.502+0100] {manager.py:504} INFO - Created Permission View: can delete on DAG:example_branch_datetime_operator_2
[2023-10-15T15:12:17.504+0100] {logging_mixin.py:137} INFO - [2023-10-15T15:12:17.504+0100] {manager.py:504} INFO - Created Permission View: can edit on DAG:example_branch_datetime_operator_2
[2023-10-15T15:12:17.506+0100] {logging_mixin.py:137} INFO - [2023-10-15T15:12:17.506+0100] {manager.py:504} INFO - Created Permission View: can read on DAG:example_branch_datetime_operator_2
[2023-10-15T15:12:17.510+0100] {logging_mixin.py:137} INFO - [2023-10-15T15:12:17.510+0100] {manager.py:504} INFO - Created Permission View: can delete on DAG:example_branch_datetime_operator
[2023-10-15T15:12:17.512+0100] {logging_mixin.py:137} INFO - [2023-10-15T15:12:17.512+0100] {manager.py:504} INFO - Created Permission View: can edit on DAG:example_branch_datetime_operator
[2023-10-15T15:12:17.514+0100] {logging_mixin.py:137} INFO - [2023-10-15T15:12:17.513+0100] {manager.py:504} INFO - Created Permission View: can read on DAG:example_branch_datetime_operator
[2023-10-15T15:12:17.517+0100] {logging_mixin.py:137} INFO - [2023-10-15T15:12:17.517+0100] {manager.py:504} INFO - Created Permission View: can delete on DAG:example_branch_datetime_operator_3
[2023-10-15T15:12:17.519+0100] {logging_mixin.py:137} INFO - [2023-10-15T15:12:17.519+0100] {manager.py:504} INFO - Created Permission View: can edit on DAG:example_branch_datetime_operator_3
[2023-10-15T15:12:17.521+0100] {logging_mixin.py:137} INFO - [2023-10-15T15:12:17.521+0100] {manager.py:504} INFO - Created Permission View: can read on DAG:example_branch_datetime_operator_3
[2023-10-15T15:12:17.521+0100] {logging_mixin.py:137} INFO - [2023-10-15T15:12:17.521+0100] {dag.py:2705} INFO - Sync 3 DAGs
[2023-10-15T15:12:17.524+0100] {logging_mixin.py:137} INFO - [2023-10-15T15:12:17.524+0100] {dag.py:2726} INFO - Creating ORM DAG for example_branch_datetime_operator_3
[2023-10-15T15:12:17.524+0100] {logging_mixin.py:137} INFO - [2023-10-15T15:12:17.524+0100] {dag.py:2726} INFO - Creating ORM DAG for example_branch_datetime_operator
[2023-10-15T15:12:17.524+0100] {logging_mixin.py:137} INFO - [2023-10-15T15:12:17.524+0100] {dag.py:2726} INFO - Creating ORM DAG for example_branch_datetime_operator_2
[2023-10-15T15:12:17.527+0100] {logging_mixin.py:137} INFO - [2023-10-15T15:12:17.527+0100] {dag.py:3452} INFO - Setting next_dagrun for example_branch_datetime_operator to 2023-10-14T00:00:00+00:00, run_after=2023-10-15T00:00:00+00:00
[2023-10-15T15:12:17.528+0100] {logging_mixin.py:137} INFO - [2023-10-15T15:12:17.528+0100] {dag.py:3452} INFO - Setting next_dagrun for example_branch_datetime_operator_2 to 2023-10-14T00:00:00+00:00, run_after=2023-10-15T00:00:00+00:00
[2023-10-15T15:12:17.528+0100] {logging_mixin.py:137} INFO - [2023-10-15T15:12:17.528+0100] {dag.py:3452} INFO - Setting next_dagrun for example_branch_datetime_operator_3 to 2023-10-14T00:00:00+00:00, run_after=2023-10-15T00:00:00+00:00
[2023-10-15T15:12:17.535+0100] {processor.py:175} INFO - Processing /Users/b/Documents/workflow/venv/lib/python3.11/site-packages/airflow/example_dags/example_branch_datetime_operator.py took 0.238 seconds
[2023-10-15T15:13:28.075+0100] {processor.py:153} INFO - Started process (PID=29976) to work on /Users/b/Documents/workflow/venv/lib/python3.11/site-packages/airflow/example_dags/example_branch_datetime_operator.py
[2023-10-15T15:13:28.077+0100] {processor.py:743} INFO - Processing file /Users/b/Documents/workflow/venv/lib/python3.11/site-packages/airflow/example_dags/example_branch_datetime_operator.py for tasks to queue
[2023-10-15T15:13:28.077+0100] {logging_mixin.py:137} INFO - [2023-10-15T15:13:28.077+0100] {dagbag.py:532} INFO - Filling up the DagBag from /Users/b/Documents/workflow/venv/lib/python3.11/site-packages/airflow/example_dags/example_branch_datetime_operator.py
[2023-10-15T15:13:28.089+0100] {processor.py:753} INFO - DAG(s) dict_keys(['example_branch_datetime_operator', 'example_branch_datetime_operator_3', 'example_branch_datetime_operator_2']) retrieved from /Users/b/Documents/workflow/venv/lib/python3.11/site-packages/airflow/example_dags/example_branch_datetime_operator.py
[2023-10-15T15:13:28.251+0100] {logging_mixin.py:137} INFO - [2023-10-15T15:13:28.251+0100] {dag.py:2705} INFO - Sync 3 DAGs
[2023-10-15T15:13:28.258+0100] {logging_mixin.py:137} INFO - [2023-10-15T15:13:28.258+0100] {dag.py:3452} INFO - Setting next_dagrun for example_branch_datetime_operator to 2023-10-14T00:00:00+00:00, run_after=2023-10-15T00:00:00+00:00
[2023-10-15T15:13:28.259+0100] {logging_mixin.py:137} INFO - [2023-10-15T15:13:28.259+0100] {dag.py:3452} INFO - Setting next_dagrun for example_branch_datetime_operator_2 to 2023-10-14T00:00:00+00:00, run_after=2023-10-15T00:00:00+00:00
[2023-10-15T15:13:28.260+0100] {logging_mixin.py:137} INFO - [2023-10-15T15:13:28.260+0100] {dag.py:3452} INFO - Setting next_dagrun for example_branch_datetime_operator_3 to 2023-10-14T00:00:00+00:00, run_after=2023-10-15T00:00:00+00:00
[2023-10-15T15:13:28.265+0100] {processor.py:175} INFO - Processing /Users/b/Documents/workflow/venv/lib/python3.11/site-packages/airflow/example_dags/example_branch_datetime_operator.py took 0.191 seconds
[2023-10-15T15:14:33.483+0100] {processor.py:153} INFO - Started process (PID=30214) to work on /Users/b/Documents/workflow/venv/lib/python3.11/site-packages/airflow/example_dags/example_branch_datetime_operator.py
[2023-10-15T15:14:33.486+0100] {processor.py:743} INFO - Processing file /Users/b/Documents/workflow/venv/lib/python3.11/site-packages/airflow/example_dags/example_branch_datetime_operator.py for tasks to queue
[2023-10-15T15:14:33.486+0100] {logging_mixin.py:137} INFO - [2023-10-15T15:14:33.486+0100] {dagbag.py:532} INFO - Filling up the DagBag from /Users/b/Documents/workflow/venv/lib/python3.11/site-packages/airflow/example_dags/example_branch_datetime_operator.py
[2023-10-15T15:14:33.495+0100] {processor.py:753} INFO - DAG(s) dict_keys(['example_branch_datetime_operator_3', 'example_branch_datetime_operator', 'example_branch_datetime_operator_2']) retrieved from /Users/b/Documents/workflow/venv/lib/python3.11/site-packages/airflow/example_dags/example_branch_datetime_operator.py
[2023-10-15T15:14:33.659+0100] {logging_mixin.py:137} INFO - [2023-10-15T15:14:33.659+0100] {dag.py:2705} INFO - Sync 3 DAGs
[2023-10-15T15:14:33.666+0100] {logging_mixin.py:137} INFO - [2023-10-15T15:14:33.666+0100] {dag.py:3452} INFO - Setting next_dagrun for example_branch_datetime_operator to 2023-10-14T00:00:00+00:00, run_after=2023-10-15T00:00:00+00:00
[2023-10-15T15:14:33.667+0100] {logging_mixin.py:137} INFO - [2023-10-15T15:14:33.667+0100] {dag.py:3452} INFO - Setting next_dagrun for example_branch_datetime_operator_2 to 2023-10-14T00:00:00+00:00, run_after=2023-10-15T00:00:00+00:00
[2023-10-15T15:14:33.668+0100] {logging_mixin.py:137} INFO - [2023-10-15T15:14:33.668+0100] {dag.py:3452} INFO - Setting next_dagrun for example_branch_datetime_operator_3 to 2023-10-14T00:00:00+00:00, run_after=2023-10-15T00:00:00+00:00
[2023-10-15T15:14:33.674+0100] {processor.py:175} INFO - Processing /Users/b/Documents/workflow/venv/lib/python3.11/site-packages/airflow/example_dags/example_branch_datetime_operator.py took 0.192 seconds
[2023-10-15T15:15:35.614+0100] {processor.py:153} INFO - Started process (PID=30343) to work on /Users/b/Documents/workflow/venv/lib/python3.11/site-packages/airflow/example_dags/example_branch_datetime_operator.py
[2023-10-15T15:15:35.616+0100] {processor.py:743} INFO - Processing file /Users/b/Documents/workflow/venv/lib/python3.11/site-packages/airflow/example_dags/example_branch_datetime_operator.py for tasks to queue
[2023-10-15T15:15:35.616+0100] {logging_mixin.py:137} INFO - [2023-10-15T15:15:35.616+0100] {dagbag.py:532} INFO - Filling up the DagBag from /Users/b/Documents/workflow/venv/lib/python3.11/site-packages/airflow/example_dags/example_branch_datetime_operator.py
[2023-10-15T15:15:35.626+0100] {processor.py:753} INFO - DAG(s) dict_keys(['example_branch_datetime_operator_3', 'example_branch_datetime_operator_2', 'example_branch_datetime_operator']) retrieved from /Users/b/Documents/workflow/venv/lib/python3.11/site-packages/airflow/example_dags/example_branch_datetime_operator.py
[2023-10-15T15:15:35.780+0100] {logging_mixin.py:137} INFO - [2023-10-15T15:15:35.780+0100] {dag.py:2705} INFO - Sync 3 DAGs
[2023-10-15T15:15:35.786+0100] {logging_mixin.py:137} INFO - [2023-10-15T15:15:35.786+0100] {dag.py:3452} INFO - Setting next_dagrun for example_branch_datetime_operator to 2023-10-14T00:00:00+00:00, run_after=2023-10-15T00:00:00+00:00
[2023-10-15T15:15:35.788+0100] {logging_mixin.py:137} INFO - [2023-10-15T15:15:35.788+0100] {dag.py:3452} INFO - Setting next_dagrun for example_branch_datetime_operator_2 to 2023-10-14T00:00:00+00:00, run_after=2023-10-15T00:00:00+00:00
[2023-10-15T15:15:35.788+0100] {logging_mixin.py:137} INFO - [2023-10-15T15:15:35.788+0100] {dag.py:3452} INFO - Setting next_dagrun for example_branch_datetime_operator_3 to 2023-10-14T00:00:00+00:00, run_after=2023-10-15T00:00:00+00:00
[2023-10-15T15:15:35.795+0100] {processor.py:175} INFO - Processing /Users/b/Documents/workflow/venv/lib/python3.11/site-packages/airflow/example_dags/example_branch_datetime_operator.py took 0.181 seconds
[2023-10-15T15:21:03.577+0100] {processor.py:153} INFO - Started process (PID=30993) to work on /Users/b/Documents/workflow/venv/lib/python3.11/site-packages/airflow/example_dags/example_branch_datetime_operator.py
[2023-10-15T15:21:03.595+0100] {processor.py:743} INFO - Processing file /Users/b/Documents/workflow/venv/lib/python3.11/site-packages/airflow/example_dags/example_branch_datetime_operator.py for tasks to queue
[2023-10-15T15:21:03.595+0100] {logging_mixin.py:137} INFO - [2023-10-15T15:21:03.595+0100] {dagbag.py:532} INFO - Filling up the DagBag from /Users/b/Documents/workflow/venv/lib/python3.11/site-packages/airflow/example_dags/example_branch_datetime_operator.py
[2023-10-15T15:21:03.605+0100] {processor.py:753} INFO - DAG(s) dict_keys(['example_branch_datetime_operator_3', 'example_branch_datetime_operator_2', 'example_branch_datetime_operator']) retrieved from /Users/b/Documents/workflow/venv/lib/python3.11/site-packages/airflow/example_dags/example_branch_datetime_operator.py
[2023-10-15T15:21:03.773+0100] {logging_mixin.py:137} INFO - [2023-10-15T15:21:03.773+0100] {dag.py:2705} INFO - Sync 3 DAGs
[2023-10-15T15:21:03.780+0100] {logging_mixin.py:137} INFO - [2023-10-15T15:21:03.780+0100] {dag.py:3452} INFO - Setting next_dagrun for example_branch_datetime_operator to 2023-10-14T00:00:00+00:00, run_after=2023-10-15T00:00:00+00:00
[2023-10-15T15:21:03.782+0100] {logging_mixin.py:137} INFO - [2023-10-15T15:21:03.782+0100] {dag.py:3452} INFO - Setting next_dagrun for example_branch_datetime_operator_2 to 2023-10-14T00:00:00+00:00, run_after=2023-10-15T00:00:00+00:00
[2023-10-15T15:21:03.782+0100] {logging_mixin.py:137} INFO - [2023-10-15T15:21:03.782+0100] {dag.py:3452} INFO - Setting next_dagrun for example_branch_datetime_operator_3 to 2023-10-14T00:00:00+00:00, run_after=2023-10-15T00:00:00+00:00
[2023-10-15T15:21:03.789+0100] {processor.py:175} INFO - Processing /Users/b/Documents/workflow/venv/lib/python3.11/site-packages/airflow/example_dags/example_branch_datetime_operator.py took 0.212 seconds
[2023-10-15T15:22:06.837+0100] {processor.py:153} INFO - Started process (PID=31186) to work on /Users/b/Documents/workflow/venv/lib/python3.11/site-packages/airflow/example_dags/example_branch_datetime_operator.py
[2023-10-15T15:22:06.840+0100] {processor.py:743} INFO - Processing file /Users/b/Documents/workflow/venv/lib/python3.11/site-packages/airflow/example_dags/example_branch_datetime_operator.py for tasks to queue
[2023-10-15T15:22:06.840+0100] {logging_mixin.py:137} INFO - [2023-10-15T15:22:06.840+0100] {dagbag.py:532} INFO - Filling up the DagBag from /Users/b/Documents/workflow/venv/lib/python3.11/site-packages/airflow/example_dags/example_branch_datetime_operator.py
[2023-10-15T15:22:06.849+0100] {processor.py:753} INFO - DAG(s) dict_keys(['example_branch_datetime_operator_3', 'example_branch_datetime_operator', 'example_branch_datetime_operator_2']) retrieved from /Users/b/Documents/workflow/venv/lib/python3.11/site-packages/airflow/example_dags/example_branch_datetime_operator.py
[2023-10-15T15:22:07.011+0100] {logging_mixin.py:137} INFO - [2023-10-15T15:22:07.011+0100] {dag.py:2705} INFO - Sync 3 DAGs
[2023-10-15T15:22:07.018+0100] {logging_mixin.py:137} INFO - [2023-10-15T15:22:07.018+0100] {dag.py:3452} INFO - Setting next_dagrun for example_branch_datetime_operator to 2023-10-14T00:00:00+00:00, run_after=2023-10-15T00:00:00+00:00
[2023-10-15T15:22:07.020+0100] {logging_mixin.py:137} INFO - [2023-10-15T15:22:07.020+0100] {dag.py:3452} INFO - Setting next_dagrun for example_branch_datetime_operator_2 to 2023-10-14T00:00:00+00:00, run_after=2023-10-15T00:00:00+00:00
[2023-10-15T15:22:07.020+0100] {logging_mixin.py:137} INFO - [2023-10-15T15:22:07.020+0100] {dag.py:3452} INFO - Setting next_dagrun for example_branch_datetime_operator_3 to 2023-10-14T00:00:00+00:00, run_after=2023-10-15T00:00:00+00:00
[2023-10-15T15:22:07.027+0100] {processor.py:175} INFO - Processing /Users/b/Documents/workflow/venv/lib/python3.11/site-packages/airflow/example_dags/example_branch_datetime_operator.py took 0.190 seconds
[2023-10-15T15:23:11.540+0100] {processor.py:153} INFO - Started process (PID=31325) to work on /Users/b/Documents/workflow/venv/lib/python3.11/site-packages/airflow/example_dags/example_branch_datetime_operator.py
[2023-10-15T15:23:11.543+0100] {processor.py:743} INFO - Processing file /Users/b/Documents/workflow/venv/lib/python3.11/site-packages/airflow/example_dags/example_branch_datetime_operator.py for tasks to queue
[2023-10-15T15:23:11.543+0100] {logging_mixin.py:137} INFO - [2023-10-15T15:23:11.543+0100] {dagbag.py:532} INFO - Filling up the DagBag from /Users/b/Documents/workflow/venv/lib/python3.11/site-packages/airflow/example_dags/example_branch_datetime_operator.py
[2023-10-15T15:23:11.553+0100] {processor.py:753} INFO - DAG(s) dict_keys(['example_branch_datetime_operator_2', 'example_branch_datetime_operator', 'example_branch_datetime_operator_3']) retrieved from /Users/b/Documents/workflow/venv/lib/python3.11/site-packages/airflow/example_dags/example_branch_datetime_operator.py
[2023-10-15T15:23:11.712+0100] {logging_mixin.py:137} INFO - [2023-10-15T15:23:11.712+0100] {dag.py:2705} INFO - Sync 3 DAGs
[2023-10-15T15:23:11.719+0100] {logging_mixin.py:137} INFO - [2023-10-15T15:23:11.719+0100] {dag.py:3452} INFO - Setting next_dagrun for example_branch_datetime_operator to 2023-10-14T00:00:00+00:00, run_after=2023-10-15T00:00:00+00:00
[2023-10-15T15:23:11.720+0100] {logging_mixin.py:137} INFO - [2023-10-15T15:23:11.720+0100] {dag.py:3452} INFO - Setting next_dagrun for example_branch_datetime_operator_2 to 2023-10-14T00:00:00+00:00, run_after=2023-10-15T00:00:00+00:00
[2023-10-15T15:23:11.721+0100] {logging_mixin.py:137} INFO - [2023-10-15T15:23:11.721+0100] {dag.py:3452} INFO - Setting next_dagrun for example_branch_datetime_operator_3 to 2023-10-14T00:00:00+00:00, run_after=2023-10-15T00:00:00+00:00
[2023-10-15T15:23:11.727+0100] {processor.py:175} INFO - Processing /Users/b/Documents/workflow/venv/lib/python3.11/site-packages/airflow/example_dags/example_branch_datetime_operator.py took 0.187 seconds
[2023-10-15T15:24:16.425+0100] {processor.py:153} INFO - Started process (PID=31477) to work on /Users/b/Documents/workflow/venv/lib/python3.11/site-packages/airflow/example_dags/example_branch_datetime_operator.py
[2023-10-15T15:24:16.427+0100] {processor.py:743} INFO - Processing file /Users/b/Documents/workflow/venv/lib/python3.11/site-packages/airflow/example_dags/example_branch_datetime_operator.py for tasks to queue
[2023-10-15T15:24:16.428+0100] {logging_mixin.py:137} INFO - [2023-10-15T15:24:16.428+0100] {dagbag.py:532} INFO - Filling up the DagBag from /Users/b/Documents/workflow/venv/lib/python3.11/site-packages/airflow/example_dags/example_branch_datetime_operator.py
[2023-10-15T15:24:16.437+0100] {processor.py:753} INFO - DAG(s) dict_keys(['example_branch_datetime_operator_2', 'example_branch_datetime_operator_3', 'example_branch_datetime_operator']) retrieved from /Users/b/Documents/workflow/venv/lib/python3.11/site-packages/airflow/example_dags/example_branch_datetime_operator.py
[2023-10-15T15:24:16.599+0100] {logging_mixin.py:137} INFO - [2023-10-15T15:24:16.599+0100] {dag.py:2705} INFO - Sync 3 DAGs
[2023-10-15T15:24:16.606+0100] {logging_mixin.py:137} INFO - [2023-10-15T15:24:16.606+0100] {dag.py:3452} INFO - Setting next_dagrun for example_branch_datetime_operator to 2023-10-14T00:00:00+00:00, run_after=2023-10-15T00:00:00+00:00
[2023-10-15T15:24:16.607+0100] {logging_mixin.py:137} INFO - [2023-10-15T15:24:16.607+0100] {dag.py:3452} INFO - Setting next_dagrun for example_branch_datetime_operator_2 to 2023-10-14T00:00:00+00:00, run_after=2023-10-15T00:00:00+00:00
[2023-10-15T15:24:16.608+0100] {logging_mixin.py:137} INFO - [2023-10-15T15:24:16.608+0100] {dag.py:3452} INFO - Setting next_dagrun for example_branch_datetime_operator_3 to 2023-10-14T00:00:00+00:00, run_after=2023-10-15T00:00:00+00:00
[2023-10-15T15:24:16.614+0100] {processor.py:175} INFO - Processing /Users/b/Documents/workflow/venv/lib/python3.11/site-packages/airflow/example_dags/example_branch_datetime_operator.py took 0.190 seconds
[2023-10-15T15:25:21.564+0100] {processor.py:153} INFO - Started process (PID=31603) to work on /Users/b/Documents/workflow/venv/lib/python3.11/site-packages/airflow/example_dags/example_branch_datetime_operator.py
[2023-10-15T15:25:21.566+0100] {processor.py:743} INFO - Processing file /Users/b/Documents/workflow/venv/lib/python3.11/site-packages/airflow/example_dags/example_branch_datetime_operator.py for tasks to queue
[2023-10-15T15:25:21.566+0100] {logging_mixin.py:137} INFO - [2023-10-15T15:25:21.566+0100] {dagbag.py:532} INFO - Filling up the DagBag from /Users/b/Documents/workflow/venv/lib/python3.11/site-packages/airflow/example_dags/example_branch_datetime_operator.py
[2023-10-15T15:25:21.576+0100] {processor.py:753} INFO - DAG(s) dict_keys(['example_branch_datetime_operator_3', 'example_branch_datetime_operator', 'example_branch_datetime_operator_2']) retrieved from /Users/b/Documents/workflow/venv/lib/python3.11/site-packages/airflow/example_dags/example_branch_datetime_operator.py
[2023-10-15T15:25:21.736+0100] {logging_mixin.py:137} INFO - [2023-10-15T15:25:21.736+0100] {dag.py:2705} INFO - Sync 3 DAGs
[2023-10-15T15:25:21.744+0100] {logging_mixin.py:137} INFO - [2023-10-15T15:25:21.744+0100] {dag.py:3452} INFO - Setting next_dagrun for example_branch_datetime_operator to 2023-10-14T00:00:00+00:00, run_after=2023-10-15T00:00:00+00:00
[2023-10-15T15:25:21.745+0100] {logging_mixin.py:137} INFO - [2023-10-15T15:25:21.745+0100] {dag.py:3452} INFO - Setting next_dagrun for example_branch_datetime_operator_2 to 2023-10-14T00:00:00+00:00, run_after=2023-10-15T00:00:00+00:00
[2023-10-15T15:25:21.746+0100] {logging_mixin.py:137} INFO - [2023-10-15T15:25:21.746+0100] {dag.py:3452} INFO - Setting next_dagrun for example_branch_datetime_operator_3 to 2023-10-14T00:00:00+00:00, run_after=2023-10-15T00:00:00+00:00
[2023-10-15T15:25:21.752+0100] {processor.py:175} INFO - Processing /Users/b/Documents/workflow/venv/lib/python3.11/site-packages/airflow/example_dags/example_branch_datetime_operator.py took 0.188 seconds
[2023-10-15T15:26:27.664+0100] {processor.py:153} INFO - Started process (PID=31729) to work on /Users/b/Documents/workflow/venv/lib/python3.11/site-packages/airflow/example_dags/example_branch_datetime_operator.py
[2023-10-15T15:26:27.666+0100] {processor.py:743} INFO - Processing file /Users/b/Documents/workflow/venv/lib/python3.11/site-packages/airflow/example_dags/example_branch_datetime_operator.py for tasks to queue
[2023-10-15T15:26:27.666+0100] {logging_mixin.py:137} INFO - [2023-10-15T15:26:27.666+0100] {dagbag.py:532} INFO - Filling up the DagBag from /Users/b/Documents/workflow/venv/lib/python3.11/site-packages/airflow/example_dags/example_branch_datetime_operator.py
[2023-10-15T15:26:27.676+0100] {processor.py:753} INFO - DAG(s) dict_keys(['example_branch_datetime_operator', 'example_branch_datetime_operator_2', 'example_branch_datetime_operator_3']) retrieved from /Users/b/Documents/workflow/venv/lib/python3.11/site-packages/airflow/example_dags/example_branch_datetime_operator.py
[2023-10-15T15:26:27.849+0100] {logging_mixin.py:137} INFO - [2023-10-15T15:26:27.849+0100] {dag.py:2705} INFO - Sync 3 DAGs
[2023-10-15T15:26:27.856+0100] {logging_mixin.py:137} INFO - [2023-10-15T15:26:27.856+0100] {dag.py:3452} INFO - Setting next_dagrun for example_branch_datetime_operator to 2023-10-14T00:00:00+00:00, run_after=2023-10-15T00:00:00+00:00
[2023-10-15T15:26:27.857+0100] {logging_mixin.py:137} INFO - [2023-10-15T15:26:27.857+0100] {dag.py:3452} INFO - Setting next_dagrun for example_branch_datetime_operator_2 to 2023-10-14T00:00:00+00:00, run_after=2023-10-15T00:00:00+00:00
[2023-10-15T15:26:27.858+0100] {logging_mixin.py:137} INFO - [2023-10-15T15:26:27.858+0100] {dag.py:3452} INFO - Setting next_dagrun for example_branch_datetime_operator_3 to 2023-10-14T00:00:00+00:00, run_after=2023-10-15T00:00:00+00:00
[2023-10-15T15:26:27.863+0100] {processor.py:175} INFO - Processing /Users/b/Documents/workflow/venv/lib/python3.11/site-packages/airflow/example_dags/example_branch_datetime_operator.py took 0.200 seconds
[2023-10-15T15:27:30.914+0100] {processor.py:153} INFO - Started process (PID=31835) to work on /Users/b/Documents/workflow/venv/lib/python3.11/site-packages/airflow/example_dags/example_branch_datetime_operator.py
[2023-10-15T15:27:30.917+0100] {processor.py:743} INFO - Processing file /Users/b/Documents/workflow/venv/lib/python3.11/site-packages/airflow/example_dags/example_branch_datetime_operator.py for tasks to queue
[2023-10-15T15:27:30.917+0100] {logging_mixin.py:137} INFO - [2023-10-15T15:27:30.917+0100] {dagbag.py:532} INFO - Filling up the DagBag from /Users/b/Documents/workflow/venv/lib/python3.11/site-packages/airflow/example_dags/example_branch_datetime_operator.py
[2023-10-15T15:27:30.926+0100] {processor.py:753} INFO - DAG(s) dict_keys(['example_branch_datetime_operator_2', 'example_branch_datetime_operator_3', 'example_branch_datetime_operator']) retrieved from /Users/b/Documents/workflow/venv/lib/python3.11/site-packages/airflow/example_dags/example_branch_datetime_operator.py
[2023-10-15T15:27:31.082+0100] {logging_mixin.py:137} INFO - [2023-10-15T15:27:31.082+0100] {dag.py:2705} INFO - Sync 3 DAGs
[2023-10-15T15:27:31.089+0100] {logging_mixin.py:137} INFO - [2023-10-15T15:27:31.089+0100] {dag.py:3452} INFO - Setting next_dagrun for example_branch_datetime_operator to 2023-10-14T00:00:00+00:00, run_after=2023-10-15T00:00:00+00:00
[2023-10-15T15:27:31.090+0100] {logging_mixin.py:137} INFO - [2023-10-15T15:27:31.090+0100] {dag.py:3452} INFO - Setting next_dagrun for example_branch_datetime_operator_2 to 2023-10-14T00:00:00+00:00, run_after=2023-10-15T00:00:00+00:00
[2023-10-15T15:27:31.091+0100] {logging_mixin.py:137} INFO - [2023-10-15T15:27:31.091+0100] {dag.py:3452} INFO - Setting next_dagrun for example_branch_datetime_operator_3 to 2023-10-14T00:00:00+00:00, run_after=2023-10-15T00:00:00+00:00
[2023-10-15T15:27:31.097+0100] {processor.py:175} INFO - Processing /Users/b/Documents/workflow/venv/lib/python3.11/site-packages/airflow/example_dags/example_branch_datetime_operator.py took 0.183 seconds
[2023-10-15T15:28:35.518+0100] {processor.py:153} INFO - Started process (PID=31947) to work on /Users/b/Documents/workflow/venv/lib/python3.11/site-packages/airflow/example_dags/example_branch_datetime_operator.py
[2023-10-15T15:28:35.521+0100] {processor.py:743} INFO - Processing file /Users/b/Documents/workflow/venv/lib/python3.11/site-packages/airflow/example_dags/example_branch_datetime_operator.py for tasks to queue
[2023-10-15T15:28:35.521+0100] {logging_mixin.py:137} INFO - [2023-10-15T15:28:35.521+0100] {dagbag.py:532} INFO - Filling up the DagBag from /Users/b/Documents/workflow/venv/lib/python3.11/site-packages/airflow/example_dags/example_branch_datetime_operator.py
[2023-10-15T15:28:35.531+0100] {processor.py:753} INFO - DAG(s) dict_keys(['example_branch_datetime_operator_2', 'example_branch_datetime_operator_3', 'example_branch_datetime_operator']) retrieved from /Users/b/Documents/workflow/venv/lib/python3.11/site-packages/airflow/example_dags/example_branch_datetime_operator.py
[2023-10-15T15:28:35.686+0100] {logging_mixin.py:137} INFO - [2023-10-15T15:28:35.685+0100] {dag.py:2705} INFO - Sync 3 DAGs
[2023-10-15T15:28:35.692+0100] {logging_mixin.py:137} INFO - [2023-10-15T15:28:35.692+0100] {dag.py:3452} INFO - Setting next_dagrun for example_branch_datetime_operator to 2023-10-14T00:00:00+00:00, run_after=2023-10-15T00:00:00+00:00
[2023-10-15T15:28:35.693+0100] {logging_mixin.py:137} INFO - [2023-10-15T15:28:35.693+0100] {dag.py:3452} INFO - Setting next_dagrun for example_branch_datetime_operator_2 to 2023-10-14T00:00:00+00:00, run_after=2023-10-15T00:00:00+00:00
[2023-10-15T15:28:35.694+0100] {logging_mixin.py:137} INFO - [2023-10-15T15:28:35.694+0100] {dag.py:3452} INFO - Setting next_dagrun for example_branch_datetime_operator_3 to 2023-10-14T00:00:00+00:00, run_after=2023-10-15T00:00:00+00:00
[2023-10-15T15:28:35.700+0100] {processor.py:175} INFO - Processing /Users/b/Documents/workflow/venv/lib/python3.11/site-packages/airflow/example_dags/example_branch_datetime_operator.py took 0.182 seconds
[2023-10-15T15:29:40.890+0100] {processor.py:153} INFO - Started process (PID=32067) to work on /Users/b/Documents/workflow/venv/lib/python3.11/site-packages/airflow/example_dags/example_branch_datetime_operator.py
[2023-10-15T15:29:40.892+0100] {processor.py:743} INFO - Processing file /Users/b/Documents/workflow/venv/lib/python3.11/site-packages/airflow/example_dags/example_branch_datetime_operator.py for tasks to queue
[2023-10-15T15:29:40.892+0100] {logging_mixin.py:137} INFO - [2023-10-15T15:29:40.892+0100] {dagbag.py:532} INFO - Filling up the DagBag from /Users/b/Documents/workflow/venv/lib/python3.11/site-packages/airflow/example_dags/example_branch_datetime_operator.py
[2023-10-15T15:29:40.901+0100] {processor.py:753} INFO - DAG(s) dict_keys(['example_branch_datetime_operator_2', 'example_branch_datetime_operator_3', 'example_branch_datetime_operator']) retrieved from /Users/b/Documents/workflow/venv/lib/python3.11/site-packages/airflow/example_dags/example_branch_datetime_operator.py
[2023-10-15T15:29:41.068+0100] {logging_mixin.py:137} INFO - [2023-10-15T15:29:41.068+0100] {dag.py:2705} INFO - Sync 3 DAGs
[2023-10-15T15:29:41.075+0100] {logging_mixin.py:137} INFO - [2023-10-15T15:29:41.075+0100] {dag.py:3452} INFO - Setting next_dagrun for example_branch_datetime_operator to 2023-10-14T00:00:00+00:00, run_after=2023-10-15T00:00:00+00:00
[2023-10-15T15:29:41.076+0100] {logging_mixin.py:137} INFO - [2023-10-15T15:29:41.076+0100] {dag.py:3452} INFO - Setting next_dagrun for example_branch_datetime_operator_2 to 2023-10-14T00:00:00+00:00, run_after=2023-10-15T00:00:00+00:00
[2023-10-15T15:29:41.077+0100] {logging_mixin.py:137} INFO - [2023-10-15T15:29:41.077+0100] {dag.py:3452} INFO - Setting next_dagrun for example_branch_datetime_operator_3 to 2023-10-14T00:00:00+00:00, run_after=2023-10-15T00:00:00+00:00
[2023-10-15T15:29:41.082+0100] {processor.py:175} INFO - Processing /Users/b/Documents/workflow/venv/lib/python3.11/site-packages/airflow/example_dags/example_branch_datetime_operator.py took 0.193 seconds
[2023-10-15T15:30:44.810+0100] {processor.py:153} INFO - Started process (PID=32192) to work on /Users/b/Documents/workflow/venv/lib/python3.11/site-packages/airflow/example_dags/example_branch_datetime_operator.py
[2023-10-15T15:30:44.812+0100] {processor.py:743} INFO - Processing file /Users/b/Documents/workflow/venv/lib/python3.11/site-packages/airflow/example_dags/example_branch_datetime_operator.py for tasks to queue
[2023-10-15T15:30:44.812+0100] {logging_mixin.py:137} INFO - [2023-10-15T15:30:44.812+0100] {dagbag.py:532} INFO - Filling up the DagBag from /Users/b/Documents/workflow/venv/lib/python3.11/site-packages/airflow/example_dags/example_branch_datetime_operator.py
[2023-10-15T15:30:44.822+0100] {processor.py:753} INFO - DAG(s) dict_keys(['example_branch_datetime_operator_3', 'example_branch_datetime_operator', 'example_branch_datetime_operator_2']) retrieved from /Users/b/Documents/workflow/venv/lib/python3.11/site-packages/airflow/example_dags/example_branch_datetime_operator.py
[2023-10-15T15:30:44.983+0100] {logging_mixin.py:137} INFO - [2023-10-15T15:30:44.983+0100] {dag.py:2705} INFO - Sync 3 DAGs
[2023-10-15T15:30:44.989+0100] {logging_mixin.py:137} INFO - [2023-10-15T15:30:44.989+0100] {dag.py:3452} INFO - Setting next_dagrun for example_branch_datetime_operator to 2023-10-14T00:00:00+00:00, run_after=2023-10-15T00:00:00+00:00
[2023-10-15T15:30:44.991+0100] {logging_mixin.py:137} INFO - [2023-10-15T15:30:44.991+0100] {dag.py:3452} INFO - Setting next_dagrun for example_branch_datetime_operator_2 to 2023-10-14T00:00:00+00:00, run_after=2023-10-15T00:00:00+00:00
[2023-10-15T15:30:44.991+0100] {logging_mixin.py:137} INFO - [2023-10-15T15:30:44.991+0100] {dag.py:3452} INFO - Setting next_dagrun for example_branch_datetime_operator_3 to 2023-10-14T00:00:00+00:00, run_after=2023-10-15T00:00:00+00:00
[2023-10-15T15:30:44.997+0100] {processor.py:175} INFO - Processing /Users/b/Documents/workflow/venv/lib/python3.11/site-packages/airflow/example_dags/example_branch_datetime_operator.py took 0.188 seconds
[2023-10-15T15:31:54.994+0100] {processor.py:153} INFO - Started process (PID=32321) to work on /Users/b/Documents/workflow/venv/lib/python3.11/site-packages/airflow/example_dags/example_branch_datetime_operator.py
[2023-10-15T15:31:54.997+0100] {processor.py:743} INFO - Processing file /Users/b/Documents/workflow/venv/lib/python3.11/site-packages/airflow/example_dags/example_branch_datetime_operator.py for tasks to queue
[2023-10-15T15:31:54.997+0100] {logging_mixin.py:137} INFO - [2023-10-15T15:31:54.997+0100] {dagbag.py:532} INFO - Filling up the DagBag from /Users/b/Documents/workflow/venv/lib/python3.11/site-packages/airflow/example_dags/example_branch_datetime_operator.py
[2023-10-15T15:31:55.006+0100] {processor.py:753} INFO - DAG(s) dict_keys(['example_branch_datetime_operator_3', 'example_branch_datetime_operator', 'example_branch_datetime_operator_2']) retrieved from /Users/b/Documents/workflow/venv/lib/python3.11/site-packages/airflow/example_dags/example_branch_datetime_operator.py
[2023-10-15T15:31:55.225+0100] {logging_mixin.py:137} INFO - [2023-10-15T15:31:55.225+0100] {dag.py:2705} INFO - Sync 3 DAGs
[2023-10-15T15:31:55.233+0100] {logging_mixin.py:137} INFO - [2023-10-15T15:31:55.233+0100] {dag.py:3452} INFO - Setting next_dagrun for example_branch_datetime_operator to 2023-10-14T00:00:00+00:00, run_after=2023-10-15T00:00:00+00:00
[2023-10-15T15:31:55.234+0100] {logging_mixin.py:137} INFO - [2023-10-15T15:31:55.234+0100] {dag.py:3452} INFO - Setting next_dagrun for example_branch_datetime_operator_2 to 2023-10-14T00:00:00+00:00, run_after=2023-10-15T00:00:00+00:00
[2023-10-15T15:31:55.235+0100] {logging_mixin.py:137} INFO - [2023-10-15T15:31:55.235+0100] {dag.py:3452} INFO - Setting next_dagrun for example_branch_datetime_operator_3 to 2023-10-14T00:00:00+00:00, run_after=2023-10-15T00:00:00+00:00
[2023-10-15T15:31:55.241+0100] {processor.py:175} INFO - Processing /Users/b/Documents/workflow/venv/lib/python3.11/site-packages/airflow/example_dags/example_branch_datetime_operator.py took 0.247 seconds
[2023-10-15T15:32:58.956+0100] {processor.py:153} INFO - Started process (PID=32455) to work on /Users/b/Documents/workflow/venv/lib/python3.11/site-packages/airflow/example_dags/example_branch_datetime_operator.py
[2023-10-15T15:32:58.958+0100] {processor.py:743} INFO - Processing file /Users/b/Documents/workflow/venv/lib/python3.11/site-packages/airflow/example_dags/example_branch_datetime_operator.py for tasks to queue
[2023-10-15T15:32:58.958+0100] {logging_mixin.py:137} INFO - [2023-10-15T15:32:58.958+0100] {dagbag.py:532} INFO - Filling up the DagBag from /Users/b/Documents/workflow/venv/lib/python3.11/site-packages/airflow/example_dags/example_branch_datetime_operator.py
[2023-10-15T15:32:58.968+0100] {processor.py:753} INFO - DAG(s) dict_keys(['example_branch_datetime_operator', 'example_branch_datetime_operator_3', 'example_branch_datetime_operator_2']) retrieved from /Users/b/Documents/workflow/venv/lib/python3.11/site-packages/airflow/example_dags/example_branch_datetime_operator.py
[2023-10-15T15:32:59.136+0100] {logging_mixin.py:137} INFO - [2023-10-15T15:32:59.136+0100] {dag.py:2705} INFO - Sync 3 DAGs
[2023-10-15T15:32:59.144+0100] {logging_mixin.py:137} INFO - [2023-10-15T15:32:59.144+0100] {dag.py:3452} INFO - Setting next_dagrun for example_branch_datetime_operator to 2023-10-14T00:00:00+00:00, run_after=2023-10-15T00:00:00+00:00
[2023-10-15T15:32:59.146+0100] {logging_mixin.py:137} INFO - [2023-10-15T15:32:59.146+0100] {dag.py:3452} INFO - Setting next_dagrun for example_branch_datetime_operator_2 to 2023-10-14T00:00:00+00:00, run_after=2023-10-15T00:00:00+00:00
[2023-10-15T15:32:59.146+0100] {logging_mixin.py:137} INFO - [2023-10-15T15:32:59.146+0100] {dag.py:3452} INFO - Setting next_dagrun for example_branch_datetime_operator_3 to 2023-10-14T00:00:00+00:00, run_after=2023-10-15T00:00:00+00:00
[2023-10-15T15:32:59.153+0100] {processor.py:175} INFO - Processing /Users/b/Documents/workflow/venv/lib/python3.11/site-packages/airflow/example_dags/example_branch_datetime_operator.py took 0.198 seconds
