[2023-10-15T15:12:01.271+0100] {processor.py:153} INFO - Started process (PID=29476) to work on /Users/b/Documents/workflow/venv/lib/python3.11/site-packages/airflow/example_dags/example_kubernetes_executor.py
[2023-10-15T15:12:01.272+0100] {processor.py:743} INFO - Processing file /Users/b/Documents/workflow/venv/lib/python3.11/site-packages/airflow/example_dags/example_kubernetes_executor.py for tasks to queue
[2023-10-15T15:12:01.273+0100] {logging_mixin.py:137} INFO - [2023-10-15T15:12:01.272+0100] {dagbag.py:532} INFO - Filling up the DagBag from /Users/b/Documents/workflow/venv/lib/python3.11/site-packages/airflow/example_dags/example_kubernetes_executor.py
[2023-10-15T15:12:01.287+0100] {logging_mixin.py:137} INFO - [2023-10-15T15:12:01.287+0100] {example_kubernetes_executor.py:41} WARNING - The example_kubernetes_executor example DAG requires the kubernetes provider. Please install it with: pip install apache-airflow[cncf.kubernetes]
[2023-10-15T15:12:01.287+0100] {processor.py:755} WARNING - No viable dags retrieved from /Users/b/Documents/workflow/venv/lib/python3.11/site-packages/airflow/example_dags/example_kubernetes_executor.py
[2023-10-15T15:12:01.433+0100] {processor.py:175} INFO - Processing /Users/b/Documents/workflow/venv/lib/python3.11/site-packages/airflow/example_dags/example_kubernetes_executor.py took 0.163 seconds
[2023-10-15T15:13:11.852+0100] {processor.py:153} INFO - Started process (PID=29872) to work on /Users/b/Documents/workflow/venv/lib/python3.11/site-packages/airflow/example_dags/example_kubernetes_executor.py
[2023-10-15T15:13:11.854+0100] {processor.py:743} INFO - Processing file /Users/b/Documents/workflow/venv/lib/python3.11/site-packages/airflow/example_dags/example_kubernetes_executor.py for tasks to queue
[2023-10-15T15:13:11.854+0100] {logging_mixin.py:137} INFO - [2023-10-15T15:13:11.854+0100] {dagbag.py:532} INFO - Filling up the DagBag from /Users/b/Documents/workflow/venv/lib/python3.11/site-packages/airflow/example_dags/example_kubernetes_executor.py
[2023-10-15T15:13:11.868+0100] {logging_mixin.py:137} INFO - [2023-10-15T15:13:11.868+0100] {example_kubernetes_executor.py:41} WARNING - The example_kubernetes_executor example DAG requires the kubernetes provider. Please install it with: pip install apache-airflow[cncf.kubernetes]
[2023-10-15T15:13:11.869+0100] {processor.py:755} WARNING - No viable dags retrieved from /Users/b/Documents/workflow/venv/lib/python3.11/site-packages/airflow/example_dags/example_kubernetes_executor.py
[2023-10-15T15:13:12.021+0100] {processor.py:175} INFO - Processing /Users/b/Documents/workflow/venv/lib/python3.11/site-packages/airflow/example_dags/example_kubernetes_executor.py took 0.170 seconds
[2023-10-15T15:14:14.946+0100] {processor.py:153} INFO - Started process (PID=30171) to work on /Users/b/Documents/workflow/venv/lib/python3.11/site-packages/airflow/example_dags/example_kubernetes_executor.py
[2023-10-15T15:14:14.949+0100] {processor.py:743} INFO - Processing file /Users/b/Documents/workflow/venv/lib/python3.11/site-packages/airflow/example_dags/example_kubernetes_executor.py for tasks to queue
[2023-10-15T15:14:14.949+0100] {logging_mixin.py:137} INFO - [2023-10-15T15:14:14.949+0100] {dagbag.py:532} INFO - Filling up the DagBag from /Users/b/Documents/workflow/venv/lib/python3.11/site-packages/airflow/example_dags/example_kubernetes_executor.py
[2023-10-15T15:14:14.962+0100] {logging_mixin.py:137} INFO - [2023-10-15T15:14:14.962+0100] {example_kubernetes_executor.py:41} WARNING - The example_kubernetes_executor example DAG requires the kubernetes provider. Please install it with: pip install apache-airflow[cncf.kubernetes]
[2023-10-15T15:14:14.962+0100] {processor.py:755} WARNING - No viable dags retrieved from /Users/b/Documents/workflow/venv/lib/python3.11/site-packages/airflow/example_dags/example_kubernetes_executor.py
[2023-10-15T15:14:15.103+0100] {processor.py:175} INFO - Processing /Users/b/Documents/workflow/venv/lib/python3.11/site-packages/airflow/example_dags/example_kubernetes_executor.py took 0.157 seconds
[2023-10-15T15:15:19.302+0100] {processor.py:153} INFO - Started process (PID=30317) to work on /Users/b/Documents/workflow/venv/lib/python3.11/site-packages/airflow/example_dags/example_kubernetes_executor.py
[2023-10-15T15:15:19.304+0100] {processor.py:743} INFO - Processing file /Users/b/Documents/workflow/venv/lib/python3.11/site-packages/airflow/example_dags/example_kubernetes_executor.py for tasks to queue
[2023-10-15T15:15:19.305+0100] {logging_mixin.py:137} INFO - [2023-10-15T15:15:19.305+0100] {dagbag.py:532} INFO - Filling up the DagBag from /Users/b/Documents/workflow/venv/lib/python3.11/site-packages/airflow/example_dags/example_kubernetes_executor.py
[2023-10-15T15:15:19.318+0100] {logging_mixin.py:137} INFO - [2023-10-15T15:15:19.318+0100] {example_kubernetes_executor.py:41} WARNING - The example_kubernetes_executor example DAG requires the kubernetes provider. Please install it with: pip install apache-airflow[cncf.kubernetes]
[2023-10-15T15:15:19.318+0100] {processor.py:755} WARNING - No viable dags retrieved from /Users/b/Documents/workflow/venv/lib/python3.11/site-packages/airflow/example_dags/example_kubernetes_executor.py
[2023-10-15T15:15:19.456+0100] {processor.py:175} INFO - Processing /Users/b/Documents/workflow/venv/lib/python3.11/site-packages/airflow/example_dags/example_kubernetes_executor.py took 0.155 seconds
[2023-10-15T15:20:44.655+0100] {processor.py:153} INFO - Started process (PID=30938) to work on /Users/b/Documents/workflow/venv/lib/python3.11/site-packages/airflow/example_dags/example_kubernetes_executor.py
[2023-10-15T15:20:44.658+0100] {processor.py:743} INFO - Processing file /Users/b/Documents/workflow/venv/lib/python3.11/site-packages/airflow/example_dags/example_kubernetes_executor.py for tasks to queue
[2023-10-15T15:20:44.658+0100] {logging_mixin.py:137} INFO - [2023-10-15T15:20:44.658+0100] {dagbag.py:532} INFO - Filling up the DagBag from /Users/b/Documents/workflow/venv/lib/python3.11/site-packages/airflow/example_dags/example_kubernetes_executor.py
[2023-10-15T15:20:44.672+0100] {logging_mixin.py:137} INFO - [2023-10-15T15:20:44.672+0100] {example_kubernetes_executor.py:41} WARNING - The example_kubernetes_executor example DAG requires the kubernetes provider. Please install it with: pip install apache-airflow[cncf.kubernetes]
[2023-10-15T15:20:44.672+0100] {processor.py:755} WARNING - No viable dags retrieved from /Users/b/Documents/workflow/venv/lib/python3.11/site-packages/airflow/example_dags/example_kubernetes_executor.py
[2023-10-15T15:20:44.814+0100] {processor.py:175} INFO - Processing /Users/b/Documents/workflow/venv/lib/python3.11/site-packages/airflow/example_dags/example_kubernetes_executor.py took 0.159 seconds
[2023-10-15T15:21:51.616+0100] {processor.py:153} INFO - Started process (PID=31157) to work on /Users/b/Documents/workflow/venv/lib/python3.11/site-packages/airflow/example_dags/example_kubernetes_executor.py
[2023-10-15T15:21:51.618+0100] {processor.py:743} INFO - Processing file /Users/b/Documents/workflow/venv/lib/python3.11/site-packages/airflow/example_dags/example_kubernetes_executor.py for tasks to queue
[2023-10-15T15:21:51.618+0100] {logging_mixin.py:137} INFO - [2023-10-15T15:21:51.618+0100] {dagbag.py:532} INFO - Filling up the DagBag from /Users/b/Documents/workflow/venv/lib/python3.11/site-packages/airflow/example_dags/example_kubernetes_executor.py
[2023-10-15T15:21:51.632+0100] {logging_mixin.py:137} INFO - [2023-10-15T15:21:51.632+0100] {example_kubernetes_executor.py:41} WARNING - The example_kubernetes_executor example DAG requires the kubernetes provider. Please install it with: pip install apache-airflow[cncf.kubernetes]
[2023-10-15T15:21:51.632+0100] {processor.py:755} WARNING - No viable dags retrieved from /Users/b/Documents/workflow/venv/lib/python3.11/site-packages/airflow/example_dags/example_kubernetes_executor.py
[2023-10-15T15:21:51.773+0100] {processor.py:175} INFO - Processing /Users/b/Documents/workflow/venv/lib/python3.11/site-packages/airflow/example_dags/example_kubernetes_executor.py took 0.158 seconds
[2023-10-15T15:22:54.807+0100] {processor.py:153} INFO - Started process (PID=31292) to work on /Users/b/Documents/workflow/venv/lib/python3.11/site-packages/airflow/example_dags/example_kubernetes_executor.py
[2023-10-15T15:22:54.812+0100] {processor.py:743} INFO - Processing file /Users/b/Documents/workflow/venv/lib/python3.11/site-packages/airflow/example_dags/example_kubernetes_executor.py for tasks to queue
[2023-10-15T15:22:54.812+0100] {logging_mixin.py:137} INFO - [2023-10-15T15:22:54.812+0100] {dagbag.py:532} INFO - Filling up the DagBag from /Users/b/Documents/workflow/venv/lib/python3.11/site-packages/airflow/example_dags/example_kubernetes_executor.py
[2023-10-15T15:22:54.831+0100] {logging_mixin.py:137} INFO - [2023-10-15T15:22:54.831+0100] {example_kubernetes_executor.py:41} WARNING - The example_kubernetes_executor example DAG requires the kubernetes provider. Please install it with: pip install apache-airflow[cncf.kubernetes]
[2023-10-15T15:22:54.831+0100] {processor.py:755} WARNING - No viable dags retrieved from /Users/b/Documents/workflow/venv/lib/python3.11/site-packages/airflow/example_dags/example_kubernetes_executor.py
[2023-10-15T15:22:55.005+0100] {processor.py:175} INFO - Processing /Users/b/Documents/workflow/venv/lib/python3.11/site-packages/airflow/example_dags/example_kubernetes_executor.py took 0.198 seconds
[2023-10-15T15:23:59.858+0100] {processor.py:153} INFO - Started process (PID=31436) to work on /Users/b/Documents/workflow/venv/lib/python3.11/site-packages/airflow/example_dags/example_kubernetes_executor.py
[2023-10-15T15:23:59.861+0100] {processor.py:743} INFO - Processing file /Users/b/Documents/workflow/venv/lib/python3.11/site-packages/airflow/example_dags/example_kubernetes_executor.py for tasks to queue
[2023-10-15T15:23:59.861+0100] {logging_mixin.py:137} INFO - [2023-10-15T15:23:59.861+0100] {dagbag.py:532} INFO - Filling up the DagBag from /Users/b/Documents/workflow/venv/lib/python3.11/site-packages/airflow/example_dags/example_kubernetes_executor.py
[2023-10-15T15:23:59.876+0100] {logging_mixin.py:137} INFO - [2023-10-15T15:23:59.876+0100] {example_kubernetes_executor.py:41} WARNING - The example_kubernetes_executor example DAG requires the kubernetes provider. Please install it with: pip install apache-airflow[cncf.kubernetes]
[2023-10-15T15:23:59.876+0100] {processor.py:755} WARNING - No viable dags retrieved from /Users/b/Documents/workflow/venv/lib/python3.11/site-packages/airflow/example_dags/example_kubernetes_executor.py
[2023-10-15T15:24:00.019+0100] {processor.py:175} INFO - Processing /Users/b/Documents/workflow/venv/lib/python3.11/site-packages/airflow/example_dags/example_kubernetes_executor.py took 0.162 seconds
[2023-10-15T15:25:04.606+0100] {processor.py:153} INFO - Started process (PID=31572) to work on /Users/b/Documents/workflow/venv/lib/python3.11/site-packages/airflow/example_dags/example_kubernetes_executor.py
[2023-10-15T15:25:04.608+0100] {processor.py:743} INFO - Processing file /Users/b/Documents/workflow/venv/lib/python3.11/site-packages/airflow/example_dags/example_kubernetes_executor.py for tasks to queue
[2023-10-15T15:25:04.608+0100] {logging_mixin.py:137} INFO - [2023-10-15T15:25:04.608+0100] {dagbag.py:532} INFO - Filling up the DagBag from /Users/b/Documents/workflow/venv/lib/python3.11/site-packages/airflow/example_dags/example_kubernetes_executor.py
[2023-10-15T15:25:04.622+0100] {logging_mixin.py:137} INFO - [2023-10-15T15:25:04.622+0100] {example_kubernetes_executor.py:41} WARNING - The example_kubernetes_executor example DAG requires the kubernetes provider. Please install it with: pip install apache-airflow[cncf.kubernetes]
[2023-10-15T15:25:04.622+0100] {processor.py:755} WARNING - No viable dags retrieved from /Users/b/Documents/workflow/venv/lib/python3.11/site-packages/airflow/example_dags/example_kubernetes_executor.py
[2023-10-15T15:25:04.776+0100] {processor.py:175} INFO - Processing /Users/b/Documents/workflow/venv/lib/python3.11/site-packages/airflow/example_dags/example_kubernetes_executor.py took 0.170 seconds
[2023-10-15T15:26:08.851+0100] {processor.py:153} INFO - Started process (PID=31696) to work on /Users/b/Documents/workflow/venv/lib/python3.11/site-packages/airflow/example_dags/example_kubernetes_executor.py
[2023-10-15T15:26:08.853+0100] {processor.py:743} INFO - Processing file /Users/b/Documents/workflow/venv/lib/python3.11/site-packages/airflow/example_dags/example_kubernetes_executor.py for tasks to queue
[2023-10-15T15:26:08.853+0100] {logging_mixin.py:137} INFO - [2023-10-15T15:26:08.853+0100] {dagbag.py:532} INFO - Filling up the DagBag from /Users/b/Documents/workflow/venv/lib/python3.11/site-packages/airflow/example_dags/example_kubernetes_executor.py
[2023-10-15T15:26:08.867+0100] {logging_mixin.py:137} INFO - [2023-10-15T15:26:08.867+0100] {example_kubernetes_executor.py:41} WARNING - The example_kubernetes_executor example DAG requires the kubernetes provider. Please install it with: pip install apache-airflow[cncf.kubernetes]
[2023-10-15T15:26:08.867+0100] {processor.py:755} WARNING - No viable dags retrieved from /Users/b/Documents/workflow/venv/lib/python3.11/site-packages/airflow/example_dags/example_kubernetes_executor.py
[2023-10-15T15:26:09.011+0100] {processor.py:175} INFO - Processing /Users/b/Documents/workflow/venv/lib/python3.11/site-packages/airflow/example_dags/example_kubernetes_executor.py took 0.160 seconds
[2023-10-15T15:27:13.409+0100] {processor.py:153} INFO - Started process (PID=31809) to work on /Users/b/Documents/workflow/venv/lib/python3.11/site-packages/airflow/example_dags/example_kubernetes_executor.py
[2023-10-15T15:27:13.412+0100] {processor.py:743} INFO - Processing file /Users/b/Documents/workflow/venv/lib/python3.11/site-packages/airflow/example_dags/example_kubernetes_executor.py for tasks to queue
[2023-10-15T15:27:13.412+0100] {logging_mixin.py:137} INFO - [2023-10-15T15:27:13.412+0100] {dagbag.py:532} INFO - Filling up the DagBag from /Users/b/Documents/workflow/venv/lib/python3.11/site-packages/airflow/example_dags/example_kubernetes_executor.py
[2023-10-15T15:27:13.426+0100] {logging_mixin.py:137} INFO - [2023-10-15T15:27:13.426+0100] {example_kubernetes_executor.py:41} WARNING - The example_kubernetes_executor example DAG requires the kubernetes provider. Please install it with: pip install apache-airflow[cncf.kubernetes]
[2023-10-15T15:27:13.426+0100] {processor.py:755} WARNING - No viable dags retrieved from /Users/b/Documents/workflow/venv/lib/python3.11/site-packages/airflow/example_dags/example_kubernetes_executor.py
[2023-10-15T15:27:13.567+0100] {processor.py:175} INFO - Processing /Users/b/Documents/workflow/venv/lib/python3.11/site-packages/airflow/example_dags/example_kubernetes_executor.py took 0.158 seconds
[2023-10-15T15:28:16.684+0100] {processor.py:153} INFO - Started process (PID=31915) to work on /Users/b/Documents/workflow/venv/lib/python3.11/site-packages/airflow/example_dags/example_kubernetes_executor.py
[2023-10-15T15:28:16.687+0100] {processor.py:743} INFO - Processing file /Users/b/Documents/workflow/venv/lib/python3.11/site-packages/airflow/example_dags/example_kubernetes_executor.py for tasks to queue
[2023-10-15T15:28:16.687+0100] {logging_mixin.py:137} INFO - [2023-10-15T15:28:16.687+0100] {dagbag.py:532} INFO - Filling up the DagBag from /Users/b/Documents/workflow/venv/lib/python3.11/site-packages/airflow/example_dags/example_kubernetes_executor.py
[2023-10-15T15:28:16.701+0100] {logging_mixin.py:137} INFO - [2023-10-15T15:28:16.701+0100] {example_kubernetes_executor.py:41} WARNING - The example_kubernetes_executor example DAG requires the kubernetes provider. Please install it with: pip install apache-airflow[cncf.kubernetes]
[2023-10-15T15:28:16.701+0100] {processor.py:755} WARNING - No viable dags retrieved from /Users/b/Documents/workflow/venv/lib/python3.11/site-packages/airflow/example_dags/example_kubernetes_executor.py
[2023-10-15T15:28:16.844+0100] {processor.py:175} INFO - Processing /Users/b/Documents/workflow/venv/lib/python3.11/site-packages/airflow/example_dags/example_kubernetes_executor.py took 0.160 seconds
[2023-10-15T15:29:22.151+0100] {processor.py:153} INFO - Started process (PID=32034) to work on /Users/b/Documents/workflow/venv/lib/python3.11/site-packages/airflow/example_dags/example_kubernetes_executor.py
[2023-10-15T15:29:22.154+0100] {processor.py:743} INFO - Processing file /Users/b/Documents/workflow/venv/lib/python3.11/site-packages/airflow/example_dags/example_kubernetes_executor.py for tasks to queue
[2023-10-15T15:29:22.154+0100] {logging_mixin.py:137} INFO - [2023-10-15T15:29:22.154+0100] {dagbag.py:532} INFO - Filling up the DagBag from /Users/b/Documents/workflow/venv/lib/python3.11/site-packages/airflow/example_dags/example_kubernetes_executor.py
[2023-10-15T15:29:22.169+0100] {logging_mixin.py:137} INFO - [2023-10-15T15:29:22.169+0100] {example_kubernetes_executor.py:41} WARNING - The example_kubernetes_executor example DAG requires the kubernetes provider. Please install it with: pip install apache-airflow[cncf.kubernetes]
[2023-10-15T15:29:22.169+0100] {processor.py:755} WARNING - No viable dags retrieved from /Users/b/Documents/workflow/venv/lib/python3.11/site-packages/airflow/example_dags/example_kubernetes_executor.py
[2023-10-15T15:29:22.326+0100] {processor.py:175} INFO - Processing /Users/b/Documents/workflow/venv/lib/python3.11/site-packages/airflow/example_dags/example_kubernetes_executor.py took 0.175 seconds
[2023-10-15T15:30:26.148+0100] {processor.py:153} INFO - Started process (PID=32160) to work on /Users/b/Documents/workflow/venv/lib/python3.11/site-packages/airflow/example_dags/example_kubernetes_executor.py
[2023-10-15T15:30:26.150+0100] {processor.py:743} INFO - Processing file /Users/b/Documents/workflow/venv/lib/python3.11/site-packages/airflow/example_dags/example_kubernetes_executor.py for tasks to queue
[2023-10-15T15:30:26.150+0100] {logging_mixin.py:137} INFO - [2023-10-15T15:30:26.150+0100] {dagbag.py:532} INFO - Filling up the DagBag from /Users/b/Documents/workflow/venv/lib/python3.11/site-packages/airflow/example_dags/example_kubernetes_executor.py
[2023-10-15T15:30:26.164+0100] {logging_mixin.py:137} INFO - [2023-10-15T15:30:26.164+0100] {example_kubernetes_executor.py:41} WARNING - The example_kubernetes_executor example DAG requires the kubernetes provider. Please install it with: pip install apache-airflow[cncf.kubernetes]
[2023-10-15T15:30:26.164+0100] {processor.py:755} WARNING - No viable dags retrieved from /Users/b/Documents/workflow/venv/lib/python3.11/site-packages/airflow/example_dags/example_kubernetes_executor.py
[2023-10-15T15:30:26.317+0100] {processor.py:175} INFO - Processing /Users/b/Documents/workflow/venv/lib/python3.11/site-packages/airflow/example_dags/example_kubernetes_executor.py took 0.169 seconds
[2023-10-15T15:31:36.381+0100] {processor.py:153} INFO - Started process (PID=32287) to work on /Users/b/Documents/workflow/venv/lib/python3.11/site-packages/airflow/example_dags/example_kubernetes_executor.py
[2023-10-15T15:31:36.383+0100] {processor.py:743} INFO - Processing file /Users/b/Documents/workflow/venv/lib/python3.11/site-packages/airflow/example_dags/example_kubernetes_executor.py for tasks to queue
[2023-10-15T15:31:36.383+0100] {logging_mixin.py:137} INFO - [2023-10-15T15:31:36.383+0100] {dagbag.py:532} INFO - Filling up the DagBag from /Users/b/Documents/workflow/venv/lib/python3.11/site-packages/airflow/example_dags/example_kubernetes_executor.py
[2023-10-15T15:31:36.397+0100] {logging_mixin.py:137} INFO - [2023-10-15T15:31:36.397+0100] {example_kubernetes_executor.py:41} WARNING - The example_kubernetes_executor example DAG requires the kubernetes provider. Please install it with: pip install apache-airflow[cncf.kubernetes]
[2023-10-15T15:31:36.397+0100] {processor.py:755} WARNING - No viable dags retrieved from /Users/b/Documents/workflow/venv/lib/python3.11/site-packages/airflow/example_dags/example_kubernetes_executor.py
[2023-10-15T15:31:36.552+0100] {processor.py:175} INFO - Processing /Users/b/Documents/workflow/venv/lib/python3.11/site-packages/airflow/example_dags/example_kubernetes_executor.py took 0.171 seconds
[2023-10-15T15:32:41.250+0100] {processor.py:153} INFO - Started process (PID=32410) to work on /Users/b/Documents/workflow/venv/lib/python3.11/site-packages/airflow/example_dags/example_kubernetes_executor.py
[2023-10-15T15:32:41.252+0100] {processor.py:743} INFO - Processing file /Users/b/Documents/workflow/venv/lib/python3.11/site-packages/airflow/example_dags/example_kubernetes_executor.py for tasks to queue
[2023-10-15T15:32:41.252+0100] {logging_mixin.py:137} INFO - [2023-10-15T15:32:41.252+0100] {dagbag.py:532} INFO - Filling up the DagBag from /Users/b/Documents/workflow/venv/lib/python3.11/site-packages/airflow/example_dags/example_kubernetes_executor.py
[2023-10-15T15:32:41.267+0100] {logging_mixin.py:137} INFO - [2023-10-15T15:32:41.267+0100] {example_kubernetes_executor.py:41} WARNING - The example_kubernetes_executor example DAG requires the kubernetes provider. Please install it with: pip install apache-airflow[cncf.kubernetes]
[2023-10-15T15:32:41.267+0100] {processor.py:755} WARNING - No viable dags retrieved from /Users/b/Documents/workflow/venv/lib/python3.11/site-packages/airflow/example_dags/example_kubernetes_executor.py
[2023-10-15T15:32:41.419+0100] {processor.py:175} INFO - Processing /Users/b/Documents/workflow/venv/lib/python3.11/site-packages/airflow/example_dags/example_kubernetes_executor.py took 0.170 seconds
