[2023-10-15T15:12:14.611+0100] {processor.py:153} INFO - Started process (PID=29505) to work on /Users/b/Documents/workflow/venv/lib/python3.11/site-packages/airflow/example_dags/example_branch_labels.py
[2023-10-15T15:12:14.613+0100] {processor.py:743} INFO - Processing file /Users/b/Documents/workflow/venv/lib/python3.11/site-packages/airflow/example_dags/example_branch_labels.py for tasks to queue
[2023-10-15T15:12:14.613+0100] {logging_mixin.py:137} INFO - [2023-10-15T15:12:14.613+0100] {dagbag.py:532} INFO - Filling up the DagBag from /Users/b/Documents/workflow/venv/lib/python3.11/site-packages/airflow/example_dags/example_branch_labels.py
[2023-10-15T15:12:14.621+0100] {processor.py:753} INFO - DAG(s) dict_keys(['example_branch_labels']) retrieved from /Users/b/Documents/workflow/venv/lib/python3.11/site-packages/airflow/example_dags/example_branch_labels.py
[2023-10-15T15:12:14.822+0100] {logging_mixin.py:137} INFO - [2023-10-15T15:12:14.822+0100] {manager.py:504} INFO - Created Permission View: can delete on DAG:example_branch_labels
[2023-10-15T15:12:14.825+0100] {logging_mixin.py:137} INFO - [2023-10-15T15:12:14.825+0100] {manager.py:504} INFO - Created Permission View: can edit on DAG:example_branch_labels
[2023-10-15T15:12:14.827+0100] {logging_mixin.py:137} INFO - [2023-10-15T15:12:14.826+0100] {manager.py:504} INFO - Created Permission View: can read on DAG:example_branch_labels
[2023-10-15T15:12:14.827+0100] {logging_mixin.py:137} INFO - [2023-10-15T15:12:14.827+0100] {dag.py:2705} INFO - Sync 1 DAGs
[2023-10-15T15:12:14.830+0100] {logging_mixin.py:137} INFO - [2023-10-15T15:12:14.830+0100] {dag.py:2726} INFO - Creating ORM DAG for example_branch_labels
[2023-10-15T15:12:14.833+0100] {logging_mixin.py:137} INFO - [2023-10-15T15:12:14.833+0100] {dag.py:3452} INFO - Setting next_dagrun for example_branch_labels to 2023-10-14T00:00:00+00:00, run_after=2023-10-15T00:00:00+00:00
[2023-10-15T15:12:14.838+0100] {processor.py:175} INFO - Processing /Users/b/Documents/workflow/venv/lib/python3.11/site-packages/airflow/example_dags/example_branch_labels.py took 0.228 seconds
[2023-10-15T15:13:24.758+0100] {processor.py:153} INFO - Started process (PID=29961) to work on /Users/b/Documents/workflow/venv/lib/python3.11/site-packages/airflow/example_dags/example_branch_labels.py
[2023-10-15T15:13:24.760+0100] {processor.py:743} INFO - Processing file /Users/b/Documents/workflow/venv/lib/python3.11/site-packages/airflow/example_dags/example_branch_labels.py for tasks to queue
[2023-10-15T15:13:24.760+0100] {logging_mixin.py:137} INFO - [2023-10-15T15:13:24.760+0100] {dagbag.py:532} INFO - Filling up the DagBag from /Users/b/Documents/workflow/venv/lib/python3.11/site-packages/airflow/example_dags/example_branch_labels.py
[2023-10-15T15:13:24.769+0100] {processor.py:753} INFO - DAG(s) dict_keys(['example_branch_labels']) retrieved from /Users/b/Documents/workflow/venv/lib/python3.11/site-packages/airflow/example_dags/example_branch_labels.py
[2023-10-15T15:13:24.941+0100] {logging_mixin.py:137} INFO - [2023-10-15T15:13:24.941+0100] {dag.py:2705} INFO - Sync 1 DAGs
[2023-10-15T15:13:24.949+0100] {logging_mixin.py:137} INFO - [2023-10-15T15:13:24.949+0100] {dag.py:3452} INFO - Setting next_dagrun for example_branch_labels to 2023-10-14T00:00:00+00:00, run_after=2023-10-15T00:00:00+00:00
[2023-10-15T15:13:24.955+0100] {processor.py:175} INFO - Processing /Users/b/Documents/workflow/venv/lib/python3.11/site-packages/airflow/example_dags/example_branch_labels.py took 0.197 seconds
[2023-10-15T15:14:30.153+0100] {processor.py:153} INFO - Started process (PID=30196) to work on /Users/b/Documents/workflow/venv/lib/python3.11/site-packages/airflow/example_dags/example_branch_labels.py
[2023-10-15T15:14:30.156+0100] {processor.py:743} INFO - Processing file /Users/b/Documents/workflow/venv/lib/python3.11/site-packages/airflow/example_dags/example_branch_labels.py for tasks to queue
[2023-10-15T15:14:30.156+0100] {logging_mixin.py:137} INFO - [2023-10-15T15:14:30.156+0100] {dagbag.py:532} INFO - Filling up the DagBag from /Users/b/Documents/workflow/venv/lib/python3.11/site-packages/airflow/example_dags/example_branch_labels.py
[2023-10-15T15:14:30.164+0100] {processor.py:753} INFO - DAG(s) dict_keys(['example_branch_labels']) retrieved from /Users/b/Documents/workflow/venv/lib/python3.11/site-packages/airflow/example_dags/example_branch_labels.py
[2023-10-15T15:14:30.320+0100] {logging_mixin.py:137} INFO - [2023-10-15T15:14:30.320+0100] {dag.py:2705} INFO - Sync 1 DAGs
[2023-10-15T15:14:30.326+0100] {logging_mixin.py:137} INFO - [2023-10-15T15:14:30.326+0100] {dag.py:3452} INFO - Setting next_dagrun for example_branch_labels to 2023-10-14T00:00:00+00:00, run_after=2023-10-15T00:00:00+00:00
[2023-10-15T15:14:30.332+0100] {processor.py:175} INFO - Processing /Users/b/Documents/workflow/venv/lib/python3.11/site-packages/airflow/example_dags/example_branch_labels.py took 0.180 seconds
[2023-10-15T15:15:32.360+0100] {processor.py:153} INFO - Started process (PID=30337) to work on /Users/b/Documents/workflow/venv/lib/python3.11/site-packages/airflow/example_dags/example_branch_labels.py
[2023-10-15T15:15:32.363+0100] {processor.py:743} INFO - Processing file /Users/b/Documents/workflow/venv/lib/python3.11/site-packages/airflow/example_dags/example_branch_labels.py for tasks to queue
[2023-10-15T15:15:32.363+0100] {logging_mixin.py:137} INFO - [2023-10-15T15:15:32.363+0100] {dagbag.py:532} INFO - Filling up the DagBag from /Users/b/Documents/workflow/venv/lib/python3.11/site-packages/airflow/example_dags/example_branch_labels.py
[2023-10-15T15:15:32.372+0100] {processor.py:753} INFO - DAG(s) dict_keys(['example_branch_labels']) retrieved from /Users/b/Documents/workflow/venv/lib/python3.11/site-packages/airflow/example_dags/example_branch_labels.py
[2023-10-15T15:15:32.555+0100] {logging_mixin.py:137} INFO - [2023-10-15T15:15:32.554+0100] {dag.py:2705} INFO - Sync 1 DAGs
[2023-10-15T15:15:32.562+0100] {logging_mixin.py:137} INFO - [2023-10-15T15:15:32.562+0100] {dag.py:3452} INFO - Setting next_dagrun for example_branch_labels to 2023-10-14T00:00:00+00:00, run_after=2023-10-15T00:00:00+00:00
[2023-10-15T15:15:32.569+0100] {processor.py:175} INFO - Processing /Users/b/Documents/workflow/venv/lib/python3.11/site-packages/airflow/example_dags/example_branch_labels.py took 0.210 seconds
[2023-10-15T15:21:00.184+0100] {processor.py:153} INFO - Started process (PID=30984) to work on /Users/b/Documents/workflow/venv/lib/python3.11/site-packages/airflow/example_dags/example_branch_labels.py
[2023-10-15T15:21:00.187+0100] {processor.py:743} INFO - Processing file /Users/b/Documents/workflow/venv/lib/python3.11/site-packages/airflow/example_dags/example_branch_labels.py for tasks to queue
[2023-10-15T15:21:00.187+0100] {logging_mixin.py:137} INFO - [2023-10-15T15:21:00.187+0100] {dagbag.py:532} INFO - Filling up the DagBag from /Users/b/Documents/workflow/venv/lib/python3.11/site-packages/airflow/example_dags/example_branch_labels.py
[2023-10-15T15:21:00.195+0100] {processor.py:753} INFO - DAG(s) dict_keys(['example_branch_labels']) retrieved from /Users/b/Documents/workflow/venv/lib/python3.11/site-packages/airflow/example_dags/example_branch_labels.py
[2023-10-15T15:21:00.361+0100] {logging_mixin.py:137} INFO - [2023-10-15T15:21:00.361+0100] {dag.py:2705} INFO - Sync 1 DAGs
[2023-10-15T15:21:00.367+0100] {logging_mixin.py:137} INFO - [2023-10-15T15:21:00.367+0100] {dag.py:3452} INFO - Setting next_dagrun for example_branch_labels to 2023-10-14T00:00:00+00:00, run_after=2023-10-15T00:00:00+00:00
[2023-10-15T15:21:00.373+0100] {processor.py:175} INFO - Processing /Users/b/Documents/workflow/venv/lib/python3.11/site-packages/airflow/example_dags/example_branch_labels.py took 0.190 seconds
[2023-10-15T15:22:04.535+0100] {processor.py:153} INFO - Started process (PID=31182) to work on /Users/b/Documents/workflow/venv/lib/python3.11/site-packages/airflow/example_dags/example_branch_labels.py
[2023-10-15T15:22:04.537+0100] {processor.py:743} INFO - Processing file /Users/b/Documents/workflow/venv/lib/python3.11/site-packages/airflow/example_dags/example_branch_labels.py for tasks to queue
[2023-10-15T15:22:04.537+0100] {logging_mixin.py:137} INFO - [2023-10-15T15:22:04.537+0100] {dagbag.py:532} INFO - Filling up the DagBag from /Users/b/Documents/workflow/venv/lib/python3.11/site-packages/airflow/example_dags/example_branch_labels.py
[2023-10-15T15:22:04.545+0100] {processor.py:753} INFO - DAG(s) dict_keys(['example_branch_labels']) retrieved from /Users/b/Documents/workflow/venv/lib/python3.11/site-packages/airflow/example_dags/example_branch_labels.py
[2023-10-15T15:22:04.700+0100] {logging_mixin.py:137} INFO - [2023-10-15T15:22:04.700+0100] {dag.py:2705} INFO - Sync 1 DAGs
[2023-10-15T15:22:04.707+0100] {logging_mixin.py:137} INFO - [2023-10-15T15:22:04.707+0100] {dag.py:3452} INFO - Setting next_dagrun for example_branch_labels to 2023-10-14T00:00:00+00:00, run_after=2023-10-15T00:00:00+00:00
[2023-10-15T15:22:04.713+0100] {processor.py:175} INFO - Processing /Users/b/Documents/workflow/venv/lib/python3.11/site-packages/airflow/example_dags/example_branch_labels.py took 0.179 seconds
[2023-10-15T15:23:08.195+0100] {processor.py:153} INFO - Started process (PID=31319) to work on /Users/b/Documents/workflow/venv/lib/python3.11/site-packages/airflow/example_dags/example_branch_labels.py
[2023-10-15T15:23:08.197+0100] {processor.py:743} INFO - Processing file /Users/b/Documents/workflow/venv/lib/python3.11/site-packages/airflow/example_dags/example_branch_labels.py for tasks to queue
[2023-10-15T15:23:08.197+0100] {logging_mixin.py:137} INFO - [2023-10-15T15:23:08.197+0100] {dagbag.py:532} INFO - Filling up the DagBag from /Users/b/Documents/workflow/venv/lib/python3.11/site-packages/airflow/example_dags/example_branch_labels.py
[2023-10-15T15:23:08.206+0100] {processor.py:753} INFO - DAG(s) dict_keys(['example_branch_labels']) retrieved from /Users/b/Documents/workflow/venv/lib/python3.11/site-packages/airflow/example_dags/example_branch_labels.py
[2023-10-15T15:23:08.364+0100] {logging_mixin.py:137} INFO - [2023-10-15T15:23:08.363+0100] {dag.py:2705} INFO - Sync 1 DAGs
[2023-10-15T15:23:08.370+0100] {logging_mixin.py:137} INFO - [2023-10-15T15:23:08.370+0100] {dag.py:3452} INFO - Setting next_dagrun for example_branch_labels to 2023-10-14T00:00:00+00:00, run_after=2023-10-15T00:00:00+00:00
[2023-10-15T15:23:08.376+0100] {processor.py:175} INFO - Processing /Users/b/Documents/workflow/venv/lib/python3.11/site-packages/airflow/example_dags/example_branch_labels.py took 0.181 seconds
[2023-10-15T15:24:14.240+0100] {processor.py:153} INFO - Started process (PID=31473) to work on /Users/b/Documents/workflow/venv/lib/python3.11/site-packages/airflow/example_dags/example_branch_labels.py
[2023-10-15T15:24:14.242+0100] {processor.py:743} INFO - Processing file /Users/b/Documents/workflow/venv/lib/python3.11/site-packages/airflow/example_dags/example_branch_labels.py for tasks to queue
[2023-10-15T15:24:14.242+0100] {logging_mixin.py:137} INFO - [2023-10-15T15:24:14.242+0100] {dagbag.py:532} INFO - Filling up the DagBag from /Users/b/Documents/workflow/venv/lib/python3.11/site-packages/airflow/example_dags/example_branch_labels.py
[2023-10-15T15:24:14.250+0100] {processor.py:753} INFO - DAG(s) dict_keys(['example_branch_labels']) retrieved from /Users/b/Documents/workflow/venv/lib/python3.11/site-packages/airflow/example_dags/example_branch_labels.py
[2023-10-15T15:24:14.413+0100] {logging_mixin.py:137} INFO - [2023-10-15T15:24:14.412+0100] {dag.py:2705} INFO - Sync 1 DAGs
[2023-10-15T15:24:14.420+0100] {logging_mixin.py:137} INFO - [2023-10-15T15:24:14.420+0100] {dag.py:3452} INFO - Setting next_dagrun for example_branch_labels to 2023-10-14T00:00:00+00:00, run_after=2023-10-15T00:00:00+00:00
[2023-10-15T15:24:14.426+0100] {processor.py:175} INFO - Processing /Users/b/Documents/workflow/venv/lib/python3.11/site-packages/airflow/example_dags/example_branch_labels.py took 0.186 seconds
[2023-10-15T15:25:19.361+0100] {processor.py:153} INFO - Started process (PID=31599) to work on /Users/b/Documents/workflow/venv/lib/python3.11/site-packages/airflow/example_dags/example_branch_labels.py
[2023-10-15T15:25:19.364+0100] {processor.py:743} INFO - Processing file /Users/b/Documents/workflow/venv/lib/python3.11/site-packages/airflow/example_dags/example_branch_labels.py for tasks to queue
[2023-10-15T15:25:19.364+0100] {logging_mixin.py:137} INFO - [2023-10-15T15:25:19.364+0100] {dagbag.py:532} INFO - Filling up the DagBag from /Users/b/Documents/workflow/venv/lib/python3.11/site-packages/airflow/example_dags/example_branch_labels.py
[2023-10-15T15:25:19.372+0100] {processor.py:753} INFO - DAG(s) dict_keys(['example_branch_labels']) retrieved from /Users/b/Documents/workflow/venv/lib/python3.11/site-packages/airflow/example_dags/example_branch_labels.py
[2023-10-15T15:25:19.533+0100] {logging_mixin.py:137} INFO - [2023-10-15T15:25:19.533+0100] {dag.py:2705} INFO - Sync 1 DAGs
[2023-10-15T15:25:19.539+0100] {logging_mixin.py:137} INFO - [2023-10-15T15:25:19.539+0100] {dag.py:3452} INFO - Setting next_dagrun for example_branch_labels to 2023-10-14T00:00:00+00:00, run_after=2023-10-15T00:00:00+00:00
[2023-10-15T15:25:19.546+0100] {processor.py:175} INFO - Processing /Users/b/Documents/workflow/venv/lib/python3.11/site-packages/airflow/example_dags/example_branch_labels.py took 0.185 seconds
[2023-10-15T15:26:24.316+0100] {processor.py:153} INFO - Started process (PID=31722) to work on /Users/b/Documents/workflow/venv/lib/python3.11/site-packages/airflow/example_dags/example_branch_labels.py
[2023-10-15T15:26:24.319+0100] {processor.py:743} INFO - Processing file /Users/b/Documents/workflow/venv/lib/python3.11/site-packages/airflow/example_dags/example_branch_labels.py for tasks to queue
[2023-10-15T15:26:24.319+0100] {logging_mixin.py:137} INFO - [2023-10-15T15:26:24.319+0100] {dagbag.py:532} INFO - Filling up the DagBag from /Users/b/Documents/workflow/venv/lib/python3.11/site-packages/airflow/example_dags/example_branch_labels.py
[2023-10-15T15:26:24.327+0100] {processor.py:753} INFO - DAG(s) dict_keys(['example_branch_labels']) retrieved from /Users/b/Documents/workflow/venv/lib/python3.11/site-packages/airflow/example_dags/example_branch_labels.py
[2023-10-15T15:26:24.485+0100] {logging_mixin.py:137} INFO - [2023-10-15T15:26:24.485+0100] {dag.py:2705} INFO - Sync 1 DAGs
[2023-10-15T15:26:24.491+0100] {logging_mixin.py:137} INFO - [2023-10-15T15:26:24.491+0100] {dag.py:3452} INFO - Setting next_dagrun for example_branch_labels to 2023-10-14T00:00:00+00:00, run_after=2023-10-15T00:00:00+00:00
[2023-10-15T15:26:24.498+0100] {processor.py:175} INFO - Processing /Users/b/Documents/workflow/venv/lib/python3.11/site-packages/airflow/example_dags/example_branch_labels.py took 0.181 seconds
[2023-10-15T15:27:27.583+0100] {processor.py:153} INFO - Started process (PID=31831) to work on /Users/b/Documents/workflow/venv/lib/python3.11/site-packages/airflow/example_dags/example_branch_labels.py
[2023-10-15T15:27:27.586+0100] {processor.py:743} INFO - Processing file /Users/b/Documents/workflow/venv/lib/python3.11/site-packages/airflow/example_dags/example_branch_labels.py for tasks to queue
[2023-10-15T15:27:27.586+0100] {logging_mixin.py:137} INFO - [2023-10-15T15:27:27.586+0100] {dagbag.py:532} INFO - Filling up the DagBag from /Users/b/Documents/workflow/venv/lib/python3.11/site-packages/airflow/example_dags/example_branch_labels.py
[2023-10-15T15:27:27.595+0100] {processor.py:753} INFO - DAG(s) dict_keys(['example_branch_labels']) retrieved from /Users/b/Documents/workflow/venv/lib/python3.11/site-packages/airflow/example_dags/example_branch_labels.py
[2023-10-15T15:27:27.756+0100] {logging_mixin.py:137} INFO - [2023-10-15T15:27:27.756+0100] {dag.py:2705} INFO - Sync 1 DAGs
[2023-10-15T15:27:27.762+0100] {logging_mixin.py:137} INFO - [2023-10-15T15:27:27.762+0100] {dag.py:3452} INFO - Setting next_dagrun for example_branch_labels to 2023-10-14T00:00:00+00:00, run_after=2023-10-15T00:00:00+00:00
[2023-10-15T15:27:27.769+0100] {processor.py:175} INFO - Processing /Users/b/Documents/workflow/venv/lib/python3.11/site-packages/airflow/example_dags/example_branch_labels.py took 0.186 seconds
[2023-10-15T15:28:32.159+0100] {processor.py:153} INFO - Started process (PID=31942) to work on /Users/b/Documents/workflow/venv/lib/python3.11/site-packages/airflow/example_dags/example_branch_labels.py
[2023-10-15T15:28:32.161+0100] {processor.py:743} INFO - Processing file /Users/b/Documents/workflow/venv/lib/python3.11/site-packages/airflow/example_dags/example_branch_labels.py for tasks to queue
[2023-10-15T15:28:32.162+0100] {logging_mixin.py:137} INFO - [2023-10-15T15:28:32.162+0100] {dagbag.py:532} INFO - Filling up the DagBag from /Users/b/Documents/workflow/venv/lib/python3.11/site-packages/airflow/example_dags/example_branch_labels.py
[2023-10-15T15:28:32.171+0100] {processor.py:753} INFO - DAG(s) dict_keys(['example_branch_labels']) retrieved from /Users/b/Documents/workflow/venv/lib/python3.11/site-packages/airflow/example_dags/example_branch_labels.py
[2023-10-15T15:28:32.346+0100] {logging_mixin.py:137} INFO - [2023-10-15T15:28:32.346+0100] {dag.py:2705} INFO - Sync 1 DAGs
[2023-10-15T15:28:32.353+0100] {logging_mixin.py:137} INFO - [2023-10-15T15:28:32.353+0100] {dag.py:3452} INFO - Setting next_dagrun for example_branch_labels to 2023-10-14T00:00:00+00:00, run_after=2023-10-15T00:00:00+00:00
[2023-10-15T15:28:32.360+0100] {processor.py:175} INFO - Processing /Users/b/Documents/workflow/venv/lib/python3.11/site-packages/airflow/example_dags/example_branch_labels.py took 0.201 seconds
[2023-10-15T15:29:37.485+0100] {processor.py:153} INFO - Started process (PID=32063) to work on /Users/b/Documents/workflow/venv/lib/python3.11/site-packages/airflow/example_dags/example_branch_labels.py
[2023-10-15T15:29:37.488+0100] {processor.py:743} INFO - Processing file /Users/b/Documents/workflow/venv/lib/python3.11/site-packages/airflow/example_dags/example_branch_labels.py for tasks to queue
[2023-10-15T15:29:37.488+0100] {logging_mixin.py:137} INFO - [2023-10-15T15:29:37.488+0100] {dagbag.py:532} INFO - Filling up the DagBag from /Users/b/Documents/workflow/venv/lib/python3.11/site-packages/airflow/example_dags/example_branch_labels.py
[2023-10-15T15:29:37.497+0100] {processor.py:753} INFO - DAG(s) dict_keys(['example_branch_labels']) retrieved from /Users/b/Documents/workflow/venv/lib/python3.11/site-packages/airflow/example_dags/example_branch_labels.py
[2023-10-15T15:29:37.678+0100] {logging_mixin.py:137} INFO - [2023-10-15T15:29:37.678+0100] {dag.py:2705} INFO - Sync 1 DAGs
[2023-10-15T15:29:37.689+0100] {logging_mixin.py:137} INFO - [2023-10-15T15:29:37.689+0100] {dag.py:3452} INFO - Setting next_dagrun for example_branch_labels to 2023-10-14T00:00:00+00:00, run_after=2023-10-15T00:00:00+00:00
[2023-10-15T15:29:37.695+0100] {processor.py:175} INFO - Processing /Users/b/Documents/workflow/venv/lib/python3.11/site-packages/airflow/example_dags/example_branch_labels.py took 0.210 seconds
[2023-10-15T15:30:41.446+0100] {processor.py:153} INFO - Started process (PID=32185) to work on /Users/b/Documents/workflow/venv/lib/python3.11/site-packages/airflow/example_dags/example_branch_labels.py
[2023-10-15T15:30:41.448+0100] {processor.py:743} INFO - Processing file /Users/b/Documents/workflow/venv/lib/python3.11/site-packages/airflow/example_dags/example_branch_labels.py for tasks to queue
[2023-10-15T15:30:41.449+0100] {logging_mixin.py:137} INFO - [2023-10-15T15:30:41.449+0100] {dagbag.py:532} INFO - Filling up the DagBag from /Users/b/Documents/workflow/venv/lib/python3.11/site-packages/airflow/example_dags/example_branch_labels.py
[2023-10-15T15:30:41.457+0100] {processor.py:753} INFO - DAG(s) dict_keys(['example_branch_labels']) retrieved from /Users/b/Documents/workflow/venv/lib/python3.11/site-packages/airflow/example_dags/example_branch_labels.py
[2023-10-15T15:30:41.616+0100] {logging_mixin.py:137} INFO - [2023-10-15T15:30:41.616+0100] {dag.py:2705} INFO - Sync 1 DAGs
[2023-10-15T15:30:41.623+0100] {logging_mixin.py:137} INFO - [2023-10-15T15:30:41.623+0100] {dag.py:3452} INFO - Setting next_dagrun for example_branch_labels to 2023-10-14T00:00:00+00:00, run_after=2023-10-15T00:00:00+00:00
[2023-10-15T15:30:41.629+0100] {processor.py:175} INFO - Processing /Users/b/Documents/workflow/venv/lib/python3.11/site-packages/airflow/example_dags/example_branch_labels.py took 0.183 seconds
[2023-10-15T15:31:51.645+0100] {processor.py:153} INFO - Started process (PID=32316) to work on /Users/b/Documents/workflow/venv/lib/python3.11/site-packages/airflow/example_dags/example_branch_labels.py
[2023-10-15T15:31:51.648+0100] {processor.py:743} INFO - Processing file /Users/b/Documents/workflow/venv/lib/python3.11/site-packages/airflow/example_dags/example_branch_labels.py for tasks to queue
[2023-10-15T15:31:51.648+0100] {logging_mixin.py:137} INFO - [2023-10-15T15:31:51.648+0100] {dagbag.py:532} INFO - Filling up the DagBag from /Users/b/Documents/workflow/venv/lib/python3.11/site-packages/airflow/example_dags/example_branch_labels.py
[2023-10-15T15:31:51.656+0100] {processor.py:753} INFO - DAG(s) dict_keys(['example_branch_labels']) retrieved from /Users/b/Documents/workflow/venv/lib/python3.11/site-packages/airflow/example_dags/example_branch_labels.py
[2023-10-15T15:31:51.814+0100] {logging_mixin.py:137} INFO - [2023-10-15T15:31:51.814+0100] {dag.py:2705} INFO - Sync 1 DAGs
[2023-10-15T15:31:51.821+0100] {logging_mixin.py:137} INFO - [2023-10-15T15:31:51.821+0100] {dag.py:3452} INFO - Setting next_dagrun for example_branch_labels to 2023-10-14T00:00:00+00:00, run_after=2023-10-15T00:00:00+00:00
[2023-10-15T15:31:51.829+0100] {processor.py:175} INFO - Processing /Users/b/Documents/workflow/venv/lib/python3.11/site-packages/airflow/example_dags/example_branch_labels.py took 0.184 seconds
[2023-10-15T15:32:55.708+0100] {processor.py:153} INFO - Started process (PID=32448) to work on /Users/b/Documents/workflow/venv/lib/python3.11/site-packages/airflow/example_dags/example_branch_labels.py
[2023-10-15T15:32:55.710+0100] {processor.py:743} INFO - Processing file /Users/b/Documents/workflow/venv/lib/python3.11/site-packages/airflow/example_dags/example_branch_labels.py for tasks to queue
[2023-10-15T15:32:55.710+0100] {logging_mixin.py:137} INFO - [2023-10-15T15:32:55.710+0100] {dagbag.py:532} INFO - Filling up the DagBag from /Users/b/Documents/workflow/venv/lib/python3.11/site-packages/airflow/example_dags/example_branch_labels.py
[2023-10-15T15:32:55.718+0100] {processor.py:753} INFO - DAG(s) dict_keys(['example_branch_labels']) retrieved from /Users/b/Documents/workflow/venv/lib/python3.11/site-packages/airflow/example_dags/example_branch_labels.py
[2023-10-15T15:32:55.880+0100] {logging_mixin.py:137} INFO - [2023-10-15T15:32:55.880+0100] {dag.py:2705} INFO - Sync 1 DAGs
[2023-10-15T15:32:55.888+0100] {logging_mixin.py:137} INFO - [2023-10-15T15:32:55.888+0100] {dag.py:3452} INFO - Setting next_dagrun for example_branch_labels to 2023-10-14T00:00:00+00:00, run_after=2023-10-15T00:00:00+00:00
[2023-10-15T15:32:55.894+0100] {processor.py:175} INFO - Processing /Users/b/Documents/workflow/venv/lib/python3.11/site-packages/airflow/example_dags/example_branch_labels.py took 0.186 seconds
