[2023-10-15T15:12:07.079+0100] {processor.py:153} INFO - Started process (PID=29488) to work on /Users/b/Documents/workflow/venv/lib/python3.11/site-packages/airflow/example_dags/example_dag_decorator.py
[2023-10-15T15:12:07.081+0100] {processor.py:743} INFO - Processing file /Users/b/Documents/workflow/venv/lib/python3.11/site-packages/airflow/example_dags/example_dag_decorator.py for tasks to queue
[2023-10-15T15:12:07.081+0100] {logging_mixin.py:137} INFO - [2023-10-15T15:12:07.081+0100] {dagbag.py:532} INFO - Filling up the DagBag from /Users/b/Documents/workflow/venv/lib/python3.11/site-packages/airflow/example_dags/example_dag_decorator.py
[2023-10-15T15:12:07.137+0100] {logging_mixin.py:137} INFO - [2023-10-15T15:12:07.137+0100] {taskmixin.py:211} WARNING - Dependency <Task(_PythonDecoratedOperator): prepare_email>, send_email already registered for DAG: example_dag_decorator
[2023-10-15T15:12:07.138+0100] {logging_mixin.py:137} INFO - [2023-10-15T15:12:07.137+0100] {taskmixin.py:211} WARNING - Dependency <Task(EmailOperator): send_email>, prepare_email already registered for DAG: example_dag_decorator
[2023-10-15T15:12:07.171+0100] {processor.py:753} INFO - DAG(s) dict_keys(['example_dag_decorator']) retrieved from /Users/b/Documents/workflow/venv/lib/python3.11/site-packages/airflow/example_dags/example_dag_decorator.py
[2023-10-15T15:12:07.316+0100] {logging_mixin.py:137} INFO - [2023-10-15T15:12:07.316+0100] {manager.py:504} INFO - Created Permission View: can delete on DAG:example_dag_decorator
[2023-10-15T15:12:07.319+0100] {logging_mixin.py:137} INFO - [2023-10-15T15:12:07.319+0100] {manager.py:504} INFO - Created Permission View: can edit on DAG:example_dag_decorator
[2023-10-15T15:12:07.321+0100] {logging_mixin.py:137} INFO - [2023-10-15T15:12:07.321+0100] {manager.py:504} INFO - Created Permission View: can read on DAG:example_dag_decorator
[2023-10-15T15:12:07.321+0100] {logging_mixin.py:137} INFO - [2023-10-15T15:12:07.321+0100] {dag.py:2705} INFO - Sync 1 DAGs
[2023-10-15T15:12:07.324+0100] {logging_mixin.py:137} INFO - [2023-10-15T15:12:07.324+0100] {dag.py:2726} INFO - Creating ORM DAG for example_dag_decorator
[2023-10-15T15:12:07.326+0100] {logging_mixin.py:137} INFO - [2023-10-15T15:12:07.326+0100] {dag.py:3452} INFO - Setting next_dagrun for example_dag_decorator to None, run_after=None
[2023-10-15T15:12:07.332+0100] {processor.py:175} INFO - Processing /Users/b/Documents/workflow/venv/lib/python3.11/site-packages/airflow/example_dags/example_dag_decorator.py took 0.253 seconds
[2023-10-15T15:13:18.011+0100] {processor.py:153} INFO - Started process (PID=29918) to work on /Users/b/Documents/workflow/venv/lib/python3.11/site-packages/airflow/example_dags/example_dag_decorator.py
[2023-10-15T15:13:18.013+0100] {processor.py:743} INFO - Processing file /Users/b/Documents/workflow/venv/lib/python3.11/site-packages/airflow/example_dags/example_dag_decorator.py for tasks to queue
[2023-10-15T15:13:18.013+0100] {logging_mixin.py:137} INFO - [2023-10-15T15:13:18.013+0100] {dagbag.py:532} INFO - Filling up the DagBag from /Users/b/Documents/workflow/venv/lib/python3.11/site-packages/airflow/example_dags/example_dag_decorator.py
[2023-10-15T15:13:18.076+0100] {logging_mixin.py:137} INFO - [2023-10-15T15:13:18.076+0100] {taskmixin.py:211} WARNING - Dependency <Task(_PythonDecoratedOperator): prepare_email>, send_email already registered for DAG: example_dag_decorator
[2023-10-15T15:13:18.076+0100] {logging_mixin.py:137} INFO - [2023-10-15T15:13:18.076+0100] {taskmixin.py:211} WARNING - Dependency <Task(EmailOperator): send_email>, prepare_email already registered for DAG: example_dag_decorator
[2023-10-15T15:13:18.113+0100] {processor.py:753} INFO - DAG(s) dict_keys(['example_dag_decorator']) retrieved from /Users/b/Documents/workflow/venv/lib/python3.11/site-packages/airflow/example_dags/example_dag_decorator.py
[2023-10-15T15:13:18.261+0100] {logging_mixin.py:137} INFO - [2023-10-15T15:13:18.261+0100] {dag.py:2705} INFO - Sync 1 DAGs
[2023-10-15T15:13:18.267+0100] {logging_mixin.py:137} INFO - [2023-10-15T15:13:18.267+0100] {dag.py:3452} INFO - Setting next_dagrun for example_dag_decorator to None, run_after=None
[2023-10-15T15:13:18.274+0100] {processor.py:175} INFO - Processing /Users/b/Documents/workflow/venv/lib/python3.11/site-packages/airflow/example_dags/example_dag_decorator.py took 0.263 seconds
[2023-10-15T15:14:21.603+0100] {processor.py:153} INFO - Started process (PID=30181) to work on /Users/b/Documents/workflow/venv/lib/python3.11/site-packages/airflow/example_dags/example_dag_decorator.py
[2023-10-15T15:14:21.606+0100] {processor.py:743} INFO - Processing file /Users/b/Documents/workflow/venv/lib/python3.11/site-packages/airflow/example_dags/example_dag_decorator.py for tasks to queue
[2023-10-15T15:14:21.606+0100] {logging_mixin.py:137} INFO - [2023-10-15T15:14:21.606+0100] {dagbag.py:532} INFO - Filling up the DagBag from /Users/b/Documents/workflow/venv/lib/python3.11/site-packages/airflow/example_dags/example_dag_decorator.py
[2023-10-15T15:14:21.667+0100] {logging_mixin.py:137} INFO - [2023-10-15T15:14:21.667+0100] {taskmixin.py:211} WARNING - Dependency <Task(_PythonDecoratedOperator): prepare_email>, send_email already registered for DAG: example_dag_decorator
[2023-10-15T15:14:21.667+0100] {logging_mixin.py:137} INFO - [2023-10-15T15:14:21.667+0100] {taskmixin.py:211} WARNING - Dependency <Task(EmailOperator): send_email>, prepare_email already registered for DAG: example_dag_decorator
[2023-10-15T15:14:21.704+0100] {processor.py:753} INFO - DAG(s) dict_keys(['example_dag_decorator']) retrieved from /Users/b/Documents/workflow/venv/lib/python3.11/site-packages/airflow/example_dags/example_dag_decorator.py
[2023-10-15T15:14:21.844+0100] {logging_mixin.py:137} INFO - [2023-10-15T15:14:21.844+0100] {dag.py:2705} INFO - Sync 1 DAGs
[2023-10-15T15:14:21.849+0100] {logging_mixin.py:137} INFO - [2023-10-15T15:14:21.849+0100] {dag.py:3452} INFO - Setting next_dagrun for example_dag_decorator to None, run_after=None
[2023-10-15T15:14:21.857+0100] {processor.py:175} INFO - Processing /Users/b/Documents/workflow/venv/lib/python3.11/site-packages/airflow/example_dags/example_dag_decorator.py took 0.254 seconds
[2023-10-15T15:15:24.946+0100] {processor.py:153} INFO - Started process (PID=30326) to work on /Users/b/Documents/workflow/venv/lib/python3.11/site-packages/airflow/example_dags/example_dag_decorator.py
[2023-10-15T15:15:24.948+0100] {processor.py:743} INFO - Processing file /Users/b/Documents/workflow/venv/lib/python3.11/site-packages/airflow/example_dags/example_dag_decorator.py for tasks to queue
[2023-10-15T15:15:24.948+0100] {logging_mixin.py:137} INFO - [2023-10-15T15:15:24.948+0100] {dagbag.py:532} INFO - Filling up the DagBag from /Users/b/Documents/workflow/venv/lib/python3.11/site-packages/airflow/example_dags/example_dag_decorator.py
[2023-10-15T15:15:25.003+0100] {logging_mixin.py:137} INFO - [2023-10-15T15:15:25.002+0100] {taskmixin.py:211} WARNING - Dependency <Task(_PythonDecoratedOperator): prepare_email>, send_email already registered for DAG: example_dag_decorator
[2023-10-15T15:15:25.003+0100] {logging_mixin.py:137} INFO - [2023-10-15T15:15:25.003+0100] {taskmixin.py:211} WARNING - Dependency <Task(EmailOperator): send_email>, prepare_email already registered for DAG: example_dag_decorator
[2023-10-15T15:15:25.035+0100] {processor.py:753} INFO - DAG(s) dict_keys(['example_dag_decorator']) retrieved from /Users/b/Documents/workflow/venv/lib/python3.11/site-packages/airflow/example_dags/example_dag_decorator.py
[2023-10-15T15:15:25.163+0100] {logging_mixin.py:137} INFO - [2023-10-15T15:15:25.163+0100] {dag.py:2705} INFO - Sync 1 DAGs
[2023-10-15T15:15:25.169+0100] {logging_mixin.py:137} INFO - [2023-10-15T15:15:25.169+0100] {dag.py:3452} INFO - Setting next_dagrun for example_dag_decorator to None, run_after=None
[2023-10-15T15:15:25.179+0100] {processor.py:175} INFO - Processing /Users/b/Documents/workflow/venv/lib/python3.11/site-packages/airflow/example_dags/example_dag_decorator.py took 0.234 seconds
[2023-10-15T15:20:51.369+0100] {processor.py:153} INFO - Started process (PID=30959) to work on /Users/b/Documents/workflow/venv/lib/python3.11/site-packages/airflow/example_dags/example_dag_decorator.py
[2023-10-15T15:20:51.372+0100] {processor.py:743} INFO - Processing file /Users/b/Documents/workflow/venv/lib/python3.11/site-packages/airflow/example_dags/example_dag_decorator.py for tasks to queue
[2023-10-15T15:20:51.372+0100] {logging_mixin.py:137} INFO - [2023-10-15T15:20:51.372+0100] {dagbag.py:532} INFO - Filling up the DagBag from /Users/b/Documents/workflow/venv/lib/python3.11/site-packages/airflow/example_dags/example_dag_decorator.py
[2023-10-15T15:20:51.430+0100] {logging_mixin.py:137} INFO - [2023-10-15T15:20:51.430+0100] {taskmixin.py:211} WARNING - Dependency <Task(_PythonDecoratedOperator): prepare_email>, send_email already registered for DAG: example_dag_decorator
[2023-10-15T15:20:51.430+0100] {logging_mixin.py:137} INFO - [2023-10-15T15:20:51.430+0100] {taskmixin.py:211} WARNING - Dependency <Task(EmailOperator): send_email>, prepare_email already registered for DAG: example_dag_decorator
[2023-10-15T15:20:51.465+0100] {processor.py:753} INFO - DAG(s) dict_keys(['example_dag_decorator']) retrieved from /Users/b/Documents/workflow/venv/lib/python3.11/site-packages/airflow/example_dags/example_dag_decorator.py
[2023-10-15T15:20:51.592+0100] {logging_mixin.py:137} INFO - [2023-10-15T15:20:51.592+0100] {dag.py:2705} INFO - Sync 1 DAGs
[2023-10-15T15:20:51.597+0100] {logging_mixin.py:137} INFO - [2023-10-15T15:20:51.597+0100] {dag.py:3452} INFO - Setting next_dagrun for example_dag_decorator to None, run_after=None
[2023-10-15T15:20:51.604+0100] {processor.py:175} INFO - Processing /Users/b/Documents/workflow/venv/lib/python3.11/site-packages/airflow/example_dags/example_dag_decorator.py took 0.235 seconds
[2023-10-15T15:21:57.288+0100] {processor.py:153} INFO - Started process (PID=31169) to work on /Users/b/Documents/workflow/venv/lib/python3.11/site-packages/airflow/example_dags/example_dag_decorator.py
[2023-10-15T15:21:57.290+0100] {processor.py:743} INFO - Processing file /Users/b/Documents/workflow/venv/lib/python3.11/site-packages/airflow/example_dags/example_dag_decorator.py for tasks to queue
[2023-10-15T15:21:57.290+0100] {logging_mixin.py:137} INFO - [2023-10-15T15:21:57.290+0100] {dagbag.py:532} INFO - Filling up the DagBag from /Users/b/Documents/workflow/venv/lib/python3.11/site-packages/airflow/example_dags/example_dag_decorator.py
[2023-10-15T15:21:57.360+0100] {logging_mixin.py:137} INFO - [2023-10-15T15:21:57.360+0100] {taskmixin.py:211} WARNING - Dependency <Task(_PythonDecoratedOperator): prepare_email>, send_email already registered for DAG: example_dag_decorator
[2023-10-15T15:21:57.361+0100] {logging_mixin.py:137} INFO - [2023-10-15T15:21:57.361+0100] {taskmixin.py:211} WARNING - Dependency <Task(EmailOperator): send_email>, prepare_email already registered for DAG: example_dag_decorator
[2023-10-15T15:21:57.396+0100] {processor.py:753} INFO - DAG(s) dict_keys(['example_dag_decorator']) retrieved from /Users/b/Documents/workflow/venv/lib/python3.11/site-packages/airflow/example_dags/example_dag_decorator.py
[2023-10-15T15:21:57.552+0100] {logging_mixin.py:137} INFO - [2023-10-15T15:21:57.552+0100] {dag.py:2705} INFO - Sync 1 DAGs
[2023-10-15T15:21:57.559+0100] {logging_mixin.py:137} INFO - [2023-10-15T15:21:57.559+0100] {dag.py:3452} INFO - Setting next_dagrun for example_dag_decorator to None, run_after=None
[2023-10-15T15:21:57.566+0100] {processor.py:175} INFO - Processing /Users/b/Documents/workflow/venv/lib/python3.11/site-packages/airflow/example_dags/example_dag_decorator.py took 0.279 seconds
[2023-10-15T15:23:00.705+0100] {processor.py:153} INFO - Started process (PID=31304) to work on /Users/b/Documents/workflow/venv/lib/python3.11/site-packages/airflow/example_dags/example_dag_decorator.py
[2023-10-15T15:23:00.707+0100] {processor.py:743} INFO - Processing file /Users/b/Documents/workflow/venv/lib/python3.11/site-packages/airflow/example_dags/example_dag_decorator.py for tasks to queue
[2023-10-15T15:23:00.708+0100] {logging_mixin.py:137} INFO - [2023-10-15T15:23:00.708+0100] {dagbag.py:532} INFO - Filling up the DagBag from /Users/b/Documents/workflow/venv/lib/python3.11/site-packages/airflow/example_dags/example_dag_decorator.py
[2023-10-15T15:23:00.766+0100] {logging_mixin.py:137} INFO - [2023-10-15T15:23:00.766+0100] {taskmixin.py:211} WARNING - Dependency <Task(_PythonDecoratedOperator): prepare_email>, send_email already registered for DAG: example_dag_decorator
[2023-10-15T15:23:00.766+0100] {logging_mixin.py:137} INFO - [2023-10-15T15:23:00.766+0100] {taskmixin.py:211} WARNING - Dependency <Task(EmailOperator): send_email>, prepare_email already registered for DAG: example_dag_decorator
[2023-10-15T15:23:00.805+0100] {processor.py:753} INFO - DAG(s) dict_keys(['example_dag_decorator']) retrieved from /Users/b/Documents/workflow/venv/lib/python3.11/site-packages/airflow/example_dags/example_dag_decorator.py
[2023-10-15T15:23:00.937+0100] {logging_mixin.py:137} INFO - [2023-10-15T15:23:00.937+0100] {dag.py:2705} INFO - Sync 1 DAGs
[2023-10-15T15:23:00.942+0100] {logging_mixin.py:137} INFO - [2023-10-15T15:23:00.942+0100] {dag.py:3452} INFO - Setting next_dagrun for example_dag_decorator to None, run_after=None
[2023-10-15T15:23:00.949+0100] {processor.py:175} INFO - Processing /Users/b/Documents/workflow/venv/lib/python3.11/site-packages/airflow/example_dags/example_dag_decorator.py took 0.244 seconds
[2023-10-15T15:24:05.516+0100] {processor.py:153} INFO - Started process (PID=31450) to work on /Users/b/Documents/workflow/venv/lib/python3.11/site-packages/airflow/example_dags/example_dag_decorator.py
[2023-10-15T15:24:05.519+0100] {processor.py:743} INFO - Processing file /Users/b/Documents/workflow/venv/lib/python3.11/site-packages/airflow/example_dags/example_dag_decorator.py for tasks to queue
[2023-10-15T15:24:05.519+0100] {logging_mixin.py:137} INFO - [2023-10-15T15:24:05.519+0100] {dagbag.py:532} INFO - Filling up the DagBag from /Users/b/Documents/workflow/venv/lib/python3.11/site-packages/airflow/example_dags/example_dag_decorator.py
[2023-10-15T15:24:05.578+0100] {logging_mixin.py:137} INFO - [2023-10-15T15:24:05.578+0100] {taskmixin.py:211} WARNING - Dependency <Task(_PythonDecoratedOperator): prepare_email>, send_email already registered for DAG: example_dag_decorator
[2023-10-15T15:24:05.579+0100] {logging_mixin.py:137} INFO - [2023-10-15T15:24:05.578+0100] {taskmixin.py:211} WARNING - Dependency <Task(EmailOperator): send_email>, prepare_email already registered for DAG: example_dag_decorator
[2023-10-15T15:24:05.614+0100] {processor.py:753} INFO - DAG(s) dict_keys(['example_dag_decorator']) retrieved from /Users/b/Documents/workflow/venv/lib/python3.11/site-packages/airflow/example_dags/example_dag_decorator.py
[2023-10-15T15:24:05.754+0100] {logging_mixin.py:137} INFO - [2023-10-15T15:24:05.754+0100] {dag.py:2705} INFO - Sync 1 DAGs
[2023-10-15T15:24:05.759+0100] {logging_mixin.py:137} INFO - [2023-10-15T15:24:05.759+0100] {dag.py:3452} INFO - Setting next_dagrun for example_dag_decorator to None, run_after=None
[2023-10-15T15:24:05.765+0100] {processor.py:175} INFO - Processing /Users/b/Documents/workflow/venv/lib/python3.11/site-packages/airflow/example_dags/example_dag_decorator.py took 0.249 seconds
[2023-10-15T15:25:10.623+0100] {processor.py:153} INFO - Started process (PID=31581) to work on /Users/b/Documents/workflow/venv/lib/python3.11/site-packages/airflow/example_dags/example_dag_decorator.py
[2023-10-15T15:25:10.625+0100] {processor.py:743} INFO - Processing file /Users/b/Documents/workflow/venv/lib/python3.11/site-packages/airflow/example_dags/example_dag_decorator.py for tasks to queue
[2023-10-15T15:25:10.625+0100] {logging_mixin.py:137} INFO - [2023-10-15T15:25:10.625+0100] {dagbag.py:532} INFO - Filling up the DagBag from /Users/b/Documents/workflow/venv/lib/python3.11/site-packages/airflow/example_dags/example_dag_decorator.py
[2023-10-15T15:25:10.684+0100] {logging_mixin.py:137} INFO - [2023-10-15T15:25:10.684+0100] {taskmixin.py:211} WARNING - Dependency <Task(_PythonDecoratedOperator): prepare_email>, send_email already registered for DAG: example_dag_decorator
[2023-10-15T15:25:10.685+0100] {logging_mixin.py:137} INFO - [2023-10-15T15:25:10.685+0100] {taskmixin.py:211} WARNING - Dependency <Task(EmailOperator): send_email>, prepare_email already registered for DAG: example_dag_decorator
[2023-10-15T15:25:10.719+0100] {processor.py:753} INFO - DAG(s) dict_keys(['example_dag_decorator']) retrieved from /Users/b/Documents/workflow/venv/lib/python3.11/site-packages/airflow/example_dags/example_dag_decorator.py
[2023-10-15T15:25:10.862+0100] {logging_mixin.py:137} INFO - [2023-10-15T15:25:10.862+0100] {dag.py:2705} INFO - Sync 1 DAGs
[2023-10-15T15:25:10.868+0100] {logging_mixin.py:137} INFO - [2023-10-15T15:25:10.868+0100] {dag.py:3452} INFO - Setting next_dagrun for example_dag_decorator to None, run_after=None
[2023-10-15T15:25:10.879+0100] {processor.py:175} INFO - Processing /Users/b/Documents/workflow/venv/lib/python3.11/site-packages/airflow/example_dags/example_dag_decorator.py took 0.257 seconds
[2023-10-15T15:26:15.768+0100] {processor.py:153} INFO - Started process (PID=31706) to work on /Users/b/Documents/workflow/venv/lib/python3.11/site-packages/airflow/example_dags/example_dag_decorator.py
[2023-10-15T15:26:15.771+0100] {processor.py:743} INFO - Processing file /Users/b/Documents/workflow/venv/lib/python3.11/site-packages/airflow/example_dags/example_dag_decorator.py for tasks to queue
[2023-10-15T15:26:15.772+0100] {logging_mixin.py:137} INFO - [2023-10-15T15:26:15.772+0100] {dagbag.py:532} INFO - Filling up the DagBag from /Users/b/Documents/workflow/venv/lib/python3.11/site-packages/airflow/example_dags/example_dag_decorator.py
[2023-10-15T15:26:15.836+0100] {logging_mixin.py:137} INFO - [2023-10-15T15:26:15.836+0100] {taskmixin.py:211} WARNING - Dependency <Task(_PythonDecoratedOperator): prepare_email>, send_email already registered for DAG: example_dag_decorator
[2023-10-15T15:26:15.836+0100] {logging_mixin.py:137} INFO - [2023-10-15T15:26:15.836+0100] {taskmixin.py:211} WARNING - Dependency <Task(EmailOperator): send_email>, prepare_email already registered for DAG: example_dag_decorator
[2023-10-15T15:26:15.871+0100] {processor.py:753} INFO - DAG(s) dict_keys(['example_dag_decorator']) retrieved from /Users/b/Documents/workflow/venv/lib/python3.11/site-packages/airflow/example_dags/example_dag_decorator.py
[2023-10-15T15:26:16.002+0100] {logging_mixin.py:137} INFO - [2023-10-15T15:26:16.002+0100] {dag.py:2705} INFO - Sync 1 DAGs
[2023-10-15T15:26:16.007+0100] {logging_mixin.py:137} INFO - [2023-10-15T15:26:16.007+0100] {dag.py:3452} INFO - Setting next_dagrun for example_dag_decorator to None, run_after=None
[2023-10-15T15:26:16.026+0100] {processor.py:175} INFO - Processing /Users/b/Documents/workflow/venv/lib/python3.11/site-packages/airflow/example_dags/example_dag_decorator.py took 0.258 seconds
[2023-10-15T15:27:20.157+0100] {processor.py:153} INFO - Started process (PID=31818) to work on /Users/b/Documents/workflow/venv/lib/python3.11/site-packages/airflow/example_dags/example_dag_decorator.py
[2023-10-15T15:27:20.159+0100] {processor.py:743} INFO - Processing file /Users/b/Documents/workflow/venv/lib/python3.11/site-packages/airflow/example_dags/example_dag_decorator.py for tasks to queue
[2023-10-15T15:27:20.159+0100] {logging_mixin.py:137} INFO - [2023-10-15T15:27:20.159+0100] {dagbag.py:532} INFO - Filling up the DagBag from /Users/b/Documents/workflow/venv/lib/python3.11/site-packages/airflow/example_dags/example_dag_decorator.py
[2023-10-15T15:27:20.219+0100] {logging_mixin.py:137} INFO - [2023-10-15T15:27:20.219+0100] {taskmixin.py:211} WARNING - Dependency <Task(_PythonDecoratedOperator): prepare_email>, send_email already registered for DAG: example_dag_decorator
[2023-10-15T15:27:20.219+0100] {logging_mixin.py:137} INFO - [2023-10-15T15:27:20.219+0100] {taskmixin.py:211} WARNING - Dependency <Task(EmailOperator): send_email>, prepare_email already registered for DAG: example_dag_decorator
[2023-10-15T15:27:20.254+0100] {processor.py:753} INFO - DAG(s) dict_keys(['example_dag_decorator']) retrieved from /Users/b/Documents/workflow/venv/lib/python3.11/site-packages/airflow/example_dags/example_dag_decorator.py
[2023-10-15T15:27:20.385+0100] {logging_mixin.py:137} INFO - [2023-10-15T15:27:20.385+0100] {dag.py:2705} INFO - Sync 1 DAGs
[2023-10-15T15:27:20.390+0100] {logging_mixin.py:137} INFO - [2023-10-15T15:27:20.390+0100] {dag.py:3452} INFO - Setting next_dagrun for example_dag_decorator to None, run_after=None
[2023-10-15T15:27:20.397+0100] {processor.py:175} INFO - Processing /Users/b/Documents/workflow/venv/lib/python3.11/site-packages/airflow/example_dags/example_dag_decorator.py took 0.241 seconds
[2023-10-15T15:28:23.583+0100] {processor.py:153} INFO - Started process (PID=31927) to work on /Users/b/Documents/workflow/venv/lib/python3.11/site-packages/airflow/example_dags/example_dag_decorator.py
[2023-10-15T15:28:23.585+0100] {processor.py:743} INFO - Processing file /Users/b/Documents/workflow/venv/lib/python3.11/site-packages/airflow/example_dags/example_dag_decorator.py for tasks to queue
[2023-10-15T15:28:23.586+0100] {logging_mixin.py:137} INFO - [2023-10-15T15:28:23.586+0100] {dagbag.py:532} INFO - Filling up the DagBag from /Users/b/Documents/workflow/venv/lib/python3.11/site-packages/airflow/example_dags/example_dag_decorator.py
[2023-10-15T15:28:23.674+0100] {logging_mixin.py:137} INFO - [2023-10-15T15:28:23.674+0100] {taskmixin.py:211} WARNING - Dependency <Task(_PythonDecoratedOperator): prepare_email>, send_email already registered for DAG: example_dag_decorator
[2023-10-15T15:28:23.674+0100] {logging_mixin.py:137} INFO - [2023-10-15T15:28:23.674+0100] {taskmixin.py:211} WARNING - Dependency <Task(EmailOperator): send_email>, prepare_email already registered for DAG: example_dag_decorator
[2023-10-15T15:28:23.711+0100] {processor.py:753} INFO - DAG(s) dict_keys(['example_dag_decorator']) retrieved from /Users/b/Documents/workflow/venv/lib/python3.11/site-packages/airflow/example_dags/example_dag_decorator.py
[2023-10-15T15:28:23.847+0100] {logging_mixin.py:137} INFO - [2023-10-15T15:28:23.847+0100] {dag.py:2705} INFO - Sync 1 DAGs
[2023-10-15T15:28:23.852+0100] {logging_mixin.py:137} INFO - [2023-10-15T15:28:23.852+0100] {dag.py:3452} INFO - Setting next_dagrun for example_dag_decorator to None, run_after=None
[2023-10-15T15:28:23.859+0100] {processor.py:175} INFO - Processing /Users/b/Documents/workflow/venv/lib/python3.11/site-packages/airflow/example_dags/example_dag_decorator.py took 0.276 seconds
[2023-10-15T15:29:28.823+0100] {processor.py:153} INFO - Started process (PID=32049) to work on /Users/b/Documents/workflow/venv/lib/python3.11/site-packages/airflow/example_dags/example_dag_decorator.py
[2023-10-15T15:29:28.826+0100] {processor.py:743} INFO - Processing file /Users/b/Documents/workflow/venv/lib/python3.11/site-packages/airflow/example_dags/example_dag_decorator.py for tasks to queue
[2023-10-15T15:29:28.826+0100] {logging_mixin.py:137} INFO - [2023-10-15T15:29:28.826+0100] {dagbag.py:532} INFO - Filling up the DagBag from /Users/b/Documents/workflow/venv/lib/python3.11/site-packages/airflow/example_dags/example_dag_decorator.py
[2023-10-15T15:29:28.889+0100] {logging_mixin.py:137} INFO - [2023-10-15T15:29:28.889+0100] {taskmixin.py:211} WARNING - Dependency <Task(_PythonDecoratedOperator): prepare_email>, send_email already registered for DAG: example_dag_decorator
[2023-10-15T15:29:28.889+0100] {logging_mixin.py:137} INFO - [2023-10-15T15:29:28.889+0100] {taskmixin.py:211} WARNING - Dependency <Task(EmailOperator): send_email>, prepare_email already registered for DAG: example_dag_decorator
[2023-10-15T15:29:28.928+0100] {processor.py:753} INFO - DAG(s) dict_keys(['example_dag_decorator']) retrieved from /Users/b/Documents/workflow/venv/lib/python3.11/site-packages/airflow/example_dags/example_dag_decorator.py
[2023-10-15T15:29:29.059+0100] {logging_mixin.py:137} INFO - [2023-10-15T15:29:29.059+0100] {dag.py:2705} INFO - Sync 1 DAGs
[2023-10-15T15:29:29.064+0100] {logging_mixin.py:137} INFO - [2023-10-15T15:29:29.064+0100] {dag.py:3452} INFO - Setting next_dagrun for example_dag_decorator to None, run_after=None
[2023-10-15T15:29:29.071+0100] {processor.py:175} INFO - Processing /Users/b/Documents/workflow/venv/lib/python3.11/site-packages/airflow/example_dags/example_dag_decorator.py took 0.248 seconds
[2023-10-15T15:30:32.938+0100] {processor.py:153} INFO - Started process (PID=32175) to work on /Users/b/Documents/workflow/venv/lib/python3.11/site-packages/airflow/example_dags/example_dag_decorator.py
[2023-10-15T15:30:32.941+0100] {processor.py:743} INFO - Processing file /Users/b/Documents/workflow/venv/lib/python3.11/site-packages/airflow/example_dags/example_dag_decorator.py for tasks to queue
[2023-10-15T15:30:32.941+0100] {logging_mixin.py:137} INFO - [2023-10-15T15:30:32.941+0100] {dagbag.py:532} INFO - Filling up the DagBag from /Users/b/Documents/workflow/venv/lib/python3.11/site-packages/airflow/example_dags/example_dag_decorator.py
[2023-10-15T15:30:33.000+0100] {logging_mixin.py:137} INFO - [2023-10-15T15:30:33.000+0100] {taskmixin.py:211} WARNING - Dependency <Task(_PythonDecoratedOperator): prepare_email>, send_email already registered for DAG: example_dag_decorator
[2023-10-15T15:30:33.000+0100] {logging_mixin.py:137} INFO - [2023-10-15T15:30:33.000+0100] {taskmixin.py:211} WARNING - Dependency <Task(EmailOperator): send_email>, prepare_email already registered for DAG: example_dag_decorator
[2023-10-15T15:30:33.034+0100] {processor.py:753} INFO - DAG(s) dict_keys(['example_dag_decorator']) retrieved from /Users/b/Documents/workflow/venv/lib/python3.11/site-packages/airflow/example_dags/example_dag_decorator.py
[2023-10-15T15:30:33.161+0100] {logging_mixin.py:137} INFO - [2023-10-15T15:30:33.161+0100] {dag.py:2705} INFO - Sync 1 DAGs
[2023-10-15T15:30:33.167+0100] {logging_mixin.py:137} INFO - [2023-10-15T15:30:33.166+0100] {dag.py:3452} INFO - Setting next_dagrun for example_dag_decorator to None, run_after=None
[2023-10-15T15:30:33.174+0100] {processor.py:175} INFO - Processing /Users/b/Documents/workflow/venv/lib/python3.11/site-packages/airflow/example_dags/example_dag_decorator.py took 0.236 seconds
[2023-10-15T15:31:43.162+0100] {processor.py:153} INFO - Started process (PID=32304) to work on /Users/b/Documents/workflow/venv/lib/python3.11/site-packages/airflow/example_dags/example_dag_decorator.py
[2023-10-15T15:31:43.164+0100] {processor.py:743} INFO - Processing file /Users/b/Documents/workflow/venv/lib/python3.11/site-packages/airflow/example_dags/example_dag_decorator.py for tasks to queue
[2023-10-15T15:31:43.164+0100] {logging_mixin.py:137} INFO - [2023-10-15T15:31:43.164+0100] {dagbag.py:532} INFO - Filling up the DagBag from /Users/b/Documents/workflow/venv/lib/python3.11/site-packages/airflow/example_dags/example_dag_decorator.py
[2023-10-15T15:31:43.230+0100] {logging_mixin.py:137} INFO - [2023-10-15T15:31:43.230+0100] {taskmixin.py:211} WARNING - Dependency <Task(_PythonDecoratedOperator): prepare_email>, send_email already registered for DAG: example_dag_decorator
[2023-10-15T15:31:43.230+0100] {logging_mixin.py:137} INFO - [2023-10-15T15:31:43.230+0100] {taskmixin.py:211} WARNING - Dependency <Task(EmailOperator): send_email>, prepare_email already registered for DAG: example_dag_decorator
[2023-10-15T15:31:43.269+0100] {processor.py:753} INFO - DAG(s) dict_keys(['example_dag_decorator']) retrieved from /Users/b/Documents/workflow/venv/lib/python3.11/site-packages/airflow/example_dags/example_dag_decorator.py
[2023-10-15T15:31:43.407+0100] {logging_mixin.py:137} INFO - [2023-10-15T15:31:43.407+0100] {dag.py:2705} INFO - Sync 1 DAGs
[2023-10-15T15:31:43.413+0100] {logging_mixin.py:137} INFO - [2023-10-15T15:31:43.413+0100] {dag.py:3452} INFO - Setting next_dagrun for example_dag_decorator to None, run_after=None
[2023-10-15T15:31:43.420+0100] {processor.py:175} INFO - Processing /Users/b/Documents/workflow/venv/lib/python3.11/site-packages/airflow/example_dags/example_dag_decorator.py took 0.259 seconds
[2023-10-15T15:32:48.188+0100] {processor.py:153} INFO - Started process (PID=32437) to work on /Users/b/Documents/workflow/venv/lib/python3.11/site-packages/airflow/example_dags/example_dag_decorator.py
[2023-10-15T15:32:48.190+0100] {processor.py:743} INFO - Processing file /Users/b/Documents/workflow/venv/lib/python3.11/site-packages/airflow/example_dags/example_dag_decorator.py for tasks to queue
[2023-10-15T15:32:48.191+0100] {logging_mixin.py:137} INFO - [2023-10-15T15:32:48.191+0100] {dagbag.py:532} INFO - Filling up the DagBag from /Users/b/Documents/workflow/venv/lib/python3.11/site-packages/airflow/example_dags/example_dag_decorator.py
[2023-10-15T15:32:48.254+0100] {logging_mixin.py:137} INFO - [2023-10-15T15:32:48.254+0100] {taskmixin.py:211} WARNING - Dependency <Task(_PythonDecoratedOperator): prepare_email>, send_email already registered for DAG: example_dag_decorator
[2023-10-15T15:32:48.254+0100] {logging_mixin.py:137} INFO - [2023-10-15T15:32:48.254+0100] {taskmixin.py:211} WARNING - Dependency <Task(EmailOperator): send_email>, prepare_email already registered for DAG: example_dag_decorator
[2023-10-15T15:32:48.290+0100] {processor.py:753} INFO - DAG(s) dict_keys(['example_dag_decorator']) retrieved from /Users/b/Documents/workflow/venv/lib/python3.11/site-packages/airflow/example_dags/example_dag_decorator.py
[2023-10-15T15:32:48.422+0100] {logging_mixin.py:137} INFO - [2023-10-15T15:32:48.422+0100] {dag.py:2705} INFO - Sync 1 DAGs
[2023-10-15T15:32:48.427+0100] {logging_mixin.py:137} INFO - [2023-10-15T15:32:48.427+0100] {dag.py:3452} INFO - Setting next_dagrun for example_dag_decorator to None, run_after=None
[2023-10-15T15:32:48.436+0100] {processor.py:175} INFO - Processing /Users/b/Documents/workflow/venv/lib/python3.11/site-packages/airflow/example_dags/example_dag_decorator.py took 0.249 seconds
