[2023-10-15T15:11:46.290+0100] {processor.py:153} INFO - Started process (PID=29450) to work on /Users/b/Documents/workflow/venv/lib/python3.11/site-packages/airflow/example_dags/example_short_circuit_decorator.py
[2023-10-15T15:11:46.292+0100] {processor.py:743} INFO - Processing file /Users/b/Documents/workflow/venv/lib/python3.11/site-packages/airflow/example_dags/example_short_circuit_decorator.py for tasks to queue
[2023-10-15T15:11:46.292+0100] {logging_mixin.py:137} INFO - [2023-10-15T15:11:46.292+0100] {dagbag.py:532} INFO - Filling up the DagBag from /Users/b/Documents/workflow/venv/lib/python3.11/site-packages/airflow/example_dags/example_short_circuit_decorator.py
[2023-10-15T15:11:46.309+0100] {processor.py:753} INFO - DAG(s) dict_keys(['example_short_circuit_decorator']) retrieved from /Users/b/Documents/workflow/venv/lib/python3.11/site-packages/airflow/example_dags/example_short_circuit_decorator.py
[2023-10-15T15:11:46.498+0100] {logging_mixin.py:137} INFO - [2023-10-15T15:11:46.497+0100] {manager.py:504} INFO - Created Permission View: can read on DAG:example_short_circuit_decorator
[2023-10-15T15:11:46.501+0100] {logging_mixin.py:137} INFO - [2023-10-15T15:11:46.501+0100] {manager.py:504} INFO - Created Permission View: can delete on DAG:example_short_circuit_decorator
[2023-10-15T15:11:46.503+0100] {logging_mixin.py:137} INFO - [2023-10-15T15:11:46.503+0100] {manager.py:504} INFO - Created Permission View: can edit on DAG:example_short_circuit_decorator
[2023-10-15T15:11:46.503+0100] {logging_mixin.py:137} INFO - [2023-10-15T15:11:46.503+0100] {dag.py:2705} INFO - Sync 1 DAGs
[2023-10-15T15:11:46.506+0100] {logging_mixin.py:137} INFO - [2023-10-15T15:11:46.506+0100] {dag.py:2726} INFO - Creating ORM DAG for example_short_circuit_decorator
[2023-10-15T15:11:46.509+0100] {logging_mixin.py:137} INFO - [2023-10-15T15:11:46.509+0100] {dag.py:3452} INFO - Setting next_dagrun for example_short_circuit_decorator to 2023-10-14T14:11:46.509315+00:00, run_after=2023-10-15T14:11:46.509315+00:00
[2023-10-15T15:11:46.515+0100] {processor.py:175} INFO - Processing /Users/b/Documents/workflow/venv/lib/python3.11/site-packages/airflow/example_dags/example_short_circuit_decorator.py took 0.225 seconds
[2023-10-15T15:12:55.254+0100] {processor.py:153} INFO - Started process (PID=29729) to work on /Users/b/Documents/workflow/venv/lib/python3.11/site-packages/airflow/example_dags/example_short_circuit_decorator.py
[2023-10-15T15:12:55.257+0100] {processor.py:743} INFO - Processing file /Users/b/Documents/workflow/venv/lib/python3.11/site-packages/airflow/example_dags/example_short_circuit_decorator.py for tasks to queue
[2023-10-15T15:12:55.257+0100] {logging_mixin.py:137} INFO - [2023-10-15T15:12:55.257+0100] {dagbag.py:532} INFO - Filling up the DagBag from /Users/b/Documents/workflow/venv/lib/python3.11/site-packages/airflow/example_dags/example_short_circuit_decorator.py
[2023-10-15T15:12:55.276+0100] {processor.py:753} INFO - DAG(s) dict_keys(['example_short_circuit_decorator']) retrieved from /Users/b/Documents/workflow/venv/lib/python3.11/site-packages/airflow/example_dags/example_short_circuit_decorator.py
[2023-10-15T15:12:55.461+0100] {logging_mixin.py:137} INFO - [2023-10-15T15:12:55.461+0100] {dag.py:2705} INFO - Sync 1 DAGs
[2023-10-15T15:12:55.468+0100] {logging_mixin.py:137} INFO - [2023-10-15T15:12:55.468+0100] {dag.py:3452} INFO - Setting next_dagrun for example_short_circuit_decorator to 2023-10-14T14:12:55.468145+00:00, run_after=2023-10-15T14:12:55.468145+00:00
[2023-10-15T15:12:55.475+0100] {processor.py:175} INFO - Processing /Users/b/Documents/workflow/venv/lib/python3.11/site-packages/airflow/example_dags/example_short_circuit_decorator.py took 0.221 seconds
[2023-10-15T15:13:59.222+0100] {processor.py:153} INFO - Started process (PID=30145) to work on /Users/b/Documents/workflow/venv/lib/python3.11/site-packages/airflow/example_dags/example_short_circuit_decorator.py
[2023-10-15T15:13:59.224+0100] {processor.py:743} INFO - Processing file /Users/b/Documents/workflow/venv/lib/python3.11/site-packages/airflow/example_dags/example_short_circuit_decorator.py for tasks to queue
[2023-10-15T15:13:59.224+0100] {logging_mixin.py:137} INFO - [2023-10-15T15:13:59.224+0100] {dagbag.py:532} INFO - Filling up the DagBag from /Users/b/Documents/workflow/venv/lib/python3.11/site-packages/airflow/example_dags/example_short_circuit_decorator.py
[2023-10-15T15:13:59.240+0100] {processor.py:753} INFO - DAG(s) dict_keys(['example_short_circuit_decorator']) retrieved from /Users/b/Documents/workflow/venv/lib/python3.11/site-packages/airflow/example_dags/example_short_circuit_decorator.py
[2023-10-15T15:13:59.389+0100] {logging_mixin.py:137} INFO - [2023-10-15T15:13:59.389+0100] {dag.py:2705} INFO - Sync 1 DAGs
[2023-10-15T15:13:59.395+0100] {logging_mixin.py:137} INFO - [2023-10-15T15:13:59.395+0100] {dag.py:3452} INFO - Setting next_dagrun for example_short_circuit_decorator to 2023-10-14T14:13:59.395383+00:00, run_after=2023-10-15T14:13:59.395383+00:00
[2023-10-15T15:13:59.401+0100] {processor.py:175} INFO - Processing /Users/b/Documents/workflow/venv/lib/python3.11/site-packages/airflow/example_dags/example_short_circuit_decorator.py took 0.179 seconds
[2023-10-15T15:15:04.557+0100] {processor.py:153} INFO - Started process (PID=30291) to work on /Users/b/Documents/workflow/venv/lib/python3.11/site-packages/airflow/example_dags/example_short_circuit_decorator.py
[2023-10-15T15:15:04.560+0100] {processor.py:743} INFO - Processing file /Users/b/Documents/workflow/venv/lib/python3.11/site-packages/airflow/example_dags/example_short_circuit_decorator.py for tasks to queue
[2023-10-15T15:15:04.560+0100] {logging_mixin.py:137} INFO - [2023-10-15T15:15:04.560+0100] {dagbag.py:532} INFO - Filling up the DagBag from /Users/b/Documents/workflow/venv/lib/python3.11/site-packages/airflow/example_dags/example_short_circuit_decorator.py
[2023-10-15T15:15:04.581+0100] {processor.py:753} INFO - DAG(s) dict_keys(['example_short_circuit_decorator']) retrieved from /Users/b/Documents/workflow/venv/lib/python3.11/site-packages/airflow/example_dags/example_short_circuit_decorator.py
[2023-10-15T15:15:04.754+0100] {logging_mixin.py:137} INFO - [2023-10-15T15:15:04.754+0100] {dag.py:2705} INFO - Sync 1 DAGs
[2023-10-15T15:15:04.761+0100] {logging_mixin.py:137} INFO - [2023-10-15T15:15:04.761+0100] {dag.py:3452} INFO - Setting next_dagrun for example_short_circuit_decorator to 2023-10-14T14:15:04.761625+00:00, run_after=2023-10-15T14:15:04.761625+00:00
[2023-10-15T15:15:04.770+0100] {processor.py:175} INFO - Processing /Users/b/Documents/workflow/venv/lib/python3.11/site-packages/airflow/example_dags/example_short_circuit_decorator.py took 0.213 seconds
[2023-10-15T15:16:06.699+0100] {processor.py:153} INFO - Started process (PID=30403) to work on /Users/b/Documents/workflow/venv/lib/python3.11/site-packages/airflow/example_dags/example_short_circuit_decorator.py
[2023-10-15T15:16:06.702+0100] {processor.py:743} INFO - Processing file /Users/b/Documents/workflow/venv/lib/python3.11/site-packages/airflow/example_dags/example_short_circuit_decorator.py for tasks to queue
[2023-10-15T15:16:06.702+0100] {logging_mixin.py:137} INFO - [2023-10-15T15:16:06.702+0100] {dagbag.py:532} INFO - Filling up the DagBag from /Users/b/Documents/workflow/venv/lib/python3.11/site-packages/airflow/example_dags/example_short_circuit_decorator.py
[2023-10-15T15:16:06.719+0100] {processor.py:753} INFO - DAG(s) dict_keys(['example_short_circuit_decorator']) retrieved from /Users/b/Documents/workflow/venv/lib/python3.11/site-packages/airflow/example_dags/example_short_circuit_decorator.py
[2023-10-15T15:16:06.883+0100] {logging_mixin.py:137} INFO - [2023-10-15T15:16:06.883+0100] {dag.py:2705} INFO - Sync 1 DAGs
[2023-10-15T15:16:06.890+0100] {logging_mixin.py:137} INFO - [2023-10-15T15:16:06.890+0100] {dag.py:3452} INFO - Setting next_dagrun for example_short_circuit_decorator to 2023-10-14T14:16:06.890283+00:00, run_after=2023-10-15T14:16:06.890283+00:00
[2023-10-15T15:16:06.897+0100] {processor.py:175} INFO - Processing /Users/b/Documents/workflow/venv/lib/python3.11/site-packages/airflow/example_dags/example_short_circuit_decorator.py took 0.198 seconds
[2023-10-15T15:20:27.397+0100] {processor.py:153} INFO - Started process (PID=30888) to work on /Users/b/Documents/workflow/venv/lib/python3.11/site-packages/airflow/example_dags/example_short_circuit_decorator.py
[2023-10-15T15:20:27.402+0100] {processor.py:743} INFO - Processing file /Users/b/Documents/workflow/venv/lib/python3.11/site-packages/airflow/example_dags/example_short_circuit_decorator.py for tasks to queue
[2023-10-15T15:20:27.402+0100] {logging_mixin.py:137} INFO - [2023-10-15T15:20:27.402+0100] {dagbag.py:532} INFO - Filling up the DagBag from /Users/b/Documents/workflow/venv/lib/python3.11/site-packages/airflow/example_dags/example_short_circuit_decorator.py
[2023-10-15T15:20:27.421+0100] {processor.py:753} INFO - DAG(s) dict_keys(['example_short_circuit_decorator']) retrieved from /Users/b/Documents/workflow/venv/lib/python3.11/site-packages/airflow/example_dags/example_short_circuit_decorator.py
[2023-10-15T15:20:27.606+0100] {logging_mixin.py:137} INFO - [2023-10-15T15:20:27.606+0100] {dag.py:2705} INFO - Sync 1 DAGs
[2023-10-15T15:20:27.612+0100] {logging_mixin.py:137} INFO - [2023-10-15T15:20:27.612+0100] {dag.py:3452} INFO - Setting next_dagrun for example_short_circuit_decorator to 2023-10-14T14:20:27.612486+00:00, run_after=2023-10-15T14:20:27.612486+00:00
[2023-10-15T15:20:27.619+0100] {processor.py:175} INFO - Processing /Users/b/Documents/workflow/venv/lib/python3.11/site-packages/airflow/example_dags/example_short_circuit_decorator.py took 0.222 seconds
[2023-10-15T15:21:37.989+0100] {processor.py:153} INFO - Started process (PID=31117) to work on /Users/b/Documents/workflow/venv/lib/python3.11/site-packages/airflow/example_dags/example_short_circuit_decorator.py
[2023-10-15T15:21:37.991+0100] {processor.py:743} INFO - Processing file /Users/b/Documents/workflow/venv/lib/python3.11/site-packages/airflow/example_dags/example_short_circuit_decorator.py for tasks to queue
[2023-10-15T15:21:37.992+0100] {logging_mixin.py:137} INFO - [2023-10-15T15:21:37.992+0100] {dagbag.py:532} INFO - Filling up the DagBag from /Users/b/Documents/workflow/venv/lib/python3.11/site-packages/airflow/example_dags/example_short_circuit_decorator.py
[2023-10-15T15:21:38.007+0100] {processor.py:753} INFO - DAG(s) dict_keys(['example_short_circuit_decorator']) retrieved from /Users/b/Documents/workflow/venv/lib/python3.11/site-packages/airflow/example_dags/example_short_circuit_decorator.py
[2023-10-15T15:21:38.156+0100] {logging_mixin.py:137} INFO - [2023-10-15T15:21:38.156+0100] {dag.py:2705} INFO - Sync 1 DAGs
[2023-10-15T15:21:38.162+0100] {logging_mixin.py:137} INFO - [2023-10-15T15:21:38.162+0100] {dag.py:3452} INFO - Setting next_dagrun for example_short_circuit_decorator to 2023-10-14T14:21:38.162280+00:00, run_after=2023-10-15T14:21:38.162280+00:00
[2023-10-15T15:21:38.168+0100] {processor.py:175} INFO - Processing /Users/b/Documents/workflow/venv/lib/python3.11/site-packages/airflow/example_dags/example_short_circuit_decorator.py took 0.179 seconds
[2023-10-15T15:22:39.355+0100] {processor.py:153} INFO - Started process (PID=31264) to work on /Users/b/Documents/workflow/venv/lib/python3.11/site-packages/airflow/example_dags/example_short_circuit_decorator.py
[2023-10-15T15:22:39.357+0100] {processor.py:743} INFO - Processing file /Users/b/Documents/workflow/venv/lib/python3.11/site-packages/airflow/example_dags/example_short_circuit_decorator.py for tasks to queue
[2023-10-15T15:22:39.357+0100] {logging_mixin.py:137} INFO - [2023-10-15T15:22:39.357+0100] {dagbag.py:532} INFO - Filling up the DagBag from /Users/b/Documents/workflow/venv/lib/python3.11/site-packages/airflow/example_dags/example_short_circuit_decorator.py
[2023-10-15T15:22:39.374+0100] {processor.py:753} INFO - DAG(s) dict_keys(['example_short_circuit_decorator']) retrieved from /Users/b/Documents/workflow/venv/lib/python3.11/site-packages/airflow/example_dags/example_short_circuit_decorator.py
[2023-10-15T15:22:39.529+0100] {logging_mixin.py:137} INFO - [2023-10-15T15:22:39.529+0100] {dag.py:2705} INFO - Sync 1 DAGs
[2023-10-15T15:22:39.536+0100] {logging_mixin.py:137} INFO - [2023-10-15T15:22:39.536+0100] {dag.py:3452} INFO - Setting next_dagrun for example_short_circuit_decorator to 2023-10-14T14:22:39.536456+00:00, run_after=2023-10-15T14:22:39.536456+00:00
[2023-10-15T15:22:39.542+0100] {processor.py:175} INFO - Processing /Users/b/Documents/workflow/venv/lib/python3.11/site-packages/airflow/example_dags/example_short_circuit_decorator.py took 0.188 seconds
[2023-10-15T15:23:43.666+0100] {processor.py:153} INFO - Started process (PID=31400) to work on /Users/b/Documents/workflow/venv/lib/python3.11/site-packages/airflow/example_dags/example_short_circuit_decorator.py
[2023-10-15T15:23:43.669+0100] {processor.py:743} INFO - Processing file /Users/b/Documents/workflow/venv/lib/python3.11/site-packages/airflow/example_dags/example_short_circuit_decorator.py for tasks to queue
[2023-10-15T15:23:43.669+0100] {logging_mixin.py:137} INFO - [2023-10-15T15:23:43.669+0100] {dagbag.py:532} INFO - Filling up the DagBag from /Users/b/Documents/workflow/venv/lib/python3.11/site-packages/airflow/example_dags/example_short_circuit_decorator.py
[2023-10-15T15:23:43.686+0100] {processor.py:753} INFO - DAG(s) dict_keys(['example_short_circuit_decorator']) retrieved from /Users/b/Documents/workflow/venv/lib/python3.11/site-packages/airflow/example_dags/example_short_circuit_decorator.py
[2023-10-15T15:23:43.847+0100] {logging_mixin.py:137} INFO - [2023-10-15T15:23:43.847+0100] {dag.py:2705} INFO - Sync 1 DAGs
[2023-10-15T15:23:43.853+0100] {logging_mixin.py:137} INFO - [2023-10-15T15:23:43.853+0100] {dag.py:3452} INFO - Setting next_dagrun for example_short_circuit_decorator to 2023-10-14T14:23:43.853599+00:00, run_after=2023-10-15T14:23:43.853599+00:00
[2023-10-15T15:23:43.860+0100] {processor.py:175} INFO - Processing /Users/b/Documents/workflow/venv/lib/python3.11/site-packages/airflow/example_dags/example_short_circuit_decorator.py took 0.194 seconds
[2023-10-15T15:24:48.895+0100] {processor.py:153} INFO - Started process (PID=31538) to work on /Users/b/Documents/workflow/venv/lib/python3.11/site-packages/airflow/example_dags/example_short_circuit_decorator.py
[2023-10-15T15:24:48.898+0100] {processor.py:743} INFO - Processing file /Users/b/Documents/workflow/venv/lib/python3.11/site-packages/airflow/example_dags/example_short_circuit_decorator.py for tasks to queue
[2023-10-15T15:24:48.898+0100] {logging_mixin.py:137} INFO - [2023-10-15T15:24:48.898+0100] {dagbag.py:532} INFO - Filling up the DagBag from /Users/b/Documents/workflow/venv/lib/python3.11/site-packages/airflow/example_dags/example_short_circuit_decorator.py
[2023-10-15T15:24:48.916+0100] {processor.py:753} INFO - DAG(s) dict_keys(['example_short_circuit_decorator']) retrieved from /Users/b/Documents/workflow/venv/lib/python3.11/site-packages/airflow/example_dags/example_short_circuit_decorator.py
[2023-10-15T15:24:49.076+0100] {logging_mixin.py:137} INFO - [2023-10-15T15:24:49.076+0100] {dag.py:2705} INFO - Sync 1 DAGs
[2023-10-15T15:24:49.082+0100] {logging_mixin.py:137} INFO - [2023-10-15T15:24:49.082+0100] {dag.py:3452} INFO - Setting next_dagrun for example_short_circuit_decorator to 2023-10-14T14:24:49.082630+00:00, run_after=2023-10-15T14:24:49.082630+00:00
[2023-10-15T15:24:49.089+0100] {processor.py:175} INFO - Processing /Users/b/Documents/workflow/venv/lib/python3.11/site-packages/airflow/example_dags/example_short_circuit_decorator.py took 0.194 seconds
[2023-10-15T15:25:54.204+0100] {processor.py:153} INFO - Started process (PID=31669) to work on /Users/b/Documents/workflow/venv/lib/python3.11/site-packages/airflow/example_dags/example_short_circuit_decorator.py
[2023-10-15T15:25:54.207+0100] {processor.py:743} INFO - Processing file /Users/b/Documents/workflow/venv/lib/python3.11/site-packages/airflow/example_dags/example_short_circuit_decorator.py for tasks to queue
[2023-10-15T15:25:54.207+0100] {logging_mixin.py:137} INFO - [2023-10-15T15:25:54.207+0100] {dagbag.py:532} INFO - Filling up the DagBag from /Users/b/Documents/workflow/venv/lib/python3.11/site-packages/airflow/example_dags/example_short_circuit_decorator.py
[2023-10-15T15:25:54.223+0100] {processor.py:753} INFO - DAG(s) dict_keys(['example_short_circuit_decorator']) retrieved from /Users/b/Documents/workflow/venv/lib/python3.11/site-packages/airflow/example_dags/example_short_circuit_decorator.py
[2023-10-15T15:25:54.376+0100] {logging_mixin.py:137} INFO - [2023-10-15T15:25:54.376+0100] {dag.py:2705} INFO - Sync 1 DAGs
[2023-10-15T15:25:54.382+0100] {logging_mixin.py:137} INFO - [2023-10-15T15:25:54.382+0100] {dag.py:3452} INFO - Setting next_dagrun for example_short_circuit_decorator to 2023-10-14T14:25:54.382091+00:00, run_after=2023-10-15T14:25:54.382091+00:00
[2023-10-15T15:25:54.388+0100] {processor.py:175} INFO - Processing /Users/b/Documents/workflow/venv/lib/python3.11/site-packages/airflow/example_dags/example_short_circuit_decorator.py took 0.185 seconds
[2023-10-15T15:26:58.068+0100] {processor.py:153} INFO - Started process (PID=31783) to work on /Users/b/Documents/workflow/venv/lib/python3.11/site-packages/airflow/example_dags/example_short_circuit_decorator.py
[2023-10-15T15:26:58.070+0100] {processor.py:743} INFO - Processing file /Users/b/Documents/workflow/venv/lib/python3.11/site-packages/airflow/example_dags/example_short_circuit_decorator.py for tasks to queue
[2023-10-15T15:26:58.070+0100] {logging_mixin.py:137} INFO - [2023-10-15T15:26:58.070+0100] {dagbag.py:532} INFO - Filling up the DagBag from /Users/b/Documents/workflow/venv/lib/python3.11/site-packages/airflow/example_dags/example_short_circuit_decorator.py
[2023-10-15T15:26:58.086+0100] {processor.py:753} INFO - DAG(s) dict_keys(['example_short_circuit_decorator']) retrieved from /Users/b/Documents/workflow/venv/lib/python3.11/site-packages/airflow/example_dags/example_short_circuit_decorator.py
[2023-10-15T15:26:58.238+0100] {logging_mixin.py:137} INFO - [2023-10-15T15:26:58.238+0100] {dag.py:2705} INFO - Sync 1 DAGs
[2023-10-15T15:26:58.244+0100] {logging_mixin.py:137} INFO - [2023-10-15T15:26:58.244+0100] {dag.py:3452} INFO - Setting next_dagrun for example_short_circuit_decorator to 2023-10-14T14:26:58.244214+00:00, run_after=2023-10-15T14:26:58.244214+00:00
[2023-10-15T15:26:58.250+0100] {processor.py:175} INFO - Processing /Users/b/Documents/workflow/venv/lib/python3.11/site-packages/airflow/example_dags/example_short_circuit_decorator.py took 0.183 seconds
[2023-10-15T15:28:02.012+0100] {processor.py:153} INFO - Started process (PID=31889) to work on /Users/b/Documents/workflow/venv/lib/python3.11/site-packages/airflow/example_dags/example_short_circuit_decorator.py
[2023-10-15T15:28:02.014+0100] {processor.py:743} INFO - Processing file /Users/b/Documents/workflow/venv/lib/python3.11/site-packages/airflow/example_dags/example_short_circuit_decorator.py for tasks to queue
[2023-10-15T15:28:02.014+0100] {logging_mixin.py:137} INFO - [2023-10-15T15:28:02.014+0100] {dagbag.py:532} INFO - Filling up the DagBag from /Users/b/Documents/workflow/venv/lib/python3.11/site-packages/airflow/example_dags/example_short_circuit_decorator.py
[2023-10-15T15:28:02.031+0100] {processor.py:753} INFO - DAG(s) dict_keys(['example_short_circuit_decorator']) retrieved from /Users/b/Documents/workflow/venv/lib/python3.11/site-packages/airflow/example_dags/example_short_circuit_decorator.py
[2023-10-15T15:28:02.210+0100] {logging_mixin.py:137} INFO - [2023-10-15T15:28:02.210+0100] {dag.py:2705} INFO - Sync 1 DAGs
[2023-10-15T15:28:02.218+0100] {logging_mixin.py:137} INFO - [2023-10-15T15:28:02.218+0100] {dag.py:3452} INFO - Setting next_dagrun for example_short_circuit_decorator to 2023-10-14T14:28:02.218490+00:00, run_after=2023-10-15T14:28:02.218490+00:00
[2023-10-15T15:28:02.226+0100] {processor.py:175} INFO - Processing /Users/b/Documents/workflow/venv/lib/python3.11/site-packages/airflow/example_dags/example_short_circuit_decorator.py took 0.215 seconds
[2023-10-15T15:29:07.534+0100] {processor.py:153} INFO - Started process (PID=32002) to work on /Users/b/Documents/workflow/venv/lib/python3.11/site-packages/airflow/example_dags/example_short_circuit_decorator.py
[2023-10-15T15:29:07.537+0100] {processor.py:743} INFO - Processing file /Users/b/Documents/workflow/venv/lib/python3.11/site-packages/airflow/example_dags/example_short_circuit_decorator.py for tasks to queue
[2023-10-15T15:29:07.538+0100] {logging_mixin.py:137} INFO - [2023-10-15T15:29:07.538+0100] {dagbag.py:532} INFO - Filling up the DagBag from /Users/b/Documents/workflow/venv/lib/python3.11/site-packages/airflow/example_dags/example_short_circuit_decorator.py
[2023-10-15T15:29:07.557+0100] {processor.py:753} INFO - DAG(s) dict_keys(['example_short_circuit_decorator']) retrieved from /Users/b/Documents/workflow/venv/lib/python3.11/site-packages/airflow/example_dags/example_short_circuit_decorator.py
[2023-10-15T15:29:07.710+0100] {logging_mixin.py:137} INFO - [2023-10-15T15:29:07.710+0100] {dag.py:2705} INFO - Sync 1 DAGs
[2023-10-15T15:29:07.715+0100] {logging_mixin.py:137} INFO - [2023-10-15T15:29:07.715+0100] {dag.py:3452} INFO - Setting next_dagrun for example_short_circuit_decorator to 2023-10-14T14:29:07.715855+00:00, run_after=2023-10-15T14:29:07.715855+00:00
[2023-10-15T15:29:07.722+0100] {processor.py:175} INFO - Processing /Users/b/Documents/workflow/venv/lib/python3.11/site-packages/airflow/example_dags/example_short_circuit_decorator.py took 0.188 seconds
[2023-10-15T15:30:11.385+0100] {processor.py:153} INFO - Started process (PID=32133) to work on /Users/b/Documents/workflow/venv/lib/python3.11/site-packages/airflow/example_dags/example_short_circuit_decorator.py
[2023-10-15T15:30:11.387+0100] {processor.py:743} INFO - Processing file /Users/b/Documents/workflow/venv/lib/python3.11/site-packages/airflow/example_dags/example_short_circuit_decorator.py for tasks to queue
[2023-10-15T15:30:11.387+0100] {logging_mixin.py:137} INFO - [2023-10-15T15:30:11.387+0100] {dagbag.py:532} INFO - Filling up the DagBag from /Users/b/Documents/workflow/venv/lib/python3.11/site-packages/airflow/example_dags/example_short_circuit_decorator.py
[2023-10-15T15:30:11.403+0100] {processor.py:753} INFO - DAG(s) dict_keys(['example_short_circuit_decorator']) retrieved from /Users/b/Documents/workflow/venv/lib/python3.11/site-packages/airflow/example_dags/example_short_circuit_decorator.py
[2023-10-15T15:30:11.556+0100] {logging_mixin.py:137} INFO - [2023-10-15T15:30:11.556+0100] {dag.py:2705} INFO - Sync 1 DAGs
[2023-10-15T15:30:11.562+0100] {logging_mixin.py:137} INFO - [2023-10-15T15:30:11.562+0100] {dag.py:3452} INFO - Setting next_dagrun for example_short_circuit_decorator to 2023-10-14T14:30:11.562265+00:00, run_after=2023-10-15T14:30:11.562265+00:00
[2023-10-15T15:30:11.568+0100] {processor.py:175} INFO - Processing /Users/b/Documents/workflow/venv/lib/python3.11/site-packages/airflow/example_dags/example_short_circuit_decorator.py took 0.184 seconds
[2023-10-15T15:31:19.307+0100] {processor.py:153} INFO - Started process (PID=32256) to work on /Users/b/Documents/workflow/venv/lib/python3.11/site-packages/airflow/example_dags/example_short_circuit_decorator.py
[2023-10-15T15:31:19.309+0100] {processor.py:743} INFO - Processing file /Users/b/Documents/workflow/venv/lib/python3.11/site-packages/airflow/example_dags/example_short_circuit_decorator.py for tasks to queue
[2023-10-15T15:31:19.310+0100] {logging_mixin.py:137} INFO - [2023-10-15T15:31:19.310+0100] {dagbag.py:532} INFO - Filling up the DagBag from /Users/b/Documents/workflow/venv/lib/python3.11/site-packages/airflow/example_dags/example_short_circuit_decorator.py
[2023-10-15T15:31:19.326+0100] {processor.py:753} INFO - DAG(s) dict_keys(['example_short_circuit_decorator']) retrieved from /Users/b/Documents/workflow/venv/lib/python3.11/site-packages/airflow/example_dags/example_short_circuit_decorator.py
[2023-10-15T15:31:19.477+0100] {logging_mixin.py:137} INFO - [2023-10-15T15:31:19.477+0100] {dag.py:2705} INFO - Sync 1 DAGs
[2023-10-15T15:31:19.482+0100] {logging_mixin.py:137} INFO - [2023-10-15T15:31:19.482+0100] {dag.py:3452} INFO - Setting next_dagrun for example_short_circuit_decorator to 2023-10-14T14:31:19.482783+00:00, run_after=2023-10-15T14:31:19.482783+00:00
[2023-10-15T15:31:19.489+0100] {processor.py:175} INFO - Processing /Users/b/Documents/workflow/venv/lib/python3.11/site-packages/airflow/example_dags/example_short_circuit_decorator.py took 0.183 seconds
[2023-10-15T15:32:25.319+0100] {processor.py:153} INFO - Started process (PID=32377) to work on /Users/b/Documents/workflow/venv/lib/python3.11/site-packages/airflow/example_dags/example_short_circuit_decorator.py
[2023-10-15T15:32:25.322+0100] {processor.py:743} INFO - Processing file /Users/b/Documents/workflow/venv/lib/python3.11/site-packages/airflow/example_dags/example_short_circuit_decorator.py for tasks to queue
[2023-10-15T15:32:25.322+0100] {logging_mixin.py:137} INFO - [2023-10-15T15:32:25.322+0100] {dagbag.py:532} INFO - Filling up the DagBag from /Users/b/Documents/workflow/venv/lib/python3.11/site-packages/airflow/example_dags/example_short_circuit_decorator.py
[2023-10-15T15:32:25.338+0100] {processor.py:753} INFO - DAG(s) dict_keys(['example_short_circuit_decorator']) retrieved from /Users/b/Documents/workflow/venv/lib/python3.11/site-packages/airflow/example_dags/example_short_circuit_decorator.py
[2023-10-15T15:32:25.498+0100] {logging_mixin.py:137} INFO - [2023-10-15T15:32:25.498+0100] {dag.py:2705} INFO - Sync 1 DAGs
[2023-10-15T15:32:25.504+0100] {logging_mixin.py:137} INFO - [2023-10-15T15:32:25.504+0100] {dag.py:3452} INFO - Setting next_dagrun for example_short_circuit_decorator to 2023-10-14T14:32:25.504603+00:00, run_after=2023-10-15T14:32:25.504603+00:00
[2023-10-15T15:32:25.517+0100] {processor.py:175} INFO - Processing /Users/b/Documents/workflow/venv/lib/python3.11/site-packages/airflow/example_dags/example_short_circuit_decorator.py took 0.198 seconds
