[2023-10-15T15:12:03.606+0100] {processor.py:153} INFO - Started process (PID=29484) to work on /Users/b/Documents/workflow/venv/lib/python3.11/site-packages/airflow/example_dags/example_dynamic_task_mapping.py
[2023-10-15T15:12:03.608+0100] {processor.py:743} INFO - Processing file /Users/b/Documents/workflow/venv/lib/python3.11/site-packages/airflow/example_dags/example_dynamic_task_mapping.py for tasks to queue
[2023-10-15T15:12:03.608+0100] {logging_mixin.py:137} INFO - [2023-10-15T15:12:03.608+0100] {dagbag.py:532} INFO - Filling up the DagBag from /Users/b/Documents/workflow/venv/lib/python3.11/site-packages/airflow/example_dags/example_dynamic_task_mapping.py
[2023-10-15T15:12:03.624+0100] {processor.py:753} INFO - DAG(s) dict_keys(['example_dynamic_task_mapping']) retrieved from /Users/b/Documents/workflow/venv/lib/python3.11/site-packages/airflow/example_dags/example_dynamic_task_mapping.py
[2023-10-15T15:12:03.803+0100] {logging_mixin.py:137} INFO - [2023-10-15T15:12:03.803+0100] {manager.py:504} INFO - Created Permission View: can edit on DAG:example_dynamic_task_mapping
[2023-10-15T15:12:03.805+0100] {logging_mixin.py:137} INFO - [2023-10-15T15:12:03.805+0100] {manager.py:504} INFO - Created Permission View: can read on DAG:example_dynamic_task_mapping
[2023-10-15T15:12:03.807+0100] {logging_mixin.py:137} INFO - [2023-10-15T15:12:03.807+0100] {manager.py:504} INFO - Created Permission View: can delete on DAG:example_dynamic_task_mapping
[2023-10-15T15:12:03.807+0100] {logging_mixin.py:137} INFO - [2023-10-15T15:12:03.807+0100] {dag.py:2705} INFO - Sync 1 DAGs
[2023-10-15T15:12:03.810+0100] {logging_mixin.py:137} INFO - [2023-10-15T15:12:03.810+0100] {dag.py:2726} INFO - Creating ORM DAG for example_dynamic_task_mapping
[2023-10-15T15:12:03.813+0100] {logging_mixin.py:137} INFO - [2023-10-15T15:12:03.813+0100] {dag.py:3452} INFO - Setting next_dagrun for example_dynamic_task_mapping to 2022-03-04T00:00:00+00:00, run_after=2022-03-05T00:00:00+00:00
[2023-10-15T15:12:03.818+0100] {processor.py:175} INFO - Processing /Users/b/Documents/workflow/venv/lib/python3.11/site-packages/airflow/example_dags/example_dynamic_task_mapping.py took 0.213 seconds
[2023-10-15T15:13:15.150+0100] {processor.py:153} INFO - Started process (PID=29888) to work on /Users/b/Documents/workflow/venv/lib/python3.11/site-packages/airflow/example_dags/example_dynamic_task_mapping.py
[2023-10-15T15:13:15.152+0100] {processor.py:743} INFO - Processing file /Users/b/Documents/workflow/venv/lib/python3.11/site-packages/airflow/example_dags/example_dynamic_task_mapping.py for tasks to queue
[2023-10-15T15:13:15.152+0100] {logging_mixin.py:137} INFO - [2023-10-15T15:13:15.152+0100] {dagbag.py:532} INFO - Filling up the DagBag from /Users/b/Documents/workflow/venv/lib/python3.11/site-packages/airflow/example_dags/example_dynamic_task_mapping.py
[2023-10-15T15:13:15.169+0100] {processor.py:753} INFO - DAG(s) dict_keys(['example_dynamic_task_mapping']) retrieved from /Users/b/Documents/workflow/venv/lib/python3.11/site-packages/airflow/example_dags/example_dynamic_task_mapping.py
[2023-10-15T15:13:15.337+0100] {logging_mixin.py:137} INFO - [2023-10-15T15:13:15.337+0100] {dag.py:2705} INFO - Sync 1 DAGs
[2023-10-15T15:13:15.343+0100] {logging_mixin.py:137} INFO - [2023-10-15T15:13:15.343+0100] {dag.py:3452} INFO - Setting next_dagrun for example_dynamic_task_mapping to 2022-03-04T00:00:00+00:00, run_after=2022-03-05T00:00:00+00:00
[2023-10-15T15:13:15.349+0100] {processor.py:175} INFO - Processing /Users/b/Documents/workflow/venv/lib/python3.11/site-packages/airflow/example_dags/example_dynamic_task_mapping.py took 0.200 seconds
[2023-10-15T15:14:18.270+0100] {processor.py:153} INFO - Started process (PID=30178) to work on /Users/b/Documents/workflow/venv/lib/python3.11/site-packages/airflow/example_dags/example_dynamic_task_mapping.py
[2023-10-15T15:14:18.272+0100] {processor.py:743} INFO - Processing file /Users/b/Documents/workflow/venv/lib/python3.11/site-packages/airflow/example_dags/example_dynamic_task_mapping.py for tasks to queue
[2023-10-15T15:14:18.272+0100] {logging_mixin.py:137} INFO - [2023-10-15T15:14:18.272+0100] {dagbag.py:532} INFO - Filling up the DagBag from /Users/b/Documents/workflow/venv/lib/python3.11/site-packages/airflow/example_dags/example_dynamic_task_mapping.py
[2023-10-15T15:14:18.291+0100] {processor.py:753} INFO - DAG(s) dict_keys(['example_dynamic_task_mapping']) retrieved from /Users/b/Documents/workflow/venv/lib/python3.11/site-packages/airflow/example_dags/example_dynamic_task_mapping.py
[2023-10-15T15:14:18.463+0100] {logging_mixin.py:137} INFO - [2023-10-15T15:14:18.463+0100] {dag.py:2705} INFO - Sync 1 DAGs
[2023-10-15T15:14:18.471+0100] {logging_mixin.py:137} INFO - [2023-10-15T15:14:18.471+0100] {dag.py:3452} INFO - Setting next_dagrun for example_dynamic_task_mapping to 2022-03-04T00:00:00+00:00, run_after=2022-03-05T00:00:00+00:00
[2023-10-15T15:14:18.477+0100] {processor.py:175} INFO - Processing /Users/b/Documents/workflow/venv/lib/python3.11/site-packages/airflow/example_dags/example_dynamic_task_mapping.py took 0.208 seconds
[2023-10-15T15:15:21.721+0100] {processor.py:153} INFO - Started process (PID=30319) to work on /Users/b/Documents/workflow/venv/lib/python3.11/site-packages/airflow/example_dags/example_dynamic_task_mapping.py
[2023-10-15T15:15:21.724+0100] {processor.py:743} INFO - Processing file /Users/b/Documents/workflow/venv/lib/python3.11/site-packages/airflow/example_dags/example_dynamic_task_mapping.py for tasks to queue
[2023-10-15T15:15:21.724+0100] {logging_mixin.py:137} INFO - [2023-10-15T15:15:21.724+0100] {dagbag.py:532} INFO - Filling up the DagBag from /Users/b/Documents/workflow/venv/lib/python3.11/site-packages/airflow/example_dags/example_dynamic_task_mapping.py
[2023-10-15T15:15:21.740+0100] {processor.py:753} INFO - DAG(s) dict_keys(['example_dynamic_task_mapping']) retrieved from /Users/b/Documents/workflow/venv/lib/python3.11/site-packages/airflow/example_dags/example_dynamic_task_mapping.py
[2023-10-15T15:15:21.888+0100] {logging_mixin.py:137} INFO - [2023-10-15T15:15:21.888+0100] {dag.py:2705} INFO - Sync 1 DAGs
[2023-10-15T15:15:21.894+0100] {logging_mixin.py:137} INFO - [2023-10-15T15:15:21.894+0100] {dag.py:3452} INFO - Setting next_dagrun for example_dynamic_task_mapping to 2022-03-04T00:00:00+00:00, run_after=2022-03-05T00:00:00+00:00
[2023-10-15T15:15:21.900+0100] {processor.py:175} INFO - Processing /Users/b/Documents/workflow/venv/lib/python3.11/site-packages/airflow/example_dags/example_dynamic_task_mapping.py took 0.179 seconds
[2023-10-15T15:20:47.976+0100] {processor.py:153} INFO - Started process (PID=30948) to work on /Users/b/Documents/workflow/venv/lib/python3.11/site-packages/airflow/example_dags/example_dynamic_task_mapping.py
[2023-10-15T15:20:47.978+0100] {processor.py:743} INFO - Processing file /Users/b/Documents/workflow/venv/lib/python3.11/site-packages/airflow/example_dags/example_dynamic_task_mapping.py for tasks to queue
[2023-10-15T15:20:47.979+0100] {logging_mixin.py:137} INFO - [2023-10-15T15:20:47.979+0100] {dagbag.py:532} INFO - Filling up the DagBag from /Users/b/Documents/workflow/venv/lib/python3.11/site-packages/airflow/example_dags/example_dynamic_task_mapping.py
[2023-10-15T15:20:47.994+0100] {processor.py:753} INFO - DAG(s) dict_keys(['example_dynamic_task_mapping']) retrieved from /Users/b/Documents/workflow/venv/lib/python3.11/site-packages/airflow/example_dags/example_dynamic_task_mapping.py
[2023-10-15T15:20:48.145+0100] {logging_mixin.py:137} INFO - [2023-10-15T15:20:48.144+0100] {dag.py:2705} INFO - Sync 1 DAGs
[2023-10-15T15:20:48.150+0100] {logging_mixin.py:137} INFO - [2023-10-15T15:20:48.150+0100] {dag.py:3452} INFO - Setting next_dagrun for example_dynamic_task_mapping to 2022-03-04T00:00:00+00:00, run_after=2022-03-05T00:00:00+00:00
[2023-10-15T15:20:48.157+0100] {processor.py:175} INFO - Processing /Users/b/Documents/workflow/venv/lib/python3.11/site-packages/airflow/example_dags/example_dynamic_task_mapping.py took 0.180 seconds
[2023-10-15T15:21:54.910+0100] {processor.py:153} INFO - Started process (PID=31164) to work on /Users/b/Documents/workflow/venv/lib/python3.11/site-packages/airflow/example_dags/example_dynamic_task_mapping.py
[2023-10-15T15:21:54.913+0100] {processor.py:743} INFO - Processing file /Users/b/Documents/workflow/venv/lib/python3.11/site-packages/airflow/example_dags/example_dynamic_task_mapping.py for tasks to queue
[2023-10-15T15:21:54.913+0100] {logging_mixin.py:137} INFO - [2023-10-15T15:21:54.913+0100] {dagbag.py:532} INFO - Filling up the DagBag from /Users/b/Documents/workflow/venv/lib/python3.11/site-packages/airflow/example_dags/example_dynamic_task_mapping.py
[2023-10-15T15:21:54.928+0100] {processor.py:753} INFO - DAG(s) dict_keys(['example_dynamic_task_mapping']) retrieved from /Users/b/Documents/workflow/venv/lib/python3.11/site-packages/airflow/example_dags/example_dynamic_task_mapping.py
[2023-10-15T15:21:55.078+0100] {logging_mixin.py:137} INFO - [2023-10-15T15:21:55.078+0100] {dag.py:2705} INFO - Sync 1 DAGs
[2023-10-15T15:21:55.084+0100] {logging_mixin.py:137} INFO - [2023-10-15T15:21:55.083+0100] {dag.py:3452} INFO - Setting next_dagrun for example_dynamic_task_mapping to 2022-03-04T00:00:00+00:00, run_after=2022-03-05T00:00:00+00:00
[2023-10-15T15:21:55.090+0100] {processor.py:175} INFO - Processing /Users/b/Documents/workflow/venv/lib/python3.11/site-packages/airflow/example_dags/example_dynamic_task_mapping.py took 0.179 seconds
[2023-10-15T15:22:57.520+0100] {processor.py:153} INFO - Started process (PID=31298) to work on /Users/b/Documents/workflow/venv/lib/python3.11/site-packages/airflow/example_dags/example_dynamic_task_mapping.py
[2023-10-15T15:22:57.522+0100] {processor.py:743} INFO - Processing file /Users/b/Documents/workflow/venv/lib/python3.11/site-packages/airflow/example_dags/example_dynamic_task_mapping.py for tasks to queue
[2023-10-15T15:22:57.523+0100] {logging_mixin.py:137} INFO - [2023-10-15T15:22:57.523+0100] {dagbag.py:532} INFO - Filling up the DagBag from /Users/b/Documents/workflow/venv/lib/python3.11/site-packages/airflow/example_dags/example_dynamic_task_mapping.py
[2023-10-15T15:22:57.540+0100] {processor.py:753} INFO - DAG(s) dict_keys(['example_dynamic_task_mapping']) retrieved from /Users/b/Documents/workflow/venv/lib/python3.11/site-packages/airflow/example_dags/example_dynamic_task_mapping.py
[2023-10-15T15:22:57.704+0100] {logging_mixin.py:137} INFO - [2023-10-15T15:22:57.704+0100] {dag.py:2705} INFO - Sync 1 DAGs
[2023-10-15T15:22:57.710+0100] {logging_mixin.py:137} INFO - [2023-10-15T15:22:57.710+0100] {dag.py:3452} INFO - Setting next_dagrun for example_dynamic_task_mapping to 2022-03-04T00:00:00+00:00, run_after=2022-03-05T00:00:00+00:00
[2023-10-15T15:22:57.716+0100] {processor.py:175} INFO - Processing /Users/b/Documents/workflow/venv/lib/python3.11/site-packages/airflow/example_dags/example_dynamic_task_mapping.py took 0.196 seconds
[2023-10-15T15:24:02.883+0100] {processor.py:153} INFO - Started process (PID=31446) to work on /Users/b/Documents/workflow/venv/lib/python3.11/site-packages/airflow/example_dags/example_dynamic_task_mapping.py
[2023-10-15T15:24:02.885+0100] {processor.py:743} INFO - Processing file /Users/b/Documents/workflow/venv/lib/python3.11/site-packages/airflow/example_dags/example_dynamic_task_mapping.py for tasks to queue
[2023-10-15T15:24:02.885+0100] {logging_mixin.py:137} INFO - [2023-10-15T15:24:02.885+0100] {dagbag.py:532} INFO - Filling up the DagBag from /Users/b/Documents/workflow/venv/lib/python3.11/site-packages/airflow/example_dags/example_dynamic_task_mapping.py
[2023-10-15T15:24:02.901+0100] {processor.py:753} INFO - DAG(s) dict_keys(['example_dynamic_task_mapping']) retrieved from /Users/b/Documents/workflow/venv/lib/python3.11/site-packages/airflow/example_dags/example_dynamic_task_mapping.py
[2023-10-15T15:24:03.050+0100] {logging_mixin.py:137} INFO - [2023-10-15T15:24:03.050+0100] {dag.py:2705} INFO - Sync 1 DAGs
[2023-10-15T15:24:03.056+0100] {logging_mixin.py:137} INFO - [2023-10-15T15:24:03.056+0100] {dag.py:3452} INFO - Setting next_dagrun for example_dynamic_task_mapping to 2022-03-04T00:00:00+00:00, run_after=2022-03-05T00:00:00+00:00
[2023-10-15T15:24:03.062+0100] {processor.py:175} INFO - Processing /Users/b/Documents/workflow/venv/lib/python3.11/site-packages/airflow/example_dags/example_dynamic_task_mapping.py took 0.180 seconds
[2023-10-15T15:25:07.199+0100] {processor.py:153} INFO - Started process (PID=31576) to work on /Users/b/Documents/workflow/venv/lib/python3.11/site-packages/airflow/example_dags/example_dynamic_task_mapping.py
[2023-10-15T15:25:07.201+0100] {processor.py:743} INFO - Processing file /Users/b/Documents/workflow/venv/lib/python3.11/site-packages/airflow/example_dags/example_dynamic_task_mapping.py for tasks to queue
[2023-10-15T15:25:07.201+0100] {logging_mixin.py:137} INFO - [2023-10-15T15:25:07.201+0100] {dagbag.py:532} INFO - Filling up the DagBag from /Users/b/Documents/workflow/venv/lib/python3.11/site-packages/airflow/example_dags/example_dynamic_task_mapping.py
[2023-10-15T15:25:07.218+0100] {processor.py:753} INFO - DAG(s) dict_keys(['example_dynamic_task_mapping']) retrieved from /Users/b/Documents/workflow/venv/lib/python3.11/site-packages/airflow/example_dags/example_dynamic_task_mapping.py
[2023-10-15T15:25:07.414+0100] {logging_mixin.py:137} INFO - [2023-10-15T15:25:07.413+0100] {dag.py:2705} INFO - Sync 1 DAGs
[2023-10-15T15:25:07.421+0100] {logging_mixin.py:137} INFO - [2023-10-15T15:25:07.421+0100] {dag.py:3452} INFO - Setting next_dagrun for example_dynamic_task_mapping to 2022-03-04T00:00:00+00:00, run_after=2022-03-05T00:00:00+00:00
[2023-10-15T15:25:07.428+0100] {processor.py:175} INFO - Processing /Users/b/Documents/workflow/venv/lib/python3.11/site-packages/airflow/example_dags/example_dynamic_task_mapping.py took 0.229 seconds
[2023-10-15T15:26:12.284+0100] {processor.py:153} INFO - Started process (PID=31700) to work on /Users/b/Documents/workflow/venv/lib/python3.11/site-packages/airflow/example_dags/example_dynamic_task_mapping.py
[2023-10-15T15:26:12.287+0100] {processor.py:743} INFO - Processing file /Users/b/Documents/workflow/venv/lib/python3.11/site-packages/airflow/example_dags/example_dynamic_task_mapping.py for tasks to queue
[2023-10-15T15:26:12.287+0100] {logging_mixin.py:137} INFO - [2023-10-15T15:26:12.287+0100] {dagbag.py:532} INFO - Filling up the DagBag from /Users/b/Documents/workflow/venv/lib/python3.11/site-packages/airflow/example_dags/example_dynamic_task_mapping.py
[2023-10-15T15:26:12.305+0100] {processor.py:753} INFO - DAG(s) dict_keys(['example_dynamic_task_mapping']) retrieved from /Users/b/Documents/workflow/venv/lib/python3.11/site-packages/airflow/example_dags/example_dynamic_task_mapping.py
[2023-10-15T15:26:12.475+0100] {logging_mixin.py:137} INFO - [2023-10-15T15:26:12.475+0100] {dag.py:2705} INFO - Sync 1 DAGs
[2023-10-15T15:26:12.482+0100] {logging_mixin.py:137} INFO - [2023-10-15T15:26:12.482+0100] {dag.py:3452} INFO - Setting next_dagrun for example_dynamic_task_mapping to 2022-03-04T00:00:00+00:00, run_after=2022-03-05T00:00:00+00:00
[2023-10-15T15:26:12.489+0100] {processor.py:175} INFO - Processing /Users/b/Documents/workflow/venv/lib/python3.11/site-packages/airflow/example_dags/example_dynamic_task_mapping.py took 0.205 seconds
[2023-10-15T15:27:16.766+0100] {processor.py:153} INFO - Started process (PID=31813) to work on /Users/b/Documents/workflow/venv/lib/python3.11/site-packages/airflow/example_dags/example_dynamic_task_mapping.py
[2023-10-15T15:27:16.768+0100] {processor.py:743} INFO - Processing file /Users/b/Documents/workflow/venv/lib/python3.11/site-packages/airflow/example_dags/example_dynamic_task_mapping.py for tasks to queue
[2023-10-15T15:27:16.768+0100] {logging_mixin.py:137} INFO - [2023-10-15T15:27:16.768+0100] {dagbag.py:532} INFO - Filling up the DagBag from /Users/b/Documents/workflow/venv/lib/python3.11/site-packages/airflow/example_dags/example_dynamic_task_mapping.py
[2023-10-15T15:27:16.784+0100] {processor.py:753} INFO - DAG(s) dict_keys(['example_dynamic_task_mapping']) retrieved from /Users/b/Documents/workflow/venv/lib/python3.11/site-packages/airflow/example_dags/example_dynamic_task_mapping.py
[2023-10-15T15:27:16.940+0100] {logging_mixin.py:137} INFO - [2023-10-15T15:27:16.940+0100] {dag.py:2705} INFO - Sync 1 DAGs
[2023-10-15T15:27:16.946+0100] {logging_mixin.py:137} INFO - [2023-10-15T15:27:16.946+0100] {dag.py:3452} INFO - Setting next_dagrun for example_dynamic_task_mapping to 2022-03-04T00:00:00+00:00, run_after=2022-03-05T00:00:00+00:00
[2023-10-15T15:27:16.953+0100] {processor.py:175} INFO - Processing /Users/b/Documents/workflow/venv/lib/python3.11/site-packages/airflow/example_dags/example_dynamic_task_mapping.py took 0.187 seconds
[2023-10-15T15:28:20.050+0100] {processor.py:153} INFO - Started process (PID=31920) to work on /Users/b/Documents/workflow/venv/lib/python3.11/site-packages/airflow/example_dags/example_dynamic_task_mapping.py
[2023-10-15T15:28:20.052+0100] {processor.py:743} INFO - Processing file /Users/b/Documents/workflow/venv/lib/python3.11/site-packages/airflow/example_dags/example_dynamic_task_mapping.py for tasks to queue
[2023-10-15T15:28:20.052+0100] {logging_mixin.py:137} INFO - [2023-10-15T15:28:20.052+0100] {dagbag.py:532} INFO - Filling up the DagBag from /Users/b/Documents/workflow/venv/lib/python3.11/site-packages/airflow/example_dags/example_dynamic_task_mapping.py
[2023-10-15T15:28:20.067+0100] {processor.py:753} INFO - DAG(s) dict_keys(['example_dynamic_task_mapping']) retrieved from /Users/b/Documents/workflow/venv/lib/python3.11/site-packages/airflow/example_dags/example_dynamic_task_mapping.py
[2023-10-15T15:28:20.218+0100] {logging_mixin.py:137} INFO - [2023-10-15T15:28:20.218+0100] {dag.py:2705} INFO - Sync 1 DAGs
[2023-10-15T15:28:20.224+0100] {logging_mixin.py:137} INFO - [2023-10-15T15:28:20.224+0100] {dag.py:3452} INFO - Setting next_dagrun for example_dynamic_task_mapping to 2022-03-04T00:00:00+00:00, run_after=2022-03-05T00:00:00+00:00
[2023-10-15T15:28:20.231+0100] {processor.py:175} INFO - Processing /Users/b/Documents/workflow/venv/lib/python3.11/site-packages/airflow/example_dags/example_dynamic_task_mapping.py took 0.181 seconds
[2023-10-15T15:29:25.540+0100] {processor.py:153} INFO - Started process (PID=32042) to work on /Users/b/Documents/workflow/venv/lib/python3.11/site-packages/airflow/example_dags/example_dynamic_task_mapping.py
[2023-10-15T15:29:25.542+0100] {processor.py:743} INFO - Processing file /Users/b/Documents/workflow/venv/lib/python3.11/site-packages/airflow/example_dags/example_dynamic_task_mapping.py for tasks to queue
[2023-10-15T15:29:25.543+0100] {logging_mixin.py:137} INFO - [2023-10-15T15:29:25.543+0100] {dagbag.py:532} INFO - Filling up the DagBag from /Users/b/Documents/workflow/venv/lib/python3.11/site-packages/airflow/example_dags/example_dynamic_task_mapping.py
[2023-10-15T15:29:25.558+0100] {processor.py:753} INFO - DAG(s) dict_keys(['example_dynamic_task_mapping']) retrieved from /Users/b/Documents/workflow/venv/lib/python3.11/site-packages/airflow/example_dags/example_dynamic_task_mapping.py
[2023-10-15T15:29:25.708+0100] {logging_mixin.py:137} INFO - [2023-10-15T15:29:25.708+0100] {dag.py:2705} INFO - Sync 1 DAGs
[2023-10-15T15:29:25.714+0100] {logging_mixin.py:137} INFO - [2023-10-15T15:29:25.714+0100] {dag.py:3452} INFO - Setting next_dagrun for example_dynamic_task_mapping to 2022-03-04T00:00:00+00:00, run_after=2022-03-05T00:00:00+00:00
[2023-10-15T15:29:25.720+0100] {processor.py:175} INFO - Processing /Users/b/Documents/workflow/venv/lib/python3.11/site-packages/airflow/example_dags/example_dynamic_task_mapping.py took 0.181 seconds
[2023-10-15T15:30:29.522+0100] {processor.py:153} INFO - Started process (PID=32168) to work on /Users/b/Documents/workflow/venv/lib/python3.11/site-packages/airflow/example_dags/example_dynamic_task_mapping.py
[2023-10-15T15:30:29.524+0100] {processor.py:743} INFO - Processing file /Users/b/Documents/workflow/venv/lib/python3.11/site-packages/airflow/example_dags/example_dynamic_task_mapping.py for tasks to queue
[2023-10-15T15:30:29.524+0100] {logging_mixin.py:137} INFO - [2023-10-15T15:30:29.524+0100] {dagbag.py:532} INFO - Filling up the DagBag from /Users/b/Documents/workflow/venv/lib/python3.11/site-packages/airflow/example_dags/example_dynamic_task_mapping.py
[2023-10-15T15:30:29.541+0100] {processor.py:753} INFO - DAG(s) dict_keys(['example_dynamic_task_mapping']) retrieved from /Users/b/Documents/workflow/venv/lib/python3.11/site-packages/airflow/example_dags/example_dynamic_task_mapping.py
[2023-10-15T15:30:29.700+0100] {logging_mixin.py:137} INFO - [2023-10-15T15:30:29.700+0100] {dag.py:2705} INFO - Sync 1 DAGs
[2023-10-15T15:30:29.706+0100] {logging_mixin.py:137} INFO - [2023-10-15T15:30:29.706+0100] {dag.py:3452} INFO - Setting next_dagrun for example_dynamic_task_mapping to 2022-03-04T00:00:00+00:00, run_after=2022-03-05T00:00:00+00:00
[2023-10-15T15:30:29.713+0100] {processor.py:175} INFO - Processing /Users/b/Documents/workflow/venv/lib/python3.11/site-packages/airflow/example_dags/example_dynamic_task_mapping.py took 0.192 seconds
[2023-10-15T15:31:39.758+0100] {processor.py:153} INFO - Started process (PID=32295) to work on /Users/b/Documents/workflow/venv/lib/python3.11/site-packages/airflow/example_dags/example_dynamic_task_mapping.py
[2023-10-15T15:31:39.761+0100] {processor.py:743} INFO - Processing file /Users/b/Documents/workflow/venv/lib/python3.11/site-packages/airflow/example_dags/example_dynamic_task_mapping.py for tasks to queue
[2023-10-15T15:31:39.761+0100] {logging_mixin.py:137} INFO - [2023-10-15T15:31:39.761+0100] {dagbag.py:532} INFO - Filling up the DagBag from /Users/b/Documents/workflow/venv/lib/python3.11/site-packages/airflow/example_dags/example_dynamic_task_mapping.py
[2023-10-15T15:31:39.779+0100] {processor.py:753} INFO - DAG(s) dict_keys(['example_dynamic_task_mapping']) retrieved from /Users/b/Documents/workflow/venv/lib/python3.11/site-packages/airflow/example_dags/example_dynamic_task_mapping.py
[2023-10-15T15:31:39.945+0100] {logging_mixin.py:137} INFO - [2023-10-15T15:31:39.945+0100] {dag.py:2705} INFO - Sync 1 DAGs
[2023-10-15T15:31:39.951+0100] {logging_mixin.py:137} INFO - [2023-10-15T15:31:39.951+0100] {dag.py:3452} INFO - Setting next_dagrun for example_dynamic_task_mapping to 2022-03-04T00:00:00+00:00, run_after=2022-03-05T00:00:00+00:00
[2023-10-15T15:31:39.958+0100] {processor.py:175} INFO - Processing /Users/b/Documents/workflow/venv/lib/python3.11/site-packages/airflow/example_dags/example_dynamic_task_mapping.py took 0.199 seconds
[2023-10-15T15:32:44.679+0100] {processor.py:153} INFO - Started process (PID=32421) to work on /Users/b/Documents/workflow/venv/lib/python3.11/site-packages/airflow/example_dags/example_dynamic_task_mapping.py
[2023-10-15T15:32:44.681+0100] {processor.py:743} INFO - Processing file /Users/b/Documents/workflow/venv/lib/python3.11/site-packages/airflow/example_dags/example_dynamic_task_mapping.py for tasks to queue
[2023-10-15T15:32:44.681+0100] {logging_mixin.py:137} INFO - [2023-10-15T15:32:44.681+0100] {dagbag.py:532} INFO - Filling up the DagBag from /Users/b/Documents/workflow/venv/lib/python3.11/site-packages/airflow/example_dags/example_dynamic_task_mapping.py
[2023-10-15T15:32:44.697+0100] {processor.py:753} INFO - DAG(s) dict_keys(['example_dynamic_task_mapping']) retrieved from /Users/b/Documents/workflow/venv/lib/python3.11/site-packages/airflow/example_dags/example_dynamic_task_mapping.py
[2023-10-15T15:32:44.868+0100] {logging_mixin.py:137} INFO - [2023-10-15T15:32:44.868+0100] {dag.py:2705} INFO - Sync 1 DAGs
[2023-10-15T15:32:44.875+0100] {logging_mixin.py:137} INFO - [2023-10-15T15:32:44.875+0100] {dag.py:3452} INFO - Setting next_dagrun for example_dynamic_task_mapping to 2022-03-04T00:00:00+00:00, run_after=2022-03-05T00:00:00+00:00
[2023-10-15T15:32:44.881+0100] {processor.py:175} INFO - Processing /Users/b/Documents/workflow/venv/lib/python3.11/site-packages/airflow/example_dags/example_dynamic_task_mapping.py took 0.202 seconds
