[2023-10-15T15:11:38.007+0100] {processor.py:153} INFO - Started process (PID=29442) to work on /Users/b/Documents/workflow/venv/lib/python3.11/site-packages/airflow/example_dags/example_task_group.py
[2023-10-15T15:11:38.009+0100] {processor.py:743} INFO - Processing file /Users/b/Documents/workflow/venv/lib/python3.11/site-packages/airflow/example_dags/example_task_group.py for tasks to queue
[2023-10-15T15:11:38.009+0100] {logging_mixin.py:137} INFO - [2023-10-15T15:11:38.009+0100] {dagbag.py:532} INFO - Filling up the DagBag from /Users/b/Documents/workflow/venv/lib/python3.11/site-packages/airflow/example_dags/example_task_group.py
[2023-10-15T15:11:38.018+0100] {processor.py:753} INFO - DAG(s) dict_keys(['example_task_group']) retrieved from /Users/b/Documents/workflow/venv/lib/python3.11/site-packages/airflow/example_dags/example_task_group.py
[2023-10-15T15:11:38.199+0100] {logging_mixin.py:137} INFO - [2023-10-15T15:11:38.199+0100] {manager.py:504} INFO - Created Permission View: can edit on DAG:example_task_group
[2023-10-15T15:11:38.201+0100] {logging_mixin.py:137} INFO - [2023-10-15T15:11:38.201+0100] {manager.py:504} INFO - Created Permission View: can read on DAG:example_task_group
[2023-10-15T15:11:38.203+0100] {logging_mixin.py:137} INFO - [2023-10-15T15:11:38.203+0100] {manager.py:504} INFO - Created Permission View: can delete on DAG:example_task_group
[2023-10-15T15:11:38.203+0100] {logging_mixin.py:137} INFO - [2023-10-15T15:11:38.203+0100] {dag.py:2705} INFO - Sync 1 DAGs
[2023-10-15T15:11:38.206+0100] {logging_mixin.py:137} INFO - [2023-10-15T15:11:38.206+0100] {dag.py:2726} INFO - Creating ORM DAG for example_task_group
[2023-10-15T15:11:38.209+0100] {logging_mixin.py:137} INFO - [2023-10-15T15:11:38.209+0100] {dag.py:3452} INFO - Setting next_dagrun for example_task_group to 2023-10-14T14:11:38.209448+00:00, run_after=2023-10-15T14:11:38.209448+00:00
[2023-10-15T15:11:38.215+0100] {processor.py:175} INFO - Processing /Users/b/Documents/workflow/venv/lib/python3.11/site-packages/airflow/example_dags/example_task_group.py took 0.208 seconds
[2023-10-15T15:12:44.718+0100] {processor.py:153} INFO - Started process (PID=29597) to work on /Users/b/Documents/workflow/venv/lib/python3.11/site-packages/airflow/example_dags/example_task_group.py
[2023-10-15T15:12:44.720+0100] {processor.py:743} INFO - Processing file /Users/b/Documents/workflow/venv/lib/python3.11/site-packages/airflow/example_dags/example_task_group.py for tasks to queue
[2023-10-15T15:12:44.721+0100] {logging_mixin.py:137} INFO - [2023-10-15T15:12:44.721+0100] {dagbag.py:532} INFO - Filling up the DagBag from /Users/b/Documents/workflow/venv/lib/python3.11/site-packages/airflow/example_dags/example_task_group.py
[2023-10-15T15:12:44.730+0100] {processor.py:753} INFO - DAG(s) dict_keys(['example_task_group']) retrieved from /Users/b/Documents/workflow/venv/lib/python3.11/site-packages/airflow/example_dags/example_task_group.py
[2023-10-15T15:12:44.913+0100] {logging_mixin.py:137} INFO - [2023-10-15T15:12:44.913+0100] {dag.py:2705} INFO - Sync 1 DAGs
[2023-10-15T15:12:44.920+0100] {logging_mixin.py:137} INFO - [2023-10-15T15:12:44.920+0100] {dag.py:3452} INFO - Setting next_dagrun for example_task_group to 2023-10-14T14:12:44.920048+00:00, run_after=2023-10-15T14:12:44.920048+00:00
[2023-10-15T15:12:44.926+0100] {processor.py:175} INFO - Processing /Users/b/Documents/workflow/venv/lib/python3.11/site-packages/airflow/example_dags/example_task_group.py took 0.208 seconds
[2023-10-15T15:13:51.863+0100] {processor.py:153} INFO - Started process (PID=30117) to work on /Users/b/Documents/workflow/venv/lib/python3.11/site-packages/airflow/example_dags/example_task_group.py
[2023-10-15T15:13:51.865+0100] {processor.py:743} INFO - Processing file /Users/b/Documents/workflow/venv/lib/python3.11/site-packages/airflow/example_dags/example_task_group.py for tasks to queue
[2023-10-15T15:13:51.865+0100] {logging_mixin.py:137} INFO - [2023-10-15T15:13:51.865+0100] {dagbag.py:532} INFO - Filling up the DagBag from /Users/b/Documents/workflow/venv/lib/python3.11/site-packages/airflow/example_dags/example_task_group.py
[2023-10-15T15:13:51.873+0100] {processor.py:753} INFO - DAG(s) dict_keys(['example_task_group']) retrieved from /Users/b/Documents/workflow/venv/lib/python3.11/site-packages/airflow/example_dags/example_task_group.py
[2023-10-15T15:13:52.048+0100] {logging_mixin.py:137} INFO - [2023-10-15T15:13:52.047+0100] {dag.py:2705} INFO - Sync 1 DAGs
[2023-10-15T15:13:52.054+0100] {logging_mixin.py:137} INFO - [2023-10-15T15:13:52.054+0100] {dag.py:3452} INFO - Setting next_dagrun for example_task_group to 2023-10-14T14:13:52.054407+00:00, run_after=2023-10-15T14:13:52.054407+00:00
[2023-10-15T15:13:52.061+0100] {processor.py:175} INFO - Processing /Users/b/Documents/workflow/venv/lib/python3.11/site-packages/airflow/example_dags/example_task_group.py took 0.198 seconds
[2023-10-15T15:14:57.314+0100] {processor.py:153} INFO - Started process (PID=30275) to work on /Users/b/Documents/workflow/venv/lib/python3.11/site-packages/airflow/example_dags/example_task_group.py
[2023-10-15T15:14:57.316+0100] {processor.py:743} INFO - Processing file /Users/b/Documents/workflow/venv/lib/python3.11/site-packages/airflow/example_dags/example_task_group.py for tasks to queue
[2023-10-15T15:14:57.316+0100] {logging_mixin.py:137} INFO - [2023-10-15T15:14:57.316+0100] {dagbag.py:532} INFO - Filling up the DagBag from /Users/b/Documents/workflow/venv/lib/python3.11/site-packages/airflow/example_dags/example_task_group.py
[2023-10-15T15:14:57.325+0100] {processor.py:753} INFO - DAG(s) dict_keys(['example_task_group']) retrieved from /Users/b/Documents/workflow/venv/lib/python3.11/site-packages/airflow/example_dags/example_task_group.py
[2023-10-15T15:14:57.511+0100] {logging_mixin.py:137} INFO - [2023-10-15T15:14:57.511+0100] {dag.py:2705} INFO - Sync 1 DAGs
[2023-10-15T15:14:57.518+0100] {logging_mixin.py:137} INFO - [2023-10-15T15:14:57.518+0100] {dag.py:3452} INFO - Setting next_dagrun for example_task_group to 2023-10-14T14:14:57.518320+00:00, run_after=2023-10-15T14:14:57.518320+00:00
[2023-10-15T15:14:57.524+0100] {processor.py:175} INFO - Processing /Users/b/Documents/workflow/venv/lib/python3.11/site-packages/airflow/example_dags/example_task_group.py took 0.211 seconds
[2023-10-15T15:15:59.266+0100] {processor.py:153} INFO - Started process (PID=30393) to work on /Users/b/Documents/workflow/venv/lib/python3.11/site-packages/airflow/example_dags/example_task_group.py
[2023-10-15T15:15:59.269+0100] {processor.py:743} INFO - Processing file /Users/b/Documents/workflow/venv/lib/python3.11/site-packages/airflow/example_dags/example_task_group.py for tasks to queue
[2023-10-15T15:15:59.270+0100] {logging_mixin.py:137} INFO - [2023-10-15T15:15:59.270+0100] {dagbag.py:532} INFO - Filling up the DagBag from /Users/b/Documents/workflow/venv/lib/python3.11/site-packages/airflow/example_dags/example_task_group.py
[2023-10-15T15:15:59.278+0100] {processor.py:753} INFO - DAG(s) dict_keys(['example_task_group']) retrieved from /Users/b/Documents/workflow/venv/lib/python3.11/site-packages/airflow/example_dags/example_task_group.py
[2023-10-15T15:15:59.459+0100] {logging_mixin.py:137} INFO - [2023-10-15T15:15:59.458+0100] {dag.py:2705} INFO - Sync 1 DAGs
[2023-10-15T15:15:59.465+0100] {logging_mixin.py:137} INFO - [2023-10-15T15:15:59.465+0100] {dag.py:3452} INFO - Setting next_dagrun for example_task_group to 2023-10-14T14:15:59.465041+00:00, run_after=2023-10-15T14:15:59.465041+00:00
[2023-10-15T15:15:59.472+0100] {processor.py:175} INFO - Processing /Users/b/Documents/workflow/venv/lib/python3.11/site-packages/airflow/example_dags/example_task_group.py took 0.207 seconds
[2023-10-15T15:20:18.497+0100] {processor.py:153} INFO - Started process (PID=30859) to work on /Users/b/Documents/workflow/venv/lib/python3.11/site-packages/airflow/example_dags/example_task_group.py
[2023-10-15T15:20:18.499+0100] {processor.py:743} INFO - Processing file /Users/b/Documents/workflow/venv/lib/python3.11/site-packages/airflow/example_dags/example_task_group.py for tasks to queue
[2023-10-15T15:20:18.499+0100] {logging_mixin.py:137} INFO - [2023-10-15T15:20:18.499+0100] {dagbag.py:532} INFO - Filling up the DagBag from /Users/b/Documents/workflow/venv/lib/python3.11/site-packages/airflow/example_dags/example_task_group.py
[2023-10-15T15:20:18.507+0100] {processor.py:753} INFO - DAG(s) dict_keys(['example_task_group']) retrieved from /Users/b/Documents/workflow/venv/lib/python3.11/site-packages/airflow/example_dags/example_task_group.py
[2023-10-15T15:20:18.687+0100] {logging_mixin.py:137} INFO - [2023-10-15T15:20:18.687+0100] {dag.py:2705} INFO - Sync 1 DAGs
[2023-10-15T15:20:18.694+0100] {logging_mixin.py:137} INFO - [2023-10-15T15:20:18.694+0100] {dag.py:3452} INFO - Setting next_dagrun for example_task_group to 2023-10-14T14:20:18.693993+00:00, run_after=2023-10-15T14:20:18.693993+00:00
[2023-10-15T15:20:18.700+0100] {processor.py:175} INFO - Processing /Users/b/Documents/workflow/venv/lib/python3.11/site-packages/airflow/example_dags/example_task_group.py took 0.204 seconds
[2023-10-15T15:21:30.711+0100] {processor.py:153} INFO - Started process (PID=31094) to work on /Users/b/Documents/workflow/venv/lib/python3.11/site-packages/airflow/example_dags/example_task_group.py
[2023-10-15T15:21:30.714+0100] {processor.py:743} INFO - Processing file /Users/b/Documents/workflow/venv/lib/python3.11/site-packages/airflow/example_dags/example_task_group.py for tasks to queue
[2023-10-15T15:21:30.714+0100] {logging_mixin.py:137} INFO - [2023-10-15T15:21:30.714+0100] {dagbag.py:532} INFO - Filling up the DagBag from /Users/b/Documents/workflow/venv/lib/python3.11/site-packages/airflow/example_dags/example_task_group.py
[2023-10-15T15:21:30.722+0100] {processor.py:753} INFO - DAG(s) dict_keys(['example_task_group']) retrieved from /Users/b/Documents/workflow/venv/lib/python3.11/site-packages/airflow/example_dags/example_task_group.py
[2023-10-15T15:21:30.880+0100] {logging_mixin.py:137} INFO - [2023-10-15T15:21:30.880+0100] {dag.py:2705} INFO - Sync 1 DAGs
[2023-10-15T15:21:30.886+0100] {logging_mixin.py:137} INFO - [2023-10-15T15:21:30.886+0100] {dag.py:3452} INFO - Setting next_dagrun for example_task_group to 2023-10-14T14:21:30.886349+00:00, run_after=2023-10-15T14:21:30.886349+00:00
[2023-10-15T15:21:30.893+0100] {processor.py:175} INFO - Processing /Users/b/Documents/workflow/venv/lib/python3.11/site-packages/airflow/example_dags/example_task_group.py took 0.182 seconds
[2023-10-15T15:22:31.639+0100] {processor.py:153} INFO - Started process (PID=31248) to work on /Users/b/Documents/workflow/venv/lib/python3.11/site-packages/airflow/example_dags/example_task_group.py
[2023-10-15T15:22:31.641+0100] {processor.py:743} INFO - Processing file /Users/b/Documents/workflow/venv/lib/python3.11/site-packages/airflow/example_dags/example_task_group.py for tasks to queue
[2023-10-15T15:22:31.642+0100] {logging_mixin.py:137} INFO - [2023-10-15T15:22:31.642+0100] {dagbag.py:532} INFO - Filling up the DagBag from /Users/b/Documents/workflow/venv/lib/python3.11/site-packages/airflow/example_dags/example_task_group.py
[2023-10-15T15:22:31.650+0100] {processor.py:753} INFO - DAG(s) dict_keys(['example_task_group']) retrieved from /Users/b/Documents/workflow/venv/lib/python3.11/site-packages/airflow/example_dags/example_task_group.py
[2023-10-15T15:22:31.805+0100] {logging_mixin.py:137} INFO - [2023-10-15T15:22:31.805+0100] {dag.py:2705} INFO - Sync 1 DAGs
[2023-10-15T15:22:31.811+0100] {logging_mixin.py:137} INFO - [2023-10-15T15:22:31.811+0100] {dag.py:3452} INFO - Setting next_dagrun for example_task_group to 2023-10-14T14:22:31.811702+00:00, run_after=2023-10-15T14:22:31.811702+00:00
[2023-10-15T15:22:31.818+0100] {processor.py:175} INFO - Processing /Users/b/Documents/workflow/venv/lib/python3.11/site-packages/airflow/example_dags/example_task_group.py took 0.179 seconds
[2023-10-15T15:23:36.284+0100] {processor.py:153} INFO - Started process (PID=31384) to work on /Users/b/Documents/workflow/venv/lib/python3.11/site-packages/airflow/example_dags/example_task_group.py
[2023-10-15T15:23:36.286+0100] {processor.py:743} INFO - Processing file /Users/b/Documents/workflow/venv/lib/python3.11/site-packages/airflow/example_dags/example_task_group.py for tasks to queue
[2023-10-15T15:23:36.287+0100] {logging_mixin.py:137} INFO - [2023-10-15T15:23:36.287+0100] {dagbag.py:532} INFO - Filling up the DagBag from /Users/b/Documents/workflow/venv/lib/python3.11/site-packages/airflow/example_dags/example_task_group.py
[2023-10-15T15:23:36.295+0100] {processor.py:753} INFO - DAG(s) dict_keys(['example_task_group']) retrieved from /Users/b/Documents/workflow/venv/lib/python3.11/site-packages/airflow/example_dags/example_task_group.py
[2023-10-15T15:23:36.451+0100] {logging_mixin.py:137} INFO - [2023-10-15T15:23:36.450+0100] {dag.py:2705} INFO - Sync 1 DAGs
[2023-10-15T15:23:36.457+0100] {logging_mixin.py:137} INFO - [2023-10-15T15:23:36.456+0100] {dag.py:3452} INFO - Setting next_dagrun for example_task_group to 2023-10-14T14:23:36.456907+00:00, run_after=2023-10-15T14:23:36.456907+00:00
[2023-10-15T15:23:36.463+0100] {processor.py:175} INFO - Processing /Users/b/Documents/workflow/venv/lib/python3.11/site-packages/airflow/example_dags/example_task_group.py took 0.179 seconds
[2023-10-15T15:24:41.516+0100] {processor.py:153} INFO - Started process (PID=31525) to work on /Users/b/Documents/workflow/venv/lib/python3.11/site-packages/airflow/example_dags/example_task_group.py
[2023-10-15T15:24:41.519+0100] {processor.py:743} INFO - Processing file /Users/b/Documents/workflow/venv/lib/python3.11/site-packages/airflow/example_dags/example_task_group.py for tasks to queue
[2023-10-15T15:24:41.519+0100] {logging_mixin.py:137} INFO - [2023-10-15T15:24:41.519+0100] {dagbag.py:532} INFO - Filling up the DagBag from /Users/b/Documents/workflow/venv/lib/python3.11/site-packages/airflow/example_dags/example_task_group.py
[2023-10-15T15:24:41.527+0100] {processor.py:753} INFO - DAG(s) dict_keys(['example_task_group']) retrieved from /Users/b/Documents/workflow/venv/lib/python3.11/site-packages/airflow/example_dags/example_task_group.py
[2023-10-15T15:24:41.688+0100] {logging_mixin.py:137} INFO - [2023-10-15T15:24:41.688+0100] {dag.py:2705} INFO - Sync 1 DAGs
[2023-10-15T15:24:41.695+0100] {logging_mixin.py:137} INFO - [2023-10-15T15:24:41.695+0100] {dag.py:3452} INFO - Setting next_dagrun for example_task_group to 2023-10-14T14:24:41.695007+00:00, run_after=2023-10-15T14:24:41.695007+00:00
[2023-10-15T15:24:41.701+0100] {processor.py:175} INFO - Processing /Users/b/Documents/workflow/venv/lib/python3.11/site-packages/airflow/example_dags/example_task_group.py took 0.185 seconds
[2023-10-15T15:25:46.793+0100] {processor.py:153} INFO - Started process (PID=31656) to work on /Users/b/Documents/workflow/venv/lib/python3.11/site-packages/airflow/example_dags/example_task_group.py
[2023-10-15T15:25:46.795+0100] {processor.py:743} INFO - Processing file /Users/b/Documents/workflow/venv/lib/python3.11/site-packages/airflow/example_dags/example_task_group.py for tasks to queue
[2023-10-15T15:25:46.795+0100] {logging_mixin.py:137} INFO - [2023-10-15T15:25:46.795+0100] {dagbag.py:532} INFO - Filling up the DagBag from /Users/b/Documents/workflow/venv/lib/python3.11/site-packages/airflow/example_dags/example_task_group.py
[2023-10-15T15:25:46.803+0100] {processor.py:753} INFO - DAG(s) dict_keys(['example_task_group']) retrieved from /Users/b/Documents/workflow/venv/lib/python3.11/site-packages/airflow/example_dags/example_task_group.py
[2023-10-15T15:25:46.964+0100] {logging_mixin.py:137} INFO - [2023-10-15T15:25:46.964+0100] {dag.py:2705} INFO - Sync 1 DAGs
[2023-10-15T15:25:46.971+0100] {logging_mixin.py:137} INFO - [2023-10-15T15:25:46.971+0100] {dag.py:3452} INFO - Setting next_dagrun for example_task_group to 2023-10-14T14:25:46.971525+00:00, run_after=2023-10-15T14:25:46.971525+00:00
[2023-10-15T15:25:46.978+0100] {processor.py:175} INFO - Processing /Users/b/Documents/workflow/venv/lib/python3.11/site-packages/airflow/example_dags/example_task_group.py took 0.185 seconds
[2023-10-15T15:26:51.402+0100] {processor.py:153} INFO - Started process (PID=31770) to work on /Users/b/Documents/workflow/venv/lib/python3.11/site-packages/airflow/example_dags/example_task_group.py
[2023-10-15T15:26:51.404+0100] {processor.py:743} INFO - Processing file /Users/b/Documents/workflow/venv/lib/python3.11/site-packages/airflow/example_dags/example_task_group.py for tasks to queue
[2023-10-15T15:26:51.404+0100] {logging_mixin.py:137} INFO - [2023-10-15T15:26:51.404+0100] {dagbag.py:532} INFO - Filling up the DagBag from /Users/b/Documents/workflow/venv/lib/python3.11/site-packages/airflow/example_dags/example_task_group.py
[2023-10-15T15:26:51.413+0100] {processor.py:753} INFO - DAG(s) dict_keys(['example_task_group']) retrieved from /Users/b/Documents/workflow/venv/lib/python3.11/site-packages/airflow/example_dags/example_task_group.py
[2023-10-15T15:26:51.572+0100] {logging_mixin.py:137} INFO - [2023-10-15T15:26:51.572+0100] {dag.py:2705} INFO - Sync 1 DAGs
[2023-10-15T15:26:51.578+0100] {logging_mixin.py:137} INFO - [2023-10-15T15:26:51.578+0100] {dag.py:3452} INFO - Setting next_dagrun for example_task_group to 2023-10-14T14:26:51.578598+00:00, run_after=2023-10-15T14:26:51.578598+00:00
[2023-10-15T15:26:51.584+0100] {processor.py:175} INFO - Processing /Users/b/Documents/workflow/venv/lib/python3.11/site-packages/airflow/example_dags/example_task_group.py took 0.183 seconds
[2023-10-15T15:27:55.553+0100] {processor.py:153} INFO - Started process (PID=31877) to work on /Users/b/Documents/workflow/venv/lib/python3.11/site-packages/airflow/example_dags/example_task_group.py
[2023-10-15T15:27:55.556+0100] {processor.py:743} INFO - Processing file /Users/b/Documents/workflow/venv/lib/python3.11/site-packages/airflow/example_dags/example_task_group.py for tasks to queue
[2023-10-15T15:27:55.556+0100] {logging_mixin.py:137} INFO - [2023-10-15T15:27:55.556+0100] {dagbag.py:532} INFO - Filling up the DagBag from /Users/b/Documents/workflow/venv/lib/python3.11/site-packages/airflow/example_dags/example_task_group.py
[2023-10-15T15:27:55.564+0100] {processor.py:753} INFO - DAG(s) dict_keys(['example_task_group']) retrieved from /Users/b/Documents/workflow/venv/lib/python3.11/site-packages/airflow/example_dags/example_task_group.py
[2023-10-15T15:27:55.719+0100] {logging_mixin.py:137} INFO - [2023-10-15T15:27:55.719+0100] {dag.py:2705} INFO - Sync 1 DAGs
[2023-10-15T15:27:55.725+0100] {logging_mixin.py:137} INFO - [2023-10-15T15:27:55.725+0100] {dag.py:3452} INFO - Setting next_dagrun for example_task_group to 2023-10-14T14:27:55.725078+00:00, run_after=2023-10-15T14:27:55.725078+00:00
[2023-10-15T15:27:55.731+0100] {processor.py:175} INFO - Processing /Users/b/Documents/workflow/venv/lib/python3.11/site-packages/airflow/example_dags/example_task_group.py took 0.178 seconds
[2023-10-15T15:28:59.355+0100] {processor.py:153} INFO - Started process (PID=31989) to work on /Users/b/Documents/workflow/venv/lib/python3.11/site-packages/airflow/example_dags/example_task_group.py
[2023-10-15T15:28:59.358+0100] {processor.py:743} INFO - Processing file /Users/b/Documents/workflow/venv/lib/python3.11/site-packages/airflow/example_dags/example_task_group.py for tasks to queue
[2023-10-15T15:28:59.358+0100] {logging_mixin.py:137} INFO - [2023-10-15T15:28:59.358+0100] {dagbag.py:532} INFO - Filling up the DagBag from /Users/b/Documents/workflow/venv/lib/python3.11/site-packages/airflow/example_dags/example_task_group.py
[2023-10-15T15:28:59.366+0100] {processor.py:753} INFO - DAG(s) dict_keys(['example_task_group']) retrieved from /Users/b/Documents/workflow/venv/lib/python3.11/site-packages/airflow/example_dags/example_task_group.py
[2023-10-15T15:28:59.521+0100] {logging_mixin.py:137} INFO - [2023-10-15T15:28:59.520+0100] {dag.py:2705} INFO - Sync 1 DAGs
[2023-10-15T15:28:59.527+0100] {logging_mixin.py:137} INFO - [2023-10-15T15:28:59.527+0100] {dag.py:3452} INFO - Setting next_dagrun for example_task_group to 2023-10-14T14:28:59.527155+00:00, run_after=2023-10-15T14:28:59.527155+00:00
[2023-10-15T15:28:59.533+0100] {processor.py:175} INFO - Processing /Users/b/Documents/workflow/venv/lib/python3.11/site-packages/airflow/example_dags/example_task_group.py took 0.178 seconds
[2023-10-15T15:30:04.050+0100] {processor.py:153} INFO - Started process (PID=32120) to work on /Users/b/Documents/workflow/venv/lib/python3.11/site-packages/airflow/example_dags/example_task_group.py
[2023-10-15T15:30:04.052+0100] {processor.py:743} INFO - Processing file /Users/b/Documents/workflow/venv/lib/python3.11/site-packages/airflow/example_dags/example_task_group.py for tasks to queue
[2023-10-15T15:30:04.052+0100] {logging_mixin.py:137} INFO - [2023-10-15T15:30:04.052+0100] {dagbag.py:532} INFO - Filling up the DagBag from /Users/b/Documents/workflow/venv/lib/python3.11/site-packages/airflow/example_dags/example_task_group.py
[2023-10-15T15:30:04.060+0100] {processor.py:753} INFO - DAG(s) dict_keys(['example_task_group']) retrieved from /Users/b/Documents/workflow/venv/lib/python3.11/site-packages/airflow/example_dags/example_task_group.py
[2023-10-15T15:30:04.215+0100] {logging_mixin.py:137} INFO - [2023-10-15T15:30:04.215+0100] {dag.py:2705} INFO - Sync 1 DAGs
[2023-10-15T15:30:04.221+0100] {logging_mixin.py:137} INFO - [2023-10-15T15:30:04.221+0100] {dag.py:3452} INFO - Setting next_dagrun for example_task_group to 2023-10-14T14:30:04.221551+00:00, run_after=2023-10-15T14:30:04.221551+00:00
[2023-10-15T15:30:04.228+0100] {processor.py:175} INFO - Processing /Users/b/Documents/workflow/venv/lib/python3.11/site-packages/airflow/example_dags/example_task_group.py took 0.179 seconds
[2023-10-15T15:31:10.837+0100] {processor.py:153} INFO - Started process (PID=32238) to work on /Users/b/Documents/workflow/venv/lib/python3.11/site-packages/airflow/example_dags/example_task_group.py
[2023-10-15T15:31:10.840+0100] {processor.py:743} INFO - Processing file /Users/b/Documents/workflow/venv/lib/python3.11/site-packages/airflow/example_dags/example_task_group.py for tasks to queue
[2023-10-15T15:31:10.840+0100] {logging_mixin.py:137} INFO - [2023-10-15T15:31:10.840+0100] {dagbag.py:532} INFO - Filling up the DagBag from /Users/b/Documents/workflow/venv/lib/python3.11/site-packages/airflow/example_dags/example_task_group.py
[2023-10-15T15:31:10.848+0100] {processor.py:753} INFO - DAG(s) dict_keys(['example_task_group']) retrieved from /Users/b/Documents/workflow/venv/lib/python3.11/site-packages/airflow/example_dags/example_task_group.py
[2023-10-15T15:31:11.015+0100] {logging_mixin.py:137} INFO - [2023-10-15T15:31:11.015+0100] {dag.py:2705} INFO - Sync 1 DAGs
[2023-10-15T15:31:11.021+0100] {logging_mixin.py:137} INFO - [2023-10-15T15:31:11.021+0100] {dag.py:3452} INFO - Setting next_dagrun for example_task_group to 2023-10-14T14:31:11.021447+00:00, run_after=2023-10-15T14:31:11.021447+00:00
[2023-10-15T15:31:11.028+0100] {processor.py:175} INFO - Processing /Users/b/Documents/workflow/venv/lib/python3.11/site-packages/airflow/example_dags/example_task_group.py took 0.191 seconds
[2023-10-15T15:32:18.893+0100] {processor.py:153} INFO - Started process (PID=32364) to work on /Users/b/Documents/workflow/venv/lib/python3.11/site-packages/airflow/example_dags/example_task_group.py
[2023-10-15T15:32:18.896+0100] {processor.py:743} INFO - Processing file /Users/b/Documents/workflow/venv/lib/python3.11/site-packages/airflow/example_dags/example_task_group.py for tasks to queue
[2023-10-15T15:32:18.896+0100] {logging_mixin.py:137} INFO - [2023-10-15T15:32:18.896+0100] {dagbag.py:532} INFO - Filling up the DagBag from /Users/b/Documents/workflow/venv/lib/python3.11/site-packages/airflow/example_dags/example_task_group.py
[2023-10-15T15:32:18.904+0100] {processor.py:753} INFO - DAG(s) dict_keys(['example_task_group']) retrieved from /Users/b/Documents/workflow/venv/lib/python3.11/site-packages/airflow/example_dags/example_task_group.py
[2023-10-15T15:32:19.073+0100] {logging_mixin.py:137} INFO - [2023-10-15T15:32:19.073+0100] {dag.py:2705} INFO - Sync 1 DAGs
[2023-10-15T15:32:19.079+0100] {logging_mixin.py:137} INFO - [2023-10-15T15:32:19.079+0100] {dag.py:3452} INFO - Setting next_dagrun for example_task_group to 2023-10-14T14:32:19.079583+00:00, run_after=2023-10-15T14:32:19.079583+00:00
[2023-10-15T15:32:19.085+0100] {processor.py:175} INFO - Processing /Users/b/Documents/workflow/venv/lib/python3.11/site-packages/airflow/example_dags/example_task_group.py took 0.193 seconds
[2023-10-15T15:33:23.044+0100] {processor.py:153} INFO - Started process (PID=32513) to work on /Users/b/Documents/workflow/venv/lib/python3.11/site-packages/airflow/example_dags/example_task_group.py
[2023-10-15T15:33:23.046+0100] {processor.py:743} INFO - Processing file /Users/b/Documents/workflow/venv/lib/python3.11/site-packages/airflow/example_dags/example_task_group.py for tasks to queue
[2023-10-15T15:33:23.046+0100] {logging_mixin.py:137} INFO - [2023-10-15T15:33:23.046+0100] {dagbag.py:532} INFO - Filling up the DagBag from /Users/b/Documents/workflow/venv/lib/python3.11/site-packages/airflow/example_dags/example_task_group.py
[2023-10-15T15:33:23.055+0100] {processor.py:753} INFO - DAG(s) dict_keys(['example_task_group']) retrieved from /Users/b/Documents/workflow/venv/lib/python3.11/site-packages/airflow/example_dags/example_task_group.py
[2023-10-15T15:33:23.218+0100] {logging_mixin.py:137} INFO - [2023-10-15T15:33:23.218+0100] {dag.py:2705} INFO - Sync 1 DAGs
[2023-10-15T15:33:23.227+0100] {logging_mixin.py:137} INFO - [2023-10-15T15:33:23.226+0100] {dag.py:3452} INFO - Setting next_dagrun for example_task_group to 2023-10-14T14:33:23.226884+00:00, run_after=2023-10-15T14:33:23.226884+00:00
[2023-10-15T15:33:23.233+0100] {processor.py:175} INFO - Processing /Users/b/Documents/workflow/venv/lib/python3.11/site-packages/airflow/example_dags/example_task_group.py took 0.190 seconds
