[2023-10-15T15:11:55.652+0100] {processor.py:153} INFO - Started process (PID=29470) to work on /Users/b/Documents/workflow/venv/lib/python3.11/site-packages/airflow/example_dags/example_nested_branch_dag.py
[2023-10-15T15:11:55.654+0100] {processor.py:743} INFO - Processing file /Users/b/Documents/workflow/venv/lib/python3.11/site-packages/airflow/example_dags/example_nested_branch_dag.py for tasks to queue
[2023-10-15T15:11:55.654+0100] {logging_mixin.py:137} INFO - [2023-10-15T15:11:55.654+0100] {dagbag.py:532} INFO - Filling up the DagBag from /Users/b/Documents/workflow/venv/lib/python3.11/site-packages/airflow/example_dags/example_nested_branch_dag.py
[2023-10-15T15:11:55.671+0100] {processor.py:753} INFO - DAG(s) dict_keys(['example_nested_branch_dag']) retrieved from /Users/b/Documents/workflow/venv/lib/python3.11/site-packages/airflow/example_dags/example_nested_branch_dag.py
[2023-10-15T15:11:55.847+0100] {logging_mixin.py:137} INFO - [2023-10-15T15:11:55.847+0100] {manager.py:504} INFO - Created Permission View: can edit on DAG:example_nested_branch_dag
[2023-10-15T15:11:55.849+0100] {logging_mixin.py:137} INFO - [2023-10-15T15:11:55.849+0100] {manager.py:504} INFO - Created Permission View: can delete on DAG:example_nested_branch_dag
[2023-10-15T15:11:55.851+0100] {logging_mixin.py:137} INFO - [2023-10-15T15:11:55.851+0100] {manager.py:504} INFO - Created Permission View: can read on DAG:example_nested_branch_dag
[2023-10-15T15:11:55.851+0100] {logging_mixin.py:137} INFO - [2023-10-15T15:11:55.851+0100] {dag.py:2705} INFO - Sync 1 DAGs
[2023-10-15T15:11:55.854+0100] {logging_mixin.py:137} INFO - [2023-10-15T15:11:55.854+0100] {dag.py:2726} INFO - Creating ORM DAG for example_nested_branch_dag
[2023-10-15T15:11:55.857+0100] {logging_mixin.py:137} INFO - [2023-10-15T15:11:55.857+0100] {dag.py:3452} INFO - Setting next_dagrun for example_nested_branch_dag to 2023-10-14T00:00:00+00:00, run_after=2023-10-15T00:00:00+00:00
[2023-10-15T15:11:55.863+0100] {processor.py:175} INFO - Processing /Users/b/Documents/workflow/venv/lib/python3.11/site-packages/airflow/example_dags/example_nested_branch_dag.py took 0.212 seconds
[2023-10-15T15:13:05.679+0100] {processor.py:153} INFO - Started process (PID=29801) to work on /Users/b/Documents/workflow/venv/lib/python3.11/site-packages/airflow/example_dags/example_nested_branch_dag.py
[2023-10-15T15:13:05.681+0100] {processor.py:743} INFO - Processing file /Users/b/Documents/workflow/venv/lib/python3.11/site-packages/airflow/example_dags/example_nested_branch_dag.py for tasks to queue
[2023-10-15T15:13:05.682+0100] {logging_mixin.py:137} INFO - [2023-10-15T15:13:05.681+0100] {dagbag.py:532} INFO - Filling up the DagBag from /Users/b/Documents/workflow/venv/lib/python3.11/site-packages/airflow/example_dags/example_nested_branch_dag.py
[2023-10-15T15:13:05.699+0100] {processor.py:753} INFO - DAG(s) dict_keys(['example_nested_branch_dag']) retrieved from /Users/b/Documents/workflow/venv/lib/python3.11/site-packages/airflow/example_dags/example_nested_branch_dag.py
[2023-10-15T15:13:05.860+0100] {logging_mixin.py:137} INFO - [2023-10-15T15:13:05.860+0100] {dag.py:2705} INFO - Sync 1 DAGs
[2023-10-15T15:13:05.867+0100] {logging_mixin.py:137} INFO - [2023-10-15T15:13:05.867+0100] {dag.py:3452} INFO - Setting next_dagrun for example_nested_branch_dag to 2023-10-14T00:00:00+00:00, run_after=2023-10-15T00:00:00+00:00
[2023-10-15T15:13:05.873+0100] {processor.py:175} INFO - Processing /Users/b/Documents/workflow/venv/lib/python3.11/site-packages/airflow/example_dags/example_nested_branch_dag.py took 0.194 seconds
[2023-10-15T15:14:09.345+0100] {processor.py:153} INFO - Started process (PID=30161) to work on /Users/b/Documents/workflow/venv/lib/python3.11/site-packages/airflow/example_dags/example_nested_branch_dag.py
[2023-10-15T15:14:09.348+0100] {processor.py:743} INFO - Processing file /Users/b/Documents/workflow/venv/lib/python3.11/site-packages/airflow/example_dags/example_nested_branch_dag.py for tasks to queue
[2023-10-15T15:14:09.348+0100] {logging_mixin.py:137} INFO - [2023-10-15T15:14:09.348+0100] {dagbag.py:532} INFO - Filling up the DagBag from /Users/b/Documents/workflow/venv/lib/python3.11/site-packages/airflow/example_dags/example_nested_branch_dag.py
[2023-10-15T15:14:09.365+0100] {processor.py:753} INFO - DAG(s) dict_keys(['example_nested_branch_dag']) retrieved from /Users/b/Documents/workflow/venv/lib/python3.11/site-packages/airflow/example_dags/example_nested_branch_dag.py
[2023-10-15T15:14:09.514+0100] {logging_mixin.py:137} INFO - [2023-10-15T15:14:09.513+0100] {dag.py:2705} INFO - Sync 1 DAGs
[2023-10-15T15:14:09.520+0100] {logging_mixin.py:137} INFO - [2023-10-15T15:14:09.520+0100] {dag.py:3452} INFO - Setting next_dagrun for example_nested_branch_dag to 2023-10-14T00:00:00+00:00, run_after=2023-10-15T00:00:00+00:00
[2023-10-15T15:14:09.526+0100] {processor.py:175} INFO - Processing /Users/b/Documents/workflow/venv/lib/python3.11/site-packages/airflow/example_dags/example_nested_branch_dag.py took 0.181 seconds
[2023-10-15T15:15:13.681+0100] {processor.py:153} INFO - Started process (PID=30308) to work on /Users/b/Documents/workflow/venv/lib/python3.11/site-packages/airflow/example_dags/example_nested_branch_dag.py
[2023-10-15T15:15:13.684+0100] {processor.py:743} INFO - Processing file /Users/b/Documents/workflow/venv/lib/python3.11/site-packages/airflow/example_dags/example_nested_branch_dag.py for tasks to queue
[2023-10-15T15:15:13.684+0100] {logging_mixin.py:137} INFO - [2023-10-15T15:15:13.684+0100] {dagbag.py:532} INFO - Filling up the DagBag from /Users/b/Documents/workflow/venv/lib/python3.11/site-packages/airflow/example_dags/example_nested_branch_dag.py
[2023-10-15T15:15:13.700+0100] {processor.py:753} INFO - DAG(s) dict_keys(['example_nested_branch_dag']) retrieved from /Users/b/Documents/workflow/venv/lib/python3.11/site-packages/airflow/example_dags/example_nested_branch_dag.py
[2023-10-15T15:15:13.849+0100] {logging_mixin.py:137} INFO - [2023-10-15T15:15:13.849+0100] {dag.py:2705} INFO - Sync 1 DAGs
[2023-10-15T15:15:13.855+0100] {logging_mixin.py:137} INFO - [2023-10-15T15:15:13.855+0100] {dag.py:3452} INFO - Setting next_dagrun for example_nested_branch_dag to 2023-10-14T00:00:00+00:00, run_after=2023-10-15T00:00:00+00:00
[2023-10-15T15:15:13.862+0100] {processor.py:175} INFO - Processing /Users/b/Documents/workflow/venv/lib/python3.11/site-packages/airflow/example_dags/example_nested_branch_dag.py took 0.181 seconds
[2023-10-15T15:16:15.561+0100] {processor.py:153} INFO - Started process (PID=30423) to work on /Users/b/Documents/workflow/venv/lib/python3.11/site-packages/airflow/example_dags/example_nested_branch_dag.py
[2023-10-15T15:16:15.564+0100] {processor.py:743} INFO - Processing file /Users/b/Documents/workflow/venv/lib/python3.11/site-packages/airflow/example_dags/example_nested_branch_dag.py for tasks to queue
[2023-10-15T15:16:15.564+0100] {logging_mixin.py:137} INFO - [2023-10-15T15:16:15.564+0100] {dagbag.py:532} INFO - Filling up the DagBag from /Users/b/Documents/workflow/venv/lib/python3.11/site-packages/airflow/example_dags/example_nested_branch_dag.py
[2023-10-15T15:16:15.581+0100] {processor.py:753} INFO - DAG(s) dict_keys(['example_nested_branch_dag']) retrieved from /Users/b/Documents/workflow/venv/lib/python3.11/site-packages/airflow/example_dags/example_nested_branch_dag.py
[2023-10-15T15:16:15.782+0100] {logging_mixin.py:137} INFO - [2023-10-15T15:16:15.782+0100] {dag.py:2705} INFO - Sync 1 DAGs
[2023-10-15T15:16:15.788+0100] {logging_mixin.py:137} INFO - [2023-10-15T15:16:15.788+0100] {dag.py:3452} INFO - Setting next_dagrun for example_nested_branch_dag to 2023-10-14T00:00:00+00:00, run_after=2023-10-15T00:00:00+00:00
[2023-10-15T15:16:15.795+0100] {processor.py:175} INFO - Processing /Users/b/Documents/workflow/venv/lib/python3.11/site-packages/airflow/example_dags/example_nested_branch_dag.py took 0.234 seconds
[2023-10-15T15:20:37.684+0100] {processor.py:153} INFO - Started process (PID=30916) to work on /Users/b/Documents/workflow/venv/lib/python3.11/site-packages/airflow/example_dags/example_nested_branch_dag.py
[2023-10-15T15:20:37.693+0100] {processor.py:743} INFO - Processing file /Users/b/Documents/workflow/venv/lib/python3.11/site-packages/airflow/example_dags/example_nested_branch_dag.py for tasks to queue
[2023-10-15T15:20:37.693+0100] {logging_mixin.py:137} INFO - [2023-10-15T15:20:37.693+0100] {dagbag.py:532} INFO - Filling up the DagBag from /Users/b/Documents/workflow/venv/lib/python3.11/site-packages/airflow/example_dags/example_nested_branch_dag.py
[2023-10-15T15:20:37.710+0100] {processor.py:753} INFO - DAG(s) dict_keys(['example_nested_branch_dag']) retrieved from /Users/b/Documents/workflow/venv/lib/python3.11/site-packages/airflow/example_dags/example_nested_branch_dag.py
[2023-10-15T15:20:37.892+0100] {logging_mixin.py:137} INFO - [2023-10-15T15:20:37.891+0100] {dag.py:2705} INFO - Sync 1 DAGs
[2023-10-15T15:20:37.902+0100] {logging_mixin.py:137} INFO - [2023-10-15T15:20:37.902+0100] {dag.py:3452} INFO - Setting next_dagrun for example_nested_branch_dag to 2023-10-14T00:00:00+00:00, run_after=2023-10-15T00:00:00+00:00
[2023-10-15T15:20:37.912+0100] {processor.py:175} INFO - Processing /Users/b/Documents/workflow/venv/lib/python3.11/site-packages/airflow/example_dags/example_nested_branch_dag.py took 0.228 seconds
[2023-10-15T15:21:45.978+0100] {processor.py:153} INFO - Started process (PID=31134) to work on /Users/b/Documents/workflow/venv/lib/python3.11/site-packages/airflow/example_dags/example_nested_branch_dag.py
[2023-10-15T15:21:45.980+0100] {processor.py:743} INFO - Processing file /Users/b/Documents/workflow/venv/lib/python3.11/site-packages/airflow/example_dags/example_nested_branch_dag.py for tasks to queue
[2023-10-15T15:21:45.980+0100] {logging_mixin.py:137} INFO - [2023-10-15T15:21:45.980+0100] {dagbag.py:532} INFO - Filling up the DagBag from /Users/b/Documents/workflow/venv/lib/python3.11/site-packages/airflow/example_dags/example_nested_branch_dag.py
[2023-10-15T15:21:45.996+0100] {processor.py:753} INFO - DAG(s) dict_keys(['example_nested_branch_dag']) retrieved from /Users/b/Documents/workflow/venv/lib/python3.11/site-packages/airflow/example_dags/example_nested_branch_dag.py
[2023-10-15T15:21:46.144+0100] {logging_mixin.py:137} INFO - [2023-10-15T15:21:46.144+0100] {dag.py:2705} INFO - Sync 1 DAGs
[2023-10-15T15:21:46.151+0100] {logging_mixin.py:137} INFO - [2023-10-15T15:21:46.151+0100] {dag.py:3452} INFO - Setting next_dagrun for example_nested_branch_dag to 2023-10-14T00:00:00+00:00, run_after=2023-10-15T00:00:00+00:00
[2023-10-15T15:21:46.158+0100] {processor.py:175} INFO - Processing /Users/b/Documents/workflow/venv/lib/python3.11/site-packages/airflow/example_dags/example_nested_branch_dag.py took 0.180 seconds
[2023-10-15T15:22:48.369+0100] {processor.py:153} INFO - Started process (PID=31283) to work on /Users/b/Documents/workflow/venv/lib/python3.11/site-packages/airflow/example_dags/example_nested_branch_dag.py
[2023-10-15T15:22:48.372+0100] {processor.py:743} INFO - Processing file /Users/b/Documents/workflow/venv/lib/python3.11/site-packages/airflow/example_dags/example_nested_branch_dag.py for tasks to queue
[2023-10-15T15:22:48.372+0100] {logging_mixin.py:137} INFO - [2023-10-15T15:22:48.372+0100] {dagbag.py:532} INFO - Filling up the DagBag from /Users/b/Documents/workflow/venv/lib/python3.11/site-packages/airflow/example_dags/example_nested_branch_dag.py
[2023-10-15T15:22:48.389+0100] {processor.py:753} INFO - DAG(s) dict_keys(['example_nested_branch_dag']) retrieved from /Users/b/Documents/workflow/venv/lib/python3.11/site-packages/airflow/example_dags/example_nested_branch_dag.py
[2023-10-15T15:22:48.550+0100] {logging_mixin.py:137} INFO - [2023-10-15T15:22:48.550+0100] {dag.py:2705} INFO - Sync 1 DAGs
[2023-10-15T15:22:48.557+0100] {logging_mixin.py:137} INFO - [2023-10-15T15:22:48.557+0100] {dag.py:3452} INFO - Setting next_dagrun for example_nested_branch_dag to 2023-10-14T00:00:00+00:00, run_after=2023-10-15T00:00:00+00:00
[2023-10-15T15:22:48.563+0100] {processor.py:175} INFO - Processing /Users/b/Documents/workflow/venv/lib/python3.11/site-packages/airflow/example_dags/example_nested_branch_dag.py took 0.194 seconds
[2023-10-15T15:23:54.193+0100] {processor.py:153} INFO - Started process (PID=31423) to work on /Users/b/Documents/workflow/venv/lib/python3.11/site-packages/airflow/example_dags/example_nested_branch_dag.py
[2023-10-15T15:23:54.195+0100] {processor.py:743} INFO - Processing file /Users/b/Documents/workflow/venv/lib/python3.11/site-packages/airflow/example_dags/example_nested_branch_dag.py for tasks to queue
[2023-10-15T15:23:54.195+0100] {logging_mixin.py:137} INFO - [2023-10-15T15:23:54.195+0100] {dagbag.py:532} INFO - Filling up the DagBag from /Users/b/Documents/workflow/venv/lib/python3.11/site-packages/airflow/example_dags/example_nested_branch_dag.py
[2023-10-15T15:23:54.219+0100] {processor.py:753} INFO - DAG(s) dict_keys(['example_nested_branch_dag']) retrieved from /Users/b/Documents/workflow/venv/lib/python3.11/site-packages/airflow/example_dags/example_nested_branch_dag.py
[2023-10-15T15:23:54.396+0100] {logging_mixin.py:137} INFO - [2023-10-15T15:23:54.396+0100] {dag.py:2705} INFO - Sync 1 DAGs
[2023-10-15T15:23:54.402+0100] {logging_mixin.py:137} INFO - [2023-10-15T15:23:54.402+0100] {dag.py:3452} INFO - Setting next_dagrun for example_nested_branch_dag to 2023-10-14T00:00:00+00:00, run_after=2023-10-15T00:00:00+00:00
[2023-10-15T15:23:54.410+0100] {processor.py:175} INFO - Processing /Users/b/Documents/workflow/venv/lib/python3.11/site-packages/airflow/example_dags/example_nested_branch_dag.py took 0.217 seconds
[2023-10-15T15:24:58.260+0100] {processor.py:153} INFO - Started process (PID=31558) to work on /Users/b/Documents/workflow/venv/lib/python3.11/site-packages/airflow/example_dags/example_nested_branch_dag.py
[2023-10-15T15:24:58.262+0100] {processor.py:743} INFO - Processing file /Users/b/Documents/workflow/venv/lib/python3.11/site-packages/airflow/example_dags/example_nested_branch_dag.py for tasks to queue
[2023-10-15T15:24:58.262+0100] {logging_mixin.py:137} INFO - [2023-10-15T15:24:58.262+0100] {dagbag.py:532} INFO - Filling up the DagBag from /Users/b/Documents/workflow/venv/lib/python3.11/site-packages/airflow/example_dags/example_nested_branch_dag.py
[2023-10-15T15:24:58.279+0100] {processor.py:753} INFO - DAG(s) dict_keys(['example_nested_branch_dag']) retrieved from /Users/b/Documents/workflow/venv/lib/python3.11/site-packages/airflow/example_dags/example_nested_branch_dag.py
[2023-10-15T15:24:58.432+0100] {logging_mixin.py:137} INFO - [2023-10-15T15:24:58.432+0100] {dag.py:2705} INFO - Sync 1 DAGs
[2023-10-15T15:24:58.438+0100] {logging_mixin.py:137} INFO - [2023-10-15T15:24:58.438+0100] {dag.py:3452} INFO - Setting next_dagrun for example_nested_branch_dag to 2023-10-14T00:00:00+00:00, run_after=2023-10-15T00:00:00+00:00
[2023-10-15T15:24:58.445+0100] {processor.py:175} INFO - Processing /Users/b/Documents/workflow/venv/lib/python3.11/site-packages/airflow/example_dags/example_nested_branch_dag.py took 0.185 seconds
[2023-10-15T15:26:03.193+0100] {processor.py:153} INFO - Started process (PID=31687) to work on /Users/b/Documents/workflow/venv/lib/python3.11/site-packages/airflow/example_dags/example_nested_branch_dag.py
[2023-10-15T15:26:03.195+0100] {processor.py:743} INFO - Processing file /Users/b/Documents/workflow/venv/lib/python3.11/site-packages/airflow/example_dags/example_nested_branch_dag.py for tasks to queue
[2023-10-15T15:26:03.195+0100] {logging_mixin.py:137} INFO - [2023-10-15T15:26:03.195+0100] {dagbag.py:532} INFO - Filling up the DagBag from /Users/b/Documents/workflow/venv/lib/python3.11/site-packages/airflow/example_dags/example_nested_branch_dag.py
[2023-10-15T15:26:03.212+0100] {processor.py:753} INFO - DAG(s) dict_keys(['example_nested_branch_dag']) retrieved from /Users/b/Documents/workflow/venv/lib/python3.11/site-packages/airflow/example_dags/example_nested_branch_dag.py
[2023-10-15T15:26:03.365+0100] {logging_mixin.py:137} INFO - [2023-10-15T15:26:03.365+0100] {dag.py:2705} INFO - Sync 1 DAGs
[2023-10-15T15:26:03.372+0100] {logging_mixin.py:137} INFO - [2023-10-15T15:26:03.372+0100] {dag.py:3452} INFO - Setting next_dagrun for example_nested_branch_dag to 2023-10-14T00:00:00+00:00, run_after=2023-10-15T00:00:00+00:00
[2023-10-15T15:26:03.379+0100] {processor.py:175} INFO - Processing /Users/b/Documents/workflow/venv/lib/python3.11/site-packages/airflow/example_dags/example_nested_branch_dag.py took 0.186 seconds
[2023-10-15T15:27:07.798+0100] {processor.py:153} INFO - Started process (PID=31799) to work on /Users/b/Documents/workflow/venv/lib/python3.11/site-packages/airflow/example_dags/example_nested_branch_dag.py
[2023-10-15T15:27:07.800+0100] {processor.py:743} INFO - Processing file /Users/b/Documents/workflow/venv/lib/python3.11/site-packages/airflow/example_dags/example_nested_branch_dag.py for tasks to queue
[2023-10-15T15:27:07.800+0100] {logging_mixin.py:137} INFO - [2023-10-15T15:27:07.800+0100] {dagbag.py:532} INFO - Filling up the DagBag from /Users/b/Documents/workflow/venv/lib/python3.11/site-packages/airflow/example_dags/example_nested_branch_dag.py
[2023-10-15T15:27:07.817+0100] {processor.py:753} INFO - DAG(s) dict_keys(['example_nested_branch_dag']) retrieved from /Users/b/Documents/workflow/venv/lib/python3.11/site-packages/airflow/example_dags/example_nested_branch_dag.py
[2023-10-15T15:27:07.972+0100] {logging_mixin.py:137} INFO - [2023-10-15T15:27:07.972+0100] {dag.py:2705} INFO - Sync 1 DAGs
[2023-10-15T15:27:07.978+0100] {logging_mixin.py:137} INFO - [2023-10-15T15:27:07.978+0100] {dag.py:3452} INFO - Setting next_dagrun for example_nested_branch_dag to 2023-10-14T00:00:00+00:00, run_after=2023-10-15T00:00:00+00:00
[2023-10-15T15:27:07.984+0100] {processor.py:175} INFO - Processing /Users/b/Documents/workflow/venv/lib/python3.11/site-packages/airflow/example_dags/example_nested_branch_dag.py took 0.187 seconds
[2023-10-15T15:28:11.023+0100] {processor.py:153} INFO - Started process (PID=31903) to work on /Users/b/Documents/workflow/venv/lib/python3.11/site-packages/airflow/example_dags/example_nested_branch_dag.py
[2023-10-15T15:28:11.026+0100] {processor.py:743} INFO - Processing file /Users/b/Documents/workflow/venv/lib/python3.11/site-packages/airflow/example_dags/example_nested_branch_dag.py for tasks to queue
[2023-10-15T15:28:11.026+0100] {logging_mixin.py:137} INFO - [2023-10-15T15:28:11.026+0100] {dagbag.py:532} INFO - Filling up the DagBag from /Users/b/Documents/workflow/venv/lib/python3.11/site-packages/airflow/example_dags/example_nested_branch_dag.py
[2023-10-15T15:28:11.043+0100] {processor.py:753} INFO - DAG(s) dict_keys(['example_nested_branch_dag']) retrieved from /Users/b/Documents/workflow/venv/lib/python3.11/site-packages/airflow/example_dags/example_nested_branch_dag.py
[2023-10-15T15:28:11.195+0100] {logging_mixin.py:137} INFO - [2023-10-15T15:28:11.195+0100] {dag.py:2705} INFO - Sync 1 DAGs
[2023-10-15T15:28:11.202+0100] {logging_mixin.py:137} INFO - [2023-10-15T15:28:11.201+0100] {dag.py:3452} INFO - Setting next_dagrun for example_nested_branch_dag to 2023-10-14T00:00:00+00:00, run_after=2023-10-15T00:00:00+00:00
[2023-10-15T15:28:11.208+0100] {processor.py:175} INFO - Processing /Users/b/Documents/workflow/venv/lib/python3.11/site-packages/airflow/example_dags/example_nested_branch_dag.py took 0.185 seconds
[2023-10-15T15:29:15.466+0100] {processor.py:153} INFO - Started process (PID=32020) to work on /Users/b/Documents/workflow/venv/lib/python3.11/site-packages/airflow/example_dags/example_nested_branch_dag.py
[2023-10-15T15:29:15.468+0100] {processor.py:743} INFO - Processing file /Users/b/Documents/workflow/venv/lib/python3.11/site-packages/airflow/example_dags/example_nested_branch_dag.py for tasks to queue
[2023-10-15T15:29:15.468+0100] {logging_mixin.py:137} INFO - [2023-10-15T15:29:15.468+0100] {dagbag.py:532} INFO - Filling up the DagBag from /Users/b/Documents/workflow/venv/lib/python3.11/site-packages/airflow/example_dags/example_nested_branch_dag.py
[2023-10-15T15:29:15.485+0100] {processor.py:753} INFO - DAG(s) dict_keys(['example_nested_branch_dag']) retrieved from /Users/b/Documents/workflow/venv/lib/python3.11/site-packages/airflow/example_dags/example_nested_branch_dag.py
[2023-10-15T15:29:15.634+0100] {logging_mixin.py:137} INFO - [2023-10-15T15:29:15.634+0100] {dag.py:2705} INFO - Sync 1 DAGs
[2023-10-15T15:29:15.640+0100] {logging_mixin.py:137} INFO - [2023-10-15T15:29:15.640+0100] {dag.py:3452} INFO - Setting next_dagrun for example_nested_branch_dag to 2023-10-14T00:00:00+00:00, run_after=2023-10-15T00:00:00+00:00
[2023-10-15T15:29:15.646+0100] {processor.py:175} INFO - Processing /Users/b/Documents/workflow/venv/lib/python3.11/site-packages/airflow/example_dags/example_nested_branch_dag.py took 0.181 seconds
[2023-10-15T15:30:20.472+0100] {processor.py:153} INFO - Started process (PID=32151) to work on /Users/b/Documents/workflow/venv/lib/python3.11/site-packages/airflow/example_dags/example_nested_branch_dag.py
[2023-10-15T15:30:20.475+0100] {processor.py:743} INFO - Processing file /Users/b/Documents/workflow/venv/lib/python3.11/site-packages/airflow/example_dags/example_nested_branch_dag.py for tasks to queue
[2023-10-15T15:30:20.475+0100] {logging_mixin.py:137} INFO - [2023-10-15T15:30:20.475+0100] {dagbag.py:532} INFO - Filling up the DagBag from /Users/b/Documents/workflow/venv/lib/python3.11/site-packages/airflow/example_dags/example_nested_branch_dag.py
[2023-10-15T15:30:20.492+0100] {processor.py:753} INFO - DAG(s) dict_keys(['example_nested_branch_dag']) retrieved from /Users/b/Documents/workflow/venv/lib/python3.11/site-packages/airflow/example_dags/example_nested_branch_dag.py
[2023-10-15T15:30:20.646+0100] {logging_mixin.py:137} INFO - [2023-10-15T15:30:20.646+0100] {dag.py:2705} INFO - Sync 1 DAGs
[2023-10-15T15:30:20.653+0100] {logging_mixin.py:137} INFO - [2023-10-15T15:30:20.652+0100] {dag.py:3452} INFO - Setting next_dagrun for example_nested_branch_dag to 2023-10-14T00:00:00+00:00, run_after=2023-10-15T00:00:00+00:00
[2023-10-15T15:30:20.661+0100] {processor.py:175} INFO - Processing /Users/b/Documents/workflow/venv/lib/python3.11/site-packages/airflow/example_dags/example_nested_branch_dag.py took 0.189 seconds
[2023-10-15T15:31:29.641+0100] {processor.py:153} INFO - Started process (PID=32278) to work on /Users/b/Documents/workflow/venv/lib/python3.11/site-packages/airflow/example_dags/example_nested_branch_dag.py
[2023-10-15T15:31:29.643+0100] {processor.py:743} INFO - Processing file /Users/b/Documents/workflow/venv/lib/python3.11/site-packages/airflow/example_dags/example_nested_branch_dag.py for tasks to queue
[2023-10-15T15:31:29.643+0100] {logging_mixin.py:137} INFO - [2023-10-15T15:31:29.643+0100] {dagbag.py:532} INFO - Filling up the DagBag from /Users/b/Documents/workflow/venv/lib/python3.11/site-packages/airflow/example_dags/example_nested_branch_dag.py
[2023-10-15T15:31:29.659+0100] {processor.py:753} INFO - DAG(s) dict_keys(['example_nested_branch_dag']) retrieved from /Users/b/Documents/workflow/venv/lib/python3.11/site-packages/airflow/example_dags/example_nested_branch_dag.py
[2023-10-15T15:31:29.814+0100] {logging_mixin.py:137} INFO - [2023-10-15T15:31:29.814+0100] {dag.py:2705} INFO - Sync 1 DAGs
[2023-10-15T15:31:29.820+0100] {logging_mixin.py:137} INFO - [2023-10-15T15:31:29.820+0100] {dag.py:3452} INFO - Setting next_dagrun for example_nested_branch_dag to 2023-10-14T00:00:00+00:00, run_after=2023-10-15T00:00:00+00:00
[2023-10-15T15:31:29.827+0100] {processor.py:175} INFO - Processing /Users/b/Documents/workflow/venv/lib/python3.11/site-packages/airflow/example_dags/example_nested_branch_dag.py took 0.186 seconds
[2023-10-15T15:32:35.317+0100] {processor.py:153} INFO - Started process (PID=32398) to work on /Users/b/Documents/workflow/venv/lib/python3.11/site-packages/airflow/example_dags/example_nested_branch_dag.py
[2023-10-15T15:32:35.320+0100] {processor.py:743} INFO - Processing file /Users/b/Documents/workflow/venv/lib/python3.11/site-packages/airflow/example_dags/example_nested_branch_dag.py for tasks to queue
[2023-10-15T15:32:35.320+0100] {logging_mixin.py:137} INFO - [2023-10-15T15:32:35.320+0100] {dagbag.py:532} INFO - Filling up the DagBag from /Users/b/Documents/workflow/venv/lib/python3.11/site-packages/airflow/example_dags/example_nested_branch_dag.py
[2023-10-15T15:32:35.337+0100] {processor.py:753} INFO - DAG(s) dict_keys(['example_nested_branch_dag']) retrieved from /Users/b/Documents/workflow/venv/lib/python3.11/site-packages/airflow/example_dags/example_nested_branch_dag.py
[2023-10-15T15:32:35.496+0100] {logging_mixin.py:137} INFO - [2023-10-15T15:32:35.496+0100] {dag.py:2705} INFO - Sync 1 DAGs
[2023-10-15T15:32:35.502+0100] {logging_mixin.py:137} INFO - [2023-10-15T15:32:35.502+0100] {dag.py:3452} INFO - Setting next_dagrun for example_nested_branch_dag to 2023-10-14T00:00:00+00:00, run_after=2023-10-15T00:00:00+00:00
[2023-10-15T15:32:35.514+0100] {processor.py:175} INFO - Processing /Users/b/Documents/workflow/venv/lib/python3.11/site-packages/airflow/example_dags/example_nested_branch_dag.py took 0.198 seconds
