[2023-10-15T15:12:01.999+0100] {processor.py:153} INFO - Started process (PID=29477) to work on /Users/b/Documents/workflow/venv/lib/python3.11/site-packages/airflow/example_dags/example_external_task_marker_dag.py
[2023-10-15T15:12:02.002+0100] {processor.py:743} INFO - Processing file /Users/b/Documents/workflow/venv/lib/python3.11/site-packages/airflow/example_dags/example_external_task_marker_dag.py for tasks to queue
[2023-10-15T15:12:02.002+0100] {logging_mixin.py:137} INFO - [2023-10-15T15:12:02.002+0100] {dagbag.py:532} INFO - Filling up the DagBag from /Users/b/Documents/workflow/venv/lib/python3.11/site-packages/airflow/example_dags/example_external_task_marker_dag.py
[2023-10-15T15:12:02.011+0100] {processor.py:753} INFO - DAG(s) dict_keys(['example_external_task_marker_child', 'example_external_task_marker_parent']) retrieved from /Users/b/Documents/workflow/venv/lib/python3.11/site-packages/airflow/example_dags/example_external_task_marker_dag.py
[2023-10-15T15:12:02.257+0100] {logging_mixin.py:137} INFO - [2023-10-15T15:12:02.257+0100] {manager.py:504} INFO - Created Permission View: can delete on DAG:example_external_task_marker_child
[2023-10-15T15:12:02.260+0100] {logging_mixin.py:137} INFO - [2023-10-15T15:12:02.260+0100] {manager.py:504} INFO - Created Permission View: can edit on DAG:example_external_task_marker_child
[2023-10-15T15:12:02.262+0100] {logging_mixin.py:137} INFO - [2023-10-15T15:12:02.262+0100] {manager.py:504} INFO - Created Permission View: can read on DAG:example_external_task_marker_child
[2023-10-15T15:12:02.266+0100] {logging_mixin.py:137} INFO - [2023-10-15T15:12:02.266+0100] {manager.py:504} INFO - Created Permission View: can delete on DAG:example_external_task_marker_parent
[2023-10-15T15:12:02.268+0100] {logging_mixin.py:137} INFO - [2023-10-15T15:12:02.268+0100] {manager.py:504} INFO - Created Permission View: can edit on DAG:example_external_task_marker_parent
[2023-10-15T15:12:02.270+0100] {logging_mixin.py:137} INFO - [2023-10-15T15:12:02.270+0100] {manager.py:504} INFO - Created Permission View: can read on DAG:example_external_task_marker_parent
[2023-10-15T15:12:02.270+0100] {logging_mixin.py:137} INFO - [2023-10-15T15:12:02.270+0100] {dag.py:2705} INFO - Sync 2 DAGs
[2023-10-15T15:12:02.273+0100] {logging_mixin.py:137} INFO - [2023-10-15T15:12:02.273+0100] {dag.py:2726} INFO - Creating ORM DAG for example_external_task_marker_child
[2023-10-15T15:12:02.273+0100] {logging_mixin.py:137} INFO - [2023-10-15T15:12:02.273+0100] {dag.py:2726} INFO - Creating ORM DAG for example_external_task_marker_parent
[2023-10-15T15:12:02.276+0100] {logging_mixin.py:137} INFO - [2023-10-15T15:12:02.276+0100] {dag.py:3452} INFO - Setting next_dagrun for example_external_task_marker_child to None, run_after=None
[2023-10-15T15:12:02.276+0100] {logging_mixin.py:137} INFO - [2023-10-15T15:12:02.276+0100] {dag.py:3452} INFO - Setting next_dagrun for example_external_task_marker_parent to None, run_after=None
[2023-10-15T15:12:02.283+0100] {processor.py:175} INFO - Processing /Users/b/Documents/workflow/venv/lib/python3.11/site-packages/airflow/example_dags/example_external_task_marker_dag.py took 0.284 seconds
[2023-10-15T15:13:13.372+0100] {processor.py:153} INFO - Started process (PID=29878) to work on /Users/b/Documents/workflow/venv/lib/python3.11/site-packages/airflow/example_dags/example_external_task_marker_dag.py
[2023-10-15T15:13:13.374+0100] {processor.py:743} INFO - Processing file /Users/b/Documents/workflow/venv/lib/python3.11/site-packages/airflow/example_dags/example_external_task_marker_dag.py for tasks to queue
[2023-10-15T15:13:13.374+0100] {logging_mixin.py:137} INFO - [2023-10-15T15:13:13.374+0100] {dagbag.py:532} INFO - Filling up the DagBag from /Users/b/Documents/workflow/venv/lib/python3.11/site-packages/airflow/example_dags/example_external_task_marker_dag.py
[2023-10-15T15:13:13.388+0100] {processor.py:753} INFO - DAG(s) dict_keys(['example_external_task_marker_child', 'example_external_task_marker_parent']) retrieved from /Users/b/Documents/workflow/venv/lib/python3.11/site-packages/airflow/example_dags/example_external_task_marker_dag.py
[2023-10-15T15:13:13.608+0100] {logging_mixin.py:137} INFO - [2023-10-15T15:13:13.608+0100] {dag.py:2705} INFO - Sync 2 DAGs
[2023-10-15T15:13:13.613+0100] {logging_mixin.py:137} INFO - [2023-10-15T15:13:13.613+0100] {dag.py:3452} INFO - Setting next_dagrun for example_external_task_marker_child to None, run_after=None
[2023-10-15T15:13:13.614+0100] {logging_mixin.py:137} INFO - [2023-10-15T15:13:13.614+0100] {dag.py:3452} INFO - Setting next_dagrun for example_external_task_marker_parent to None, run_after=None
[2023-10-15T15:13:13.622+0100] {processor.py:175} INFO - Processing /Users/b/Documents/workflow/venv/lib/python3.11/site-packages/airflow/example_dags/example_external_task_marker_dag.py took 0.250 seconds
[2023-10-15T15:14:16.564+0100] {processor.py:153} INFO - Started process (PID=30172) to work on /Users/b/Documents/workflow/venv/lib/python3.11/site-packages/airflow/example_dags/example_external_task_marker_dag.py
[2023-10-15T15:14:16.567+0100] {processor.py:743} INFO - Processing file /Users/b/Documents/workflow/venv/lib/python3.11/site-packages/airflow/example_dags/example_external_task_marker_dag.py for tasks to queue
[2023-10-15T15:14:16.567+0100] {logging_mixin.py:137} INFO - [2023-10-15T15:14:16.567+0100] {dagbag.py:532} INFO - Filling up the DagBag from /Users/b/Documents/workflow/venv/lib/python3.11/site-packages/airflow/example_dags/example_external_task_marker_dag.py
[2023-10-15T15:14:16.575+0100] {processor.py:753} INFO - DAG(s) dict_keys(['example_external_task_marker_parent', 'example_external_task_marker_child']) retrieved from /Users/b/Documents/workflow/venv/lib/python3.11/site-packages/airflow/example_dags/example_external_task_marker_dag.py
[2023-10-15T15:14:16.773+0100] {logging_mixin.py:137} INFO - [2023-10-15T15:14:16.773+0100] {dag.py:2705} INFO - Sync 2 DAGs
[2023-10-15T15:14:16.779+0100] {logging_mixin.py:137} INFO - [2023-10-15T15:14:16.779+0100] {dag.py:3452} INFO - Setting next_dagrun for example_external_task_marker_child to None, run_after=None
[2023-10-15T15:14:16.779+0100] {logging_mixin.py:137} INFO - [2023-10-15T15:14:16.779+0100] {dag.py:3452} INFO - Setting next_dagrun for example_external_task_marker_parent to None, run_after=None
[2023-10-15T15:14:16.785+0100] {processor.py:175} INFO - Processing /Users/b/Documents/workflow/venv/lib/python3.11/site-packages/airflow/example_dags/example_external_task_marker_dag.py took 0.221 seconds
[2023-10-15T15:15:20.069+0100] {processor.py:153} INFO - Started process (PID=30318) to work on /Users/b/Documents/workflow/venv/lib/python3.11/site-packages/airflow/example_dags/example_external_task_marker_dag.py
[2023-10-15T15:15:20.072+0100] {processor.py:743} INFO - Processing file /Users/b/Documents/workflow/venv/lib/python3.11/site-packages/airflow/example_dags/example_external_task_marker_dag.py for tasks to queue
[2023-10-15T15:15:20.072+0100] {logging_mixin.py:137} INFO - [2023-10-15T15:15:20.072+0100] {dagbag.py:532} INFO - Filling up the DagBag from /Users/b/Documents/workflow/venv/lib/python3.11/site-packages/airflow/example_dags/example_external_task_marker_dag.py
[2023-10-15T15:15:20.080+0100] {processor.py:753} INFO - DAG(s) dict_keys(['example_external_task_marker_parent', 'example_external_task_marker_child']) retrieved from /Users/b/Documents/workflow/venv/lib/python3.11/site-packages/airflow/example_dags/example_external_task_marker_dag.py
[2023-10-15T15:15:20.253+0100] {logging_mixin.py:137} INFO - [2023-10-15T15:15:20.253+0100] {dag.py:2705} INFO - Sync 2 DAGs
[2023-10-15T15:15:20.258+0100] {logging_mixin.py:137} INFO - [2023-10-15T15:15:20.258+0100] {dag.py:3452} INFO - Setting next_dagrun for example_external_task_marker_child to None, run_after=None
[2023-10-15T15:15:20.259+0100] {logging_mixin.py:137} INFO - [2023-10-15T15:15:20.259+0100] {dag.py:3452} INFO - Setting next_dagrun for example_external_task_marker_parent to None, run_after=None
[2023-10-15T15:15:20.266+0100] {processor.py:175} INFO - Processing /Users/b/Documents/workflow/venv/lib/python3.11/site-packages/airflow/example_dags/example_external_task_marker_dag.py took 0.197 seconds
[2023-10-15T15:20:46.270+0100] {processor.py:153} INFO - Started process (PID=30941) to work on /Users/b/Documents/workflow/venv/lib/python3.11/site-packages/airflow/example_dags/example_external_task_marker_dag.py
[2023-10-15T15:20:46.272+0100] {processor.py:743} INFO - Processing file /Users/b/Documents/workflow/venv/lib/python3.11/site-packages/airflow/example_dags/example_external_task_marker_dag.py for tasks to queue
[2023-10-15T15:20:46.272+0100] {logging_mixin.py:137} INFO - [2023-10-15T15:20:46.272+0100] {dagbag.py:532} INFO - Filling up the DagBag from /Users/b/Documents/workflow/venv/lib/python3.11/site-packages/airflow/example_dags/example_external_task_marker_dag.py
[2023-10-15T15:20:46.280+0100] {processor.py:753} INFO - DAG(s) dict_keys(['example_external_task_marker_child', 'example_external_task_marker_parent']) retrieved from /Users/b/Documents/workflow/venv/lib/python3.11/site-packages/airflow/example_dags/example_external_task_marker_dag.py
[2023-10-15T15:20:46.476+0100] {logging_mixin.py:137} INFO - [2023-10-15T15:20:46.476+0100] {dag.py:2705} INFO - Sync 2 DAGs
[2023-10-15T15:20:46.481+0100] {logging_mixin.py:137} INFO - [2023-10-15T15:20:46.481+0100] {dag.py:3452} INFO - Setting next_dagrun for example_external_task_marker_child to None, run_after=None
[2023-10-15T15:20:46.482+0100] {logging_mixin.py:137} INFO - [2023-10-15T15:20:46.482+0100] {dag.py:3452} INFO - Setting next_dagrun for example_external_task_marker_parent to None, run_after=None
[2023-10-15T15:20:46.488+0100] {processor.py:175} INFO - Processing /Users/b/Documents/workflow/venv/lib/python3.11/site-packages/airflow/example_dags/example_external_task_marker_dag.py took 0.219 seconds
[2023-10-15T15:21:53.254+0100] {processor.py:153} INFO - Started process (PID=31161) to work on /Users/b/Documents/workflow/venv/lib/python3.11/site-packages/airflow/example_dags/example_external_task_marker_dag.py
[2023-10-15T15:21:53.256+0100] {processor.py:743} INFO - Processing file /Users/b/Documents/workflow/venv/lib/python3.11/site-packages/airflow/example_dags/example_external_task_marker_dag.py for tasks to queue
[2023-10-15T15:21:53.256+0100] {logging_mixin.py:137} INFO - [2023-10-15T15:21:53.256+0100] {dagbag.py:532} INFO - Filling up the DagBag from /Users/b/Documents/workflow/venv/lib/python3.11/site-packages/airflow/example_dags/example_external_task_marker_dag.py
[2023-10-15T15:21:53.266+0100] {processor.py:753} INFO - DAG(s) dict_keys(['example_external_task_marker_parent', 'example_external_task_marker_child']) retrieved from /Users/b/Documents/workflow/venv/lib/python3.11/site-packages/airflow/example_dags/example_external_task_marker_dag.py
[2023-10-15T15:21:53.446+0100] {logging_mixin.py:137} INFO - [2023-10-15T15:21:53.446+0100] {dag.py:2705} INFO - Sync 2 DAGs
[2023-10-15T15:21:53.451+0100] {logging_mixin.py:137} INFO - [2023-10-15T15:21:53.451+0100] {dag.py:3452} INFO - Setting next_dagrun for example_external_task_marker_child to None, run_after=None
[2023-10-15T15:21:53.452+0100] {logging_mixin.py:137} INFO - [2023-10-15T15:21:53.452+0100] {dag.py:3452} INFO - Setting next_dagrun for example_external_task_marker_parent to None, run_after=None
[2023-10-15T15:21:53.458+0100] {processor.py:175} INFO - Processing /Users/b/Documents/workflow/venv/lib/python3.11/site-packages/airflow/example_dags/example_external_task_marker_dag.py took 0.205 seconds
[2023-10-15T15:22:55.770+0100] {processor.py:153} INFO - Started process (PID=31294) to work on /Users/b/Documents/workflow/venv/lib/python3.11/site-packages/airflow/example_dags/example_external_task_marker_dag.py
[2023-10-15T15:22:55.772+0100] {processor.py:743} INFO - Processing file /Users/b/Documents/workflow/venv/lib/python3.11/site-packages/airflow/example_dags/example_external_task_marker_dag.py for tasks to queue
[2023-10-15T15:22:55.772+0100] {logging_mixin.py:137} INFO - [2023-10-15T15:22:55.772+0100] {dagbag.py:532} INFO - Filling up the DagBag from /Users/b/Documents/workflow/venv/lib/python3.11/site-packages/airflow/example_dags/example_external_task_marker_dag.py
[2023-10-15T15:22:55.781+0100] {processor.py:753} INFO - DAG(s) dict_keys(['example_external_task_marker_parent', 'example_external_task_marker_child']) retrieved from /Users/b/Documents/workflow/venv/lib/python3.11/site-packages/airflow/example_dags/example_external_task_marker_dag.py
[2023-10-15T15:22:55.996+0100] {logging_mixin.py:137} INFO - [2023-10-15T15:22:55.996+0100] {dag.py:2705} INFO - Sync 2 DAGs
[2023-10-15T15:22:56.002+0100] {logging_mixin.py:137} INFO - [2023-10-15T15:22:56.002+0100] {dag.py:3452} INFO - Setting next_dagrun for example_external_task_marker_child to None, run_after=None
[2023-10-15T15:22:56.003+0100] {logging_mixin.py:137} INFO - [2023-10-15T15:22:56.003+0100] {dag.py:3452} INFO - Setting next_dagrun for example_external_task_marker_parent to None, run_after=None
[2023-10-15T15:22:56.009+0100] {processor.py:175} INFO - Processing /Users/b/Documents/workflow/venv/lib/python3.11/site-packages/airflow/example_dags/example_external_task_marker_dag.py took 0.240 seconds
[2023-10-15T15:24:01.508+0100] {processor.py:153} INFO - Started process (PID=31441) to work on /Users/b/Documents/workflow/venv/lib/python3.11/site-packages/airflow/example_dags/example_external_task_marker_dag.py
[2023-10-15T15:24:01.510+0100] {processor.py:743} INFO - Processing file /Users/b/Documents/workflow/venv/lib/python3.11/site-packages/airflow/example_dags/example_external_task_marker_dag.py for tasks to queue
[2023-10-15T15:24:01.510+0100] {logging_mixin.py:137} INFO - [2023-10-15T15:24:01.510+0100] {dagbag.py:532} INFO - Filling up the DagBag from /Users/b/Documents/workflow/venv/lib/python3.11/site-packages/airflow/example_dags/example_external_task_marker_dag.py
[2023-10-15T15:24:01.518+0100] {processor.py:753} INFO - DAG(s) dict_keys(['example_external_task_marker_child', 'example_external_task_marker_parent']) retrieved from /Users/b/Documents/workflow/venv/lib/python3.11/site-packages/airflow/example_dags/example_external_task_marker_dag.py
[2023-10-15T15:24:01.724+0100] {logging_mixin.py:137} INFO - [2023-10-15T15:24:01.724+0100] {dag.py:2705} INFO - Sync 2 DAGs
[2023-10-15T15:24:01.730+0100] {logging_mixin.py:137} INFO - [2023-10-15T15:24:01.730+0100] {dag.py:3452} INFO - Setting next_dagrun for example_external_task_marker_child to None, run_after=None
[2023-10-15T15:24:01.730+0100] {logging_mixin.py:137} INFO - [2023-10-15T15:24:01.730+0100] {dag.py:3452} INFO - Setting next_dagrun for example_external_task_marker_parent to None, run_after=None
[2023-10-15T15:24:01.737+0100] {processor.py:175} INFO - Processing /Users/b/Documents/workflow/venv/lib/python3.11/site-packages/airflow/example_dags/example_external_task_marker_dag.py took 0.229 seconds
[2023-10-15T15:25:05.428+0100] {processor.py:153} INFO - Started process (PID=31573) to work on /Users/b/Documents/workflow/venv/lib/python3.11/site-packages/airflow/example_dags/example_external_task_marker_dag.py
[2023-10-15T15:25:05.431+0100] {processor.py:743} INFO - Processing file /Users/b/Documents/workflow/venv/lib/python3.11/site-packages/airflow/example_dags/example_external_task_marker_dag.py for tasks to queue
[2023-10-15T15:25:05.431+0100] {logging_mixin.py:137} INFO - [2023-10-15T15:25:05.431+0100] {dagbag.py:532} INFO - Filling up the DagBag from /Users/b/Documents/workflow/venv/lib/python3.11/site-packages/airflow/example_dags/example_external_task_marker_dag.py
[2023-10-15T15:25:05.440+0100] {processor.py:753} INFO - DAG(s) dict_keys(['example_external_task_marker_parent', 'example_external_task_marker_child']) retrieved from /Users/b/Documents/workflow/venv/lib/python3.11/site-packages/airflow/example_dags/example_external_task_marker_dag.py
[2023-10-15T15:25:05.650+0100] {logging_mixin.py:137} INFO - [2023-10-15T15:25:05.650+0100] {dag.py:2705} INFO - Sync 2 DAGs
[2023-10-15T15:25:05.656+0100] {logging_mixin.py:137} INFO - [2023-10-15T15:25:05.656+0100] {dag.py:3452} INFO - Setting next_dagrun for example_external_task_marker_child to None, run_after=None
[2023-10-15T15:25:05.657+0100] {logging_mixin.py:137} INFO - [2023-10-15T15:25:05.657+0100] {dag.py:3452} INFO - Setting next_dagrun for example_external_task_marker_parent to None, run_after=None
[2023-10-15T15:25:05.662+0100] {processor.py:175} INFO - Processing /Users/b/Documents/workflow/venv/lib/python3.11/site-packages/airflow/example_dags/example_external_task_marker_dag.py took 0.234 seconds
[2023-10-15T15:26:10.518+0100] {processor.py:153} INFO - Started process (PID=31697) to work on /Users/b/Documents/workflow/venv/lib/python3.11/site-packages/airflow/example_dags/example_external_task_marker_dag.py
[2023-10-15T15:26:10.520+0100] {processor.py:743} INFO - Processing file /Users/b/Documents/workflow/venv/lib/python3.11/site-packages/airflow/example_dags/example_external_task_marker_dag.py for tasks to queue
[2023-10-15T15:26:10.520+0100] {logging_mixin.py:137} INFO - [2023-10-15T15:26:10.520+0100] {dagbag.py:532} INFO - Filling up the DagBag from /Users/b/Documents/workflow/venv/lib/python3.11/site-packages/airflow/example_dags/example_external_task_marker_dag.py
[2023-10-15T15:26:10.528+0100] {processor.py:753} INFO - DAG(s) dict_keys(['example_external_task_marker_parent', 'example_external_task_marker_child']) retrieved from /Users/b/Documents/workflow/venv/lib/python3.11/site-packages/airflow/example_dags/example_external_task_marker_dag.py
[2023-10-15T15:26:10.733+0100] {logging_mixin.py:137} INFO - [2023-10-15T15:26:10.733+0100] {dag.py:2705} INFO - Sync 2 DAGs
[2023-10-15T15:26:10.739+0100] {logging_mixin.py:137} INFO - [2023-10-15T15:26:10.738+0100] {dag.py:3452} INFO - Setting next_dagrun for example_external_task_marker_child to None, run_after=None
[2023-10-15T15:26:10.739+0100] {logging_mixin.py:137} INFO - [2023-10-15T15:26:10.739+0100] {dag.py:3452} INFO - Setting next_dagrun for example_external_task_marker_parent to None, run_after=None
[2023-10-15T15:26:10.745+0100] {processor.py:175} INFO - Processing /Users/b/Documents/workflow/venv/lib/python3.11/site-packages/airflow/example_dags/example_external_task_marker_dag.py took 0.228 seconds
[2023-10-15T15:27:15.040+0100] {processor.py:153} INFO - Started process (PID=31810) to work on /Users/b/Documents/workflow/venv/lib/python3.11/site-packages/airflow/example_dags/example_external_task_marker_dag.py
[2023-10-15T15:27:15.043+0100] {processor.py:743} INFO - Processing file /Users/b/Documents/workflow/venv/lib/python3.11/site-packages/airflow/example_dags/example_external_task_marker_dag.py for tasks to queue
[2023-10-15T15:27:15.043+0100] {logging_mixin.py:137} INFO - [2023-10-15T15:27:15.043+0100] {dagbag.py:532} INFO - Filling up the DagBag from /Users/b/Documents/workflow/venv/lib/python3.11/site-packages/airflow/example_dags/example_external_task_marker_dag.py
[2023-10-15T15:27:15.051+0100] {processor.py:753} INFO - DAG(s) dict_keys(['example_external_task_marker_parent', 'example_external_task_marker_child']) retrieved from /Users/b/Documents/workflow/venv/lib/python3.11/site-packages/airflow/example_dags/example_external_task_marker_dag.py
[2023-10-15T15:27:15.257+0100] {logging_mixin.py:137} INFO - [2023-10-15T15:27:15.256+0100] {dag.py:2705} INFO - Sync 2 DAGs
[2023-10-15T15:27:15.262+0100] {logging_mixin.py:137} INFO - [2023-10-15T15:27:15.262+0100] {dag.py:3452} INFO - Setting next_dagrun for example_external_task_marker_child to None, run_after=None
[2023-10-15T15:27:15.263+0100] {logging_mixin.py:137} INFO - [2023-10-15T15:27:15.262+0100] {dag.py:3452} INFO - Setting next_dagrun for example_external_task_marker_parent to None, run_after=None
[2023-10-15T15:27:15.268+0100] {processor.py:175} INFO - Processing /Users/b/Documents/workflow/venv/lib/python3.11/site-packages/airflow/example_dags/example_external_task_marker_dag.py took 0.229 seconds
[2023-10-15T15:28:18.328+0100] {processor.py:153} INFO - Started process (PID=31919) to work on /Users/b/Documents/workflow/venv/lib/python3.11/site-packages/airflow/example_dags/example_external_task_marker_dag.py
[2023-10-15T15:28:18.330+0100] {processor.py:743} INFO - Processing file /Users/b/Documents/workflow/venv/lib/python3.11/site-packages/airflow/example_dags/example_external_task_marker_dag.py for tasks to queue
[2023-10-15T15:28:18.330+0100] {logging_mixin.py:137} INFO - [2023-10-15T15:28:18.330+0100] {dagbag.py:532} INFO - Filling up the DagBag from /Users/b/Documents/workflow/venv/lib/python3.11/site-packages/airflow/example_dags/example_external_task_marker_dag.py
[2023-10-15T15:28:18.339+0100] {processor.py:753} INFO - DAG(s) dict_keys(['example_external_task_marker_child', 'example_external_task_marker_parent']) retrieved from /Users/b/Documents/workflow/venv/lib/python3.11/site-packages/airflow/example_dags/example_external_task_marker_dag.py
[2023-10-15T15:28:18.543+0100] {logging_mixin.py:137} INFO - [2023-10-15T15:28:18.543+0100] {dag.py:2705} INFO - Sync 2 DAGs
[2023-10-15T15:28:18.548+0100] {logging_mixin.py:137} INFO - [2023-10-15T15:28:18.548+0100] {dag.py:3452} INFO - Setting next_dagrun for example_external_task_marker_child to None, run_after=None
[2023-10-15T15:28:18.549+0100] {logging_mixin.py:137} INFO - [2023-10-15T15:28:18.549+0100] {dag.py:3452} INFO - Setting next_dagrun for example_external_task_marker_parent to None, run_after=None
[2023-10-15T15:28:18.555+0100] {processor.py:175} INFO - Processing /Users/b/Documents/workflow/venv/lib/python3.11/site-packages/airflow/example_dags/example_external_task_marker_dag.py took 0.227 seconds
[2023-10-15T15:29:23.823+0100] {processor.py:153} INFO - Started process (PID=32038) to work on /Users/b/Documents/workflow/venv/lib/python3.11/site-packages/airflow/example_dags/example_external_task_marker_dag.py
[2023-10-15T15:29:23.825+0100] {processor.py:743} INFO - Processing file /Users/b/Documents/workflow/venv/lib/python3.11/site-packages/airflow/example_dags/example_external_task_marker_dag.py for tasks to queue
[2023-10-15T15:29:23.825+0100] {logging_mixin.py:137} INFO - [2023-10-15T15:29:23.825+0100] {dagbag.py:532} INFO - Filling up the DagBag from /Users/b/Documents/workflow/venv/lib/python3.11/site-packages/airflow/example_dags/example_external_task_marker_dag.py
[2023-10-15T15:29:23.833+0100] {processor.py:753} INFO - DAG(s) dict_keys(['example_external_task_marker_child', 'example_external_task_marker_parent']) retrieved from /Users/b/Documents/workflow/venv/lib/python3.11/site-packages/airflow/example_dags/example_external_task_marker_dag.py
[2023-10-15T15:29:24.035+0100] {logging_mixin.py:137} INFO - [2023-10-15T15:29:24.035+0100] {dag.py:2705} INFO - Sync 2 DAGs
[2023-10-15T15:29:24.040+0100] {logging_mixin.py:137} INFO - [2023-10-15T15:29:24.040+0100] {dag.py:3452} INFO - Setting next_dagrun for example_external_task_marker_child to None, run_after=None
[2023-10-15T15:29:24.041+0100] {logging_mixin.py:137} INFO - [2023-10-15T15:29:24.041+0100] {dag.py:3452} INFO - Setting next_dagrun for example_external_task_marker_parent to None, run_after=None
[2023-10-15T15:29:24.047+0100] {processor.py:175} INFO - Processing /Users/b/Documents/workflow/venv/lib/python3.11/site-packages/airflow/example_dags/example_external_task_marker_dag.py took 0.224 seconds
[2023-10-15T15:30:27.784+0100] {processor.py:153} INFO - Started process (PID=32167) to work on /Users/b/Documents/workflow/venv/lib/python3.11/site-packages/airflow/example_dags/example_external_task_marker_dag.py
[2023-10-15T15:30:27.787+0100] {processor.py:743} INFO - Processing file /Users/b/Documents/workflow/venv/lib/python3.11/site-packages/airflow/example_dags/example_external_task_marker_dag.py for tasks to queue
[2023-10-15T15:30:27.787+0100] {logging_mixin.py:137} INFO - [2023-10-15T15:30:27.787+0100] {dagbag.py:532} INFO - Filling up the DagBag from /Users/b/Documents/workflow/venv/lib/python3.11/site-packages/airflow/example_dags/example_external_task_marker_dag.py
[2023-10-15T15:30:27.795+0100] {processor.py:753} INFO - DAG(s) dict_keys(['example_external_task_marker_parent', 'example_external_task_marker_child']) retrieved from /Users/b/Documents/workflow/venv/lib/python3.11/site-packages/airflow/example_dags/example_external_task_marker_dag.py
[2023-10-15T15:30:27.991+0100] {logging_mixin.py:137} INFO - [2023-10-15T15:30:27.991+0100] {dag.py:2705} INFO - Sync 2 DAGs
[2023-10-15T15:30:27.996+0100] {logging_mixin.py:137} INFO - [2023-10-15T15:30:27.996+0100] {dag.py:3452} INFO - Setting next_dagrun for example_external_task_marker_child to None, run_after=None
[2023-10-15T15:30:27.997+0100] {logging_mixin.py:137} INFO - [2023-10-15T15:30:27.997+0100] {dag.py:3452} INFO - Setting next_dagrun for example_external_task_marker_parent to None, run_after=None
[2023-10-15T15:30:28.003+0100] {processor.py:175} INFO - Processing /Users/b/Documents/workflow/venv/lib/python3.11/site-packages/airflow/example_dags/example_external_task_marker_dag.py took 0.219 seconds
[2023-10-15T15:31:38.036+0100] {processor.py:153} INFO - Started process (PID=32293) to work on /Users/b/Documents/workflow/venv/lib/python3.11/site-packages/airflow/example_dags/example_external_task_marker_dag.py
[2023-10-15T15:31:38.038+0100] {processor.py:743} INFO - Processing file /Users/b/Documents/workflow/venv/lib/python3.11/site-packages/airflow/example_dags/example_external_task_marker_dag.py for tasks to queue
[2023-10-15T15:31:38.038+0100] {logging_mixin.py:137} INFO - [2023-10-15T15:31:38.038+0100] {dagbag.py:532} INFO - Filling up the DagBag from /Users/b/Documents/workflow/venv/lib/python3.11/site-packages/airflow/example_dags/example_external_task_marker_dag.py
[2023-10-15T15:31:38.046+0100] {processor.py:753} INFO - DAG(s) dict_keys(['example_external_task_marker_child', 'example_external_task_marker_parent']) retrieved from /Users/b/Documents/workflow/venv/lib/python3.11/site-packages/airflow/example_dags/example_external_task_marker_dag.py
[2023-10-15T15:31:38.255+0100] {logging_mixin.py:137} INFO - [2023-10-15T15:31:38.255+0100] {dag.py:2705} INFO - Sync 2 DAGs
[2023-10-15T15:31:38.260+0100] {logging_mixin.py:137} INFO - [2023-10-15T15:31:38.260+0100] {dag.py:3452} INFO - Setting next_dagrun for example_external_task_marker_child to None, run_after=None
[2023-10-15T15:31:38.261+0100] {logging_mixin.py:137} INFO - [2023-10-15T15:31:38.261+0100] {dag.py:3452} INFO - Setting next_dagrun for example_external_task_marker_parent to None, run_after=None
[2023-10-15T15:31:38.267+0100] {processor.py:175} INFO - Processing /Users/b/Documents/workflow/venv/lib/python3.11/site-packages/airflow/example_dags/example_external_task_marker_dag.py took 0.231 seconds
[2023-10-15T15:32:42.903+0100] {processor.py:153} INFO - Started process (PID=32419) to work on /Users/b/Documents/workflow/venv/lib/python3.11/site-packages/airflow/example_dags/example_external_task_marker_dag.py
[2023-10-15T15:32:42.905+0100] {processor.py:743} INFO - Processing file /Users/b/Documents/workflow/venv/lib/python3.11/site-packages/airflow/example_dags/example_external_task_marker_dag.py for tasks to queue
[2023-10-15T15:32:42.905+0100] {logging_mixin.py:137} INFO - [2023-10-15T15:32:42.905+0100] {dagbag.py:532} INFO - Filling up the DagBag from /Users/b/Documents/workflow/venv/lib/python3.11/site-packages/airflow/example_dags/example_external_task_marker_dag.py
[2023-10-15T15:32:42.919+0100] {processor.py:753} INFO - DAG(s) dict_keys(['example_external_task_marker_parent', 'example_external_task_marker_child']) retrieved from /Users/b/Documents/workflow/venv/lib/python3.11/site-packages/airflow/example_dags/example_external_task_marker_dag.py
[2023-10-15T15:32:43.158+0100] {logging_mixin.py:137} INFO - [2023-10-15T15:32:43.158+0100] {dag.py:2705} INFO - Sync 2 DAGs
[2023-10-15T15:32:43.166+0100] {logging_mixin.py:137} INFO - [2023-10-15T15:32:43.166+0100] {dag.py:3452} INFO - Setting next_dagrun for example_external_task_marker_child to None, run_after=None
[2023-10-15T15:32:43.167+0100] {logging_mixin.py:137} INFO - [2023-10-15T15:32:43.167+0100] {dag.py:3452} INFO - Setting next_dagrun for example_external_task_marker_parent to None, run_after=None
[2023-10-15T15:32:43.173+0100] {processor.py:175} INFO - Processing /Users/b/Documents/workflow/venv/lib/python3.11/site-packages/airflow/example_dags/example_external_task_marker_dag.py took 0.271 seconds
