[2023-10-15T15:11:22.295+0100] {processor.py:153} INFO - Started process (PID=29418) to work on /Users/b/Documents/workflow/venv/lib/python3.11/site-packages/airflow/example_dags/tutorial_taskflow_api_virtualenv.py
[2023-10-15T15:11:22.297+0100] {processor.py:743} INFO - Processing file /Users/b/Documents/workflow/venv/lib/python3.11/site-packages/airflow/example_dags/tutorial_taskflow_api_virtualenv.py for tasks to queue
[2023-10-15T15:11:22.297+0100] {logging_mixin.py:137} INFO - [2023-10-15T15:11:22.297+0100] {dagbag.py:532} INFO - Filling up the DagBag from /Users/b/Documents/workflow/venv/lib/python3.11/site-packages/airflow/example_dags/tutorial_taskflow_api_virtualenv.py
[2023-10-15T15:11:22.318+0100] {logging_mixin.py:137} INFO - [2023-10-15T15:11:22.318+0100] {tutorial_taskflow_api_virtualenv.py:29} WARNING - The tutorial_taskflow_api_virtualenv example DAG requires virtualenv, please install it.
[2023-10-15T15:11:22.318+0100] {processor.py:755} WARNING - No viable dags retrieved from /Users/b/Documents/workflow/venv/lib/python3.11/site-packages/airflow/example_dags/tutorial_taskflow_api_virtualenv.py
[2023-10-15T15:11:22.462+0100] {processor.py:175} INFO - Processing /Users/b/Documents/workflow/venv/lib/python3.11/site-packages/airflow/example_dags/tutorial_taskflow_api_virtualenv.py took 0.167 seconds
[2023-10-15T15:12:27.424+0100] {processor.py:153} INFO - Started process (PID=29553) to work on /Users/b/Documents/workflow/venv/lib/python3.11/site-packages/airflow/example_dags/tutorial_taskflow_api_virtualenv.py
[2023-10-15T15:12:27.426+0100] {processor.py:743} INFO - Processing file /Users/b/Documents/workflow/venv/lib/python3.11/site-packages/airflow/example_dags/tutorial_taskflow_api_virtualenv.py for tasks to queue
[2023-10-15T15:12:27.426+0100] {logging_mixin.py:137} INFO - [2023-10-15T15:12:27.426+0100] {dagbag.py:532} INFO - Filling up the DagBag from /Users/b/Documents/workflow/venv/lib/python3.11/site-packages/airflow/example_dags/tutorial_taskflow_api_virtualenv.py
[2023-10-15T15:12:27.443+0100] {logging_mixin.py:137} INFO - [2023-10-15T15:12:27.443+0100] {tutorial_taskflow_api_virtualenv.py:29} WARNING - The tutorial_taskflow_api_virtualenv example DAG requires virtualenv, please install it.
[2023-10-15T15:12:27.443+0100] {processor.py:755} WARNING - No viable dags retrieved from /Users/b/Documents/workflow/venv/lib/python3.11/site-packages/airflow/example_dags/tutorial_taskflow_api_virtualenv.py
[2023-10-15T15:12:27.622+0100] {processor.py:175} INFO - Processing /Users/b/Documents/workflow/venv/lib/python3.11/site-packages/airflow/example_dags/tutorial_taskflow_api_virtualenv.py took 0.198 seconds
[2023-10-15T15:13:37.111+0100] {processor.py:153} INFO - Started process (PID=30020) to work on /Users/b/Documents/workflow/venv/lib/python3.11/site-packages/airflow/example_dags/tutorial_taskflow_api_virtualenv.py
[2023-10-15T15:13:37.113+0100] {processor.py:743} INFO - Processing file /Users/b/Documents/workflow/venv/lib/python3.11/site-packages/airflow/example_dags/tutorial_taskflow_api_virtualenv.py for tasks to queue
[2023-10-15T15:13:37.113+0100] {logging_mixin.py:137} INFO - [2023-10-15T15:13:37.113+0100] {dagbag.py:532} INFO - Filling up the DagBag from /Users/b/Documents/workflow/venv/lib/python3.11/site-packages/airflow/example_dags/tutorial_taskflow_api_virtualenv.py
[2023-10-15T15:13:37.132+0100] {logging_mixin.py:137} INFO - [2023-10-15T15:13:37.132+0100] {tutorial_taskflow_api_virtualenv.py:29} WARNING - The tutorial_taskflow_api_virtualenv example DAG requires virtualenv, please install it.
[2023-10-15T15:13:37.132+0100] {processor.py:755} WARNING - No viable dags retrieved from /Users/b/Documents/workflow/venv/lib/python3.11/site-packages/airflow/example_dags/tutorial_taskflow_api_virtualenv.py
[2023-10-15T15:13:37.306+0100] {processor.py:175} INFO - Processing /Users/b/Documents/workflow/venv/lib/python3.11/site-packages/airflow/example_dags/tutorial_taskflow_api_virtualenv.py took 0.196 seconds
[2023-10-15T15:14:42.541+0100] {processor.py:153} INFO - Started process (PID=30240) to work on /Users/b/Documents/workflow/venv/lib/python3.11/site-packages/airflow/example_dags/tutorial_taskflow_api_virtualenv.py
[2023-10-15T15:14:42.544+0100] {processor.py:743} INFO - Processing file /Users/b/Documents/workflow/venv/lib/python3.11/site-packages/airflow/example_dags/tutorial_taskflow_api_virtualenv.py for tasks to queue
[2023-10-15T15:14:42.545+0100] {logging_mixin.py:137} INFO - [2023-10-15T15:14:42.545+0100] {dagbag.py:532} INFO - Filling up the DagBag from /Users/b/Documents/workflow/venv/lib/python3.11/site-packages/airflow/example_dags/tutorial_taskflow_api_virtualenv.py
[2023-10-15T15:14:42.562+0100] {logging_mixin.py:137} INFO - [2023-10-15T15:14:42.562+0100] {tutorial_taskflow_api_virtualenv.py:29} WARNING - The tutorial_taskflow_api_virtualenv example DAG requires virtualenv, please install it.
[2023-10-15T15:14:42.562+0100] {processor.py:755} WARNING - No viable dags retrieved from /Users/b/Documents/workflow/venv/lib/python3.11/site-packages/airflow/example_dags/tutorial_taskflow_api_virtualenv.py
[2023-10-15T15:14:42.710+0100] {processor.py:175} INFO - Processing /Users/b/Documents/workflow/venv/lib/python3.11/site-packages/airflow/example_dags/tutorial_taskflow_api_virtualenv.py took 0.169 seconds
[2023-10-15T15:15:44.407+0100] {processor.py:153} INFO - Started process (PID=30360) to work on /Users/b/Documents/workflow/venv/lib/python3.11/site-packages/airflow/example_dags/tutorial_taskflow_api_virtualenv.py
[2023-10-15T15:15:44.409+0100] {processor.py:743} INFO - Processing file /Users/b/Documents/workflow/venv/lib/python3.11/site-packages/airflow/example_dags/tutorial_taskflow_api_virtualenv.py for tasks to queue
[2023-10-15T15:15:44.409+0100] {logging_mixin.py:137} INFO - [2023-10-15T15:15:44.409+0100] {dagbag.py:532} INFO - Filling up the DagBag from /Users/b/Documents/workflow/venv/lib/python3.11/site-packages/airflow/example_dags/tutorial_taskflow_api_virtualenv.py
[2023-10-15T15:15:44.425+0100] {logging_mixin.py:137} INFO - [2023-10-15T15:15:44.425+0100] {tutorial_taskflow_api_virtualenv.py:29} WARNING - The tutorial_taskflow_api_virtualenv example DAG requires virtualenv, please install it.
[2023-10-15T15:15:44.425+0100] {processor.py:755} WARNING - No viable dags retrieved from /Users/b/Documents/workflow/venv/lib/python3.11/site-packages/airflow/example_dags/tutorial_taskflow_api_virtualenv.py
[2023-10-15T15:15:44.570+0100] {processor.py:175} INFO - Processing /Users/b/Documents/workflow/venv/lib/python3.11/site-packages/airflow/example_dags/tutorial_taskflow_api_virtualenv.py took 0.164 seconds
[2023-10-15T15:16:30.221+0100] {processor.py:153} INFO - Started process (PID=30457) to work on /Users/b/Documents/workflow/venv/lib/python3.11/site-packages/airflow/example_dags/tutorial_taskflow_api_virtualenv.py
[2023-10-15T15:16:30.223+0100] {processor.py:743} INFO - Processing file /Users/b/Documents/workflow/venv/lib/python3.11/site-packages/airflow/example_dags/tutorial_taskflow_api_virtualenv.py for tasks to queue
[2023-10-15T15:16:30.224+0100] {logging_mixin.py:137} INFO - [2023-10-15T15:16:30.223+0100] {dagbag.py:532} INFO - Filling up the DagBag from /Users/b/Documents/workflow/venv/lib/python3.11/site-packages/airflow/example_dags/tutorial_taskflow_api_virtualenv.py
[2023-10-15T15:16:30.238+0100] {logging_mixin.py:137} INFO - [2023-10-15T15:16:30.238+0100] {tutorial_taskflow_api_virtualenv.py:29} WARNING - The tutorial_taskflow_api_virtualenv example DAG requires virtualenv, please install it.
[2023-10-15T15:16:30.238+0100] {processor.py:755} WARNING - No viable dags retrieved from /Users/b/Documents/workflow/venv/lib/python3.11/site-packages/airflow/example_dags/tutorial_taskflow_api_virtualenv.py
[2023-10-15T15:16:30.388+0100] {processor.py:175} INFO - Processing /Users/b/Documents/workflow/venv/lib/python3.11/site-packages/airflow/example_dags/tutorial_taskflow_api_virtualenv.py took 0.167 seconds
[2023-10-15T15:20:01.662+0100] {processor.py:153} INFO - Started process (PID=30827) to work on /Users/b/Documents/workflow/venv/lib/python3.11/site-packages/airflow/example_dags/tutorial_taskflow_api_virtualenv.py
[2023-10-15T15:20:01.664+0100] {processor.py:743} INFO - Processing file /Users/b/Documents/workflow/venv/lib/python3.11/site-packages/airflow/example_dags/tutorial_taskflow_api_virtualenv.py for tasks to queue
[2023-10-15T15:20:01.664+0100] {logging_mixin.py:137} INFO - [2023-10-15T15:20:01.664+0100] {dagbag.py:532} INFO - Filling up the DagBag from /Users/b/Documents/workflow/venv/lib/python3.11/site-packages/airflow/example_dags/tutorial_taskflow_api_virtualenv.py
[2023-10-15T15:20:01.679+0100] {logging_mixin.py:137} INFO - [2023-10-15T15:20:01.679+0100] {tutorial_taskflow_api_virtualenv.py:29} WARNING - The tutorial_taskflow_api_virtualenv example DAG requires virtualenv, please install it.
[2023-10-15T15:20:01.679+0100] {processor.py:755} WARNING - No viable dags retrieved from /Users/b/Documents/workflow/venv/lib/python3.11/site-packages/airflow/example_dags/tutorial_taskflow_api_virtualenv.py
[2023-10-15T15:20:01.832+0100] {processor.py:175} INFO - Processing /Users/b/Documents/workflow/venv/lib/python3.11/site-packages/airflow/example_dags/tutorial_taskflow_api_virtualenv.py took 0.170 seconds
[2023-10-15T15:21:13.906+0100] {processor.py:153} INFO - Started process (PID=31042) to work on /Users/b/Documents/workflow/venv/lib/python3.11/site-packages/airflow/example_dags/tutorial_taskflow_api_virtualenv.py
[2023-10-15T15:21:13.908+0100] {processor.py:743} INFO - Processing file /Users/b/Documents/workflow/venv/lib/python3.11/site-packages/airflow/example_dags/tutorial_taskflow_api_virtualenv.py for tasks to queue
[2023-10-15T15:21:13.908+0100] {logging_mixin.py:137} INFO - [2023-10-15T15:21:13.908+0100] {dagbag.py:532} INFO - Filling up the DagBag from /Users/b/Documents/workflow/venv/lib/python3.11/site-packages/airflow/example_dags/tutorial_taskflow_api_virtualenv.py
[2023-10-15T15:21:13.924+0100] {logging_mixin.py:137} INFO - [2023-10-15T15:21:13.924+0100] {tutorial_taskflow_api_virtualenv.py:29} WARNING - The tutorial_taskflow_api_virtualenv example DAG requires virtualenv, please install it.
[2023-10-15T15:21:13.924+0100] {processor.py:755} WARNING - No viable dags retrieved from /Users/b/Documents/workflow/venv/lib/python3.11/site-packages/airflow/example_dags/tutorial_taskflow_api_virtualenv.py
[2023-10-15T15:21:14.079+0100] {processor.py:175} INFO - Processing /Users/b/Documents/workflow/venv/lib/python3.11/site-packages/airflow/example_dags/tutorial_taskflow_api_virtualenv.py took 0.173 seconds
[2023-10-15T15:22:15.909+0100] {processor.py:153} INFO - Started process (PID=31207) to work on /Users/b/Documents/workflow/venv/lib/python3.11/site-packages/airflow/example_dags/tutorial_taskflow_api_virtualenv.py
[2023-10-15T15:22:15.911+0100] {processor.py:743} INFO - Processing file /Users/b/Documents/workflow/venv/lib/python3.11/site-packages/airflow/example_dags/tutorial_taskflow_api_virtualenv.py for tasks to queue
[2023-10-15T15:22:15.911+0100] {logging_mixin.py:137} INFO - [2023-10-15T15:22:15.911+0100] {dagbag.py:532} INFO - Filling up the DagBag from /Users/b/Documents/workflow/venv/lib/python3.11/site-packages/airflow/example_dags/tutorial_taskflow_api_virtualenv.py
[2023-10-15T15:22:15.929+0100] {logging_mixin.py:137} INFO - [2023-10-15T15:22:15.929+0100] {tutorial_taskflow_api_virtualenv.py:29} WARNING - The tutorial_taskflow_api_virtualenv example DAG requires virtualenv, please install it.
[2023-10-15T15:22:15.929+0100] {processor.py:755} WARNING - No viable dags retrieved from /Users/b/Documents/workflow/venv/lib/python3.11/site-packages/airflow/example_dags/tutorial_taskflow_api_virtualenv.py
[2023-10-15T15:22:16.081+0100] {processor.py:175} INFO - Processing /Users/b/Documents/workflow/venv/lib/python3.11/site-packages/airflow/example_dags/tutorial_taskflow_api_virtualenv.py took 0.172 seconds
[2023-10-15T15:23:20.565+0100] {processor.py:153} INFO - Started process (PID=31357) to work on /Users/b/Documents/workflow/venv/lib/python3.11/site-packages/airflow/example_dags/tutorial_taskflow_api_virtualenv.py
[2023-10-15T15:23:20.567+0100] {processor.py:743} INFO - Processing file /Users/b/Documents/workflow/venv/lib/python3.11/site-packages/airflow/example_dags/tutorial_taskflow_api_virtualenv.py for tasks to queue
[2023-10-15T15:23:20.568+0100] {logging_mixin.py:137} INFO - [2023-10-15T15:23:20.567+0100] {dagbag.py:532} INFO - Filling up the DagBag from /Users/b/Documents/workflow/venv/lib/python3.11/site-packages/airflow/example_dags/tutorial_taskflow_api_virtualenv.py
[2023-10-15T15:23:20.583+0100] {logging_mixin.py:137} INFO - [2023-10-15T15:23:20.583+0100] {tutorial_taskflow_api_virtualenv.py:29} WARNING - The tutorial_taskflow_api_virtualenv example DAG requires virtualenv, please install it.
[2023-10-15T15:23:20.583+0100] {processor.py:755} WARNING - No viable dags retrieved from /Users/b/Documents/workflow/venv/lib/python3.11/site-packages/airflow/example_dags/tutorial_taskflow_api_virtualenv.py
[2023-10-15T15:23:20.726+0100] {processor.py:175} INFO - Processing /Users/b/Documents/workflow/venv/lib/python3.11/site-packages/airflow/example_dags/tutorial_taskflow_api_virtualenv.py took 0.161 seconds
[2023-10-15T15:24:25.465+0100] {processor.py:153} INFO - Started process (PID=31492) to work on /Users/b/Documents/workflow/venv/lib/python3.11/site-packages/airflow/example_dags/tutorial_taskflow_api_virtualenv.py
[2023-10-15T15:24:25.467+0100] {processor.py:743} INFO - Processing file /Users/b/Documents/workflow/venv/lib/python3.11/site-packages/airflow/example_dags/tutorial_taskflow_api_virtualenv.py for tasks to queue
[2023-10-15T15:24:25.467+0100] {logging_mixin.py:137} INFO - [2023-10-15T15:24:25.467+0100] {dagbag.py:532} INFO - Filling up the DagBag from /Users/b/Documents/workflow/venv/lib/python3.11/site-packages/airflow/example_dags/tutorial_taskflow_api_virtualenv.py
[2023-10-15T15:24:25.483+0100] {logging_mixin.py:137} INFO - [2023-10-15T15:24:25.483+0100] {tutorial_taskflow_api_virtualenv.py:29} WARNING - The tutorial_taskflow_api_virtualenv example DAG requires virtualenv, please install it.
[2023-10-15T15:24:25.483+0100] {processor.py:755} WARNING - No viable dags retrieved from /Users/b/Documents/workflow/venv/lib/python3.11/site-packages/airflow/example_dags/tutorial_taskflow_api_virtualenv.py
[2023-10-15T15:24:25.632+0100] {processor.py:175} INFO - Processing /Users/b/Documents/workflow/venv/lib/python3.11/site-packages/airflow/example_dags/tutorial_taskflow_api_virtualenv.py took 0.168 seconds
[2023-10-15T15:25:31.653+0100] {processor.py:153} INFO - Started process (PID=31622) to work on /Users/b/Documents/workflow/venv/lib/python3.11/site-packages/airflow/example_dags/tutorial_taskflow_api_virtualenv.py
[2023-10-15T15:25:31.656+0100] {processor.py:743} INFO - Processing file /Users/b/Documents/workflow/venv/lib/python3.11/site-packages/airflow/example_dags/tutorial_taskflow_api_virtualenv.py for tasks to queue
[2023-10-15T15:25:31.656+0100] {logging_mixin.py:137} INFO - [2023-10-15T15:25:31.656+0100] {dagbag.py:532} INFO - Filling up the DagBag from /Users/b/Documents/workflow/venv/lib/python3.11/site-packages/airflow/example_dags/tutorial_taskflow_api_virtualenv.py
[2023-10-15T15:25:31.673+0100] {logging_mixin.py:137} INFO - [2023-10-15T15:25:31.673+0100] {tutorial_taskflow_api_virtualenv.py:29} WARNING - The tutorial_taskflow_api_virtualenv example DAG requires virtualenv, please install it.
[2023-10-15T15:25:31.673+0100] {processor.py:755} WARNING - No viable dags retrieved from /Users/b/Documents/workflow/venv/lib/python3.11/site-packages/airflow/example_dags/tutorial_taskflow_api_virtualenv.py
[2023-10-15T15:25:31.819+0100] {processor.py:175} INFO - Processing /Users/b/Documents/workflow/venv/lib/python3.11/site-packages/airflow/example_dags/tutorial_taskflow_api_virtualenv.py took 0.166 seconds
[2023-10-15T15:26:36.459+0100] {processor.py:153} INFO - Started process (PID=31743) to work on /Users/b/Documents/workflow/venv/lib/python3.11/site-packages/airflow/example_dags/tutorial_taskflow_api_virtualenv.py
[2023-10-15T15:26:36.462+0100] {processor.py:743} INFO - Processing file /Users/b/Documents/workflow/venv/lib/python3.11/site-packages/airflow/example_dags/tutorial_taskflow_api_virtualenv.py for tasks to queue
[2023-10-15T15:26:36.462+0100] {logging_mixin.py:137} INFO - [2023-10-15T15:26:36.462+0100] {dagbag.py:532} INFO - Filling up the DagBag from /Users/b/Documents/workflow/venv/lib/python3.11/site-packages/airflow/example_dags/tutorial_taskflow_api_virtualenv.py
[2023-10-15T15:26:36.477+0100] {logging_mixin.py:137} INFO - [2023-10-15T15:26:36.477+0100] {tutorial_taskflow_api_virtualenv.py:29} WARNING - The tutorial_taskflow_api_virtualenv example DAG requires virtualenv, please install it.
[2023-10-15T15:26:36.477+0100] {processor.py:755} WARNING - No viable dags retrieved from /Users/b/Documents/workflow/venv/lib/python3.11/site-packages/airflow/example_dags/tutorial_taskflow_api_virtualenv.py
[2023-10-15T15:26:36.619+0100] {processor.py:175} INFO - Processing /Users/b/Documents/workflow/venv/lib/python3.11/site-packages/airflow/example_dags/tutorial_taskflow_api_virtualenv.py took 0.160 seconds
[2023-10-15T15:27:40.695+0100] {processor.py:153} INFO - Started process (PID=31851) to work on /Users/b/Documents/workflow/venv/lib/python3.11/site-packages/airflow/example_dags/tutorial_taskflow_api_virtualenv.py
[2023-10-15T15:27:40.697+0100] {processor.py:743} INFO - Processing file /Users/b/Documents/workflow/venv/lib/python3.11/site-packages/airflow/example_dags/tutorial_taskflow_api_virtualenv.py for tasks to queue
[2023-10-15T15:27:40.697+0100] {logging_mixin.py:137} INFO - [2023-10-15T15:27:40.697+0100] {dagbag.py:532} INFO - Filling up the DagBag from /Users/b/Documents/workflow/venv/lib/python3.11/site-packages/airflow/example_dags/tutorial_taskflow_api_virtualenv.py
[2023-10-15T15:27:40.712+0100] {logging_mixin.py:137} INFO - [2023-10-15T15:27:40.712+0100] {tutorial_taskflow_api_virtualenv.py:29} WARNING - The tutorial_taskflow_api_virtualenv example DAG requires virtualenv, please install it.
[2023-10-15T15:27:40.712+0100] {processor.py:755} WARNING - No viable dags retrieved from /Users/b/Documents/workflow/venv/lib/python3.11/site-packages/airflow/example_dags/tutorial_taskflow_api_virtualenv.py
[2023-10-15T15:27:40.856+0100] {processor.py:175} INFO - Processing /Users/b/Documents/workflow/venv/lib/python3.11/site-packages/airflow/example_dags/tutorial_taskflow_api_virtualenv.py took 0.161 seconds
[2023-10-15T15:28:45.569+0100] {processor.py:153} INFO - Started process (PID=31964) to work on /Users/b/Documents/workflow/venv/lib/python3.11/site-packages/airflow/example_dags/tutorial_taskflow_api_virtualenv.py
[2023-10-15T15:28:45.572+0100] {processor.py:743} INFO - Processing file /Users/b/Documents/workflow/venv/lib/python3.11/site-packages/airflow/example_dags/tutorial_taskflow_api_virtualenv.py for tasks to queue
[2023-10-15T15:28:45.572+0100] {logging_mixin.py:137} INFO - [2023-10-15T15:28:45.572+0100] {dagbag.py:532} INFO - Filling up the DagBag from /Users/b/Documents/workflow/venv/lib/python3.11/site-packages/airflow/example_dags/tutorial_taskflow_api_virtualenv.py
[2023-10-15T15:28:45.587+0100] {logging_mixin.py:137} INFO - [2023-10-15T15:28:45.586+0100] {tutorial_taskflow_api_virtualenv.py:29} WARNING - The tutorial_taskflow_api_virtualenv example DAG requires virtualenv, please install it.
[2023-10-15T15:28:45.587+0100] {processor.py:755} WARNING - No viable dags retrieved from /Users/b/Documents/workflow/venv/lib/python3.11/site-packages/airflow/example_dags/tutorial_taskflow_api_virtualenv.py
[2023-10-15T15:28:45.729+0100] {processor.py:175} INFO - Processing /Users/b/Documents/workflow/venv/lib/python3.11/site-packages/airflow/example_dags/tutorial_taskflow_api_virtualenv.py took 0.160 seconds
[2023-10-15T15:29:49.831+0100] {processor.py:153} INFO - Started process (PID=32084) to work on /Users/b/Documents/workflow/venv/lib/python3.11/site-packages/airflow/example_dags/tutorial_taskflow_api_virtualenv.py
[2023-10-15T15:29:49.834+0100] {processor.py:743} INFO - Processing file /Users/b/Documents/workflow/venv/lib/python3.11/site-packages/airflow/example_dags/tutorial_taskflow_api_virtualenv.py for tasks to queue
[2023-10-15T15:29:49.834+0100] {logging_mixin.py:137} INFO - [2023-10-15T15:29:49.834+0100] {dagbag.py:532} INFO - Filling up the DagBag from /Users/b/Documents/workflow/venv/lib/python3.11/site-packages/airflow/example_dags/tutorial_taskflow_api_virtualenv.py
[2023-10-15T15:29:49.849+0100] {logging_mixin.py:137} INFO - [2023-10-15T15:29:49.849+0100] {tutorial_taskflow_api_virtualenv.py:29} WARNING - The tutorial_taskflow_api_virtualenv example DAG requires virtualenv, please install it.
[2023-10-15T15:29:49.849+0100] {processor.py:755} WARNING - No viable dags retrieved from /Users/b/Documents/workflow/venv/lib/python3.11/site-packages/airflow/example_dags/tutorial_taskflow_api_virtualenv.py
[2023-10-15T15:29:49.994+0100] {processor.py:175} INFO - Processing /Users/b/Documents/workflow/venv/lib/python3.11/site-packages/airflow/example_dags/tutorial_taskflow_api_virtualenv.py took 0.163 seconds
[2023-10-15T15:30:53.787+0100] {processor.py:153} INFO - Started process (PID=32208) to work on /Users/b/Documents/workflow/venv/lib/python3.11/site-packages/airflow/example_dags/tutorial_taskflow_api_virtualenv.py
[2023-10-15T15:30:53.789+0100] {processor.py:743} INFO - Processing file /Users/b/Documents/workflow/venv/lib/python3.11/site-packages/airflow/example_dags/tutorial_taskflow_api_virtualenv.py for tasks to queue
[2023-10-15T15:30:53.789+0100] {logging_mixin.py:137} INFO - [2023-10-15T15:30:53.789+0100] {dagbag.py:532} INFO - Filling up the DagBag from /Users/b/Documents/workflow/venv/lib/python3.11/site-packages/airflow/example_dags/tutorial_taskflow_api_virtualenv.py
[2023-10-15T15:30:53.804+0100] {logging_mixin.py:137} INFO - [2023-10-15T15:30:53.804+0100] {tutorial_taskflow_api_virtualenv.py:29} WARNING - The tutorial_taskflow_api_virtualenv example DAG requires virtualenv, please install it.
[2023-10-15T15:30:53.804+0100] {processor.py:755} WARNING - No viable dags retrieved from /Users/b/Documents/workflow/venv/lib/python3.11/site-packages/airflow/example_dags/tutorial_taskflow_api_virtualenv.py
[2023-10-15T15:30:53.948+0100] {processor.py:175} INFO - Processing /Users/b/Documents/workflow/venv/lib/python3.11/site-packages/airflow/example_dags/tutorial_taskflow_api_virtualenv.py took 0.161 seconds
[2023-10-15T15:32:04.000+0100] {processor.py:153} INFO - Started process (PID=32338) to work on /Users/b/Documents/workflow/venv/lib/python3.11/site-packages/airflow/example_dags/tutorial_taskflow_api_virtualenv.py
[2023-10-15T15:32:04.002+0100] {processor.py:743} INFO - Processing file /Users/b/Documents/workflow/venv/lib/python3.11/site-packages/airflow/example_dags/tutorial_taskflow_api_virtualenv.py for tasks to queue
[2023-10-15T15:32:04.002+0100] {logging_mixin.py:137} INFO - [2023-10-15T15:32:04.002+0100] {dagbag.py:532} INFO - Filling up the DagBag from /Users/b/Documents/workflow/venv/lib/python3.11/site-packages/airflow/example_dags/tutorial_taskflow_api_virtualenv.py
[2023-10-15T15:32:04.017+0100] {logging_mixin.py:137} INFO - [2023-10-15T15:32:04.017+0100] {tutorial_taskflow_api_virtualenv.py:29} WARNING - The tutorial_taskflow_api_virtualenv example DAG requires virtualenv, please install it.
[2023-10-15T15:32:04.017+0100] {processor.py:755} WARNING - No viable dags retrieved from /Users/b/Documents/workflow/venv/lib/python3.11/site-packages/airflow/example_dags/tutorial_taskflow_api_virtualenv.py
[2023-10-15T15:32:04.162+0100] {processor.py:175} INFO - Processing /Users/b/Documents/workflow/venv/lib/python3.11/site-packages/airflow/example_dags/tutorial_taskflow_api_virtualenv.py took 0.163 seconds
[2023-10-15T15:33:07.926+0100] {processor.py:153} INFO - Started process (PID=32473) to work on /Users/b/Documents/workflow/venv/lib/python3.11/site-packages/airflow/example_dags/tutorial_taskflow_api_virtualenv.py
[2023-10-15T15:33:07.929+0100] {processor.py:743} INFO - Processing file /Users/b/Documents/workflow/venv/lib/python3.11/site-packages/airflow/example_dags/tutorial_taskflow_api_virtualenv.py for tasks to queue
[2023-10-15T15:33:07.929+0100] {logging_mixin.py:137} INFO - [2023-10-15T15:33:07.929+0100] {dagbag.py:532} INFO - Filling up the DagBag from /Users/b/Documents/workflow/venv/lib/python3.11/site-packages/airflow/example_dags/tutorial_taskflow_api_virtualenv.py
[2023-10-15T15:33:07.944+0100] {logging_mixin.py:137} INFO - [2023-10-15T15:33:07.944+0100] {tutorial_taskflow_api_virtualenv.py:29} WARNING - The tutorial_taskflow_api_virtualenv example DAG requires virtualenv, please install it.
[2023-10-15T15:33:07.944+0100] {processor.py:755} WARNING - No viable dags retrieved from /Users/b/Documents/workflow/venv/lib/python3.11/site-packages/airflow/example_dags/tutorial_taskflow_api_virtualenv.py
[2023-10-15T15:33:08.086+0100] {processor.py:175} INFO - Processing /Users/b/Documents/workflow/venv/lib/python3.11/site-packages/airflow/example_dags/tutorial_taskflow_api_virtualenv.py took 0.160 seconds
