[2023-10-15T19:09:45.895+0100] {taskinstance.py:1090} INFO - Dependencies all met for dep_context=non-requeueable deps ti=<TaskInstance: CRossComm.print_value manual__2023-10-15T18:09:39.813692+00:00 [queued]>
[2023-10-15T19:09:45.899+0100] {taskinstance.py:1090} INFO - Dependencies all met for dep_context=requeueable deps ti=<TaskInstance: CRossComm.print_value manual__2023-10-15T18:09:39.813692+00:00 [queued]>
[2023-10-15T19:09:45.899+0100] {taskinstance.py:1288} INFO - 
--------------------------------------------------------------------------------
[2023-10-15T19:09:45.899+0100] {taskinstance.py:1289} INFO - Starting attempt 1 of 1
[2023-10-15T19:09:45.899+0100] {taskinstance.py:1290} INFO - 
--------------------------------------------------------------------------------
[2023-10-15T19:09:45.902+0100] {taskinstance.py:1309} INFO - Executing <Task(PythonOperator): print_value> on 2023-10-15 18:09:39.813692+00:00
[2023-10-15T19:09:45.904+0100] {standard_task_runner.py:55} INFO - Started process 65297 to run task
[2023-10-15T19:09:45.906+0100] {standard_task_runner.py:82} INFO - Running: ['airflow', 'tasks', 'run', 'CRossComm', 'print_value', 'manual__2023-10-15T18:09:39.813692+00:00', '--job-id', '54', '--raw', '--subdir', 'DAGS_FOLDER/cross-comm.py', '--cfg-path', '/var/folders/_3/bj8r7kz51nz4g7hl_dpr6jdw0000gn/T/tmp2gwovm7i']
[2023-10-15T19:09:45.908+0100] {standard_task_runner.py:83} INFO - Job 54: Subtask print_value
[2023-10-15T19:09:45.934+0100] {task_command.py:389} INFO - Running <TaskInstance: CRossComm.print_value manual__2023-10-15T18:09:39.813692+00:00 [running]> on host 192.168.1.112
[2023-10-15T19:09:45.950+0100] {taskinstance.py:1516} INFO - Exporting the following env vars:
AIRFLOW_CTX_DAG_OWNER=workflow
AIRFLOW_CTX_DAG_ID=CRossComm
AIRFLOW_CTX_TASK_ID=print_value
AIRFLOW_CTX_EXECUTION_DATE=2023-10-15T18:09:39.813692+00:00
AIRFLOW_CTX_TRY_NUMBER=1
AIRFLOW_CTX_DAG_RUN_ID=manual__2023-10-15T18:09:39.813692+00:00
[2023-10-15T19:09:45.954+0100] {logging_mixin.py:137} INFO - value is 191
[2023-10-15T19:09:45.955+0100] {python.py:177} INFO - Done. Returned value was: None
[2023-10-15T19:09:45.958+0100] {taskinstance.py:1327} INFO - Marking task as SUCCESS. dag_id=CRossComm, task_id=print_value, execution_date=20231015T180939, start_date=20231015T180945, end_date=20231015T180945
[2023-10-15T19:09:45.968+0100] {local_task_job.py:212} INFO - Task exited with return code 0
[2023-10-15T19:09:45.973+0100] {taskinstance.py:2596} INFO - 0 downstream tasks scheduled from follow-on schedule check
