[2023-10-15T16:32:33.067+0100] {taskinstance.py:1090} INFO - Dependencies all met for dep_context=non-requeueable deps ti=<TaskInstance: execute.taskA manual__2023-10-15T15:32:30.575130+00:00 [queued]>
[2023-10-15T16:32:33.070+0100] {taskinstance.py:1090} INFO - Dependencies all met for dep_context=requeueable deps ti=<TaskInstance: execute.taskA manual__2023-10-15T15:32:30.575130+00:00 [queued]>
[2023-10-15T16:32:33.071+0100] {taskinstance.py:1288} INFO - 
--------------------------------------------------------------------------------
[2023-10-15T16:32:33.071+0100] {taskinstance.py:1289} INFO - Starting attempt 1 of 1
[2023-10-15T16:32:33.071+0100] {taskinstance.py:1290} INFO - 
--------------------------------------------------------------------------------
[2023-10-15T16:32:33.074+0100] {taskinstance.py:1309} INFO - Executing <Task(BashOperator): taskA> on 2023-10-15 15:32:30.575130+00:00
[2023-10-15T16:32:33.076+0100] {standard_task_runner.py:55} INFO - Started process 42281 to run task
[2023-10-15T16:32:33.079+0100] {standard_task_runner.py:82} INFO - Running: ['airflow', 'tasks', 'run', 'execute', 'taskA', 'manual__2023-10-15T15:32:30.575130+00:00', '--job-id', '21', '--raw', '--subdir', 'DAGS_FOLDER/__pycache__/execute.py', '--cfg-path', '/var/folders/_3/bj8r7kz51nz4g7hl_dpr6jdw0000gn/T/tmpbcthfonh']
[2023-10-15T16:32:33.080+0100] {standard_task_runner.py:83} INFO - Job 21: Subtask taskA
[2023-10-15T16:32:33.097+0100] {task_command.py:389} INFO - Running <TaskInstance: execute.taskA manual__2023-10-15T15:32:30.575130+00:00 [running]> on host 192.168.1.112
[2023-10-15T16:32:33.112+0100] {taskinstance.py:1516} INFO - Exporting the following env vars:
AIRFLOW_CTX_DAG_OWNER=workflow
AIRFLOW_CTX_DAG_ID=execute
AIRFLOW_CTX_TASK_ID=taskA
AIRFLOW_CTX_EXECUTION_DATE=2023-10-15T15:32:30.575130+00:00
AIRFLOW_CTX_TRY_NUMBER=1
AIRFLOW_CTX_DAG_RUN_ID=manual__2023-10-15T15:32:30.575130+00:00
[2023-10-15T16:32:33.113+0100] {subprocess.py:63} INFO - Tmp dir root location: 
 /var/folders/_3/bj8r7kz51nz4g7hl_dpr6jdw0000gn/T
[2023-10-15T16:32:33.113+0100] {subprocess.py:75} INFO - Running command: ['/bin/bash', '-c', '\n\n        echo taskA has been executed\n        \n        for i in {1..15}\n        do\n            echo TASK A printing $i\n        done\n        \n        echo TASK A completed\n        \n        ']
[2023-10-15T16:32:33.116+0100] {subprocess.py:86} INFO - Output:
[2023-10-15T16:32:33.118+0100] {subprocess.py:93} INFO - taskA has been executed
[2023-10-15T16:32:33.118+0100] {subprocess.py:93} INFO - TASK A printing 1
[2023-10-15T16:32:33.118+0100] {subprocess.py:93} INFO - TASK A printing 2
[2023-10-15T16:32:33.119+0100] {subprocess.py:93} INFO - TASK A printing 3
[2023-10-15T16:32:33.119+0100] {subprocess.py:93} INFO - TASK A printing 4
[2023-10-15T16:32:33.119+0100] {subprocess.py:93} INFO - TASK A printing 5
[2023-10-15T16:32:33.119+0100] {subprocess.py:93} INFO - TASK A printing 6
[2023-10-15T16:32:33.119+0100] {subprocess.py:93} INFO - TASK A printing 7
[2023-10-15T16:32:33.119+0100] {subprocess.py:93} INFO - TASK A printing 8
[2023-10-15T16:32:33.119+0100] {subprocess.py:93} INFO - TASK A printing 9
[2023-10-15T16:32:33.120+0100] {subprocess.py:93} INFO - TASK A printing 10
[2023-10-15T16:32:33.120+0100] {subprocess.py:93} INFO - TASK A printing 11
[2023-10-15T16:32:33.120+0100] {subprocess.py:93} INFO - TASK A printing 12
[2023-10-15T16:32:33.120+0100] {subprocess.py:93} INFO - TASK A printing 13
[2023-10-15T16:32:33.120+0100] {subprocess.py:93} INFO - TASK A printing 14
[2023-10-15T16:32:33.120+0100] {subprocess.py:93} INFO - TASK A printing 15
[2023-10-15T16:32:33.120+0100] {subprocess.py:93} INFO - TASK A completed
[2023-10-15T16:32:33.121+0100] {subprocess.py:97} INFO - Command exited with return code 0
[2023-10-15T16:32:33.127+0100] {taskinstance.py:1327} INFO - Marking task as SUCCESS. dag_id=execute, task_id=taskA, execution_date=20231015T153230, start_date=20231015T153233, end_date=20231015T153233
[2023-10-15T16:32:33.140+0100] {local_task_job.py:212} INFO - Task exited with return code 0
[2023-10-15T16:32:33.148+0100] {taskinstance.py:2596} INFO - 2 downstream tasks scheduled from follow-on schedule check
