[2023-10-15T17:59:44.066+0100] {taskinstance.py:1090} INFO - Dependencies all met for dep_context=non-requeueable deps ti=<TaskInstance: execute_python.taskB manual__2023-10-15T16:59:41.555973+00:00 [queued]>
[2023-10-15T17:59:44.070+0100] {taskinstance.py:1090} INFO - Dependencies all met for dep_context=requeueable deps ti=<TaskInstance: execute_python.taskB manual__2023-10-15T16:59:41.555973+00:00 [queued]>
[2023-10-15T17:59:44.070+0100] {taskinstance.py:1288} INFO - 
--------------------------------------------------------------------------------
[2023-10-15T17:59:44.070+0100] {taskinstance.py:1289} INFO - Starting attempt 1 of 1
[2023-10-15T17:59:44.070+0100] {taskinstance.py:1290} INFO - 
--------------------------------------------------------------------------------
[2023-10-15T17:59:44.073+0100] {taskinstance.py:1309} INFO - Executing <Task(PythonOperator): taskB> on 2023-10-15 16:59:41.555973+00:00
[2023-10-15T17:59:44.074+0100] {standard_task_runner.py:55} INFO - Started process 55550 to run task
[2023-10-15T17:59:44.077+0100] {standard_task_runner.py:82} INFO - Running: ['airflow', 'tasks', 'run', 'execute_python', 'taskB', 'manual__2023-10-15T16:59:41.555973+00:00', '--job-id', '39', '--raw', '--subdir', 'DAGS_FOLDER/execute_py.py', '--cfg-path', '/var/folders/_3/bj8r7kz51nz4g7hl_dpr6jdw0000gn/T/tmpk2bk0pws']
[2023-10-15T17:59:44.084+0100] {standard_task_runner.py:83} INFO - Job 39: Subtask taskB
[2023-10-15T17:59:44.108+0100] {task_command.py:389} INFO - Running <TaskInstance: execute_python.taskB manual__2023-10-15T16:59:41.555973+00:00 [running]> on host 192.168.1.112
[2023-10-15T17:59:44.127+0100] {taskinstance.py:1516} INFO - Exporting the following env vars:
AIRFLOW_CTX_DAG_OWNER=workflow
AIRFLOW_CTX_DAG_ID=execute_python
AIRFLOW_CTX_TASK_ID=taskB
AIRFLOW_CTX_EXECUTION_DATE=2023-10-15T16:59:41.555973+00:00
AIRFLOW_CTX_TRY_NUMBER=1
AIRFLOW_CTX_DAG_RUN_ID=manual__2023-10-15T16:59:41.555973+00:00
[2023-10-15T17:59:49.129+0100] {logging_mixin.py:137} INFO - task B executed
[2023-10-15T17:59:49.130+0100] {python.py:177} INFO - Done. Returned value was: None
[2023-10-15T17:59:49.136+0100] {taskinstance.py:1327} INFO - Marking task as SUCCESS. dag_id=execute_python, task_id=taskB, execution_date=20231015T165941, start_date=20231015T165944, end_date=20231015T165949
[2023-10-15T17:59:49.153+0100] {local_task_job.py:212} INFO - Task exited with return code 0
[2023-10-15T17:59:49.167+0100] {taskinstance.py:2596} INFO - 0 downstream tasks scheduled from follow-on schedule check
