[2023-10-15T15:54:20.524+0100] {taskinstance.py:1090} INFO - Dependencies all met for dep_context=non-requeueable deps ti=<TaskInstance: helloworld.helloworld scheduled__2023-10-14T00:00:00+00:00 [queued]>
[2023-10-15T15:54:20.527+0100] {taskinstance.py:1090} INFO - Dependencies all met for dep_context=requeueable deps ti=<TaskInstance: helloworld.helloworld scheduled__2023-10-14T00:00:00+00:00 [queued]>
[2023-10-15T15:54:20.527+0100] {taskinstance.py:1288} INFO - 
--------------------------------------------------------------------------------
[2023-10-15T15:54:20.527+0100] {taskinstance.py:1289} INFO - Starting attempt 1 of 1
[2023-10-15T15:54:20.527+0100] {taskinstance.py:1290} INFO - 
--------------------------------------------------------------------------------
[2023-10-15T15:54:20.531+0100] {taskinstance.py:1309} INFO - Executing <Task(BashOperator): helloworld> on 2023-10-14 00:00:00+00:00
[2023-10-15T15:54:20.532+0100] {standard_task_runner.py:55} INFO - Started process 35925 to run task
[2023-10-15T15:54:20.534+0100] {standard_task_runner.py:82} INFO - Running: ['airflow', 'tasks', 'run', 'helloworld', 'helloworld', 'scheduled__2023-10-14T00:00:00+00:00', '--job-id', '10', '--raw', '--subdir', 'DAGS_FOLDER/helloworld.py', '--cfg-path', '/var/folders/_3/bj8r7kz51nz4g7hl_dpr6jdw0000gn/T/tmplmnpa5lw']
[2023-10-15T15:54:20.536+0100] {standard_task_runner.py:83} INFO - Job 10: Subtask helloworld
[2023-10-15T15:54:20.554+0100] {task_command.py:389} INFO - Running <TaskInstance: helloworld.helloworld scheduled__2023-10-14T00:00:00+00:00 [running]> on host 192.168.1.112
[2023-10-15T15:54:20.570+0100] {taskinstance.py:1516} INFO - Exporting the following env vars:
AIRFLOW_CTX_DAG_OWNER=workflow
AIRFLOW_CTX_DAG_ID=helloworld
AIRFLOW_CTX_TASK_ID=helloworld
AIRFLOW_CTX_EXECUTION_DATE=2023-10-14T00:00:00+00:00
AIRFLOW_CTX_TRY_NUMBER=1
AIRFLOW_CTX_DAG_RUN_ID=scheduled__2023-10-14T00:00:00+00:00
[2023-10-15T15:54:20.570+0100] {subprocess.py:63} INFO - Tmp dir root location: 
 /var/folders/_3/bj8r7kz51nz4g7hl_dpr6jdw0000gn/T
[2023-10-15T15:54:20.571+0100] {subprocess.py:75} INFO - Running command: ['/bin/bash', '-c', 'echo "Hello World"']
[2023-10-15T15:54:20.575+0100] {subprocess.py:86} INFO - Output:
[2023-10-15T15:54:20.578+0100] {subprocess.py:93} INFO - Hello World
[2023-10-15T15:54:20.578+0100] {subprocess.py:97} INFO - Command exited with return code 0
[2023-10-15T15:54:20.585+0100] {taskinstance.py:1327} INFO - Marking task as SUCCESS. dag_id=helloworld, task_id=helloworld, execution_date=20231014T000000, start_date=20231015T145420, end_date=20231015T145420
[2023-10-15T15:54:20.594+0100] {local_task_job.py:212} INFO - Task exited with return code 0
[2023-10-15T15:54:20.599+0100] {taskinstance.py:2596} INFO - 0 downstream tasks scheduled from follow-on schedule check
