[2023-10-16T01:02:35.725+0100] {taskinstance.py:1090} INFO - Dependencies all met for dep_context=non-requeueable deps ti=<TaskInstance: execute_python.greet_person scheduled__2023-10-15T00:00:00+00:00 [queued]>
[2023-10-16T01:02:35.728+0100] {taskinstance.py:1090} INFO - Dependencies all met for dep_context=requeueable deps ti=<TaskInstance: execute_python.greet_person scheduled__2023-10-15T00:00:00+00:00 [queued]>
[2023-10-16T01:02:35.728+0100] {taskinstance.py:1288} INFO - 
--------------------------------------------------------------------------------
[2023-10-16T01:02:35.728+0100] {taskinstance.py:1289} INFO - Starting attempt 1 of 1
[2023-10-16T01:02:35.728+0100] {taskinstance.py:1290} INFO - 
--------------------------------------------------------------------------------
[2023-10-16T01:02:35.732+0100] {taskinstance.py:1309} INFO - Executing <Task(PythonOperator): greet_person> on 2023-10-15 00:00:00+00:00
[2023-10-16T01:02:35.733+0100] {standard_task_runner.py:55} INFO - Started process 72389 to run task
[2023-10-16T01:02:35.736+0100] {standard_task_runner.py:82} INFO - Running: ['airflow', 'tasks', 'run', 'execute_python', 'greet_person', 'scheduled__2023-10-15T00:00:00+00:00', '--job-id', '58', '--raw', '--subdir', 'DAGS_FOLDER/execute_py.py', '--cfg-path', '/var/folders/_3/bj8r7kz51nz4g7hl_dpr6jdw0000gn/T/tmp6g2o6482']
[2023-10-16T01:02:35.737+0100] {standard_task_runner.py:83} INFO - Job 58: Subtask greet_person
[2023-10-16T01:02:35.753+0100] {task_command.py:389} INFO - Running <TaskInstance: execute_python.greet_person scheduled__2023-10-15T00:00:00+00:00 [running]> on host 192.168.1.112
[2023-10-16T01:02:35.771+0100] {taskinstance.py:1516} INFO - Exporting the following env vars:
AIRFLOW_CTX_DAG_OWNER=workflow
AIRFLOW_CTX_DAG_ID=execute_python
AIRFLOW_CTX_TASK_ID=greet_person
AIRFLOW_CTX_EXECUTION_DATE=2023-10-15T00:00:00+00:00
AIRFLOW_CTX_TRY_NUMBER=1
AIRFLOW_CTX_DAG_RUN_ID=scheduled__2023-10-15T00:00:00+00:00
[2023-10-16T01:02:35.772+0100] {logging_mixin.py:137} INFO - Hello Bob
[2023-10-16T01:02:35.772+0100] {python.py:177} INFO - Done. Returned value was: None
[2023-10-16T01:02:35.774+0100] {taskinstance.py:1327} INFO - Marking task as SUCCESS. dag_id=execute_python, task_id=greet_person, execution_date=20231015T000000, start_date=20231016T000235, end_date=20231016T000235
[2023-10-16T01:02:35.798+0100] {local_task_job.py:212} INFO - Task exited with return code 0
[2023-10-16T01:02:35.805+0100] {taskinstance.py:2596} INFO - 1 downstream tasks scheduled from follow-on schedule check
