[2023-10-16T16:47:14.250+0100] {taskinstance.py:1159} INFO - Dependencies all met for dep_context=non-requeueable deps ti=<TaskInstance: branch_exe.reading_and_preprocessing.read_csv manual__2023-10-16T15:47:11.148054+00:00 [queued]>
[2023-10-16T16:47:14.252+0100] {taskinstance.py:1159} INFO - Dependencies all met for dep_context=requeueable deps ti=<TaskInstance: branch_exe.reading_and_preprocessing.read_csv manual__2023-10-16T15:47:11.148054+00:00 [queued]>
[2023-10-16T16:47:14.252+0100] {taskinstance.py:1361} INFO - Starting attempt 1 of 1
[2023-10-16T16:47:14.256+0100] {taskinstance.py:1382} INFO - Executing <Task(PythonOperator): reading_and_preprocessing.read_csv> on 2023-10-16 15:47:11.148054+00:00
[2023-10-16T16:47:14.258+0100] {standard_task_runner.py:57} INFO - Started process 12253 to run task
[2023-10-16T16:47:14.260+0100] {standard_task_runner.py:84} INFO - Running: ['airflow', 'tasks', 'run', 'branch_exe', 'reading_and_preprocessing.read_csv', 'manual__2023-10-16T15:47:11.148054+00:00', '--job-id', '131', '--raw', '--subdir', 'DAGS_FOLDER/branch_exe.py', '--cfg-path', '/var/folders/_3/bj8r7kz51nz4g7hl_dpr6jdw0000gn/T/tmpzrefmc7f']
[2023-10-16T16:47:14.262+0100] {standard_task_runner.py:85} INFO - Job 131: Subtask reading_and_preprocessing.read_csv
[2023-10-16T16:47:14.279+0100] {task_command.py:416} INFO - Running <TaskInstance: branch_exe.reading_and_preprocessing.read_csv manual__2023-10-16T15:47:11.148054+00:00 [running]> on host 192.168.1.112
[2023-10-16T16:47:14.301+0100] {taskinstance.py:1662} INFO - Exporting env vars: AIRFLOW_CTX_DAG_OWNER='workflow' AIRFLOW_CTX_DAG_ID='branch_exe' AIRFLOW_CTX_TASK_ID='reading_and_preprocessing.read_csv' AIRFLOW_CTX_EXECUTION_DATE='2023-10-16T15:47:11.148054+00:00' AIRFLOW_CTX_TRY_NUMBER='1' AIRFLOW_CTX_DAG_RUN_ID='manual__2023-10-16T15:47:11.148054+00:00'
[2023-10-16T16:47:14.317+0100] {logging_mixin.py:151} INFO -        age     sex    bmi  children smoker     region     charges
0     19.0  female  27.90       0.0    yes  southwest  16884.9240
1     18.0    male  33.77       1.0     no  southeast   1725.5523
2     28.0    male  33.00       3.0     no  southeast   4449.4620
3      NaN     NaN    NaN       NaN    NaN        NaN         NaN
4     25.0    male  28.60       1.0     no  southeast   3366.6697
...    ...     ...    ...       ...    ...        ...         ...
1344  18.0  female  31.92       0.0     no  northeast   2205.9808
1345  18.0  female  36.85       0.0     no  southeast   1629.8335
1346  21.0  female  25.80       0.0     no  southwest   2007.9450
1347   NaN     NaN    NaN       NaN    NaN        NaN         NaN
1348  42.0    male  35.12       0.0     no  southwest   5976.8311

[1349 rows x 7 columns]
[2023-10-16T16:47:14.321+0100] {python.py:194} INFO - Done. Returned value was: None
[2023-10-16T16:47:14.323+0100] {taskinstance.py:1400} INFO - Marking task as SUCCESS. dag_id=branch_exe, task_id=reading_and_preprocessing.read_csv, execution_date=20231016T154711, start_date=20231016T154714, end_date=20231016T154714
[2023-10-16T16:47:14.366+0100] {local_task_job_runner.py:228} INFO - Task exited with return code 0
[2023-10-16T16:47:14.377+0100] {taskinstance.py:2778} INFO - 1 downstream tasks scheduled from follow-on schedule check
