[2023-10-15T16:10:17.527+0100] {taskinstance.py:1090} INFO - Dependencies all met for dep_context=non-requeueable deps ti=<TaskInstance: execute.taskA manual__2023-10-15T15:10:14.143960+00:00 [queued]>
[2023-10-15T16:10:17.531+0100] {taskinstance.py:1090} INFO - Dependencies all met for dep_context=requeueable deps ti=<TaskInstance: execute.taskA manual__2023-10-15T15:10:14.143960+00:00 [queued]>
[2023-10-15T16:10:17.531+0100] {taskinstance.py:1288} INFO - 
--------------------------------------------------------------------------------
[2023-10-15T16:10:17.532+0100] {taskinstance.py:1289} INFO - Starting attempt 1 of 1
[2023-10-15T16:10:17.532+0100] {taskinstance.py:1290} INFO - 
--------------------------------------------------------------------------------
[2023-10-15T16:10:17.536+0100] {taskinstance.py:1309} INFO - Executing <Task(BashOperator): taskA> on 2023-10-15 15:10:14.143960+00:00
[2023-10-15T16:10:17.537+0100] {standard_task_runner.py:55} INFO - Started process 38414 to run task
[2023-10-15T16:10:17.540+0100] {standard_task_runner.py:82} INFO - Running: ['airflow', 'tasks', 'run', 'execute', 'taskA', 'manual__2023-10-15T15:10:14.143960+00:00', '--job-id', '16', '--raw', '--subdir', 'DAGS_FOLDER/__pycache__/execute.py', '--cfg-path', '/var/folders/_3/bj8r7kz51nz4g7hl_dpr6jdw0000gn/T/tmpbsr_r7k2']
[2023-10-15T16:10:17.542+0100] {standard_task_runner.py:83} INFO - Job 16: Subtask taskA
[2023-10-15T16:10:17.560+0100] {task_command.py:389} INFO - Running <TaskInstance: execute.taskA manual__2023-10-15T15:10:14.143960+00:00 [running]> on host 192.168.1.112
[2023-10-15T16:10:17.577+0100] {taskinstance.py:1516} INFO - Exporting the following env vars:
AIRFLOW_CTX_DAG_OWNER=workflow
AIRFLOW_CTX_DAG_ID=execute
AIRFLOW_CTX_TASK_ID=taskA
AIRFLOW_CTX_EXECUTION_DATE=2023-10-15T15:10:14.143960+00:00
AIRFLOW_CTX_TRY_NUMBER=1
AIRFLOW_CTX_DAG_RUN_ID=manual__2023-10-15T15:10:14.143960+00:00
[2023-10-15T16:10:17.578+0100] {subprocess.py:63} INFO - Tmp dir root location: 
 /var/folders/_3/bj8r7kz51nz4g7hl_dpr6jdw0000gn/T
[2023-10-15T16:10:17.578+0100] {subprocess.py:75} INFO - Running command: ['/bin/bash', '-c', 'echo "taskA has been executed"']
[2023-10-15T16:10:17.581+0100] {subprocess.py:86} INFO - Output:
[2023-10-15T16:10:17.584+0100] {subprocess.py:93} INFO - taskA has been executed
[2023-10-15T16:10:17.585+0100] {subprocess.py:97} INFO - Command exited with return code 0
[2023-10-15T16:10:17.591+0100] {taskinstance.py:1327} INFO - Marking task as SUCCESS. dag_id=execute, task_id=taskA, execution_date=20231015T151014, start_date=20231015T151017, end_date=20231015T151017
[2023-10-15T16:10:17.647+0100] {local_task_job.py:212} INFO - Task exited with return code 0
[2023-10-15T16:10:17.653+0100] {taskinstance.py:2596} INFO - 0 downstream tasks scheduled from follow-on schedule check
