[2023-10-16T12:18:51.345+0100] {taskinstance.py:1090} INFO - Dependencies all met for dep_context=non-requeueable deps ti=<TaskInstance: pipeline.groupby_region manual__2023-10-16T11:18:44.436349+00:00 [queued]>
[2023-10-16T12:18:51.349+0100] {taskinstance.py:1090} INFO - Dependencies all met for dep_context=requeueable deps ti=<TaskInstance: pipeline.groupby_region manual__2023-10-16T11:18:44.436349+00:00 [queued]>
[2023-10-16T12:18:51.349+0100] {taskinstance.py:1288} INFO - 
--------------------------------------------------------------------------------
[2023-10-16T12:18:51.349+0100] {taskinstance.py:1289} INFO - Starting attempt 1 of 1
[2023-10-16T12:18:51.349+0100] {taskinstance.py:1290} INFO - 
--------------------------------------------------------------------------------
[2023-10-16T12:18:51.353+0100] {taskinstance.py:1309} INFO - Executing <Task(PythonOperator): groupby_region> on 2023-10-16 11:18:44.436349+00:00
[2023-10-16T12:18:51.355+0100] {standard_task_runner.py:55} INFO - Started process 83254 to run task
[2023-10-16T12:18:51.358+0100] {standard_task_runner.py:82} INFO - Running: ['airflow', 'tasks', 'run', 'pipeline', 'groupby_region', 'manual__2023-10-16T11:18:44.436349+00:00', '--job-id', '76', '--raw', '--subdir', 'DAGS_FOLDER/pipeline.py', '--cfg-path', '/var/folders/_3/bj8r7kz51nz4g7hl_dpr6jdw0000gn/T/tmpzcgz0llk']
[2023-10-16T12:18:51.359+0100] {standard_task_runner.py:83} INFO - Job 76: Subtask groupby_region
[2023-10-16T12:18:51.381+0100] {task_command.py:389} INFO - Running <TaskInstance: pipeline.groupby_region manual__2023-10-16T11:18:44.436349+00:00 [running]> on host 192.168.1.112
[2023-10-16T12:18:51.396+0100] {taskinstance.py:1516} INFO - Exporting the following env vars:
AIRFLOW_CTX_DAG_OWNER=workflow
AIRFLOW_CTX_DAG_ID=pipeline
AIRFLOW_CTX_TASK_ID=groupby_region
AIRFLOW_CTX_EXECUTION_DATE=2023-10-16T11:18:44.436349+00:00
AIRFLOW_CTX_TRY_NUMBER=1
AIRFLOW_CTX_DAG_RUN_ID=manual__2023-10-16T11:18:44.436349+00:00
[2023-10-16T12:18:51.400+0100] {logging_mixin.py:137} WARNING - /Users/b/airflow/dags/pipeline.py:50 FutureWarning: Passing literal json to 'read_json' is deprecated and will be removed in a future version. To read from a literal string, wrap it in a 'StringIO' object.
[2023-10-16T12:18:51.412+0100] {python.py:177} INFO - Done. Returned value was: None
[2023-10-16T12:18:51.414+0100] {taskinstance.py:1327} INFO - Marking task as SUCCESS. dag_id=pipeline, task_id=groupby_region, execution_date=20231016T111844, start_date=20231016T111851, end_date=20231016T111851
[2023-10-16T12:18:51.419+0100] {local_task_job.py:212} INFO - Task exited with return code 0
[2023-10-16T12:18:51.424+0100] {taskinstance.py:2596} INFO - 0 downstream tasks scheduled from follow-on schedule check
