[2023-10-15T16:50:40.256+0100] {taskinstance.py:1090} INFO - Dependencies all met for dep_context=non-requeueable deps ti=<TaskInstance: execute.taskB manual__2023-10-15T15:48:06.393443+00:00 [queued]>
[2023-10-15T16:50:40.260+0100] {taskinstance.py:1090} INFO - Dependencies all met for dep_context=requeueable deps ti=<TaskInstance: execute.taskB manual__2023-10-15T15:48:06.393443+00:00 [queued]>
[2023-10-15T16:50:40.260+0100] {taskinstance.py:1288} INFO - 
--------------------------------------------------------------------------------
[2023-10-15T16:50:40.260+0100] {taskinstance.py:1289} INFO - Starting attempt 1 of 1
[2023-10-15T16:50:40.260+0100] {taskinstance.py:1290} INFO - 
--------------------------------------------------------------------------------
[2023-10-15T16:50:40.265+0100] {taskinstance.py:1309} INFO - Executing <Task(BashOperator): taskB> on 2023-10-15 15:48:06.393443+00:00
[2023-10-15T16:50:40.267+0100] {standard_task_runner.py:55} INFO - Started process 45326 to run task
[2023-10-15T16:50:40.270+0100] {standard_task_runner.py:82} INFO - Running: ['airflow', 'tasks', 'run', 'execute', 'taskB', 'manual__2023-10-15T15:48:06.393443+00:00', '--job-id', '29', '--raw', '--subdir', 'DAGS_FOLDER/__pycache__/execute.py', '--cfg-path', '/var/folders/_3/bj8r7kz51nz4g7hl_dpr6jdw0000gn/T/tmpf_8a3zth']
[2023-10-15T16:50:40.273+0100] {standard_task_runner.py:83} INFO - Job 29: Subtask taskB
[2023-10-15T16:50:40.300+0100] {task_command.py:389} INFO - Running <TaskInstance: execute.taskB manual__2023-10-15T15:48:06.393443+00:00 [running]> on host 192.168.1.112
[2023-10-15T16:50:40.313+0100] {taskinstance.py:1516} INFO - Exporting the following env vars:
AIRFLOW_CTX_DAG_OWNER=workflow
AIRFLOW_CTX_DAG_ID=execute
AIRFLOW_CTX_TASK_ID=taskB
AIRFLOW_CTX_EXECUTION_DATE=2023-10-15T15:48:06.393443+00:00
AIRFLOW_CTX_TRY_NUMBER=1
AIRFLOW_CTX_DAG_RUN_ID=manual__2023-10-15T15:48:06.393443+00:00
[2023-10-15T16:50:40.314+0100] {subprocess.py:63} INFO - Tmp dir root location: 
 /var/folders/_3/bj8r7kz51nz4g7hl_dpr6jdw0000gn/T
[2023-10-15T16:50:40.314+0100] {subprocess.py:75} INFO - Running command: ['/bin/bash', '-c', 'echo TASK B has started!\nsleep 10\nexit 99\necho TASK B has finished!\n']
[2023-10-15T16:50:40.320+0100] {subprocess.py:86} INFO - Output:
[2023-10-15T16:50:40.322+0100] {subprocess.py:93} INFO - TASK B has started!
[2023-10-15T16:50:50.329+0100] {subprocess.py:97} INFO - Command exited with return code 99
[2023-10-15T16:50:50.334+0100] {taskinstance.py:1407} INFO - Bash command returned exit code 99. Skipping.
[2023-10-15T16:50:50.350+0100] {taskinstance.py:1327} INFO - Marking task as SKIPPED. dag_id=execute, task_id=taskB, execution_date=20231015T154806, start_date=20231015T155040, end_date=20231015T155050
[2023-10-15T16:50:50.382+0100] {local_task_job.py:212} INFO - Task exited with return code 0
[2023-10-15T16:50:50.399+0100] {taskinstance.py:2596} INFO - 0 downstream tasks scheduled from follow-on schedule check
