[2023-10-16T17:22:43.115+0100] {taskinstance.py:1159} INFO - Dependencies all met for dep_context=non-requeueable deps ti=<TaskInstance: cron_catchup.taskBranch scheduled__2023-10-15T00:00:00+00:00 [queued]>
[2023-10-16T17:22:43.117+0100] {taskinstance.py:1159} INFO - Dependencies all met for dep_context=requeueable deps ti=<TaskInstance: cron_catchup.taskBranch scheduled__2023-10-15T00:00:00+00:00 [queued]>
[2023-10-16T17:22:43.117+0100] {taskinstance.py:1361} INFO - Starting attempt 1 of 1
[2023-10-16T17:22:43.122+0100] {taskinstance.py:1382} INFO - Executing <Task(BranchPythonOperator): taskBranch> on 2023-10-15 00:00:00+00:00
[2023-10-16T17:22:43.124+0100] {standard_task_runner.py:57} INFO - Started process 17281 to run task
[2023-10-16T17:22:43.127+0100] {standard_task_runner.py:84} INFO - Running: ['airflow', 'tasks', 'run', 'cron_catchup', 'taskBranch', 'scheduled__2023-10-15T00:00:00+00:00', '--job-id', '150', '--raw', '--subdir', 'DAGS_FOLDER/catchup.py', '--cfg-path', '/var/folders/_3/bj8r7kz51nz4g7hl_dpr6jdw0000gn/T/tmpvlrzugf6']
[2023-10-16T17:22:43.128+0100] {standard_task_runner.py:85} INFO - Job 150: Subtask taskBranch
[2023-10-16T17:22:43.141+0100] {task_command.py:416} INFO - Running <TaskInstance: cron_catchup.taskBranch scheduled__2023-10-15T00:00:00+00:00 [running]> on host 192.168.1.112
[2023-10-16T17:22:43.174+0100] {taskinstance.py:1662} INFO - Exporting env vars: AIRFLOW_CTX_DAG_OWNER='workflow' AIRFLOW_CTX_DAG_ID='cron_catchup' AIRFLOW_CTX_TASK_ID='taskBranch' AIRFLOW_CTX_EXECUTION_DATE='2023-10-15T00:00:00+00:00' AIRFLOW_CTX_TRY_NUMBER='1' AIRFLOW_CTX_DAG_RUN_ID='scheduled__2023-10-15T00:00:00+00:00'
[2023-10-16T17:22:43.176+0100] {python.py:194} INFO - Done. Returned value was: TaskC
[2023-10-16T17:22:43.176+0100] {python.py:227} INFO - Branch callable return TaskC
[2023-10-16T17:22:43.176+0100] {skipmixin.py:173} INFO - Following branch TaskC
[2023-10-16T17:22:43.178+0100] {skipmixin.py:239} INFO - Skipping tasks [('TaskE', -1)]
[2023-10-16T17:22:43.185+0100] {taskinstance.py:1400} INFO - Marking task as SUCCESS. dag_id=cron_catchup, task_id=taskBranch, execution_date=20231015T000000, start_date=20231016T162243, end_date=20231016T162243
[2023-10-16T17:22:43.234+0100] {local_task_job_runner.py:228} INFO - Task exited with return code 0
[2023-10-16T17:22:43.244+0100] {taskinstance.py:2778} INFO - 1 downstream tasks scheduled from follow-on schedule check
[2023-10-16T17:32:05.474+0100] {taskinstance.py:1159} INFO - Dependencies all met for dep_context=non-requeueable deps ti=<TaskInstance: cron_catchup.taskBranch scheduled__2023-10-15T00:00:00+00:00 [queued]>
[2023-10-16T17:32:05.476+0100] {taskinstance.py:1159} INFO - Dependencies all met for dep_context=requeueable deps ti=<TaskInstance: cron_catchup.taskBranch scheduled__2023-10-15T00:00:00+00:00 [queued]>
[2023-10-16T17:32:05.476+0100] {taskinstance.py:1361} INFO - Starting attempt 1 of 1
[2023-10-16T17:32:05.480+0100] {taskinstance.py:1382} INFO - Executing <Task(BranchPythonOperator): taskBranch> on 2023-10-15 00:00:00+00:00
[2023-10-16T17:32:05.481+0100] {standard_task_runner.py:57} INFO - Started process 18491 to run task
[2023-10-16T17:32:05.489+0100] {standard_task_runner.py:84} INFO - Running: ['airflow', 'tasks', 'run', 'cron_catchup', 'taskBranch', 'scheduled__2023-10-15T00:00:00+00:00', '--job-id', '203', '--raw', '--subdir', 'DAGS_FOLDER/catchup.py', '--cfg-path', '/var/folders/_3/bj8r7kz51nz4g7hl_dpr6jdw0000gn/T/tmpc3119uo4']
[2023-10-16T17:32:05.493+0100] {standard_task_runner.py:85} INFO - Job 203: Subtask taskBranch
[2023-10-16T17:32:05.511+0100] {task_command.py:416} INFO - Running <TaskInstance: cron_catchup.taskBranch scheduled__2023-10-15T00:00:00+00:00 [running]> on host 192.168.1.112
[2023-10-16T17:32:05.533+0100] {taskinstance.py:1662} INFO - Exporting env vars: AIRFLOW_CTX_DAG_OWNER='workflow' AIRFLOW_CTX_DAG_ID='cron_catchup' AIRFLOW_CTX_TASK_ID='taskBranch' AIRFLOW_CTX_EXECUTION_DATE='2023-10-15T00:00:00+00:00' AIRFLOW_CTX_TRY_NUMBER='1' AIRFLOW_CTX_DAG_RUN_ID='scheduled__2023-10-15T00:00:00+00:00'
[2023-10-16T17:32:05.536+0100] {python.py:194} INFO - Done. Returned value was: TaskC
[2023-10-16T17:32:05.536+0100] {python.py:227} INFO - Branch callable return TaskC
[2023-10-16T17:32:05.536+0100] {skipmixin.py:173} INFO - Following branch TaskC
[2023-10-16T17:32:05.538+0100] {skipmixin.py:239} INFO - Skipping tasks [('TaskE', -1)]
[2023-10-16T17:32:05.545+0100] {taskinstance.py:1400} INFO - Marking task as SUCCESS. dag_id=cron_catchup, task_id=taskBranch, execution_date=20231015T000000, start_date=20231016T163205, end_date=20231016T163205
[2023-10-16T17:32:05.582+0100] {local_task_job_runner.py:228} INFO - Task exited with return code 0
[2023-10-16T17:32:05.592+0100] {taskinstance.py:2778} INFO - 1 downstream tasks scheduled from follow-on schedule check
