[2023-10-16T01:02:39.085+0100] {taskinstance.py:1090} INFO - Dependencies all met for dep_context=non-requeueable deps ti=<TaskInstance: execute.taskB scheduled__2023-10-15T00:00:00+00:00 [queued]>
[2023-10-16T01:02:39.088+0100] {taskinstance.py:1090} INFO - Dependencies all met for dep_context=requeueable deps ti=<TaskInstance: execute.taskB scheduled__2023-10-15T00:00:00+00:00 [queued]>
[2023-10-16T01:02:39.088+0100] {taskinstance.py:1288} INFO - 
--------------------------------------------------------------------------------
[2023-10-16T01:02:39.088+0100] {taskinstance.py:1289} INFO - Starting attempt 1 of 1
[2023-10-16T01:02:39.088+0100] {taskinstance.py:1290} INFO - 
--------------------------------------------------------------------------------
[2023-10-16T01:02:39.091+0100] {taskinstance.py:1309} INFO - Executing <Task(BashOperator): taskB> on 2023-10-15 00:00:00+00:00
[2023-10-16T01:02:39.093+0100] {standard_task_runner.py:55} INFO - Started process 72400 to run task
[2023-10-16T01:02:39.095+0100] {standard_task_runner.py:82} INFO - Running: ['airflow', 'tasks', 'run', 'execute', 'taskB', 'scheduled__2023-10-15T00:00:00+00:00', '--job-id', '60', '--raw', '--subdir', 'DAGS_FOLDER/execute.py', '--cfg-path', '/var/folders/_3/bj8r7kz51nz4g7hl_dpr6jdw0000gn/T/tmp0zy5s38z']
[2023-10-16T01:02:39.096+0100] {standard_task_runner.py:83} INFO - Job 60: Subtask taskB
[2023-10-16T01:02:39.112+0100] {task_command.py:389} INFO - Running <TaskInstance: execute.taskB scheduled__2023-10-15T00:00:00+00:00 [running]> on host 192.168.1.112
[2023-10-16T01:02:39.129+0100] {taskinstance.py:1516} INFO - Exporting the following env vars:
AIRFLOW_CTX_DAG_OWNER=workflow
AIRFLOW_CTX_DAG_ID=execute
AIRFLOW_CTX_TASK_ID=taskB
AIRFLOW_CTX_EXECUTION_DATE=2023-10-15T00:00:00+00:00
AIRFLOW_CTX_TRY_NUMBER=1
AIRFLOW_CTX_DAG_RUN_ID=scheduled__2023-10-15T00:00:00+00:00
[2023-10-16T01:02:39.129+0100] {subprocess.py:63} INFO - Tmp dir root location: 
 /var/folders/_3/bj8r7kz51nz4g7hl_dpr6jdw0000gn/T
[2023-10-16T01:02:39.130+0100] {subprocess.py:75} INFO - Running command: ['/bin/bash', '-c', 'echo TASK B has started!\nsleep 10\nexit 99\necho TASK B has finished!\n']
[2023-10-16T01:02:39.132+0100] {subprocess.py:86} INFO - Output:
[2023-10-16T01:02:39.134+0100] {subprocess.py:93} INFO - TASK B has started!
[2023-10-16T01:02:49.142+0100] {subprocess.py:97} INFO - Command exited with return code 99
[2023-10-16T01:02:49.146+0100] {taskinstance.py:1407} INFO - Bash command returned exit code 99. Skipping.
[2023-10-16T01:02:49.163+0100] {taskinstance.py:1327} INFO - Marking task as SKIPPED. dag_id=execute, task_id=taskB, execution_date=20231015T000000, start_date=20231016T000239, end_date=20231016T000249
[2023-10-16T01:02:49.183+0100] {local_task_job.py:212} INFO - Task exited with return code 0
[2023-10-16T01:02:49.202+0100] {taskinstance.py:2596} INFO - 0 downstream tasks scheduled from follow-on schedule check
