[2023-10-15T17:59:42.713+0100] {taskinstance.py:1090} INFO - Dependencies all met for dep_context=non-requeueable deps ti=<TaskInstance: execute_python.taskA manual__2023-10-15T16:59:41.555973+00:00 [queued]>
[2023-10-15T17:59:42.716+0100] {taskinstance.py:1090} INFO - Dependencies all met for dep_context=requeueable deps ti=<TaskInstance: execute_python.taskA manual__2023-10-15T16:59:41.555973+00:00 [queued]>
[2023-10-15T17:59:42.716+0100] {taskinstance.py:1288} INFO - 
--------------------------------------------------------------------------------
[2023-10-15T17:59:42.716+0100] {taskinstance.py:1289} INFO - Starting attempt 1 of 1
[2023-10-15T17:59:42.716+0100] {taskinstance.py:1290} INFO - 
--------------------------------------------------------------------------------
[2023-10-15T17:59:42.720+0100] {taskinstance.py:1309} INFO - Executing <Task(PythonOperator): taskA> on 2023-10-15 16:59:41.555973+00:00
[2023-10-15T17:59:42.721+0100] {standard_task_runner.py:55} INFO - Started process 55541 to run task
[2023-10-15T17:59:42.724+0100] {standard_task_runner.py:82} INFO - Running: ['airflow', 'tasks', 'run', 'execute_python', 'taskA', 'manual__2023-10-15T16:59:41.555973+00:00', '--job-id', '38', '--raw', '--subdir', 'DAGS_FOLDER/execute_py.py', '--cfg-path', '/var/folders/_3/bj8r7kz51nz4g7hl_dpr6jdw0000gn/T/tmpbzggudot']
[2023-10-15T17:59:42.725+0100] {standard_task_runner.py:83} INFO - Job 38: Subtask taskA
[2023-10-15T17:59:42.743+0100] {task_command.py:389} INFO - Running <TaskInstance: execute_python.taskA manual__2023-10-15T16:59:41.555973+00:00 [running]> on host 192.168.1.112
[2023-10-15T17:59:42.758+0100] {taskinstance.py:1516} INFO - Exporting the following env vars:
AIRFLOW_CTX_DAG_OWNER=workflow
AIRFLOW_CTX_DAG_ID=execute_python
AIRFLOW_CTX_TASK_ID=taskA
AIRFLOW_CTX_EXECUTION_DATE=2023-10-15T16:59:41.555973+00:00
AIRFLOW_CTX_TRY_NUMBER=1
AIRFLOW_CTX_DAG_RUN_ID=manual__2023-10-15T16:59:41.555973+00:00
[2023-10-15T17:59:42.758+0100] {logging_mixin.py:137} INFO - task A executed
[2023-10-15T17:59:42.759+0100] {python.py:177} INFO - Done. Returned value was: None
[2023-10-15T17:59:42.760+0100] {taskinstance.py:1327} INFO - Marking task as SUCCESS. dag_id=execute_python, task_id=taskA, execution_date=20231015T165941, start_date=20231015T165942, end_date=20231015T165942
[2023-10-15T17:59:42.785+0100] {local_task_job.py:212} INFO - Task exited with return code 0
[2023-10-15T17:59:42.793+0100] {taskinstance.py:2596} INFO - 2 downstream tasks scheduled from follow-on schedule check
