[2023-10-15T17:59:49.816+0100] {taskinstance.py:1090} INFO - Dependencies all met for dep_context=non-requeueable deps ti=<TaskInstance: execute_python.taskC manual__2023-10-15T16:59:41.555973+00:00 [queued]>
[2023-10-15T17:59:49.820+0100] {taskinstance.py:1090} INFO - Dependencies all met for dep_context=requeueable deps ti=<TaskInstance: execute_python.taskC manual__2023-10-15T16:59:41.555973+00:00 [queued]>
[2023-10-15T17:59:49.820+0100] {taskinstance.py:1288} INFO - 
--------------------------------------------------------------------------------
[2023-10-15T17:59:49.820+0100] {taskinstance.py:1289} INFO - Starting attempt 1 of 1
[2023-10-15T17:59:49.820+0100] {taskinstance.py:1290} INFO - 
--------------------------------------------------------------------------------
[2023-10-15T17:59:49.823+0100] {taskinstance.py:1309} INFO - Executing <Task(PythonOperator): taskC> on 2023-10-15 16:59:41.555973+00:00
[2023-10-15T17:59:49.824+0100] {standard_task_runner.py:55} INFO - Started process 55558 to run task
[2023-10-15T17:59:49.827+0100] {standard_task_runner.py:82} INFO - Running: ['airflow', 'tasks', 'run', 'execute_python', 'taskC', 'manual__2023-10-15T16:59:41.555973+00:00', '--job-id', '40', '--raw', '--subdir', 'DAGS_FOLDER/execute_py.py', '--cfg-path', '/var/folders/_3/bj8r7kz51nz4g7hl_dpr6jdw0000gn/T/tmpmfg1ey13']
[2023-10-15T17:59:49.828+0100] {standard_task_runner.py:83} INFO - Job 40: Subtask taskC
[2023-10-15T17:59:49.844+0100] {task_command.py:389} INFO - Running <TaskInstance: execute_python.taskC manual__2023-10-15T16:59:41.555973+00:00 [running]> on host 192.168.1.112
[2023-10-15T17:59:49.858+0100] {taskinstance.py:1516} INFO - Exporting the following env vars:
AIRFLOW_CTX_DAG_OWNER=workflow
AIRFLOW_CTX_DAG_ID=execute_python
AIRFLOW_CTX_TASK_ID=taskC
AIRFLOW_CTX_EXECUTION_DATE=2023-10-15T16:59:41.555973+00:00
AIRFLOW_CTX_TRY_NUMBER=1
AIRFLOW_CTX_DAG_RUN_ID=manual__2023-10-15T16:59:41.555973+00:00
[2023-10-15T17:59:49.859+0100] {logging_mixin.py:137} INFO - task C executed
[2023-10-15T17:59:49.859+0100] {python.py:177} INFO - Done. Returned value was: None
[2023-10-15T17:59:49.861+0100] {taskinstance.py:1327} INFO - Marking task as SUCCESS. dag_id=execute_python, task_id=taskC, execution_date=20231015T165941, start_date=20231015T165949, end_date=20231015T165949
[2023-10-15T17:59:49.888+0100] {local_task_job.py:212} INFO - Task exited with return code 0
[2023-10-15T17:59:49.895+0100] {taskinstance.py:2596} INFO - 1 downstream tasks scheduled from follow-on schedule check
