[2023-10-15T17:30:07.226+0100] {taskinstance.py:1090} INFO - Dependencies all met for dep_context=non-requeueable deps ti=<TaskInstance: execute_python.python_task scheduled__2023-10-14T00:00:00+00:00 [queued]>
[2023-10-15T17:30:07.229+0100] {taskinstance.py:1090} INFO - Dependencies all met for dep_context=requeueable deps ti=<TaskInstance: execute_python.python_task scheduled__2023-10-14T00:00:00+00:00 [queued]>
[2023-10-15T17:30:07.230+0100] {taskinstance.py:1288} INFO - 
--------------------------------------------------------------------------------
[2023-10-15T17:30:07.230+0100] {taskinstance.py:1289} INFO - Starting attempt 1 of 1
[2023-10-15T17:30:07.230+0100] {taskinstance.py:1290} INFO - 
--------------------------------------------------------------------------------
[2023-10-15T17:30:07.233+0100] {taskinstance.py:1309} INFO - Executing <Task(PythonOperator): python_task> on 2023-10-14 00:00:00+00:00
[2023-10-15T17:30:07.235+0100] {standard_task_runner.py:55} INFO - Started process 51657 to run task
[2023-10-15T17:30:07.237+0100] {standard_task_runner.py:82} INFO - Running: ['airflow', 'tasks', 'run', 'execute_python', 'python_task', 'scheduled__2023-10-14T00:00:00+00:00', '--job-id', '36', '--raw', '--subdir', 'DAGS_FOLDER/execute_py.py', '--cfg-path', '/var/folders/_3/bj8r7kz51nz4g7hl_dpr6jdw0000gn/T/tmpom81mobj']
[2023-10-15T17:30:07.241+0100] {standard_task_runner.py:83} INFO - Job 36: Subtask python_task
[2023-10-15T17:30:07.273+0100] {task_command.py:389} INFO - Running <TaskInstance: execute_python.python_task scheduled__2023-10-14T00:00:00+00:00 [running]> on host 192.168.1.112
[2023-10-15T17:30:07.289+0100] {taskinstance.py:1516} INFO - Exporting the following env vars:
AIRFLOW_CTX_DAG_OWNER=workflow
AIRFLOW_CTX_DAG_ID=execute_python
AIRFLOW_CTX_TASK_ID=python_task
AIRFLOW_CTX_EXECUTION_DATE=2023-10-14T00:00:00+00:00
AIRFLOW_CTX_TRY_NUMBER=1
AIRFLOW_CTX_DAG_RUN_ID=scheduled__2023-10-14T00:00:00+00:00
[2023-10-15T17:30:07.289+0100] {logging_mixin.py:137} INFO - Simple python operator
[2023-10-15T17:30:07.290+0100] {python.py:177} INFO - Done. Returned value was: None
[2023-10-15T17:30:07.291+0100] {taskinstance.py:1327} INFO - Marking task as SUCCESS. dag_id=execute_python, task_id=python_task, execution_date=20231014T000000, start_date=20231015T163007, end_date=20231015T163007
[2023-10-15T17:30:07.299+0100] {local_task_job.py:212} INFO - Task exited with return code 0
[2023-10-15T17:30:07.304+0100] {taskinstance.py:2596} INFO - 0 downstream tasks scheduled from follow-on schedule check
