[2023-10-16T01:03:01.982+0100] {taskinstance.py:1090} INFO - Dependencies all met for dep_context=non-requeueable deps ti=<TaskInstance: execute_python.greet_city scheduled__2023-10-15T00:00:00+00:00 [queued]>
[2023-10-16T01:03:01.985+0100] {taskinstance.py:1090} INFO - Dependencies all met for dep_context=requeueable deps ti=<TaskInstance: execute_python.greet_city scheduled__2023-10-15T00:00:00+00:00 [queued]>
[2023-10-16T01:03:01.985+0100] {taskinstance.py:1288} INFO - 
--------------------------------------------------------------------------------
[2023-10-16T01:03:01.985+0100] {taskinstance.py:1289} INFO - Starting attempt 1 of 1
[2023-10-16T01:03:01.985+0100] {taskinstance.py:1290} INFO - 
--------------------------------------------------------------------------------
[2023-10-16T01:03:01.989+0100] {taskinstance.py:1309} INFO - Executing <Task(PythonOperator): greet_city> on 2023-10-15 00:00:00+00:00
[2023-10-16T01:03:01.990+0100] {standard_task_runner.py:55} INFO - Started process 72443 to run task
[2023-10-16T01:03:01.993+0100] {standard_task_runner.py:82} INFO - Running: ['airflow', 'tasks', 'run', 'execute_python', 'greet_city', 'scheduled__2023-10-15T00:00:00+00:00', '--job-id', '63', '--raw', '--subdir', 'DAGS_FOLDER/execute_py.py', '--cfg-path', '/var/folders/_3/bj8r7kz51nz4g7hl_dpr6jdw0000gn/T/tmp9pyxlsxq']
[2023-10-16T01:03:01.994+0100] {standard_task_runner.py:83} INFO - Job 63: Subtask greet_city
[2023-10-16T01:03:02.010+0100] {task_command.py:389} INFO - Running <TaskInstance: execute_python.greet_city scheduled__2023-10-15T00:00:00+00:00 [running]> on host 192.168.1.112
[2023-10-16T01:03:02.025+0100] {taskinstance.py:1516} INFO - Exporting the following env vars:
AIRFLOW_CTX_DAG_OWNER=workflow
AIRFLOW_CTX_DAG_ID=execute_python
AIRFLOW_CTX_TASK_ID=greet_city
AIRFLOW_CTX_EXECUTION_DATE=2023-10-15T00:00:00+00:00
AIRFLOW_CTX_TRY_NUMBER=1
AIRFLOW_CTX_DAG_RUN_ID=scheduled__2023-10-15T00:00:00+00:00
[2023-10-16T01:03:02.025+0100] {logging_mixin.py:137} INFO - Hello, Bob from New York
[2023-10-16T01:03:02.025+0100] {python.py:177} INFO - Done. Returned value was: None
[2023-10-16T01:03:02.027+0100] {taskinstance.py:1327} INFO - Marking task as SUCCESS. dag_id=execute_python, task_id=greet_city, execution_date=20231015T000000, start_date=20231016T000301, end_date=20231016T000302
[2023-10-16T01:03:02.054+0100] {local_task_job.py:212} INFO - Task exited with return code 0
[2023-10-16T01:03:02.060+0100] {taskinstance.py:2596} INFO - 0 downstream tasks scheduled from follow-on schedule check
