[2023-10-16T17:22:47.223+0100] {taskinstance.py:1159} INFO - Dependencies all met for dep_context=non-requeueable deps ti=<TaskInstance: cron_catchup.TaskD scheduled__2023-10-15T00:00:00+00:00 [queued]>
[2023-10-16T17:22:47.225+0100] {taskinstance.py:1159} INFO - Dependencies all met for dep_context=requeueable deps ti=<TaskInstance: cron_catchup.TaskD scheduled__2023-10-15T00:00:00+00:00 [queued]>
[2023-10-16T17:22:47.225+0100] {taskinstance.py:1361} INFO - Starting attempt 1 of 1
[2023-10-16T17:22:47.229+0100] {taskinstance.py:1382} INFO - Executing <Task(BashOperator): TaskD> on 2023-10-15 00:00:00+00:00
[2023-10-16T17:22:47.230+0100] {standard_task_runner.py:57} INFO - Started process 17296 to run task
[2023-10-16T17:22:47.232+0100] {standard_task_runner.py:84} INFO - Running: ['airflow', 'tasks', 'run', 'cron_catchup', 'TaskD', 'scheduled__2023-10-15T00:00:00+00:00', '--job-id', '155', '--raw', '--subdir', 'DAGS_FOLDER/catchup.py', '--cfg-path', '/var/folders/_3/bj8r7kz51nz4g7hl_dpr6jdw0000gn/T/tmpzlboynig']
[2023-10-16T17:22:47.233+0100] {standard_task_runner.py:85} INFO - Job 155: Subtask TaskD
[2023-10-16T17:22:47.246+0100] {task_command.py:416} INFO - Running <TaskInstance: cron_catchup.TaskD scheduled__2023-10-15T00:00:00+00:00 [running]> on host 192.168.1.112
[2023-10-16T17:22:47.274+0100] {taskinstance.py:1662} INFO - Exporting env vars: AIRFLOW_CTX_DAG_OWNER='workflow' AIRFLOW_CTX_DAG_ID='cron_catchup' AIRFLOW_CTX_TASK_ID='TaskD' AIRFLOW_CTX_EXECUTION_DATE='2023-10-15T00:00:00+00:00' AIRFLOW_CTX_TRY_NUMBER='1' AIRFLOW_CTX_DAG_RUN_ID='scheduled__2023-10-15T00:00:00+00:00'
[2023-10-16T17:22:47.274+0100] {subprocess.py:63} INFO - Tmp dir root location: /var/folders/_3/bj8r7kz51nz4g7hl_dpr6jdw0000gn/T
[2023-10-16T17:22:47.275+0100] {subprocess.py:75} INFO - Running command: ['/bin/bash', '-c', 'echo "task D executed"']
[2023-10-16T17:22:47.279+0100] {subprocess.py:86} INFO - Output:
[2023-10-16T17:22:47.281+0100] {subprocess.py:93} INFO - task D executed
[2023-10-16T17:22:47.281+0100] {subprocess.py:97} INFO - Command exited with return code 0
[2023-10-16T17:22:47.287+0100] {taskinstance.py:1400} INFO - Marking task as SUCCESS. dag_id=cron_catchup, task_id=TaskD, execution_date=20231015T000000, start_date=20231016T162247, end_date=20231016T162247
[2023-10-16T17:22:47.293+0100] {local_task_job_runner.py:228} INFO - Task exited with return code 0
[2023-10-16T17:22:47.299+0100] {taskinstance.py:2778} INFO - 0 downstream tasks scheduled from follow-on schedule check
[2023-10-16T17:32:07.577+0100] {taskinstance.py:1159} INFO - Dependencies all met for dep_context=non-requeueable deps ti=<TaskInstance: cron_catchup.TaskD scheduled__2023-10-15T00:00:00+00:00 [queued]>
[2023-10-16T17:32:07.580+0100] {taskinstance.py:1159} INFO - Dependencies all met for dep_context=requeueable deps ti=<TaskInstance: cron_catchup.TaskD scheduled__2023-10-15T00:00:00+00:00 [queued]>
[2023-10-16T17:32:07.580+0100] {taskinstance.py:1361} INFO - Starting attempt 1 of 1
[2023-10-16T17:32:07.584+0100] {taskinstance.py:1382} INFO - Executing <Task(BashOperator): TaskD> on 2023-10-15 00:00:00+00:00
[2023-10-16T17:32:07.586+0100] {standard_task_runner.py:57} INFO - Started process 18500 to run task
[2023-10-16T17:32:07.597+0100] {standard_task_runner.py:84} INFO - Running: ['airflow', 'tasks', 'run', 'cron_catchup', 'TaskD', 'scheduled__2023-10-15T00:00:00+00:00', '--job-id', '205', '--raw', '--subdir', 'DAGS_FOLDER/catchup.py', '--cfg-path', '/var/folders/_3/bj8r7kz51nz4g7hl_dpr6jdw0000gn/T/tmp49_utcgs']
[2023-10-16T17:32:07.604+0100] {standard_task_runner.py:85} INFO - Job 205: Subtask TaskD
[2023-10-16T17:32:07.620+0100] {task_command.py:416} INFO - Running <TaskInstance: cron_catchup.TaskD scheduled__2023-10-15T00:00:00+00:00 [running]> on host 192.168.1.112
[2023-10-16T17:32:07.647+0100] {taskinstance.py:1662} INFO - Exporting env vars: AIRFLOW_CTX_DAG_OWNER='workflow' AIRFLOW_CTX_DAG_ID='cron_catchup' AIRFLOW_CTX_TASK_ID='TaskD' AIRFLOW_CTX_EXECUTION_DATE='2023-10-15T00:00:00+00:00' AIRFLOW_CTX_TRY_NUMBER='1' AIRFLOW_CTX_DAG_RUN_ID='scheduled__2023-10-15T00:00:00+00:00'
[2023-10-16T17:32:07.648+0100] {subprocess.py:63} INFO - Tmp dir root location: /var/folders/_3/bj8r7kz51nz4g7hl_dpr6jdw0000gn/T
[2023-10-16T17:32:07.648+0100] {subprocess.py:75} INFO - Running command: ['/bin/bash', '-c', 'echo "task D executed"']
[2023-10-16T17:32:07.651+0100] {subprocess.py:86} INFO - Output:
[2023-10-16T17:32:07.652+0100] {subprocess.py:93} INFO - task D executed
[2023-10-16T17:32:07.653+0100] {subprocess.py:97} INFO - Command exited with return code 0
[2023-10-16T17:32:07.659+0100] {taskinstance.py:1400} INFO - Marking task as SUCCESS. dag_id=cron_catchup, task_id=TaskD, execution_date=20231015T000000, start_date=20231016T163207, end_date=20231016T163207
[2023-10-16T17:32:07.696+0100] {local_task_job_runner.py:228} INFO - Task exited with return code 0
[2023-10-16T17:32:07.701+0100] {taskinstance.py:2778} INFO - 0 downstream tasks scheduled from follow-on schedule check
