[2023-10-17T13:37:33.629+0100] {taskinstance.py:1159} INFO - Dependencies all met for dep_context=non-requeueable deps ti=<TaskInstance: execute.taskA scheduled__2023-10-16T00:00:00+00:00 [queued]>
[2023-10-17T13:37:33.632+0100] {taskinstance.py:1159} INFO - Dependencies all met for dep_context=requeueable deps ti=<TaskInstance: execute.taskA scheduled__2023-10-16T00:00:00+00:00 [queued]>
[2023-10-17T13:37:33.632+0100] {taskinstance.py:1361} INFO - Starting attempt 1 of 1
[2023-10-17T13:37:33.637+0100] {taskinstance.py:1382} INFO - Executing <Task(BashOperator): taskA> on 2023-10-16 00:00:00+00:00
[2023-10-17T13:37:33.640+0100] {standard_task_runner.py:57} INFO - Started process 47937 to run task
[2023-10-17T13:37:33.642+0100] {standard_task_runner.py:84} INFO - Running: ['airflow', 'tasks', 'run', 'execute', 'taskA', 'scheduled__2023-10-16T00:00:00+00:00', '--job-id', '314', '--raw', '--subdir', 'DAGS_FOLDER/execute.py', '--cfg-path', '/var/folders/_3/bj8r7kz51nz4g7hl_dpr6jdw0000gn/T/tmpiw7i2f9e']
[2023-10-17T13:37:33.643+0100] {standard_task_runner.py:85} INFO - Job 314: Subtask taskA
[2023-10-17T13:37:33.658+0100] {task_command.py:416} INFO - Running <TaskInstance: execute.taskA scheduled__2023-10-16T00:00:00+00:00 [running]> on host 192.168.1.112
[2023-10-17T13:37:33.679+0100] {taskinstance.py:1662} INFO - Exporting env vars: AIRFLOW_CTX_DAG_OWNER='workflow' AIRFLOW_CTX_DAG_ID='execute' AIRFLOW_CTX_TASK_ID='taskA' AIRFLOW_CTX_EXECUTION_DATE='2023-10-16T00:00:00+00:00' AIRFLOW_CTX_TRY_NUMBER='1' AIRFLOW_CTX_DAG_RUN_ID='scheduled__2023-10-16T00:00:00+00:00'
[2023-10-17T13:37:33.680+0100] {subprocess.py:63} INFO - Tmp dir root location: /var/folders/_3/bj8r7kz51nz4g7hl_dpr6jdw0000gn/T
[2023-10-17T13:37:33.681+0100] {subprocess.py:75} INFO - Running command: ['/bin/bash', '-c', 'echo TASK A has started!\n\nfor i in {1..15}\ndo\n    echo "TASK A: $i"\n    sleep 10\ndone\n\necho TASK A has finished!']
[2023-10-17T13:37:33.684+0100] {subprocess.py:86} INFO - Output:
[2023-10-17T13:37:33.686+0100] {subprocess.py:93} INFO - TASK A has started!
[2023-10-17T13:37:33.686+0100] {subprocess.py:93} INFO - TASK A: 1
[2023-10-17T13:37:43.697+0100] {subprocess.py:93} INFO - TASK A: 2
[2023-10-17T13:37:53.705+0100] {subprocess.py:93} INFO - TASK A: 3
[2023-10-17T13:38:03.715+0100] {subprocess.py:93} INFO - TASK A: 4
[2023-10-17T13:38:13.721+0100] {subprocess.py:93} INFO - TASK A: 5
[2023-10-17T13:38:23.732+0100] {subprocess.py:93} INFO - TASK A: 6
[2023-10-17T13:38:33.741+0100] {subprocess.py:93} INFO - TASK A: 7
[2023-10-17T13:38:43.754+0100] {subprocess.py:93} INFO - TASK A: 8
[2023-10-17T13:38:53.768+0100] {subprocess.py:93} INFO - TASK A: 9
[2023-10-17T13:39:03.778+0100] {subprocess.py:93} INFO - TASK A: 10
[2023-10-17T13:39:13.794+0100] {subprocess.py:93} INFO - TASK A: 11
[2023-10-17T13:39:23.753+0100] {subprocess.py:93} INFO - TASK A: 12
[2023-10-17T13:39:33.766+0100] {subprocess.py:93} INFO - TASK A: 13
[2023-10-17T13:39:43.775+0100] {subprocess.py:93} INFO - TASK A: 14
[2023-10-17T13:39:53.782+0100] {subprocess.py:93} INFO - TASK A: 15
[2023-10-17T13:40:03.794+0100] {subprocess.py:93} INFO - TASK A has finished!
[2023-10-17T13:40:03.798+0100] {subprocess.py:97} INFO - Command exited with return code 0
[2023-10-17T13:40:03.833+0100] {taskinstance.py:1400} INFO - Marking task as SUCCESS. dag_id=execute, task_id=taskA, execution_date=20231016T000000, start_date=20231017T123733, end_date=20231017T124003
[2023-10-17T13:40:03.864+0100] {local_task_job_runner.py:228} INFO - Task exited with return code 0
[2023-10-17T13:40:03.883+0100] {taskinstance.py:2778} INFO - 3 downstream tasks scheduled from follow-on schedule check
