[2023-10-15T16:51:03.815+0100] {taskinstance.py:1090} INFO - Dependencies all met for dep_context=non-requeueable deps ti=<TaskInstance: execute.taskG manual__2023-10-15T15:48:06.393443+00:00 [queued]>
[2023-10-15T16:51:03.818+0100] {taskinstance.py:1090} INFO - Dependencies all met for dep_context=requeueable deps ti=<TaskInstance: execute.taskG manual__2023-10-15T15:48:06.393443+00:00 [queued]>
[2023-10-15T16:51:03.818+0100] {taskinstance.py:1288} INFO - 
--------------------------------------------------------------------------------
[2023-10-15T16:51:03.818+0100] {taskinstance.py:1289} INFO - Starting attempt 1 of 1
[2023-10-15T16:51:03.818+0100] {taskinstance.py:1290} INFO - 
--------------------------------------------------------------------------------
[2023-10-15T16:51:03.822+0100] {taskinstance.py:1309} INFO - Executing <Task(BashOperator): taskG> on 2023-10-15 15:48:06.393443+00:00
[2023-10-15T16:51:03.823+0100] {standard_task_runner.py:55} INFO - Started process 45385 to run task
[2023-10-15T16:51:03.826+0100] {standard_task_runner.py:82} INFO - Running: ['airflow', 'tasks', 'run', 'execute', 'taskG', 'manual__2023-10-15T15:48:06.393443+00:00', '--job-id', '32', '--raw', '--subdir', 'DAGS_FOLDER/__pycache__/execute.py', '--cfg-path', '/var/folders/_3/bj8r7kz51nz4g7hl_dpr6jdw0000gn/T/tmpdc34ty11']
[2023-10-15T16:51:03.828+0100] {standard_task_runner.py:83} INFO - Job 32: Subtask taskG
[2023-10-15T16:51:03.847+0100] {task_command.py:389} INFO - Running <TaskInstance: execute.taskG manual__2023-10-15T15:48:06.393443+00:00 [running]> on host 192.168.1.112
[2023-10-15T16:51:03.866+0100] {taskinstance.py:1516} INFO - Exporting the following env vars:
AIRFLOW_CTX_DAG_OWNER=workflow
AIRFLOW_CTX_DAG_ID=execute
AIRFLOW_CTX_TASK_ID=taskG
AIRFLOW_CTX_EXECUTION_DATE=2023-10-15T15:48:06.393443+00:00
AIRFLOW_CTX_TRY_NUMBER=1
AIRFLOW_CTX_DAG_RUN_ID=manual__2023-10-15T15:48:06.393443+00:00
[2023-10-15T16:51:03.866+0100] {subprocess.py:63} INFO - Tmp dir root location: 
 /var/folders/_3/bj8r7kz51nz4g7hl_dpr6jdw0000gn/T
[2023-10-15T16:51:03.867+0100] {subprocess.py:75} INFO - Running command: ['/bin/bash', '-c', 'echo TASK G has been completed!']
[2023-10-15T16:51:03.872+0100] {subprocess.py:86} INFO - Output:
[2023-10-15T16:51:03.873+0100] {subprocess.py:93} INFO - TASK G has been completed!
[2023-10-15T16:51:03.873+0100] {subprocess.py:97} INFO - Command exited with return code 0
[2023-10-15T16:51:03.879+0100] {taskinstance.py:1327} INFO - Marking task as SUCCESS. dag_id=execute, task_id=taskG, execution_date=20231015T154806, start_date=20231015T155103, end_date=20231015T155103
[2023-10-15T16:51:03.887+0100] {local_task_job.py:212} INFO - Task exited with return code 0
[2023-10-15T16:51:03.892+0100] {taskinstance.py:2596} INFO - 0 downstream tasks scheduled from follow-on schedule check
