[2023-10-15T17:59:51.129+0100] {taskinstance.py:1090} INFO - Dependencies all met for dep_context=non-requeueable deps ti=<TaskInstance: execute_python.taskD manual__2023-10-15T16:59:41.555973+00:00 [queued]>
[2023-10-15T17:59:51.133+0100] {taskinstance.py:1090} INFO - Dependencies all met for dep_context=requeueable deps ti=<TaskInstance: execute_python.taskD manual__2023-10-15T16:59:41.555973+00:00 [queued]>
[2023-10-15T17:59:51.133+0100] {taskinstance.py:1288} INFO - 
--------------------------------------------------------------------------------
[2023-10-15T17:59:51.133+0100] {taskinstance.py:1289} INFO - Starting attempt 1 of 1
[2023-10-15T17:59:51.133+0100] {taskinstance.py:1290} INFO - 
--------------------------------------------------------------------------------
[2023-10-15T17:59:51.137+0100] {taskinstance.py:1309} INFO - Executing <Task(PythonOperator): taskD> on 2023-10-15 16:59:41.555973+00:00
[2023-10-15T17:59:51.138+0100] {standard_task_runner.py:55} INFO - Started process 55561 to run task
[2023-10-15T17:59:51.140+0100] {standard_task_runner.py:82} INFO - Running: ['airflow', 'tasks', 'run', 'execute_python', 'taskD', 'manual__2023-10-15T16:59:41.555973+00:00', '--job-id', '41', '--raw', '--subdir', 'DAGS_FOLDER/execute_py.py', '--cfg-path', '/var/folders/_3/bj8r7kz51nz4g7hl_dpr6jdw0000gn/T/tmpzuf7pj_p']
[2023-10-15T17:59:51.141+0100] {standard_task_runner.py:83} INFO - Job 41: Subtask taskD
[2023-10-15T17:59:51.158+0100] {task_command.py:389} INFO - Running <TaskInstance: execute_python.taskD manual__2023-10-15T16:59:41.555973+00:00 [running]> on host 192.168.1.112
[2023-10-15T17:59:51.172+0100] {taskinstance.py:1516} INFO - Exporting the following env vars:
AIRFLOW_CTX_DAG_OWNER=workflow
AIRFLOW_CTX_DAG_ID=execute_python
AIRFLOW_CTX_TASK_ID=taskD
AIRFLOW_CTX_EXECUTION_DATE=2023-10-15T16:59:41.555973+00:00
AIRFLOW_CTX_TRY_NUMBER=1
AIRFLOW_CTX_DAG_RUN_ID=manual__2023-10-15T16:59:41.555973+00:00
[2023-10-15T17:59:51.172+0100] {logging_mixin.py:137} INFO - task D executed
[2023-10-15T17:59:51.172+0100] {python.py:177} INFO - Done. Returned value was: None
[2023-10-15T17:59:51.174+0100] {taskinstance.py:1327} INFO - Marking task as SUCCESS. dag_id=execute_python, task_id=taskD, execution_date=20231015T165941, start_date=20231015T165951, end_date=20231015T165951
[2023-10-15T17:59:51.197+0100] {local_task_job.py:212} INFO - Task exited with return code 0
[2023-10-15T17:59:51.203+0100] {taskinstance.py:2596} INFO - 0 downstream tasks scheduled from follow-on schedule check
