[2023-10-19T15:05:42.683+0100] {processor.py:157} INFO - Started process (PID=68631) to work on /Users/b/airflow/dags/inter_op_taskflow.py
[2023-10-19T15:05:42.685+0100] {processor.py:829} INFO - Processing file /Users/b/airflow/dags/inter_op_taskflow.py for tasks to queue
[2023-10-19T15:05:42.685+0100] {logging_mixin.py:151} INFO - [2023-10-19T15:05:42.685+0100] {dagbag.py:536} INFO - Filling up the DagBag from /Users/b/airflow/dags/inter_op_taskflow.py
[2023-10-19T15:05:42.686+0100] {logging_mixin.py:151} INFO - [2023-10-19T15:05:42.685+0100] {dagbag.py:346} ERROR - Failed to import: /Users/b/airflow/dags/inter_op_taskflow.py
Traceback (most recent call last):
  File "/Users/b/airflow/venv/lib/python3.11/site-packages/airflow/models/dagbag.py", line 342, in parse
    loader.exec_module(new_module)
  File "<frozen importlib._bootstrap_external>", line 936, in exec_module
  File "<frozen importlib._bootstrap_external>", line 1074, in get_code
  File "<frozen importlib._bootstrap_external>", line 1004, in source_to_code
  File "<frozen importlib._bootstrap>", line 241, in _call_with_frames_removed
  File "/Users/b/airflow/dags/inter_op_taskflow.py", line 26
    )
SyntaxError: invalid syntax
[2023-10-19T15:05:42.686+0100] {processor.py:841} WARNING - No viable dags retrieved from /Users/b/airflow/dags/inter_op_taskflow.py
[2023-10-19T15:05:42.734+0100] {processor.py:179} INFO - Processing /Users/b/airflow/dags/inter_op_taskflow.py took 0.051 seconds
[2023-10-19T15:05:53.267+0100] {processor.py:157} INFO - Started process (PID=68670) to work on /Users/b/airflow/dags/inter_op_taskflow.py
[2023-10-19T15:05:53.268+0100] {processor.py:829} INFO - Processing file /Users/b/airflow/dags/inter_op_taskflow.py for tasks to queue
[2023-10-19T15:05:53.268+0100] {logging_mixin.py:151} INFO - [2023-10-19T15:05:53.268+0100] {dagbag.py:536} INFO - Filling up the DagBag from /Users/b/airflow/dags/inter_op_taskflow.py
[2023-10-19T15:05:53.269+0100] {logging_mixin.py:151} INFO - [2023-10-19T15:05:53.269+0100] {dagbag.py:346} ERROR - Failed to import: /Users/b/airflow/dags/inter_op_taskflow.py
Traceback (most recent call last):
  File "/Users/b/airflow/venv/lib/python3.11/site-packages/airflow/models/dagbag.py", line 342, in parse
    loader.exec_module(new_module)
  File "<frozen importlib._bootstrap_external>", line 936, in exec_module
  File "<frozen importlib._bootstrap_external>", line 1074, in get_code
  File "<frozen importlib._bootstrap_external>", line 1004, in source_to_code
  File "<frozen importlib._bootstrap>", line 241, in _call_with_frames_removed
  File "/Users/b/airflow/dags/inter_op_taskflow.py", line 26
    )
SyntaxError: invalid syntax
[2023-10-19T15:05:53.269+0100] {processor.py:841} WARNING - No viable dags retrieved from /Users/b/airflow/dags/inter_op_taskflow.py
[2023-10-19T15:05:53.317+0100] {processor.py:179} INFO - Processing /Users/b/airflow/dags/inter_op_taskflow.py took 0.050 seconds
[2023-10-19T15:05:57.304+0100] {processor.py:157} INFO - Started process (PID=68687) to work on /Users/b/airflow/dags/inter_op_taskflow.py
[2023-10-19T15:05:57.306+0100] {processor.py:829} INFO - Processing file /Users/b/airflow/dags/inter_op_taskflow.py for tasks to queue
[2023-10-19T15:05:57.306+0100] {logging_mixin.py:151} INFO - [2023-10-19T15:05:57.306+0100] {dagbag.py:536} INFO - Filling up the DagBag from /Users/b/airflow/dags/inter_op_taskflow.py
[2023-10-19T15:05:57.307+0100] {logging_mixin.py:151} INFO - [2023-10-19T15:05:57.306+0100] {dagbag.py:346} ERROR - Failed to import: /Users/b/airflow/dags/inter_op_taskflow.py
Traceback (most recent call last):
  File "/Users/b/airflow/venv/lib/python3.11/site-packages/airflow/models/dagbag.py", line 342, in parse
    loader.exec_module(new_module)
  File "<frozen importlib._bootstrap_external>", line 936, in exec_module
  File "<frozen importlib._bootstrap_external>", line 1074, in get_code
  File "<frozen importlib._bootstrap_external>", line 1004, in source_to_code
  File "<frozen importlib._bootstrap>", line 241, in _call_with_frames_removed
  File "/Users/b/airflow/dags/inter_op_taskflow.py", line 26
    )
SyntaxError: invalid syntax
[2023-10-19T15:05:57.307+0100] {processor.py:841} WARNING - No viable dags retrieved from /Users/b/airflow/dags/inter_op_taskflow.py
[2023-10-19T15:05:57.353+0100] {processor.py:179} INFO - Processing /Users/b/airflow/dags/inter_op_taskflow.py took 0.049 seconds
[2023-10-19T15:06:01.309+0100] {processor.py:157} INFO - Started process (PID=68696) to work on /Users/b/airflow/dags/inter_op_taskflow.py
[2023-10-19T15:06:01.312+0100] {processor.py:829} INFO - Processing file /Users/b/airflow/dags/inter_op_taskflow.py for tasks to queue
[2023-10-19T15:06:01.312+0100] {logging_mixin.py:151} INFO - [2023-10-19T15:06:01.312+0100] {dagbag.py:536} INFO - Filling up the DagBag from /Users/b/airflow/dags/inter_op_taskflow.py
[2023-10-19T15:06:01.313+0100] {logging_mixin.py:151} INFO - [2023-10-19T15:06:01.313+0100] {dagbag.py:346} ERROR - Failed to import: /Users/b/airflow/dags/inter_op_taskflow.py
Traceback (most recent call last):
  File "/Users/b/airflow/venv/lib/python3.11/site-packages/airflow/models/dagbag.py", line 342, in parse
    loader.exec_module(new_module)
  File "<frozen importlib._bootstrap_external>", line 936, in exec_module
  File "<frozen importlib._bootstrap_external>", line 1074, in get_code
  File "<frozen importlib._bootstrap_external>", line 1004, in source_to_code
  File "<frozen importlib._bootstrap>", line 241, in _call_with_frames_removed
  File "/Users/b/airflow/dags/inter_op_taskflow.py", line 27
    def inter
             ^
SyntaxError: expected '('
[2023-10-19T15:06:01.313+0100] {processor.py:841} WARNING - No viable dags retrieved from /Users/b/airflow/dags/inter_op_taskflow.py
[2023-10-19T15:06:01.359+0100] {processor.py:179} INFO - Processing /Users/b/airflow/dags/inter_op_taskflow.py took 0.050 seconds
[2023-10-19T15:06:04.883+0100] {processor.py:157} INFO - Started process (PID=68711) to work on /Users/b/airflow/dags/inter_op_taskflow.py
[2023-10-19T15:06:04.885+0100] {processor.py:829} INFO - Processing file /Users/b/airflow/dags/inter_op_taskflow.py for tasks to queue
[2023-10-19T15:06:04.885+0100] {logging_mixin.py:151} INFO - [2023-10-19T15:06:04.885+0100] {dagbag.py:536} INFO - Filling up the DagBag from /Users/b/airflow/dags/inter_op_taskflow.py
[2023-10-19T15:06:04.886+0100] {logging_mixin.py:151} INFO - [2023-10-19T15:06:04.885+0100] {dagbag.py:346} ERROR - Failed to import: /Users/b/airflow/dags/inter_op_taskflow.py
Traceback (most recent call last):
  File "/Users/b/airflow/venv/lib/python3.11/site-packages/airflow/models/dagbag.py", line 342, in parse
    loader.exec_module(new_module)
  File "<frozen importlib._bootstrap_external>", line 936, in exec_module
  File "<frozen importlib._bootstrap_external>", line 1074, in get_code
  File "<frozen importlib._bootstrap_external>", line 1004, in source_to_code
  File "<frozen importlib._bootstrap>", line 241, in _call_with_frames_removed
  File "/Users/b/airflow/dags/inter_op_taskflow.py", line 27
    def inter_op_
                 ^
SyntaxError: expected '('
[2023-10-19T15:06:04.886+0100] {processor.py:841} WARNING - No viable dags retrieved from /Users/b/airflow/dags/inter_op_taskflow.py
[2023-10-19T15:06:04.933+0100] {processor.py:179} INFO - Processing /Users/b/airflow/dags/inter_op_taskflow.py took 0.050 seconds
[2023-10-19T15:06:08.450+0100] {processor.py:157} INFO - Started process (PID=68722) to work on /Users/b/airflow/dags/inter_op_taskflow.py
[2023-10-19T15:06:08.451+0100] {processor.py:829} INFO - Processing file /Users/b/airflow/dags/inter_op_taskflow.py for tasks to queue
[2023-10-19T15:06:08.451+0100] {logging_mixin.py:151} INFO - [2023-10-19T15:06:08.451+0100] {dagbag.py:536} INFO - Filling up the DagBag from /Users/b/airflow/dags/inter_op_taskflow.py
[2023-10-19T15:06:08.452+0100] {logging_mixin.py:151} INFO - [2023-10-19T15:06:08.452+0100] {dagbag.py:346} ERROR - Failed to import: /Users/b/airflow/dags/inter_op_taskflow.py
Traceback (most recent call last):
  File "/Users/b/airflow/venv/lib/python3.11/site-packages/airflow/models/dagbag.py", line 342, in parse
    loader.exec_module(new_module)
  File "<frozen importlib._bootstrap_external>", line 936, in exec_module
  File "<frozen importlib._bootstrap_external>", line 1074, in get_code
  File "<frozen importlib._bootstrap_external>", line 1004, in source_to_code
  File "<frozen importlib._bootstrap>", line 241, in _call_with_frames_removed
  File "/Users/b/airflow/dags/inter_op_taskflow.py", line 27
    def inter_op_taskflow
                         ^
SyntaxError: expected '('
[2023-10-19T15:06:08.452+0100] {processor.py:841} WARNING - No viable dags retrieved from /Users/b/airflow/dags/inter_op_taskflow.py
[2023-10-19T15:06:08.499+0100] {processor.py:179} INFO - Processing /Users/b/airflow/dags/inter_op_taskflow.py took 0.049 seconds
[2023-10-19T15:06:13.686+0100] {processor.py:157} INFO - Started process (PID=68748) to work on /Users/b/airflow/dags/inter_op_taskflow.py
[2023-10-19T15:06:13.688+0100] {processor.py:829} INFO - Processing file /Users/b/airflow/dags/inter_op_taskflow.py for tasks to queue
[2023-10-19T15:06:13.688+0100] {logging_mixin.py:151} INFO - [2023-10-19T15:06:13.688+0100] {dagbag.py:536} INFO - Filling up the DagBag from /Users/b/airflow/dags/inter_op_taskflow.py
[2023-10-19T15:06:13.689+0100] {logging_mixin.py:151} INFO - [2023-10-19T15:06:13.689+0100] {dagbag.py:346} ERROR - Failed to import: /Users/b/airflow/dags/inter_op_taskflow.py
Traceback (most recent call last):
  File "/Users/b/airflow/venv/lib/python3.11/site-packages/airflow/models/dagbag.py", line 342, in parse
    loader.exec_module(new_module)
  File "<frozen importlib._bootstrap_external>", line 936, in exec_module
  File "<frozen importlib._bootstrap_external>", line 1074, in get_code
  File "<frozen importlib._bootstrap_external>", line 1004, in source_to_code
  File "<frozen importlib._bootstrap>", line 241, in _call_with_frames_removed
  File "/Users/b/airflow/dags/inter_op_taskflow.py", line 27
    def inter_op_taskflow()
                           ^
SyntaxError: expected ':'
[2023-10-19T15:06:13.689+0100] {processor.py:841} WARNING - No viable dags retrieved from /Users/b/airflow/dags/inter_op_taskflow.py
[2023-10-19T15:06:13.733+0100] {processor.py:179} INFO - Processing /Users/b/airflow/dags/inter_op_taskflow.py took 0.047 seconds
[2023-10-19T15:06:17.647+0100] {processor.py:157} INFO - Started process (PID=68757) to work on /Users/b/airflow/dags/inter_op_taskflow.py
[2023-10-19T15:06:17.648+0100] {processor.py:829} INFO - Processing file /Users/b/airflow/dags/inter_op_taskflow.py for tasks to queue
[2023-10-19T15:06:17.648+0100] {logging_mixin.py:151} INFO - [2023-10-19T15:06:17.648+0100] {dagbag.py:536} INFO - Filling up the DagBag from /Users/b/airflow/dags/inter_op_taskflow.py
[2023-10-19T15:06:17.649+0100] {logging_mixin.py:151} INFO - [2023-10-19T15:06:17.649+0100] {dagbag.py:346} ERROR - Failed to import: /Users/b/airflow/dags/inter_op_taskflow.py
Traceback (most recent call last):
  File "/Users/b/airflow/venv/lib/python3.11/site-packages/airflow/models/dagbag.py", line 342, in parse
    loader.exec_module(new_module)
  File "<frozen importlib._bootstrap_external>", line 936, in exec_module
  File "<frozen importlib._bootstrap_external>", line 1074, in get_code
  File "<frozen importlib._bootstrap_external>", line 1004, in source_to_code
  File "<frozen importlib._bootstrap>", line 241, in _call_with_frames_removed
  File "/Users/b/airflow/dags/inter_op_taskflow.py", line 27
    def inter_op_taskflow()
                           ^
SyntaxError: expected ':'
[2023-10-19T15:06:17.649+0100] {processor.py:841} WARNING - No viable dags retrieved from /Users/b/airflow/dags/inter_op_taskflow.py
[2023-10-19T15:06:17.694+0100] {processor.py:179} INFO - Processing /Users/b/airflow/dags/inter_op_taskflow.py took 0.047 seconds
[2023-10-19T15:06:23.255+0100] {processor.py:157} INFO - Started process (PID=68782) to work on /Users/b/airflow/dags/inter_op_taskflow.py
[2023-10-19T15:06:23.257+0100] {processor.py:829} INFO - Processing file /Users/b/airflow/dags/inter_op_taskflow.py for tasks to queue
[2023-10-19T15:06:23.257+0100] {logging_mixin.py:151} INFO - [2023-10-19T15:06:23.257+0100] {dagbag.py:536} INFO - Filling up the DagBag from /Users/b/airflow/dags/inter_op_taskflow.py
[2023-10-19T15:06:23.258+0100] {logging_mixin.py:151} INFO - [2023-10-19T15:06:23.257+0100] {dagbag.py:346} ERROR - Failed to import: /Users/b/airflow/dags/inter_op_taskflow.py
Traceback (most recent call last):
  File "/Users/b/airflow/venv/lib/python3.11/site-packages/airflow/models/dagbag.py", line 342, in parse
    loader.exec_module(new_module)
  File "<frozen importlib._bootstrap_external>", line 936, in exec_module
  File "<frozen importlib._bootstrap_external>", line 1074, in get_code
  File "<frozen importlib._bootstrap_external>", line 1004, in source_to_code
  File "<frozen importlib._bootstrap>", line 241, in _call_with_frames_removed
  File "/Users/b/airflow/dags/inter_op_taskflow.py", line 31
    def
       ^
SyntaxError: invalid syntax
[2023-10-19T15:06:23.258+0100] {processor.py:841} WARNING - No viable dags retrieved from /Users/b/airflow/dags/inter_op_taskflow.py
[2023-10-19T15:06:23.306+0100] {processor.py:179} INFO - Processing /Users/b/airflow/dags/inter_op_taskflow.py took 0.051 seconds
[2023-10-19T15:06:29.157+0100] {processor.py:157} INFO - Started process (PID=68811) to work on /Users/b/airflow/dags/inter_op_taskflow.py
[2023-10-19T15:06:29.158+0100] {processor.py:829} INFO - Processing file /Users/b/airflow/dags/inter_op_taskflow.py for tasks to queue
[2023-10-19T15:06:29.159+0100] {logging_mixin.py:151} INFO - [2023-10-19T15:06:29.159+0100] {dagbag.py:536} INFO - Filling up the DagBag from /Users/b/airflow/dags/inter_op_taskflow.py
[2023-10-19T15:06:29.377+0100] {processor.py:841} WARNING - No viable dags retrieved from /Users/b/airflow/dags/inter_op_taskflow.py
[2023-10-19T15:06:29.425+0100] {processor.py:179} INFO - Processing /Users/b/airflow/dags/inter_op_taskflow.py took 0.268 seconds
[2023-10-19T15:06:32.563+0100] {processor.py:157} INFO - Started process (PID=68825) to work on /Users/b/airflow/dags/inter_op_taskflow.py
[2023-10-19T15:06:32.564+0100] {processor.py:829} INFO - Processing file /Users/b/airflow/dags/inter_op_taskflow.py for tasks to queue
[2023-10-19T15:06:32.565+0100] {logging_mixin.py:151} INFO - [2023-10-19T15:06:32.565+0100] {dagbag.py:536} INFO - Filling up the DagBag from /Users/b/airflow/dags/inter_op_taskflow.py
[2023-10-19T15:06:32.786+0100] {processor.py:841} WARNING - No viable dags retrieved from /Users/b/airflow/dags/inter_op_taskflow.py
[2023-10-19T15:06:32.837+0100] {processor.py:179} INFO - Processing /Users/b/airflow/dags/inter_op_taskflow.py took 0.274 seconds
[2023-10-19T15:06:37.772+0100] {processor.py:157} INFO - Started process (PID=68850) to work on /Users/b/airflow/dags/inter_op_taskflow.py
[2023-10-19T15:06:37.776+0100] {processor.py:829} INFO - Processing file /Users/b/airflow/dags/inter_op_taskflow.py for tasks to queue
[2023-10-19T15:06:37.776+0100] {logging_mixin.py:151} INFO - [2023-10-19T15:06:37.776+0100] {dagbag.py:536} INFO - Filling up the DagBag from /Users/b/airflow/dags/inter_op_taskflow.py
[2023-10-19T15:06:37.779+0100] {logging_mixin.py:151} INFO - [2023-10-19T15:06:37.778+0100] {dagbag.py:346} ERROR - Failed to import: /Users/b/airflow/dags/inter_op_taskflow.py
Traceback (most recent call last):
  File "/Users/b/airflow/venv/lib/python3.11/site-packages/airflow/models/dagbag.py", line 342, in parse
    loader.exec_module(new_module)
  File "<frozen importlib._bootstrap_external>", line 936, in exec_module
  File "<frozen importlib._bootstrap_external>", line 1074, in get_code
  File "<frozen importlib._bootstrap_external>", line 1004, in source_to_code
  File "<frozen importlib._bootstrap>", line 241, in _call_with_frames_removed
  File "/Users/b/airflow/dags/inter_op_taskflow.py", line 40
    
    ^
IndentationError: unexpected unindent
[2023-10-19T15:06:37.779+0100] {processor.py:841} WARNING - No viable dags retrieved from /Users/b/airflow/dags/inter_op_taskflow.py
[2023-10-19T15:06:37.835+0100] {processor.py:179} INFO - Processing /Users/b/airflow/dags/inter_op_taskflow.py took 0.063 seconds
[2023-10-19T15:06:44.388+0100] {processor.py:157} INFO - Started process (PID=68873) to work on /Users/b/airflow/dags/inter_op_taskflow.py
[2023-10-19T15:06:44.390+0100] {processor.py:829} INFO - Processing file /Users/b/airflow/dags/inter_op_taskflow.py for tasks to queue
[2023-10-19T15:06:44.390+0100] {logging_mixin.py:151} INFO - [2023-10-19T15:06:44.390+0100] {dagbag.py:536} INFO - Filling up the DagBag from /Users/b/airflow/dags/inter_op_taskflow.py
[2023-10-19T15:06:44.391+0100] {logging_mixin.py:151} INFO - [2023-10-19T15:06:44.391+0100] {dagbag.py:346} ERROR - Failed to import: /Users/b/airflow/dags/inter_op_taskflow.py
Traceback (most recent call last):
  File "/Users/b/airflow/venv/lib/python3.11/site-packages/airflow/models/dagbag.py", line 342, in parse
    loader.exec_module(new_module)
  File "<frozen importlib._bootstrap_external>", line 936, in exec_module
  File "<frozen importlib._bootstrap_external>", line 1074, in get_code
  File "<frozen importlib._bootstrap_external>", line 1004, in source_to_code
  File "<frozen importlib._bootstrap>", line 241, in _call_with_frames_removed
  File "/Users/b/airflow/dags/inter_op_taskflow.py", line 39
    def filter_
               ^
SyntaxError: expected '('
[2023-10-19T15:06:44.392+0100] {processor.py:841} WARNING - No viable dags retrieved from /Users/b/airflow/dags/inter_op_taskflow.py
[2023-10-19T15:06:44.440+0100] {processor.py:179} INFO - Processing /Users/b/airflow/dags/inter_op_taskflow.py took 0.052 seconds
[2023-10-19T15:06:48.227+0100] {processor.py:157} INFO - Started process (PID=68891) to work on /Users/b/airflow/dags/inter_op_taskflow.py
[2023-10-19T15:06:48.228+0100] {processor.py:829} INFO - Processing file /Users/b/airflow/dags/inter_op_taskflow.py for tasks to queue
[2023-10-19T15:06:48.228+0100] {logging_mixin.py:151} INFO - [2023-10-19T15:06:48.228+0100] {dagbag.py:536} INFO - Filling up the DagBag from /Users/b/airflow/dags/inter_op_taskflow.py
[2023-10-19T15:06:48.229+0100] {logging_mixin.py:151} INFO - [2023-10-19T15:06:48.229+0100] {dagbag.py:346} ERROR - Failed to import: /Users/b/airflow/dags/inter_op_taskflow.py
Traceback (most recent call last):
  File "/Users/b/airflow/venv/lib/python3.11/site-packages/airflow/models/dagbag.py", line 342, in parse
    loader.exec_module(new_module)
  File "<frozen importlib._bootstrap_external>", line 936, in exec_module
  File "<frozen importlib._bootstrap_external>", line 1074, in get_code
  File "<frozen importlib._bootstrap_external>", line 1004, in source_to_code
  File "<frozen importlib._bootstrap>", line 241, in _call_with_frames_removed
  File "/Users/b/airflow/dags/inter_op_taskflow.py", line 39
    def filter_csv
                  ^
SyntaxError: expected '('
[2023-10-19T15:06:48.229+0100] {processor.py:841} WARNING - No viable dags retrieved from /Users/b/airflow/dags/inter_op_taskflow.py
[2023-10-19T15:06:48.277+0100] {processor.py:179} INFO - Processing /Users/b/airflow/dags/inter_op_taskflow.py took 0.050 seconds
[2023-10-19T15:06:51.475+0100] {processor.py:157} INFO - Started process (PID=68902) to work on /Users/b/airflow/dags/inter_op_taskflow.py
[2023-10-19T15:06:51.476+0100] {processor.py:829} INFO - Processing file /Users/b/airflow/dags/inter_op_taskflow.py for tasks to queue
[2023-10-19T15:06:51.476+0100] {logging_mixin.py:151} INFO - [2023-10-19T15:06:51.476+0100] {dagbag.py:536} INFO - Filling up the DagBag from /Users/b/airflow/dags/inter_op_taskflow.py
[2023-10-19T15:06:51.477+0100] {logging_mixin.py:151} INFO - [2023-10-19T15:06:51.477+0100] {dagbag.py:346} ERROR - Failed to import: /Users/b/airflow/dags/inter_op_taskflow.py
Traceback (most recent call last):
  File "/Users/b/airflow/venv/lib/python3.11/site-packages/airflow/models/dagbag.py", line 342, in parse
    loader.exec_module(new_module)
  File "<frozen importlib._bootstrap_external>", line 936, in exec_module
  File "<frozen importlib._bootstrap_external>", line 1074, in get_code
  File "<frozen importlib._bootstrap_external>", line 1004, in source_to_code
  File "<frozen importlib._bootstrap>", line 241, in _call_with_frames_removed
  File "/Users/b/airflow/dags/inter_op_taskflow.py", line 39
    def filter_csv_file
                       ^
SyntaxError: expected '('
[2023-10-19T15:06:51.477+0100] {processor.py:841} WARNING - No viable dags retrieved from /Users/b/airflow/dags/inter_op_taskflow.py
[2023-10-19T15:06:51.523+0100] {processor.py:179} INFO - Processing /Users/b/airflow/dags/inter_op_taskflow.py took 0.049 seconds
[2023-10-19T15:06:55.277+0100] {processor.py:157} INFO - Started process (PID=68924) to work on /Users/b/airflow/dags/inter_op_taskflow.py
[2023-10-19T15:06:55.279+0100] {processor.py:829} INFO - Processing file /Users/b/airflow/dags/inter_op_taskflow.py for tasks to queue
[2023-10-19T15:06:55.279+0100] {logging_mixin.py:151} INFO - [2023-10-19T15:06:55.279+0100] {dagbag.py:536} INFO - Filling up the DagBag from /Users/b/airflow/dags/inter_op_taskflow.py
[2023-10-19T15:06:55.280+0100] {logging_mixin.py:151} INFO - [2023-10-19T15:06:55.280+0100] {dagbag.py:346} ERROR - Failed to import: /Users/b/airflow/dags/inter_op_taskflow.py
Traceback (most recent call last):
  File "/Users/b/airflow/venv/lib/python3.11/site-packages/airflow/models/dagbag.py", line 342, in parse
    loader.exec_module(new_module)
  File "<frozen importlib._bootstrap_external>", line 936, in exec_module
  File "<frozen importlib._bootstrap_external>", line 1074, in get_code
  File "<frozen importlib._bootstrap_external>", line 1004, in source_to_code
  File "<frozen importlib._bootstrap>", line 241, in _call_with_frames_removed
  File "/Users/b/airflow/dags/inter_op_taskflow.py", line 42
    
    ^
IndentationError: expected an indented block after function definition on line 39
[2023-10-19T15:06:55.280+0100] {processor.py:841} WARNING - No viable dags retrieved from /Users/b/airflow/dags/inter_op_taskflow.py
[2023-10-19T15:06:55.327+0100] {processor.py:179} INFO - Processing /Users/b/airflow/dags/inter_op_taskflow.py took 0.050 seconds
[2023-10-19T15:07:10.679+0100] {processor.py:157} INFO - Started process (PID=68967) to work on /Users/b/airflow/dags/inter_op_taskflow.py
[2023-10-19T15:07:10.680+0100] {processor.py:829} INFO - Processing file /Users/b/airflow/dags/inter_op_taskflow.py for tasks to queue
[2023-10-19T15:07:10.680+0100] {logging_mixin.py:151} INFO - [2023-10-19T15:07:10.680+0100] {dagbag.py:536} INFO - Filling up the DagBag from /Users/b/airflow/dags/inter_op_taskflow.py
[2023-10-19T15:07:10.682+0100] {logging_mixin.py:151} INFO - [2023-10-19T15:07:10.681+0100] {dagbag.py:346} ERROR - Failed to import: /Users/b/airflow/dags/inter_op_taskflow.py
Traceback (most recent call last):
  File "/Users/b/airflow/venv/lib/python3.11/site-packages/airflow/models/dagbag.py", line 342, in parse
    loader.exec_module(new_module)
  File "<frozen importlib._bootstrap_external>", line 936, in exec_module
  File "<frozen importlib._bootstrap_external>", line 1074, in get_code
  File "<frozen importlib._bootstrap_external>", line 1004, in source_to_code
  File "<frozen importlib._bootstrap>", line 241, in _call_with_frames_removed
  File "/Users/b/airflow/dags/inter_op_taskflow.py", line 40
    df = 
         ^
SyntaxError: invalid syntax
[2023-10-19T15:07:10.682+0100] {processor.py:841} WARNING - No viable dags retrieved from /Users/b/airflow/dags/inter_op_taskflow.py
[2023-10-19T15:07:10.726+0100] {processor.py:179} INFO - Processing /Users/b/airflow/dags/inter_op_taskflow.py took 0.048 seconds
[2023-10-19T15:07:26.916+0100] {processor.py:157} INFO - Started process (PID=69004) to work on /Users/b/airflow/dags/inter_op_taskflow.py
[2023-10-19T15:07:26.917+0100] {processor.py:829} INFO - Processing file /Users/b/airflow/dags/inter_op_taskflow.py for tasks to queue
[2023-10-19T15:07:26.918+0100] {logging_mixin.py:151} INFO - [2023-10-19T15:07:26.918+0100] {dagbag.py:536} INFO - Filling up the DagBag from /Users/b/airflow/dags/inter_op_taskflow.py
[2023-10-19T15:07:26.919+0100] {logging_mixin.py:151} INFO - [2023-10-19T15:07:26.918+0100] {dagbag.py:346} ERROR - Failed to import: /Users/b/airflow/dags/inter_op_taskflow.py
Traceback (most recent call last):
  File "/Users/b/airflow/venv/lib/python3.11/site-packages/airflow/models/dagbag.py", line 342, in parse
    loader.exec_module(new_module)
  File "<frozen importlib._bootstrap_external>", line 936, in exec_module
  File "<frozen importlib._bootstrap_external>", line 1074, in get_code
  File "<frozen importlib._bootstrap_external>", line 1004, in source_to_code
  File "<frozen importlib._bootstrap>", line 241, in _call_with_frames_removed
  File "/Users/b/airflow/dags/inter_op_taskflow.py", line 40
    df = 
         ^
SyntaxError: invalid syntax
[2023-10-19T15:07:26.919+0100] {processor.py:841} WARNING - No viable dags retrieved from /Users/b/airflow/dags/inter_op_taskflow.py
[2023-10-19T15:07:26.965+0100] {processor.py:179} INFO - Processing /Users/b/airflow/dags/inter_op_taskflow.py took 0.050 seconds
[2023-10-19T15:07:31.479+0100] {processor.py:157} INFO - Started process (PID=69021) to work on /Users/b/airflow/dags/inter_op_taskflow.py
[2023-10-19T15:07:31.480+0100] {processor.py:829} INFO - Processing file /Users/b/airflow/dags/inter_op_taskflow.py for tasks to queue
[2023-10-19T15:07:31.481+0100] {logging_mixin.py:151} INFO - [2023-10-19T15:07:31.481+0100] {dagbag.py:536} INFO - Filling up the DagBag from /Users/b/airflow/dags/inter_op_taskflow.py
[2023-10-19T15:07:31.481+0100] {logging_mixin.py:151} INFO - [2023-10-19T15:07:31.481+0100] {dagbag.py:346} ERROR - Failed to import: /Users/b/airflow/dags/inter_op_taskflow.py
Traceback (most recent call last):
  File "/Users/b/airflow/venv/lib/python3.11/site-packages/airflow/models/dagbag.py", line 342, in parse
    loader.exec_module(new_module)
  File "<frozen importlib._bootstrap_external>", line 936, in exec_module
  File "<frozen importlib._bootstrap_external>", line 1074, in get_code
  File "<frozen importlib._bootstrap_external>", line 1004, in source_to_code
  File "<frozen importlib._bootstrap>", line 241, in _call_with_frames_removed
  File "/Users/b/airflow/dags/inter_op_taskflow.py", line 40
    df = 
         ^
SyntaxError: invalid syntax
[2023-10-19T15:07:31.482+0100] {processor.py:841} WARNING - No viable dags retrieved from /Users/b/airflow/dags/inter_op_taskflow.py
[2023-10-19T15:07:31.527+0100] {processor.py:179} INFO - Processing /Users/b/airflow/dags/inter_op_taskflow.py took 0.048 seconds
[2023-10-19T15:07:34.818+0100] {processor.py:157} INFO - Started process (PID=69037) to work on /Users/b/airflow/dags/inter_op_taskflow.py
[2023-10-19T15:07:34.823+0100] {processor.py:829} INFO - Processing file /Users/b/airflow/dags/inter_op_taskflow.py for tasks to queue
[2023-10-19T15:07:34.823+0100] {logging_mixin.py:151} INFO - [2023-10-19T15:07:34.823+0100] {dagbag.py:536} INFO - Filling up the DagBag from /Users/b/airflow/dags/inter_op_taskflow.py
[2023-10-19T15:07:35.112+0100] {processor.py:841} WARNING - No viable dags retrieved from /Users/b/airflow/dags/inter_op_taskflow.py
[2023-10-19T15:07:35.157+0100] {processor.py:179} INFO - Processing /Users/b/airflow/dags/inter_op_taskflow.py took 0.340 seconds
[2023-10-19T15:07:39.424+0100] {processor.py:157} INFO - Started process (PID=69063) to work on /Users/b/airflow/dags/inter_op_taskflow.py
[2023-10-19T15:07:39.426+0100] {processor.py:829} INFO - Processing file /Users/b/airflow/dags/inter_op_taskflow.py for tasks to queue
[2023-10-19T15:07:39.426+0100] {logging_mixin.py:151} INFO - [2023-10-19T15:07:39.426+0100] {dagbag.py:536} INFO - Filling up the DagBag from /Users/b/airflow/dags/inter_op_taskflow.py
[2023-10-19T15:07:39.637+0100] {processor.py:841} WARNING - No viable dags retrieved from /Users/b/airflow/dags/inter_op_taskflow.py
[2023-10-19T15:07:39.706+0100] {processor.py:179} INFO - Processing /Users/b/airflow/dags/inter_op_taskflow.py took 0.282 seconds
[2023-10-19T15:07:44.395+0100] {processor.py:157} INFO - Started process (PID=69080) to work on /Users/b/airflow/dags/inter_op_taskflow.py
[2023-10-19T15:07:44.396+0100] {processor.py:829} INFO - Processing file /Users/b/airflow/dags/inter_op_taskflow.py for tasks to queue
[2023-10-19T15:07:44.396+0100] {logging_mixin.py:151} INFO - [2023-10-19T15:07:44.396+0100] {dagbag.py:536} INFO - Filling up the DagBag from /Users/b/airflow/dags/inter_op_taskflow.py
[2023-10-19T15:07:44.707+0100] {processor.py:841} WARNING - No viable dags retrieved from /Users/b/airflow/dags/inter_op_taskflow.py
[2023-10-19T15:07:44.748+0100] {processor.py:179} INFO - Processing /Users/b/airflow/dags/inter_op_taskflow.py took 0.353 seconds
[2023-10-19T15:07:50.347+0100] {processor.py:157} INFO - Started process (PID=69107) to work on /Users/b/airflow/dags/inter_op_taskflow.py
[2023-10-19T15:07:50.348+0100] {processor.py:829} INFO - Processing file /Users/b/airflow/dags/inter_op_taskflow.py for tasks to queue
[2023-10-19T15:07:50.349+0100] {logging_mixin.py:151} INFO - [2023-10-19T15:07:50.349+0100] {dagbag.py:536} INFO - Filling up the DagBag from /Users/b/airflow/dags/inter_op_taskflow.py
[2023-10-19T15:07:50.608+0100] {processor.py:841} WARNING - No viable dags retrieved from /Users/b/airflow/dags/inter_op_taskflow.py
[2023-10-19T15:07:50.653+0100] {processor.py:179} INFO - Processing /Users/b/airflow/dags/inter_op_taskflow.py took 0.306 seconds
[2023-10-19T15:07:57.545+0100] {processor.py:157} INFO - Started process (PID=69137) to work on /Users/b/airflow/dags/inter_op_taskflow.py
[2023-10-19T15:07:57.547+0100] {processor.py:829} INFO - Processing file /Users/b/airflow/dags/inter_op_taskflow.py for tasks to queue
[2023-10-19T15:07:57.547+0100] {logging_mixin.py:151} INFO - [2023-10-19T15:07:57.547+0100] {dagbag.py:536} INFO - Filling up the DagBag from /Users/b/airflow/dags/inter_op_taskflow.py
[2023-10-19T15:07:57.751+0100] {processor.py:841} WARNING - No viable dags retrieved from /Users/b/airflow/dags/inter_op_taskflow.py
[2023-10-19T15:07:57.817+0100] {processor.py:179} INFO - Processing /Users/b/airflow/dags/inter_op_taskflow.py took 0.272 seconds
[2023-10-19T15:08:04.305+0100] {processor.py:157} INFO - Started process (PID=69154) to work on /Users/b/airflow/dags/inter_op_taskflow.py
[2023-10-19T15:08:04.307+0100] {processor.py:829} INFO - Processing file /Users/b/airflow/dags/inter_op_taskflow.py for tasks to queue
[2023-10-19T15:08:04.307+0100] {logging_mixin.py:151} INFO - [2023-10-19T15:08:04.307+0100] {dagbag.py:536} INFO - Filling up the DagBag from /Users/b/airflow/dags/inter_op_taskflow.py
[2023-10-19T15:08:04.529+0100] {processor.py:841} WARNING - No viable dags retrieved from /Users/b/airflow/dags/inter_op_taskflow.py
[2023-10-19T15:08:04.581+0100] {processor.py:179} INFO - Processing /Users/b/airflow/dags/inter_op_taskflow.py took 0.277 seconds
[2023-10-19T15:08:12.247+0100] {processor.py:157} INFO - Started process (PID=69180) to work on /Users/b/airflow/dags/inter_op_taskflow.py
[2023-10-19T15:08:12.249+0100] {processor.py:829} INFO - Processing file /Users/b/airflow/dags/inter_op_taskflow.py for tasks to queue
[2023-10-19T15:08:12.249+0100] {logging_mixin.py:151} INFO - [2023-10-19T15:08:12.249+0100] {dagbag.py:536} INFO - Filling up the DagBag from /Users/b/airflow/dags/inter_op_taskflow.py
[2023-10-19T15:08:12.465+0100] {processor.py:841} WARNING - No viable dags retrieved from /Users/b/airflow/dags/inter_op_taskflow.py
[2023-10-19T15:08:12.523+0100] {processor.py:179} INFO - Processing /Users/b/airflow/dags/inter_op_taskflow.py took 0.277 seconds
[2023-10-19T15:08:15.749+0100] {processor.py:157} INFO - Started process (PID=69194) to work on /Users/b/airflow/dags/inter_op_taskflow.py
[2023-10-19T15:08:15.751+0100] {processor.py:829} INFO - Processing file /Users/b/airflow/dags/inter_op_taskflow.py for tasks to queue
[2023-10-19T15:08:15.751+0100] {logging_mixin.py:151} INFO - [2023-10-19T15:08:15.751+0100] {dagbag.py:536} INFO - Filling up the DagBag from /Users/b/airflow/dags/inter_op_taskflow.py
[2023-10-19T15:08:15.978+0100] {processor.py:841} WARNING - No viable dags retrieved from /Users/b/airflow/dags/inter_op_taskflow.py
[2023-10-19T15:08:16.033+0100] {processor.py:179} INFO - Processing /Users/b/airflow/dags/inter_op_taskflow.py took 0.284 seconds
[2023-10-19T15:08:46.774+0100] {processor.py:157} INFO - Started process (PID=69243) to work on /Users/b/airflow/dags/inter_op_taskflow.py
[2023-10-19T15:08:46.776+0100] {processor.py:829} INFO - Processing file /Users/b/airflow/dags/inter_op_taskflow.py for tasks to queue
[2023-10-19T15:08:46.777+0100] {logging_mixin.py:151} INFO - [2023-10-19T15:08:46.777+0100] {dagbag.py:536} INFO - Filling up the DagBag from /Users/b/airflow/dags/inter_op_taskflow.py
[2023-10-19T15:08:47.026+0100] {processor.py:841} WARNING - No viable dags retrieved from /Users/b/airflow/dags/inter_op_taskflow.py
[2023-10-19T15:08:47.080+0100] {processor.py:179} INFO - Processing /Users/b/airflow/dags/inter_op_taskflow.py took 0.306 seconds
[2023-10-19T15:08:51.625+0100] {processor.py:157} INFO - Started process (PID=69254) to work on /Users/b/airflow/dags/inter_op_taskflow.py
[2023-10-19T15:08:51.627+0100] {processor.py:829} INFO - Processing file /Users/b/airflow/dags/inter_op_taskflow.py for tasks to queue
[2023-10-19T15:08:51.627+0100] {logging_mixin.py:151} INFO - [2023-10-19T15:08:51.627+0100] {dagbag.py:536} INFO - Filling up the DagBag from /Users/b/airflow/dags/inter_op_taskflow.py
[2023-10-19T15:08:51.903+0100] {processor.py:841} WARNING - No viable dags retrieved from /Users/b/airflow/dags/inter_op_taskflow.py
[2023-10-19T15:08:51.945+0100] {processor.py:179} INFO - Processing /Users/b/airflow/dags/inter_op_taskflow.py took 0.320 seconds
[2023-10-19T15:08:59.319+0100] {processor.py:157} INFO - Started process (PID=69292) to work on /Users/b/airflow/dags/inter_op_taskflow.py
[2023-10-19T15:08:59.321+0100] {processor.py:829} INFO - Processing file /Users/b/airflow/dags/inter_op_taskflow.py for tasks to queue
[2023-10-19T15:08:59.321+0100] {logging_mixin.py:151} INFO - [2023-10-19T15:08:59.321+0100] {dagbag.py:536} INFO - Filling up the DagBag from /Users/b/airflow/dags/inter_op_taskflow.py
[2023-10-19T15:08:59.326+0100] {logging_mixin.py:151} INFO - [2023-10-19T15:08:59.324+0100] {dagbag.py:346} ERROR - Failed to import: /Users/b/airflow/dags/inter_op_taskflow.py
Traceback (most recent call last):
  File "/Users/b/airflow/venv/lib/python3.11/site-packages/airflow/models/dagbag.py", line 342, in parse
    loader.exec_module(new_module)
  File "<frozen importlib._bootstrap_external>", line 936, in exec_module
  File "<frozen importlib._bootstrap_external>", line 1074, in get_code
  File "<frozen importlib._bootstrap_external>", line 1004, in source_to_code
  File "<frozen importlib._bootstrap>", line 241, in _call_with_frames_removed
  File "/Users/b/airflow/dags/inter_op_taskflow.py", line 47
    def write
             ^
SyntaxError: expected '('
[2023-10-19T15:08:59.326+0100] {processor.py:841} WARNING - No viable dags retrieved from /Users/b/airflow/dags/inter_op_taskflow.py
[2023-10-19T15:08:59.375+0100] {processor.py:179} INFO - Processing /Users/b/airflow/dags/inter_op_taskflow.py took 0.056 seconds
[2023-10-19T15:09:07.565+0100] {processor.py:157} INFO - Started process (PID=69315) to work on /Users/b/airflow/dags/inter_op_taskflow.py
[2023-10-19T15:09:07.567+0100] {processor.py:829} INFO - Processing file /Users/b/airflow/dags/inter_op_taskflow.py for tasks to queue
[2023-10-19T15:09:07.568+0100] {logging_mixin.py:151} INFO - [2023-10-19T15:09:07.568+0100] {dagbag.py:536} INFO - Filling up the DagBag from /Users/b/airflow/dags/inter_op_taskflow.py
[2023-10-19T15:09:07.569+0100] {logging_mixin.py:151} INFO - [2023-10-19T15:09:07.568+0100] {dagbag.py:346} ERROR - Failed to import: /Users/b/airflow/dags/inter_op_taskflow.py
Traceback (most recent call last):
  File "/Users/b/airflow/venv/lib/python3.11/site-packages/airflow/models/dagbag.py", line 342, in parse
    loader.exec_module(new_module)
  File "<frozen importlib._bootstrap_external>", line 936, in exec_module
  File "<frozen importlib._bootstrap_external>", line 1074, in get_code
  File "<frozen importlib._bootstrap_external>", line 1004, in source_to_code
  File "<frozen importlib._bootstrap>", line 241, in _call_with_frames_removed
  File "/Users/b/airflow/dags/inter_op_taskflow.py", line 47
    def write_csv_res
                     ^
SyntaxError: expected '('
[2023-10-19T15:09:07.569+0100] {processor.py:841} WARNING - No viable dags retrieved from /Users/b/airflow/dags/inter_op_taskflow.py
[2023-10-19T15:09:07.625+0100] {processor.py:179} INFO - Processing /Users/b/airflow/dags/inter_op_taskflow.py took 0.060 seconds
[2023-10-19T15:09:16.910+0100] {processor.py:157} INFO - Started process (PID=69357) to work on /Users/b/airflow/dags/inter_op_taskflow.py
[2023-10-19T15:09:16.913+0100] {processor.py:829} INFO - Processing file /Users/b/airflow/dags/inter_op_taskflow.py for tasks to queue
[2023-10-19T15:09:16.913+0100] {logging_mixin.py:151} INFO - [2023-10-19T15:09:16.913+0100] {dagbag.py:536} INFO - Filling up the DagBag from /Users/b/airflow/dags/inter_op_taskflow.py
[2023-10-19T15:09:16.917+0100] {logging_mixin.py:151} INFO - [2023-10-19T15:09:16.916+0100] {dagbag.py:346} ERROR - Failed to import: /Users/b/airflow/dags/inter_op_taskflow.py
Traceback (most recent call last):
  File "/Users/b/airflow/venv/lib/python3.11/site-packages/airflow/models/dagbag.py", line 342, in parse
    loader.exec_module(new_module)
  File "<frozen importlib._bootstrap_external>", line 936, in exec_module
  File "<frozen importlib._bootstrap_external>", line 1074, in get_code
  File "<frozen importlib._bootstrap_external>", line 1004, in source_to_code
  File "<frozen importlib._bootstrap>", line 241, in _call_with_frames_removed
  File "/Users/b/airflow/dags/inter_op_taskflow.py", line 47
    def write_csv_result
                        ^
SyntaxError: expected '('
[2023-10-19T15:09:16.917+0100] {processor.py:841} WARNING - No viable dags retrieved from /Users/b/airflow/dags/inter_op_taskflow.py
[2023-10-19T15:09:16.963+0100] {processor.py:179} INFO - Processing /Users/b/airflow/dags/inter_op_taskflow.py took 0.053 seconds
[2023-10-19T15:09:27.299+0100] {processor.py:157} INFO - Started process (PID=69386) to work on /Users/b/airflow/dags/inter_op_taskflow.py
[2023-10-19T15:09:27.301+0100] {processor.py:829} INFO - Processing file /Users/b/airflow/dags/inter_op_taskflow.py for tasks to queue
[2023-10-19T15:09:27.301+0100] {logging_mixin.py:151} INFO - [2023-10-19T15:09:27.301+0100] {dagbag.py:536} INFO - Filling up the DagBag from /Users/b/airflow/dags/inter_op_taskflow.py
[2023-10-19T15:09:27.302+0100] {logging_mixin.py:151} INFO - [2023-10-19T15:09:27.302+0100] {dagbag.py:346} ERROR - Failed to import: /Users/b/airflow/dags/inter_op_taskflow.py
Traceback (most recent call last):
  File "/Users/b/airflow/venv/lib/python3.11/site-packages/airflow/models/dagbag.py", line 342, in parse
    loader.exec_module(new_module)
  File "<frozen importlib._bootstrap_external>", line 936, in exec_module
  File "<frozen importlib._bootstrap_external>", line 1074, in get_code
  File "<frozen importlib._bootstrap_external>", line 1004, in source_to_code
  File "<frozen importlib._bootstrap>", line 241, in _call_with_frames_removed
  File "/Users/b/airflow/dags/inter_op_taskflow.py", line 47
    def write_csv_result()
                          ^
SyntaxError: expected ':'
[2023-10-19T15:09:27.302+0100] {processor.py:841} WARNING - No viable dags retrieved from /Users/b/airflow/dags/inter_op_taskflow.py
[2023-10-19T15:09:27.348+0100] {processor.py:179} INFO - Processing /Users/b/airflow/dags/inter_op_taskflow.py took 0.049 seconds
[2023-10-19T15:09:30.320+0100] {processor.py:157} INFO - Started process (PID=69399) to work on /Users/b/airflow/dags/inter_op_taskflow.py
[2023-10-19T15:09:30.321+0100] {processor.py:829} INFO - Processing file /Users/b/airflow/dags/inter_op_taskflow.py for tasks to queue
[2023-10-19T15:09:30.321+0100] {logging_mixin.py:151} INFO - [2023-10-19T15:09:30.321+0100] {dagbag.py:536} INFO - Filling up the DagBag from /Users/b/airflow/dags/inter_op_taskflow.py
[2023-10-19T15:09:30.322+0100] {logging_mixin.py:151} INFO - [2023-10-19T15:09:30.322+0100] {dagbag.py:346} ERROR - Failed to import: /Users/b/airflow/dags/inter_op_taskflow.py
Traceback (most recent call last):
  File "/Users/b/airflow/venv/lib/python3.11/site-packages/airflow/models/dagbag.py", line 342, in parse
    loader.exec_module(new_module)
  File "<frozen importlib._bootstrap_external>", line 936, in exec_module
  File "<frozen importlib._bootstrap_external>", line 1074, in get_code
  File "<frozen importlib._bootstrap_external>", line 1004, in source_to_code
  File "<frozen importlib._bootstrap>", line 241, in _call_with_frames_removed
  File "/Users/b/airflow/dags/inter_op_taskflow.py", line 47
    def write_csv_result(filtered)
                                  ^
SyntaxError: expected ':'
[2023-10-19T15:09:30.322+0100] {processor.py:841} WARNING - No viable dags retrieved from /Users/b/airflow/dags/inter_op_taskflow.py
[2023-10-19T15:09:30.370+0100] {processor.py:179} INFO - Processing /Users/b/airflow/dags/inter_op_taskflow.py took 0.051 seconds
[2023-10-19T15:09:33.614+0100] {processor.py:157} INFO - Started process (PID=69409) to work on /Users/b/airflow/dags/inter_op_taskflow.py
[2023-10-19T15:09:33.616+0100] {processor.py:829} INFO - Processing file /Users/b/airflow/dags/inter_op_taskflow.py for tasks to queue
[2023-10-19T15:09:33.616+0100] {logging_mixin.py:151} INFO - [2023-10-19T15:09:33.616+0100] {dagbag.py:536} INFO - Filling up the DagBag from /Users/b/airflow/dags/inter_op_taskflow.py
[2023-10-19T15:09:33.617+0100] {logging_mixin.py:151} INFO - [2023-10-19T15:09:33.617+0100] {dagbag.py:346} ERROR - Failed to import: /Users/b/airflow/dags/inter_op_taskflow.py
Traceback (most recent call last):
  File "/Users/b/airflow/venv/lib/python3.11/site-packages/airflow/models/dagbag.py", line 342, in parse
    loader.exec_module(new_module)
  File "<frozen importlib._bootstrap_external>", line 936, in exec_module
  File "<frozen importlib._bootstrap_external>", line 1074, in get_code
  File "<frozen importlib._bootstrap_external>", line 1004, in source_to_code
  File "<frozen importlib._bootstrap>", line 241, in _call_with_frames_removed
  File "/Users/b/airflow/dags/inter_op_taskflow.py", line 47
    def write_csv_result(filtered_tes)
                                      ^
SyntaxError: expected ':'
[2023-10-19T15:09:33.617+0100] {processor.py:841} WARNING - No viable dags retrieved from /Users/b/airflow/dags/inter_op_taskflow.py
[2023-10-19T15:09:33.662+0100] {processor.py:179} INFO - Processing /Users/b/airflow/dags/inter_op_taskflow.py took 0.048 seconds
[2023-10-19T15:09:37.651+0100] {processor.py:157} INFO - Started process (PID=69430) to work on /Users/b/airflow/dags/inter_op_taskflow.py
[2023-10-19T15:09:37.652+0100] {processor.py:829} INFO - Processing file /Users/b/airflow/dags/inter_op_taskflow.py for tasks to queue
[2023-10-19T15:09:37.652+0100] {logging_mixin.py:151} INFO - [2023-10-19T15:09:37.652+0100] {dagbag.py:536} INFO - Filling up the DagBag from /Users/b/airflow/dags/inter_op_taskflow.py
[2023-10-19T15:09:37.653+0100] {logging_mixin.py:151} INFO - [2023-10-19T15:09:37.653+0100] {dagbag.py:346} ERROR - Failed to import: /Users/b/airflow/dags/inter_op_taskflow.py
Traceback (most recent call last):
  File "/Users/b/airflow/venv/lib/python3.11/site-packages/airflow/models/dagbag.py", line 342, in parse
    loader.exec_module(new_module)
  File "<frozen importlib._bootstrap_external>", line 936, in exec_module
  File "<frozen importlib._bootstrap_external>", line 1074, in get_code
  File "<frozen importlib._bootstrap_external>", line 1004, in source_to_code
  File "<frozen importlib._bootstrap>", line 241, in _call_with_frames_removed
  File "/Users/b/airflow/dags/inter_op_taskflow.py", line 47
    def write_csv_result(filtered_teslas_json)
                                              ^
SyntaxError: expected ':'
[2023-10-19T15:09:37.653+0100] {processor.py:841} WARNING - No viable dags retrieved from /Users/b/airflow/dags/inter_op_taskflow.py
[2023-10-19T15:09:37.699+0100] {processor.py:179} INFO - Processing /Users/b/airflow/dags/inter_op_taskflow.py took 0.049 seconds
[2023-10-19T15:09:41.695+0100] {processor.py:157} INFO - Started process (PID=69442) to work on /Users/b/airflow/dags/inter_op_taskflow.py
[2023-10-19T15:09:41.697+0100] {processor.py:829} INFO - Processing file /Users/b/airflow/dags/inter_op_taskflow.py for tasks to queue
[2023-10-19T15:09:41.698+0100] {logging_mixin.py:151} INFO - [2023-10-19T15:09:41.698+0100] {dagbag.py:536} INFO - Filling up the DagBag from /Users/b/airflow/dags/inter_op_taskflow.py
[2023-10-19T15:09:41.699+0100] {logging_mixin.py:151} INFO - [2023-10-19T15:09:41.699+0100] {dagbag.py:346} ERROR - Failed to import: /Users/b/airflow/dags/inter_op_taskflow.py
Traceback (most recent call last):
  File "/Users/b/airflow/venv/lib/python3.11/site-packages/airflow/models/dagbag.py", line 342, in parse
    loader.exec_module(new_module)
  File "<frozen importlib._bootstrap_external>", line 936, in exec_module
  File "<frozen importlib._bootstrap_external>", line 1074, in get_code
  File "<frozen importlib._bootstrap_external>", line 1004, in source_to_code
  File "<frozen importlib._bootstrap>", line 241, in _call_with_frames_removed
  File "/Users/b/airflow/dags/inter_op_taskflow.py", line 50
    
    ^
IndentationError: expected an indented block after function definition on line 47
[2023-10-19T15:09:41.699+0100] {processor.py:841} WARNING - No viable dags retrieved from /Users/b/airflow/dags/inter_op_taskflow.py
[2023-10-19T15:09:41.744+0100] {processor.py:179} INFO - Processing /Users/b/airflow/dags/inter_op_taskflow.py took 0.050 seconds
[2023-10-19T15:09:49.583+0100] {processor.py:157} INFO - Started process (PID=69475) to work on /Users/b/airflow/dags/inter_op_taskflow.py
[2023-10-19T15:09:49.586+0100] {processor.py:829} INFO - Processing file /Users/b/airflow/dags/inter_op_taskflow.py for tasks to queue
[2023-10-19T15:09:49.586+0100] {logging_mixin.py:151} INFO - [2023-10-19T15:09:49.586+0100] {dagbag.py:536} INFO - Filling up the DagBag from /Users/b/airflow/dags/inter_op_taskflow.py
[2023-10-19T15:09:49.818+0100] {processor.py:841} WARNING - No viable dags retrieved from /Users/b/airflow/dags/inter_op_taskflow.py
[2023-10-19T15:09:49.878+0100] {processor.py:179} INFO - Processing /Users/b/airflow/dags/inter_op_taskflow.py took 0.295 seconds
[2023-10-19T15:09:54.391+0100] {processor.py:157} INFO - Started process (PID=69494) to work on /Users/b/airflow/dags/inter_op_taskflow.py
[2023-10-19T15:09:54.392+0100] {processor.py:829} INFO - Processing file /Users/b/airflow/dags/inter_op_taskflow.py for tasks to queue
[2023-10-19T15:09:54.393+0100] {logging_mixin.py:151} INFO - [2023-10-19T15:09:54.393+0100] {dagbag.py:536} INFO - Filling up the DagBag from /Users/b/airflow/dags/inter_op_taskflow.py
[2023-10-19T15:09:54.619+0100] {processor.py:841} WARNING - No viable dags retrieved from /Users/b/airflow/dags/inter_op_taskflow.py
[2023-10-19T15:09:54.669+0100] {processor.py:179} INFO - Processing /Users/b/airflow/dags/inter_op_taskflow.py took 0.278 seconds
[2023-10-19T15:10:03.671+0100] {processor.py:157} INFO - Started process (PID=69510) to work on /Users/b/airflow/dags/inter_op_taskflow.py
[2023-10-19T15:10:03.673+0100] {processor.py:829} INFO - Processing file /Users/b/airflow/dags/inter_op_taskflow.py for tasks to queue
[2023-10-19T15:10:03.674+0100] {logging_mixin.py:151} INFO - [2023-10-19T15:10:03.674+0100] {dagbag.py:536} INFO - Filling up the DagBag from /Users/b/airflow/dags/inter_op_taskflow.py
[2023-10-19T15:10:03.880+0100] {processor.py:841} WARNING - No viable dags retrieved from /Users/b/airflow/dags/inter_op_taskflow.py
[2023-10-19T15:10:03.939+0100] {processor.py:179} INFO - Processing /Users/b/airflow/dags/inter_op_taskflow.py took 0.268 seconds
[2023-10-19T15:10:06.925+0100] {processor.py:157} INFO - Started process (PID=69523) to work on /Users/b/airflow/dags/inter_op_taskflow.py
[2023-10-19T15:10:06.934+0100] {processor.py:829} INFO - Processing file /Users/b/airflow/dags/inter_op_taskflow.py for tasks to queue
[2023-10-19T15:10:06.935+0100] {logging_mixin.py:151} INFO - [2023-10-19T15:10:06.935+0100] {dagbag.py:536} INFO - Filling up the DagBag from /Users/b/airflow/dags/inter_op_taskflow.py
[2023-10-19T15:10:07.200+0100] {processor.py:841} WARNING - No viable dags retrieved from /Users/b/airflow/dags/inter_op_taskflow.py
[2023-10-19T15:10:07.255+0100] {processor.py:179} INFO - Processing /Users/b/airflow/dags/inter_op_taskflow.py took 0.331 seconds
[2023-10-19T15:10:15.610+0100] {processor.py:157} INFO - Started process (PID=69558) to work on /Users/b/airflow/dags/inter_op_taskflow.py
[2023-10-19T15:10:15.612+0100] {processor.py:829} INFO - Processing file /Users/b/airflow/dags/inter_op_taskflow.py for tasks to queue
[2023-10-19T15:10:15.612+0100] {logging_mixin.py:151} INFO - [2023-10-19T15:10:15.612+0100] {dagbag.py:536} INFO - Filling up the DagBag from /Users/b/airflow/dags/inter_op_taskflow.py
[2023-10-19T15:10:15.829+0100] {processor.py:841} WARNING - No viable dags retrieved from /Users/b/airflow/dags/inter_op_taskflow.py
[2023-10-19T15:10:15.884+0100] {processor.py:179} INFO - Processing /Users/b/airflow/dags/inter_op_taskflow.py took 0.275 seconds
[2023-10-19T15:10:20.957+0100] {processor.py:157} INFO - Started process (PID=69579) to work on /Users/b/airflow/dags/inter_op_taskflow.py
[2023-10-19T15:10:20.958+0100] {processor.py:829} INFO - Processing file /Users/b/airflow/dags/inter_op_taskflow.py for tasks to queue
[2023-10-19T15:10:20.958+0100] {logging_mixin.py:151} INFO - [2023-10-19T15:10:20.958+0100] {dagbag.py:536} INFO - Filling up the DagBag from /Users/b/airflow/dags/inter_op_taskflow.py
[2023-10-19T15:10:21.202+0100] {processor.py:841} WARNING - No viable dags retrieved from /Users/b/airflow/dags/inter_op_taskflow.py
[2023-10-19T15:10:21.256+0100] {processor.py:179} INFO - Processing /Users/b/airflow/dags/inter_op_taskflow.py took 0.300 seconds
[2023-10-19T15:10:25.936+0100] {processor.py:157} INFO - Started process (PID=69591) to work on /Users/b/airflow/dags/inter_op_taskflow.py
[2023-10-19T15:10:25.937+0100] {processor.py:829} INFO - Processing file /Users/b/airflow/dags/inter_op_taskflow.py for tasks to queue
[2023-10-19T15:10:25.938+0100] {logging_mixin.py:151} INFO - [2023-10-19T15:10:25.938+0100] {dagbag.py:536} INFO - Filling up the DagBag from /Users/b/airflow/dags/inter_op_taskflow.py
[2023-10-19T15:10:26.213+0100] {processor.py:841} WARNING - No viable dags retrieved from /Users/b/airflow/dags/inter_op_taskflow.py
[2023-10-19T15:10:26.276+0100] {processor.py:179} INFO - Processing /Users/b/airflow/dags/inter_op_taskflow.py took 0.340 seconds
[2023-10-19T15:10:34.238+0100] {processor.py:157} INFO - Started process (PID=69622) to work on /Users/b/airflow/dags/inter_op_taskflow.py
[2023-10-19T15:10:34.242+0100] {processor.py:829} INFO - Processing file /Users/b/airflow/dags/inter_op_taskflow.py for tasks to queue
[2023-10-19T15:10:34.243+0100] {logging_mixin.py:151} INFO - [2023-10-19T15:10:34.243+0100] {dagbag.py:536} INFO - Filling up the DagBag from /Users/b/airflow/dags/inter_op_taskflow.py
[2023-10-19T15:10:34.506+0100] {processor.py:841} WARNING - No viable dags retrieved from /Users/b/airflow/dags/inter_op_taskflow.py
[2023-10-19T15:10:34.557+0100] {processor.py:179} INFO - Processing /Users/b/airflow/dags/inter_op_taskflow.py took 0.320 seconds
[2023-10-19T15:10:40.109+0100] {processor.py:157} INFO - Started process (PID=69642) to work on /Users/b/airflow/dags/inter_op_taskflow.py
[2023-10-19T15:10:40.111+0100] {processor.py:829} INFO - Processing file /Users/b/airflow/dags/inter_op_taskflow.py for tasks to queue
[2023-10-19T15:10:40.111+0100] {logging_mixin.py:151} INFO - [2023-10-19T15:10:40.111+0100] {dagbag.py:536} INFO - Filling up the DagBag from /Users/b/airflow/dags/inter_op_taskflow.py
[2023-10-19T15:10:40.346+0100] {processor.py:841} WARNING - No viable dags retrieved from /Users/b/airflow/dags/inter_op_taskflow.py
[2023-10-19T15:10:40.403+0100] {processor.py:179} INFO - Processing /Users/b/airflow/dags/inter_op_taskflow.py took 0.295 seconds
[2023-10-19T15:10:45.359+0100] {processor.py:157} INFO - Started process (PID=69665) to work on /Users/b/airflow/dags/inter_op_taskflow.py
[2023-10-19T15:10:45.360+0100] {processor.py:829} INFO - Processing file /Users/b/airflow/dags/inter_op_taskflow.py for tasks to queue
[2023-10-19T15:10:45.360+0100] {logging_mixin.py:151} INFO - [2023-10-19T15:10:45.360+0100] {dagbag.py:536} INFO - Filling up the DagBag from /Users/b/airflow/dags/inter_op_taskflow.py
[2023-10-19T15:10:45.634+0100] {processor.py:841} WARNING - No viable dags retrieved from /Users/b/airflow/dags/inter_op_taskflow.py
[2023-10-19T15:10:45.676+0100] {processor.py:179} INFO - Processing /Users/b/airflow/dags/inter_op_taskflow.py took 0.318 seconds
[2023-10-19T15:10:52.464+0100] {processor.py:157} INFO - Started process (PID=69692) to work on /Users/b/airflow/dags/inter_op_taskflow.py
[2023-10-19T15:10:52.466+0100] {processor.py:829} INFO - Processing file /Users/b/airflow/dags/inter_op_taskflow.py for tasks to queue
[2023-10-19T15:10:52.466+0100] {logging_mixin.py:151} INFO - [2023-10-19T15:10:52.466+0100] {dagbag.py:536} INFO - Filling up the DagBag from /Users/b/airflow/dags/inter_op_taskflow.py
[2023-10-19T15:10:52.753+0100] {processor.py:841} WARNING - No viable dags retrieved from /Users/b/airflow/dags/inter_op_taskflow.py
[2023-10-19T15:10:52.795+0100] {processor.py:179} INFO - Processing /Users/b/airflow/dags/inter_op_taskflow.py took 0.332 seconds
[2023-10-19T15:11:07.050+0100] {processor.py:157} INFO - Started process (PID=69739) to work on /Users/b/airflow/dags/inter_op_taskflow.py
[2023-10-19T15:11:07.052+0100] {processor.py:829} INFO - Processing file /Users/b/airflow/dags/inter_op_taskflow.py for tasks to queue
[2023-10-19T15:11:07.052+0100] {logging_mixin.py:151} INFO - [2023-10-19T15:11:07.052+0100] {dagbag.py:536} INFO - Filling up the DagBag from /Users/b/airflow/dags/inter_op_taskflow.py
[2023-10-19T15:11:07.269+0100] {processor.py:841} WARNING - No viable dags retrieved from /Users/b/airflow/dags/inter_op_taskflow.py
[2023-10-19T15:11:07.322+0100] {processor.py:179} INFO - Processing /Users/b/airflow/dags/inter_op_taskflow.py took 0.272 seconds
[2023-10-19T15:11:10.465+0100] {processor.py:157} INFO - Started process (PID=69746) to work on /Users/b/airflow/dags/inter_op_taskflow.py
[2023-10-19T15:11:10.467+0100] {processor.py:829} INFO - Processing file /Users/b/airflow/dags/inter_op_taskflow.py for tasks to queue
[2023-10-19T15:11:10.467+0100] {logging_mixin.py:151} INFO - [2023-10-19T15:11:10.467+0100] {dagbag.py:536} INFO - Filling up the DagBag from /Users/b/airflow/dags/inter_op_taskflow.py
[2023-10-19T15:11:10.790+0100] {processor.py:841} WARNING - No viable dags retrieved from /Users/b/airflow/dags/inter_op_taskflow.py
[2023-10-19T15:11:10.851+0100] {processor.py:179} INFO - Processing /Users/b/airflow/dags/inter_op_taskflow.py took 0.386 seconds
[2023-10-19T15:11:15.615+0100] {processor.py:157} INFO - Started process (PID=69767) to work on /Users/b/airflow/dags/inter_op_taskflow.py
[2023-10-19T15:11:15.617+0100] {processor.py:829} INFO - Processing file /Users/b/airflow/dags/inter_op_taskflow.py for tasks to queue
[2023-10-19T15:11:15.617+0100] {logging_mixin.py:151} INFO - [2023-10-19T15:11:15.617+0100] {dagbag.py:536} INFO - Filling up the DagBag from /Users/b/airflow/dags/inter_op_taskflow.py
[2023-10-19T15:11:15.874+0100] {processor.py:841} WARNING - No viable dags retrieved from /Users/b/airflow/dags/inter_op_taskflow.py
[2023-10-19T15:11:15.925+0100] {processor.py:179} INFO - Processing /Users/b/airflow/dags/inter_op_taskflow.py took 0.310 seconds
[2023-10-19T15:11:19.733+0100] {processor.py:157} INFO - Started process (PID=69779) to work on /Users/b/airflow/dags/inter_op_taskflow.py
[2023-10-19T15:11:19.736+0100] {processor.py:829} INFO - Processing file /Users/b/airflow/dags/inter_op_taskflow.py for tasks to queue
[2023-10-19T15:11:19.736+0100] {logging_mixin.py:151} INFO - [2023-10-19T15:11:19.736+0100] {dagbag.py:536} INFO - Filling up the DagBag from /Users/b/airflow/dags/inter_op_taskflow.py
[2023-10-19T15:11:19.983+0100] {processor.py:841} WARNING - No viable dags retrieved from /Users/b/airflow/dags/inter_op_taskflow.py
[2023-10-19T15:11:20.049+0100] {processor.py:179} INFO - Processing /Users/b/airflow/dags/inter_op_taskflow.py took 0.316 seconds
[2023-10-19T15:11:23.703+0100] {processor.py:157} INFO - Started process (PID=69798) to work on /Users/b/airflow/dags/inter_op_taskflow.py
[2023-10-19T15:11:23.705+0100] {processor.py:829} INFO - Processing file /Users/b/airflow/dags/inter_op_taskflow.py for tasks to queue
[2023-10-19T15:11:23.705+0100] {logging_mixin.py:151} INFO - [2023-10-19T15:11:23.705+0100] {dagbag.py:536} INFO - Filling up the DagBag from /Users/b/airflow/dags/inter_op_taskflow.py
[2023-10-19T15:11:23.957+0100] {processor.py:841} WARNING - No viable dags retrieved from /Users/b/airflow/dags/inter_op_taskflow.py
[2023-10-19T15:11:24.005+0100] {processor.py:179} INFO - Processing /Users/b/airflow/dags/inter_op_taskflow.py took 0.303 seconds
[2023-10-19T15:11:48.228+0100] {processor.py:157} INFO - Started process (PID=69831) to work on /Users/b/airflow/dags/inter_op_taskflow.py
[2023-10-19T15:11:48.229+0100] {processor.py:829} INFO - Processing file /Users/b/airflow/dags/inter_op_taskflow.py for tasks to queue
[2023-10-19T15:11:48.229+0100] {logging_mixin.py:151} INFO - [2023-10-19T15:11:48.229+0100] {dagbag.py:536} INFO - Filling up the DagBag from /Users/b/airflow/dags/inter_op_taskflow.py
[2023-10-19T15:11:48.479+0100] {processor.py:841} WARNING - No viable dags retrieved from /Users/b/airflow/dags/inter_op_taskflow.py
[2023-10-19T15:11:48.530+0100] {processor.py:179} INFO - Processing /Users/b/airflow/dags/inter_op_taskflow.py took 0.302 seconds
[2023-10-19T15:11:52.902+0100] {processor.py:157} INFO - Started process (PID=69845) to work on /Users/b/airflow/dags/inter_op_taskflow.py
[2023-10-19T15:11:52.904+0100] {processor.py:829} INFO - Processing file /Users/b/airflow/dags/inter_op_taskflow.py for tasks to queue
[2023-10-19T15:11:52.904+0100] {logging_mixin.py:151} INFO - [2023-10-19T15:11:52.904+0100] {dagbag.py:536} INFO - Filling up the DagBag from /Users/b/airflow/dags/inter_op_taskflow.py
[2023-10-19T15:11:53.138+0100] {processor.py:841} WARNING - No viable dags retrieved from /Users/b/airflow/dags/inter_op_taskflow.py
[2023-10-19T15:11:53.203+0100] {processor.py:179} INFO - Processing /Users/b/airflow/dags/inter_op_taskflow.py took 0.302 seconds
[2023-10-19T15:11:56.771+0100] {processor.py:157} INFO - Started process (PID=69860) to work on /Users/b/airflow/dags/inter_op_taskflow.py
[2023-10-19T15:11:56.774+0100] {processor.py:829} INFO - Processing file /Users/b/airflow/dags/inter_op_taskflow.py for tasks to queue
[2023-10-19T15:11:56.774+0100] {logging_mixin.py:151} INFO - [2023-10-19T15:11:56.774+0100] {dagbag.py:536} INFO - Filling up the DagBag from /Users/b/airflow/dags/inter_op_taskflow.py
[2023-10-19T15:11:56.992+0100] {processor.py:841} WARNING - No viable dags retrieved from /Users/b/airflow/dags/inter_op_taskflow.py
[2023-10-19T15:11:57.055+0100] {processor.py:179} INFO - Processing /Users/b/airflow/dags/inter_op_taskflow.py took 0.284 seconds
[2023-10-19T15:12:00.377+0100] {processor.py:157} INFO - Started process (PID=69884) to work on /Users/b/airflow/dags/inter_op_taskflow.py
[2023-10-19T15:12:00.379+0100] {processor.py:829} INFO - Processing file /Users/b/airflow/dags/inter_op_taskflow.py for tasks to queue
[2023-10-19T15:12:00.379+0100] {logging_mixin.py:151} INFO - [2023-10-19T15:12:00.379+0100] {dagbag.py:536} INFO - Filling up the DagBag from /Users/b/airflow/dags/inter_op_taskflow.py
[2023-10-19T15:12:00.381+0100] {logging_mixin.py:151} INFO - [2023-10-19T15:12:00.380+0100] {dagbag.py:346} ERROR - Failed to import: /Users/b/airflow/dags/inter_op_taskflow.py
Traceback (most recent call last):
  File "/Users/b/airflow/venv/lib/python3.11/site-packages/airflow/models/dagbag.py", line 342, in parse
    loader.exec_module(new_module)
  File "<frozen importlib._bootstrap_external>", line 936, in exec_module
  File "<frozen importlib._bootstrap_external>", line 1074, in get_code
  File "<frozen importlib._bootstrap_external>", line 1004, in source_to_code
  File "<frozen importlib._bootstrap>", line 241, in _call_with_frames_removed
  File "/Users/b/airflow/dags/inter_op_taskflow.py", line 64
    write_csv_result_task = PythonOperator(
                                          ^
SyntaxError: '(' was never closed
[2023-10-19T15:12:00.381+0100] {processor.py:841} WARNING - No viable dags retrieved from /Users/b/airflow/dags/inter_op_taskflow.py
[2023-10-19T15:12:00.426+0100] {processor.py:179} INFO - Processing /Users/b/airflow/dags/inter_op_taskflow.py took 0.049 seconds
[2023-10-19T15:12:04.397+0100] {processor.py:157} INFO - Started process (PID=69896) to work on /Users/b/airflow/dags/inter_op_taskflow.py
[2023-10-19T15:12:04.400+0100] {processor.py:829} INFO - Processing file /Users/b/airflow/dags/inter_op_taskflow.py for tasks to queue
[2023-10-19T15:12:04.400+0100] {logging_mixin.py:151} INFO - [2023-10-19T15:12:04.400+0100] {dagbag.py:536} INFO - Filling up the DagBag from /Users/b/airflow/dags/inter_op_taskflow.py
[2023-10-19T15:12:04.701+0100] {processor.py:841} WARNING - No viable dags retrieved from /Users/b/airflow/dags/inter_op_taskflow.py
[2023-10-19T15:12:04.743+0100] {processor.py:179} INFO - Processing /Users/b/airflow/dags/inter_op_taskflow.py took 0.346 seconds
[2023-10-19T15:12:36.876+0100] {processor.py:157} INFO - Started process (PID=69947) to work on /Users/b/airflow/dags/inter_op_taskflow.py
[2023-10-19T15:12:36.894+0100] {processor.py:829} INFO - Processing file /Users/b/airflow/dags/inter_op_taskflow.py for tasks to queue
[2023-10-19T15:12:36.895+0100] {logging_mixin.py:151} INFO - [2023-10-19T15:12:36.895+0100] {dagbag.py:536} INFO - Filling up the DagBag from /Users/b/airflow/dags/inter_op_taskflow.py
[2023-10-19T15:12:37.167+0100] {processor.py:841} WARNING - No viable dags retrieved from /Users/b/airflow/dags/inter_op_taskflow.py
[2023-10-19T15:12:37.212+0100] {processor.py:179} INFO - Processing /Users/b/airflow/dags/inter_op_taskflow.py took 0.336 seconds
[2023-10-19T15:12:40.632+0100] {processor.py:157} INFO - Started process (PID=69965) to work on /Users/b/airflow/dags/inter_op_taskflow.py
[2023-10-19T15:12:40.633+0100] {processor.py:829} INFO - Processing file /Users/b/airflow/dags/inter_op_taskflow.py for tasks to queue
[2023-10-19T15:12:40.633+0100] {logging_mixin.py:151} INFO - [2023-10-19T15:12:40.633+0100] {dagbag.py:536} INFO - Filling up the DagBag from /Users/b/airflow/dags/inter_op_taskflow.py
[2023-10-19T15:12:40.635+0100] {logging_mixin.py:151} INFO - [2023-10-19T15:12:40.634+0100] {dagbag.py:346} ERROR - Failed to import: /Users/b/airflow/dags/inter_op_taskflow.py
Traceback (most recent call last):
  File "/Users/b/airflow/venv/lib/python3.11/site-packages/airflow/models/dagbag.py", line 342, in parse
    loader.exec_module(new_module)
  File "<frozen importlib._bootstrap_external>", line 936, in exec_module
  File "<frozen importlib._bootstrap_external>", line 1074, in get_code
  File "<frozen importlib._bootstrap_external>", line 1004, in source_to_code
  File "<frozen importlib._bootstrap>", line 241, in _call_with_frames_removed
  File "/Users/b/airflow/dags/inter_op_taskflow.py", line 71
    in
    ^^
SyntaxError: invalid syntax
[2023-10-19T15:12:40.636+0100] {processor.py:841} WARNING - No viable dags retrieved from /Users/b/airflow/dags/inter_op_taskflow.py
[2023-10-19T15:12:40.681+0100] {processor.py:179} INFO - Processing /Users/b/airflow/dags/inter_op_taskflow.py took 0.049 seconds
[2023-10-19T15:12:44.202+0100] {processor.py:157} INFO - Started process (PID=69978) to work on /Users/b/airflow/dags/inter_op_taskflow.py
[2023-10-19T15:12:44.204+0100] {processor.py:829} INFO - Processing file /Users/b/airflow/dags/inter_op_taskflow.py for tasks to queue
[2023-10-19T15:12:44.205+0100] {logging_mixin.py:151} INFO - [2023-10-19T15:12:44.204+0100] {dagbag.py:536} INFO - Filling up the DagBag from /Users/b/airflow/dags/inter_op_taskflow.py
[2023-10-19T15:12:44.407+0100] {processor.py:839} INFO - DAG(s) dict_keys(['inter_op_taskflow']) retrieved from /Users/b/airflow/dags/inter_op_taskflow.py
[2023-10-19T15:12:44.696+0100] {logging_mixin.py:151} INFO - [2023-10-19T15:12:44.696+0100] {manager.py:499} INFO - Created Permission View: %s
[2023-10-19T15:12:44.699+0100] {logging_mixin.py:151} INFO - [2023-10-19T15:12:44.699+0100] {manager.py:499} INFO - Created Permission View: %s
[2023-10-19T15:12:44.701+0100] {logging_mixin.py:151} INFO - [2023-10-19T15:12:44.701+0100] {manager.py:499} INFO - Created Permission View: %s
[2023-10-19T15:12:44.701+0100] {logging_mixin.py:151} INFO - [2023-10-19T15:12:44.701+0100] {dag.py:2941} INFO - Sync 1 DAGs
[2023-10-19T15:12:44.705+0100] {logging_mixin.py:151} INFO - [2023-10-19T15:12:44.705+0100] {dag.py:2963} INFO - Creating ORM DAG for inter_op_taskflow
[2023-10-19T15:12:44.708+0100] {logging_mixin.py:151} INFO - [2023-10-19T15:12:44.708+0100] {dag.py:3722} INFO - Setting next_dagrun for inter_op_taskflow to 2023-10-18T00:00:00+00:00, run_after=2023-10-18T00:00:00+00:00
[2023-10-19T15:12:44.716+0100] {processor.py:179} INFO - Processing /Users/b/airflow/dags/inter_op_taskflow.py took 0.514 seconds
[2023-10-19T15:13:15.577+0100] {processor.py:157} INFO - Started process (PID=70017) to work on /Users/b/airflow/dags/inter_op_taskflow.py
[2023-10-19T15:13:15.579+0100] {processor.py:829} INFO - Processing file /Users/b/airflow/dags/inter_op_taskflow.py for tasks to queue
[2023-10-19T15:13:15.579+0100] {logging_mixin.py:151} INFO - [2023-10-19T15:13:15.579+0100] {dagbag.py:536} INFO - Filling up the DagBag from /Users/b/airflow/dags/inter_op_taskflow.py
[2023-10-19T15:13:15.826+0100] {processor.py:839} INFO - DAG(s) dict_keys(['inter_op_taskflow']) retrieved from /Users/b/airflow/dags/inter_op_taskflow.py
[2023-10-19T15:13:15.898+0100] {logging_mixin.py:151} INFO - [2023-10-19T15:13:15.898+0100] {dag.py:2941} INFO - Sync 1 DAGs
[2023-10-19T15:13:15.903+0100] {logging_mixin.py:151} INFO - [2023-10-19T15:13:15.903+0100] {dag.py:3722} INFO - Setting next_dagrun for inter_op_taskflow to 2023-10-18T00:00:00+00:00, run_after=2023-10-18T00:00:00+00:00
[2023-10-19T15:13:15.911+0100] {processor.py:179} INFO - Processing /Users/b/airflow/dags/inter_op_taskflow.py took 0.334 seconds
[2023-10-19T15:13:47.713+0100] {processor.py:157} INFO - Started process (PID=70061) to work on /Users/b/airflow/dags/inter_op_taskflow.py
[2023-10-19T15:13:47.715+0100] {processor.py:829} INFO - Processing file /Users/b/airflow/dags/inter_op_taskflow.py for tasks to queue
[2023-10-19T15:13:47.715+0100] {logging_mixin.py:151} INFO - [2023-10-19T15:13:47.715+0100] {dagbag.py:536} INFO - Filling up the DagBag from /Users/b/airflow/dags/inter_op_taskflow.py
[2023-10-19T15:13:47.946+0100] {processor.py:839} INFO - DAG(s) dict_keys(['inter_op_taskflow']) retrieved from /Users/b/airflow/dags/inter_op_taskflow.py
[2023-10-19T15:13:48.024+0100] {logging_mixin.py:151} INFO - [2023-10-19T15:13:48.024+0100] {dag.py:2941} INFO - Sync 1 DAGs
[2023-10-19T15:13:48.031+0100] {logging_mixin.py:151} INFO - [2023-10-19T15:13:48.031+0100] {dag.py:3722} INFO - Setting next_dagrun for inter_op_taskflow to None, run_after=None
[2023-10-19T15:13:48.038+0100] {processor.py:179} INFO - Processing /Users/b/airflow/dags/inter_op_taskflow.py took 0.326 seconds
[2023-10-19T15:14:19.039+0100] {processor.py:157} INFO - Started process (PID=70137) to work on /Users/b/airflow/dags/inter_op_taskflow.py
[2023-10-19T15:14:19.041+0100] {processor.py:829} INFO - Processing file /Users/b/airflow/dags/inter_op_taskflow.py for tasks to queue
[2023-10-19T15:14:19.041+0100] {logging_mixin.py:151} INFO - [2023-10-19T15:14:19.041+0100] {dagbag.py:536} INFO - Filling up the DagBag from /Users/b/airflow/dags/inter_op_taskflow.py
[2023-10-19T15:14:19.298+0100] {processor.py:839} INFO - DAG(s) dict_keys(['inter_op_taskflow']) retrieved from /Users/b/airflow/dags/inter_op_taskflow.py
[2023-10-19T15:14:19.376+0100] {logging_mixin.py:151} INFO - [2023-10-19T15:14:19.376+0100] {dag.py:2941} INFO - Sync 1 DAGs
[2023-10-19T15:14:19.383+0100] {logging_mixin.py:151} INFO - [2023-10-19T15:14:19.383+0100] {dag.py:3722} INFO - Setting next_dagrun for inter_op_taskflow to None, run_after=None
[2023-10-19T15:14:19.391+0100] {processor.py:179} INFO - Processing /Users/b/airflow/dags/inter_op_taskflow.py took 0.352 seconds
[2023-10-19T15:14:50.193+0100] {processor.py:157} INFO - Started process (PID=70184) to work on /Users/b/airflow/dags/inter_op_taskflow.py
[2023-10-19T15:14:50.195+0100] {processor.py:829} INFO - Processing file /Users/b/airflow/dags/inter_op_taskflow.py for tasks to queue
[2023-10-19T15:14:50.195+0100] {logging_mixin.py:151} INFO - [2023-10-19T15:14:50.195+0100] {dagbag.py:536} INFO - Filling up the DagBag from /Users/b/airflow/dags/inter_op_taskflow.py
[2023-10-19T15:14:50.415+0100] {processor.py:839} INFO - DAG(s) dict_keys(['inter_op_taskflow']) retrieved from /Users/b/airflow/dags/inter_op_taskflow.py
[2023-10-19T15:14:50.504+0100] {logging_mixin.py:151} INFO - [2023-10-19T15:14:50.504+0100] {dag.py:2941} INFO - Sync 1 DAGs
[2023-10-19T15:14:50.510+0100] {logging_mixin.py:151} INFO - [2023-10-19T15:14:50.510+0100] {dag.py:3722} INFO - Setting next_dagrun for inter_op_taskflow to None, run_after=None
[2023-10-19T15:14:50.517+0100] {processor.py:179} INFO - Processing /Users/b/airflow/dags/inter_op_taskflow.py took 0.324 seconds
[2023-10-19T15:15:21.691+0100] {processor.py:157} INFO - Started process (PID=70244) to work on /Users/b/airflow/dags/inter_op_taskflow.py
[2023-10-19T15:15:21.693+0100] {processor.py:829} INFO - Processing file /Users/b/airflow/dags/inter_op_taskflow.py for tasks to queue
[2023-10-19T15:15:21.693+0100] {logging_mixin.py:151} INFO - [2023-10-19T15:15:21.693+0100] {dagbag.py:536} INFO - Filling up the DagBag from /Users/b/airflow/dags/inter_op_taskflow.py
[2023-10-19T15:15:21.890+0100] {processor.py:839} INFO - DAG(s) dict_keys(['inter_op_taskflow']) retrieved from /Users/b/airflow/dags/inter_op_taskflow.py
[2023-10-19T15:15:21.965+0100] {logging_mixin.py:151} INFO - [2023-10-19T15:15:21.965+0100] {dag.py:2941} INFO - Sync 1 DAGs
[2023-10-19T15:15:21.971+0100] {logging_mixin.py:151} INFO - [2023-10-19T15:15:21.971+0100] {dag.py:3722} INFO - Setting next_dagrun for inter_op_taskflow to None, run_after=None
[2023-10-19T15:15:21.981+0100] {processor.py:179} INFO - Processing /Users/b/airflow/dags/inter_op_taskflow.py took 0.290 seconds
[2023-10-19T15:15:53.252+0100] {processor.py:157} INFO - Started process (PID=70296) to work on /Users/b/airflow/dags/inter_op_taskflow.py
[2023-10-19T15:15:53.253+0100] {processor.py:829} INFO - Processing file /Users/b/airflow/dags/inter_op_taskflow.py for tasks to queue
[2023-10-19T15:15:53.254+0100] {logging_mixin.py:151} INFO - [2023-10-19T15:15:53.253+0100] {dagbag.py:536} INFO - Filling up the DagBag from /Users/b/airflow/dags/inter_op_taskflow.py
[2023-10-19T15:15:53.473+0100] {processor.py:839} INFO - DAG(s) dict_keys(['inter_op_taskflow']) retrieved from /Users/b/airflow/dags/inter_op_taskflow.py
[2023-10-19T15:15:53.560+0100] {logging_mixin.py:151} INFO - [2023-10-19T15:15:53.560+0100] {dag.py:2941} INFO - Sync 1 DAGs
[2023-10-19T15:15:53.566+0100] {logging_mixin.py:151} INFO - [2023-10-19T15:15:53.566+0100] {dag.py:3722} INFO - Setting next_dagrun for inter_op_taskflow to None, run_after=None
[2023-10-19T15:15:53.573+0100] {processor.py:179} INFO - Processing /Users/b/airflow/dags/inter_op_taskflow.py took 0.322 seconds
[2023-10-19T15:16:24.841+0100] {processor.py:157} INFO - Started process (PID=70344) to work on /Users/b/airflow/dags/inter_op_taskflow.py
[2023-10-19T15:16:24.843+0100] {processor.py:829} INFO - Processing file /Users/b/airflow/dags/inter_op_taskflow.py for tasks to queue
[2023-10-19T15:16:24.843+0100] {logging_mixin.py:151} INFO - [2023-10-19T15:16:24.843+0100] {dagbag.py:536} INFO - Filling up the DagBag from /Users/b/airflow/dags/inter_op_taskflow.py
[2023-10-19T15:16:25.048+0100] {processor.py:839} INFO - DAG(s) dict_keys(['inter_op_taskflow']) retrieved from /Users/b/airflow/dags/inter_op_taskflow.py
[2023-10-19T15:16:25.147+0100] {logging_mixin.py:151} INFO - [2023-10-19T15:16:25.147+0100] {dag.py:2941} INFO - Sync 1 DAGs
[2023-10-19T15:16:25.153+0100] {logging_mixin.py:151} INFO - [2023-10-19T15:16:25.152+0100] {dag.py:3722} INFO - Setting next_dagrun for inter_op_taskflow to None, run_after=None
[2023-10-19T15:16:25.160+0100] {processor.py:179} INFO - Processing /Users/b/airflow/dags/inter_op_taskflow.py took 0.319 seconds
[2023-10-19T15:16:56.309+0100] {processor.py:157} INFO - Started process (PID=70391) to work on /Users/b/airflow/dags/inter_op_taskflow.py
[2023-10-19T15:16:56.311+0100] {processor.py:829} INFO - Processing file /Users/b/airflow/dags/inter_op_taskflow.py for tasks to queue
[2023-10-19T15:16:56.312+0100] {logging_mixin.py:151} INFO - [2023-10-19T15:16:56.312+0100] {dagbag.py:536} INFO - Filling up the DagBag from /Users/b/airflow/dags/inter_op_taskflow.py
[2023-10-19T15:16:56.540+0100] {processor.py:839} INFO - DAG(s) dict_keys(['inter_op_taskflow']) retrieved from /Users/b/airflow/dags/inter_op_taskflow.py
[2023-10-19T15:16:56.630+0100] {logging_mixin.py:151} INFO - [2023-10-19T15:16:56.630+0100] {dag.py:2941} INFO - Sync 1 DAGs
[2023-10-19T15:16:56.636+0100] {logging_mixin.py:151} INFO - [2023-10-19T15:16:56.636+0100] {dag.py:3722} INFO - Setting next_dagrun for inter_op_taskflow to None, run_after=None
[2023-10-19T15:16:56.643+0100] {processor.py:179} INFO - Processing /Users/b/airflow/dags/inter_op_taskflow.py took 0.334 seconds
[2023-10-19T15:17:27.814+0100] {processor.py:157} INFO - Started process (PID=70450) to work on /Users/b/airflow/dags/inter_op_taskflow.py
[2023-10-19T15:17:27.817+0100] {processor.py:829} INFO - Processing file /Users/b/airflow/dags/inter_op_taskflow.py for tasks to queue
[2023-10-19T15:17:27.817+0100] {logging_mixin.py:151} INFO - [2023-10-19T15:17:27.817+0100] {dagbag.py:536} INFO - Filling up the DagBag from /Users/b/airflow/dags/inter_op_taskflow.py
[2023-10-19T15:17:28.036+0100] {processor.py:839} INFO - DAG(s) dict_keys(['inter_op_taskflow']) retrieved from /Users/b/airflow/dags/inter_op_taskflow.py
[2023-10-19T15:17:28.112+0100] {logging_mixin.py:151} INFO - [2023-10-19T15:17:28.112+0100] {dag.py:2941} INFO - Sync 1 DAGs
[2023-10-19T15:17:28.118+0100] {logging_mixin.py:151} INFO - [2023-10-19T15:17:28.118+0100] {dag.py:3722} INFO - Setting next_dagrun for inter_op_taskflow to None, run_after=None
[2023-10-19T15:17:28.125+0100] {processor.py:179} INFO - Processing /Users/b/airflow/dags/inter_op_taskflow.py took 0.311 seconds
[2023-10-19T15:17:59.279+0100] {processor.py:157} INFO - Started process (PID=70500) to work on /Users/b/airflow/dags/inter_op_taskflow.py
[2023-10-19T15:17:59.281+0100] {processor.py:829} INFO - Processing file /Users/b/airflow/dags/inter_op_taskflow.py for tasks to queue
[2023-10-19T15:17:59.281+0100] {logging_mixin.py:151} INFO - [2023-10-19T15:17:59.281+0100] {dagbag.py:536} INFO - Filling up the DagBag from /Users/b/airflow/dags/inter_op_taskflow.py
[2023-10-19T15:17:59.501+0100] {processor.py:839} INFO - DAG(s) dict_keys(['inter_op_taskflow']) retrieved from /Users/b/airflow/dags/inter_op_taskflow.py
[2023-10-19T15:17:59.582+0100] {logging_mixin.py:151} INFO - [2023-10-19T15:17:59.582+0100] {dag.py:2941} INFO - Sync 1 DAGs
[2023-10-19T15:17:59.588+0100] {logging_mixin.py:151} INFO - [2023-10-19T15:17:59.588+0100] {dag.py:3722} INFO - Setting next_dagrun for inter_op_taskflow to None, run_after=None
[2023-10-19T15:17:59.598+0100] {processor.py:179} INFO - Processing /Users/b/airflow/dags/inter_op_taskflow.py took 0.319 seconds
