[2023-10-16T17:22:40.349+0100] {taskinstance.py:1159} INFO - Dependencies all met for dep_context=non-requeueable deps ti=<TaskInstance: cron_catchup.taskChooseBranch scheduled__2023-10-15T00:00:00+00:00 [queued]>
[2023-10-16T17:22:40.351+0100] {taskinstance.py:1159} INFO - Dependencies all met for dep_context=requeueable deps ti=<TaskInstance: cron_catchup.taskChooseBranch scheduled__2023-10-15T00:00:00+00:00 [queued]>
[2023-10-16T17:22:40.351+0100] {taskinstance.py:1361} INFO - Starting attempt 1 of 1
[2023-10-16T17:22:40.355+0100] {taskinstance.py:1382} INFO - Executing <Task(PythonOperator): taskChooseBranch> on 2023-10-15 00:00:00+00:00
[2023-10-16T17:22:40.357+0100] {standard_task_runner.py:57} INFO - Started process 17269 to run task
[2023-10-16T17:22:40.359+0100] {standard_task_runner.py:84} INFO - Running: ['airflow', 'tasks', 'run', 'cron_catchup', 'taskChooseBranch', 'scheduled__2023-10-15T00:00:00+00:00', '--job-id', '147', '--raw', '--subdir', 'DAGS_FOLDER/catchup.py', '--cfg-path', '/var/folders/_3/bj8r7kz51nz4g7hl_dpr6jdw0000gn/T/tmplf8_3pys']
[2023-10-16T17:22:40.360+0100] {standard_task_runner.py:85} INFO - Job 147: Subtask taskChooseBranch
[2023-10-16T17:22:40.379+0100] {task_command.py:416} INFO - Running <TaskInstance: cron_catchup.taskChooseBranch scheduled__2023-10-15T00:00:00+00:00 [running]> on host 192.168.1.112
[2023-10-16T17:22:40.400+0100] {taskinstance.py:1662} INFO - Exporting env vars: AIRFLOW_CTX_DAG_OWNER='workflow' AIRFLOW_CTX_DAG_ID='cron_catchup' AIRFLOW_CTX_TASK_ID='taskChooseBranch' AIRFLOW_CTX_EXECUTION_DATE='2023-10-15T00:00:00+00:00' AIRFLOW_CTX_TRY_NUMBER='1' AIRFLOW_CTX_DAG_RUN_ID='scheduled__2023-10-15T00:00:00+00:00'
[2023-10-16T17:22:40.401+0100] {python.py:194} INFO - Done. Returned value was: True
[2023-10-16T17:22:40.405+0100] {taskinstance.py:1400} INFO - Marking task as SUCCESS. dag_id=cron_catchup, task_id=taskChooseBranch, execution_date=20231015T000000, start_date=20231016T162240, end_date=20231016T162240
[2023-10-16T17:22:40.421+0100] {local_task_job_runner.py:228} INFO - Task exited with return code 0
[2023-10-16T17:22:40.429+0100] {taskinstance.py:2778} INFO - 1 downstream tasks scheduled from follow-on schedule check
[2023-10-16T17:32:04.120+0100] {taskinstance.py:1159} INFO - Dependencies all met for dep_context=non-requeueable deps ti=<TaskInstance: cron_catchup.taskChooseBranch scheduled__2023-10-15T00:00:00+00:00 [queued]>
[2023-10-16T17:32:04.122+0100] {taskinstance.py:1159} INFO - Dependencies all met for dep_context=requeueable deps ti=<TaskInstance: cron_catchup.taskChooseBranch scheduled__2023-10-15T00:00:00+00:00 [queued]>
[2023-10-16T17:32:04.122+0100] {taskinstance.py:1361} INFO - Starting attempt 1 of 1
[2023-10-16T17:32:04.126+0100] {taskinstance.py:1382} INFO - Executing <Task(PythonOperator): taskChooseBranch> on 2023-10-15 00:00:00+00:00
[2023-10-16T17:32:04.128+0100] {standard_task_runner.py:57} INFO - Started process 18484 to run task
[2023-10-16T17:32:04.130+0100] {standard_task_runner.py:84} INFO - Running: ['airflow', 'tasks', 'run', 'cron_catchup', 'taskChooseBranch', 'scheduled__2023-10-15T00:00:00+00:00', '--job-id', '202', '--raw', '--subdir', 'DAGS_FOLDER/catchup.py', '--cfg-path', '/var/folders/_3/bj8r7kz51nz4g7hl_dpr6jdw0000gn/T/tmpqf_fkn9f']
[2023-10-16T17:32:04.131+0100] {standard_task_runner.py:85} INFO - Job 202: Subtask taskChooseBranch
[2023-10-16T17:32:04.143+0100] {task_command.py:416} INFO - Running <TaskInstance: cron_catchup.taskChooseBranch scheduled__2023-10-15T00:00:00+00:00 [running]> on host 192.168.1.112
[2023-10-16T17:32:04.162+0100] {taskinstance.py:1662} INFO - Exporting env vars: AIRFLOW_CTX_DAG_OWNER='workflow' AIRFLOW_CTX_DAG_ID='cron_catchup' AIRFLOW_CTX_TASK_ID='taskChooseBranch' AIRFLOW_CTX_EXECUTION_DATE='2023-10-15T00:00:00+00:00' AIRFLOW_CTX_TRY_NUMBER='1' AIRFLOW_CTX_DAG_RUN_ID='scheduled__2023-10-15T00:00:00+00:00'
[2023-10-16T17:32:04.163+0100] {python.py:194} INFO - Done. Returned value was: True
[2023-10-16T17:32:04.167+0100] {taskinstance.py:1400} INFO - Marking task as SUCCESS. dag_id=cron_catchup, task_id=taskChooseBranch, execution_date=20231015T000000, start_date=20231016T163204, end_date=20231016T163204
[2023-10-16T17:32:04.188+0100] {local_task_job_runner.py:228} INFO - Task exited with return code 0
[2023-10-16T17:32:04.196+0100] {taskinstance.py:2778} INFO - 1 downstream tasks scheduled from follow-on schedule check
