[2023-10-15T15:11:20.590+0100] {processor.py:153} INFO - Started process (PID=29416) to work on /Users/b/Documents/workflow/venv/lib/python3.11/site-packages/airflow/example_dags/plugins/event_listener.py
[2023-10-15T15:11:20.592+0100] {processor.py:743} INFO - Processing file /Users/b/Documents/workflow/venv/lib/python3.11/site-packages/airflow/example_dags/plugins/event_listener.py for tasks to queue
[2023-10-15T15:11:20.592+0100] {logging_mixin.py:137} INFO - [2023-10-15T15:11:20.592+0100] {dagbag.py:532} INFO - Filling up the DagBag from /Users/b/Documents/workflow/venv/lib/python3.11/site-packages/airflow/example_dags/plugins/event_listener.py
[2023-10-15T15:11:20.596+0100] {processor.py:755} WARNING - No viable dags retrieved from /Users/b/Documents/workflow/venv/lib/python3.11/site-packages/airflow/example_dags/plugins/event_listener.py
[2023-10-15T15:11:20.743+0100] {processor.py:175} INFO - Processing /Users/b/Documents/workflow/venv/lib/python3.11/site-packages/airflow/example_dags/plugins/event_listener.py took 0.153 seconds
[2023-10-15T15:12:25.732+0100] {processor.py:153} INFO - Started process (PID=29549) to work on /Users/b/Documents/workflow/venv/lib/python3.11/site-packages/airflow/example_dags/plugins/event_listener.py
[2023-10-15T15:12:25.735+0100] {processor.py:743} INFO - Processing file /Users/b/Documents/workflow/venv/lib/python3.11/site-packages/airflow/example_dags/plugins/event_listener.py for tasks to queue
[2023-10-15T15:12:25.735+0100] {logging_mixin.py:137} INFO - [2023-10-15T15:12:25.735+0100] {dagbag.py:532} INFO - Filling up the DagBag from /Users/b/Documents/workflow/venv/lib/python3.11/site-packages/airflow/example_dags/plugins/event_listener.py
[2023-10-15T15:12:25.739+0100] {processor.py:755} WARNING - No viable dags retrieved from /Users/b/Documents/workflow/venv/lib/python3.11/site-packages/airflow/example_dags/plugins/event_listener.py
[2023-10-15T15:12:25.906+0100] {processor.py:175} INFO - Processing /Users/b/Documents/workflow/venv/lib/python3.11/site-packages/airflow/example_dags/plugins/event_listener.py took 0.174 seconds
[2023-10-15T15:13:35.420+0100] {processor.py:153} INFO - Started process (PID=30012) to work on /Users/b/Documents/workflow/venv/lib/python3.11/site-packages/airflow/example_dags/plugins/event_listener.py
[2023-10-15T15:13:35.422+0100] {processor.py:743} INFO - Processing file /Users/b/Documents/workflow/venv/lib/python3.11/site-packages/airflow/example_dags/plugins/event_listener.py for tasks to queue
[2023-10-15T15:13:35.422+0100] {logging_mixin.py:137} INFO - [2023-10-15T15:13:35.422+0100] {dagbag.py:532} INFO - Filling up the DagBag from /Users/b/Documents/workflow/venv/lib/python3.11/site-packages/airflow/example_dags/plugins/event_listener.py
[2023-10-15T15:13:35.426+0100] {processor.py:755} WARNING - No viable dags retrieved from /Users/b/Documents/workflow/venv/lib/python3.11/site-packages/airflow/example_dags/plugins/event_listener.py
[2023-10-15T15:13:35.578+0100] {processor.py:175} INFO - Processing /Users/b/Documents/workflow/venv/lib/python3.11/site-packages/airflow/example_dags/plugins/event_listener.py took 0.159 seconds
[2023-10-15T15:14:40.888+0100] {processor.py:153} INFO - Started process (PID=30229) to work on /Users/b/Documents/workflow/venv/lib/python3.11/site-packages/airflow/example_dags/plugins/event_listener.py
[2023-10-15T15:14:40.890+0100] {processor.py:743} INFO - Processing file /Users/b/Documents/workflow/venv/lib/python3.11/site-packages/airflow/example_dags/plugins/event_listener.py for tasks to queue
[2023-10-15T15:14:40.890+0100] {logging_mixin.py:137} INFO - [2023-10-15T15:14:40.890+0100] {dagbag.py:532} INFO - Filling up the DagBag from /Users/b/Documents/workflow/venv/lib/python3.11/site-packages/airflow/example_dags/plugins/event_listener.py
[2023-10-15T15:14:40.895+0100] {processor.py:755} WARNING - No viable dags retrieved from /Users/b/Documents/workflow/venv/lib/python3.11/site-packages/airflow/example_dags/plugins/event_listener.py
[2023-10-15T15:14:41.065+0100] {processor.py:175} INFO - Processing /Users/b/Documents/workflow/venv/lib/python3.11/site-packages/airflow/example_dags/plugins/event_listener.py took 0.177 seconds
[2023-10-15T15:15:42.819+0100] {processor.py:153} INFO - Started process (PID=30357) to work on /Users/b/Documents/workflow/venv/lib/python3.11/site-packages/airflow/example_dags/plugins/event_listener.py
[2023-10-15T15:15:42.821+0100] {processor.py:743} INFO - Processing file /Users/b/Documents/workflow/venv/lib/python3.11/site-packages/airflow/example_dags/plugins/event_listener.py for tasks to queue
[2023-10-15T15:15:42.821+0100] {logging_mixin.py:137} INFO - [2023-10-15T15:15:42.821+0100] {dagbag.py:532} INFO - Filling up the DagBag from /Users/b/Documents/workflow/venv/lib/python3.11/site-packages/airflow/example_dags/plugins/event_listener.py
[2023-10-15T15:15:42.825+0100] {processor.py:755} WARNING - No viable dags retrieved from /Users/b/Documents/workflow/venv/lib/python3.11/site-packages/airflow/example_dags/plugins/event_listener.py
[2023-10-15T15:15:42.971+0100] {processor.py:175} INFO - Processing /Users/b/Documents/workflow/venv/lib/python3.11/site-packages/airflow/example_dags/plugins/event_listener.py took 0.152 seconds
[2023-10-15T15:16:28.611+0100] {processor.py:153} INFO - Started process (PID=30456) to work on /Users/b/Documents/workflow/venv/lib/python3.11/site-packages/airflow/example_dags/plugins/event_listener.py
[2023-10-15T15:16:28.614+0100] {processor.py:743} INFO - Processing file /Users/b/Documents/workflow/venv/lib/python3.11/site-packages/airflow/example_dags/plugins/event_listener.py for tasks to queue
[2023-10-15T15:16:28.614+0100] {logging_mixin.py:137} INFO - [2023-10-15T15:16:28.614+0100] {dagbag.py:532} INFO - Filling up the DagBag from /Users/b/Documents/workflow/venv/lib/python3.11/site-packages/airflow/example_dags/plugins/event_listener.py
[2023-10-15T15:16:28.618+0100] {processor.py:755} WARNING - No viable dags retrieved from /Users/b/Documents/workflow/venv/lib/python3.11/site-packages/airflow/example_dags/plugins/event_listener.py
[2023-10-15T15:16:28.762+0100] {processor.py:175} INFO - Processing /Users/b/Documents/workflow/venv/lib/python3.11/site-packages/airflow/example_dags/plugins/event_listener.py took 0.150 seconds
[2023-10-15T15:19:59.988+0100] {processor.py:153} INFO - Started process (PID=30824) to work on /Users/b/Documents/workflow/venv/lib/python3.11/site-packages/airflow/example_dags/plugins/event_listener.py
[2023-10-15T15:19:59.991+0100] {processor.py:743} INFO - Processing file /Users/b/Documents/workflow/venv/lib/python3.11/site-packages/airflow/example_dags/plugins/event_listener.py for tasks to queue
[2023-10-15T15:19:59.991+0100] {logging_mixin.py:137} INFO - [2023-10-15T15:19:59.991+0100] {dagbag.py:532} INFO - Filling up the DagBag from /Users/b/Documents/workflow/venv/lib/python3.11/site-packages/airflow/example_dags/plugins/event_listener.py
[2023-10-15T15:19:59.995+0100] {processor.py:755} WARNING - No viable dags retrieved from /Users/b/Documents/workflow/venv/lib/python3.11/site-packages/airflow/example_dags/plugins/event_listener.py
[2023-10-15T15:20:00.149+0100] {processor.py:175} INFO - Processing /Users/b/Documents/workflow/venv/lib/python3.11/site-packages/airflow/example_dags/plugins/event_listener.py took 0.161 seconds
[2023-10-15T15:21:12.225+0100] {processor.py:153} INFO - Started process (PID=31018) to work on /Users/b/Documents/workflow/venv/lib/python3.11/site-packages/airflow/example_dags/plugins/event_listener.py
[2023-10-15T15:21:12.227+0100] {processor.py:743} INFO - Processing file /Users/b/Documents/workflow/venv/lib/python3.11/site-packages/airflow/example_dags/plugins/event_listener.py for tasks to queue
[2023-10-15T15:21:12.227+0100] {logging_mixin.py:137} INFO - [2023-10-15T15:21:12.227+0100] {dagbag.py:532} INFO - Filling up the DagBag from /Users/b/Documents/workflow/venv/lib/python3.11/site-packages/airflow/example_dags/plugins/event_listener.py
[2023-10-15T15:21:12.231+0100] {processor.py:755} WARNING - No viable dags retrieved from /Users/b/Documents/workflow/venv/lib/python3.11/site-packages/airflow/example_dags/plugins/event_listener.py
[2023-10-15T15:21:12.419+0100] {processor.py:175} INFO - Processing /Users/b/Documents/workflow/venv/lib/python3.11/site-packages/airflow/example_dags/plugins/event_listener.py took 0.195 seconds
[2023-10-15T15:22:14.264+0100] {processor.py:153} INFO - Started process (PID=31206) to work on /Users/b/Documents/workflow/venv/lib/python3.11/site-packages/airflow/example_dags/plugins/event_listener.py
[2023-10-15T15:22:14.277+0100] {processor.py:743} INFO - Processing file /Users/b/Documents/workflow/venv/lib/python3.11/site-packages/airflow/example_dags/plugins/event_listener.py for tasks to queue
[2023-10-15T15:22:14.278+0100] {logging_mixin.py:137} INFO - [2023-10-15T15:22:14.277+0100] {dagbag.py:532} INFO - Filling up the DagBag from /Users/b/Documents/workflow/venv/lib/python3.11/site-packages/airflow/example_dags/plugins/event_listener.py
[2023-10-15T15:22:14.282+0100] {processor.py:755} WARNING - No viable dags retrieved from /Users/b/Documents/workflow/venv/lib/python3.11/site-packages/airflow/example_dags/plugins/event_listener.py
[2023-10-15T15:22:14.436+0100] {processor.py:175} INFO - Processing /Users/b/Documents/workflow/venv/lib/python3.11/site-packages/airflow/example_dags/plugins/event_listener.py took 0.172 seconds
[2023-10-15T15:23:18.929+0100] {processor.py:153} INFO - Started process (PID=31355) to work on /Users/b/Documents/workflow/venv/lib/python3.11/site-packages/airflow/example_dags/plugins/event_listener.py
[2023-10-15T15:23:18.931+0100] {processor.py:743} INFO - Processing file /Users/b/Documents/workflow/venv/lib/python3.11/site-packages/airflow/example_dags/plugins/event_listener.py for tasks to queue
[2023-10-15T15:23:18.931+0100] {logging_mixin.py:137} INFO - [2023-10-15T15:23:18.931+0100] {dagbag.py:532} INFO - Filling up the DagBag from /Users/b/Documents/workflow/venv/lib/python3.11/site-packages/airflow/example_dags/plugins/event_listener.py
[2023-10-15T15:23:18.935+0100] {processor.py:755} WARNING - No viable dags retrieved from /Users/b/Documents/workflow/venv/lib/python3.11/site-packages/airflow/example_dags/plugins/event_listener.py
[2023-10-15T15:23:19.083+0100] {processor.py:175} INFO - Processing /Users/b/Documents/workflow/venv/lib/python3.11/site-packages/airflow/example_dags/plugins/event_listener.py took 0.154 seconds
[2023-10-15T15:24:23.771+0100] {processor.py:153} INFO - Started process (PID=31490) to work on /Users/b/Documents/workflow/venv/lib/python3.11/site-packages/airflow/example_dags/plugins/event_listener.py
[2023-10-15T15:24:23.773+0100] {processor.py:743} INFO - Processing file /Users/b/Documents/workflow/venv/lib/python3.11/site-packages/airflow/example_dags/plugins/event_listener.py for tasks to queue
[2023-10-15T15:24:23.774+0100] {logging_mixin.py:137} INFO - [2023-10-15T15:24:23.774+0100] {dagbag.py:532} INFO - Filling up the DagBag from /Users/b/Documents/workflow/venv/lib/python3.11/site-packages/airflow/example_dags/plugins/event_listener.py
[2023-10-15T15:24:23.778+0100] {processor.py:755} WARNING - No viable dags retrieved from /Users/b/Documents/workflow/venv/lib/python3.11/site-packages/airflow/example_dags/plugins/event_listener.py
[2023-10-15T15:24:23.942+0100] {processor.py:175} INFO - Processing /Users/b/Documents/workflow/venv/lib/python3.11/site-packages/airflow/example_dags/plugins/event_listener.py took 0.171 seconds
[2023-10-15T15:25:29.973+0100] {processor.py:153} INFO - Started process (PID=31617) to work on /Users/b/Documents/workflow/venv/lib/python3.11/site-packages/airflow/example_dags/plugins/event_listener.py
[2023-10-15T15:25:29.976+0100] {processor.py:743} INFO - Processing file /Users/b/Documents/workflow/venv/lib/python3.11/site-packages/airflow/example_dags/plugins/event_listener.py for tasks to queue
[2023-10-15T15:25:29.976+0100] {logging_mixin.py:137} INFO - [2023-10-15T15:25:29.976+0100] {dagbag.py:532} INFO - Filling up the DagBag from /Users/b/Documents/workflow/venv/lib/python3.11/site-packages/airflow/example_dags/plugins/event_listener.py
[2023-10-15T15:25:29.980+0100] {processor.py:755} WARNING - No viable dags retrieved from /Users/b/Documents/workflow/venv/lib/python3.11/site-packages/airflow/example_dags/plugins/event_listener.py
[2023-10-15T15:25:30.137+0100] {processor.py:175} INFO - Processing /Users/b/Documents/workflow/venv/lib/python3.11/site-packages/airflow/example_dags/plugins/event_listener.py took 0.163 seconds
[2023-10-15T15:26:34.873+0100] {processor.py:153} INFO - Started process (PID=31740) to work on /Users/b/Documents/workflow/venv/lib/python3.11/site-packages/airflow/example_dags/plugins/event_listener.py
[2023-10-15T15:26:34.876+0100] {processor.py:743} INFO - Processing file /Users/b/Documents/workflow/venv/lib/python3.11/site-packages/airflow/example_dags/plugins/event_listener.py for tasks to queue
[2023-10-15T15:26:34.876+0100] {logging_mixin.py:137} INFO - [2023-10-15T15:26:34.876+0100] {dagbag.py:532} INFO - Filling up the DagBag from /Users/b/Documents/workflow/venv/lib/python3.11/site-packages/airflow/example_dags/plugins/event_listener.py
[2023-10-15T15:26:34.880+0100] {processor.py:755} WARNING - No viable dags retrieved from /Users/b/Documents/workflow/venv/lib/python3.11/site-packages/airflow/example_dags/plugins/event_listener.py
[2023-10-15T15:26:35.027+0100] {processor.py:175} INFO - Processing /Users/b/Documents/workflow/venv/lib/python3.11/site-packages/airflow/example_dags/plugins/event_listener.py took 0.154 seconds
[2023-10-15T15:27:39.313+0100] {processor.py:153} INFO - Started process (PID=31850) to work on /Users/b/Documents/workflow/venv/lib/python3.11/site-packages/airflow/example_dags/plugins/event_listener.py
[2023-10-15T15:27:39.315+0100] {processor.py:743} INFO - Processing file /Users/b/Documents/workflow/venv/lib/python3.11/site-packages/airflow/example_dags/plugins/event_listener.py for tasks to queue
[2023-10-15T15:27:39.315+0100] {logging_mixin.py:137} INFO - [2023-10-15T15:27:39.315+0100] {dagbag.py:532} INFO - Filling up the DagBag from /Users/b/Documents/workflow/venv/lib/python3.11/site-packages/airflow/example_dags/plugins/event_listener.py
[2023-10-15T15:27:39.319+0100] {processor.py:755} WARNING - No viable dags retrieved from /Users/b/Documents/workflow/venv/lib/python3.11/site-packages/airflow/example_dags/plugins/event_listener.py
[2023-10-15T15:27:39.469+0100] {processor.py:175} INFO - Processing /Users/b/Documents/workflow/venv/lib/python3.11/site-packages/airflow/example_dags/plugins/event_listener.py took 0.156 seconds
[2023-10-15T15:28:43.943+0100] {processor.py:153} INFO - Started process (PID=31963) to work on /Users/b/Documents/workflow/venv/lib/python3.11/site-packages/airflow/example_dags/plugins/event_listener.py
[2023-10-15T15:28:43.946+0100] {processor.py:743} INFO - Processing file /Users/b/Documents/workflow/venv/lib/python3.11/site-packages/airflow/example_dags/plugins/event_listener.py for tasks to queue
[2023-10-15T15:28:43.946+0100] {logging_mixin.py:137} INFO - [2023-10-15T15:28:43.946+0100] {dagbag.py:532} INFO - Filling up the DagBag from /Users/b/Documents/workflow/venv/lib/python3.11/site-packages/airflow/example_dags/plugins/event_listener.py
[2023-10-15T15:28:43.950+0100] {processor.py:755} WARNING - No viable dags retrieved from /Users/b/Documents/workflow/venv/lib/python3.11/site-packages/airflow/example_dags/plugins/event_listener.py
[2023-10-15T15:28:44.097+0100] {processor.py:175} INFO - Processing /Users/b/Documents/workflow/venv/lib/python3.11/site-packages/airflow/example_dags/plugins/event_listener.py took 0.153 seconds
[2023-10-15T15:29:49.223+0100] {processor.py:153} INFO - Started process (PID=32083) to work on /Users/b/Documents/workflow/venv/lib/python3.11/site-packages/airflow/example_dags/plugins/event_listener.py
[2023-10-15T15:29:49.226+0100] {processor.py:743} INFO - Processing file /Users/b/Documents/workflow/venv/lib/python3.11/site-packages/airflow/example_dags/plugins/event_listener.py for tasks to queue
[2023-10-15T15:29:49.226+0100] {logging_mixin.py:137} INFO - [2023-10-15T15:29:49.226+0100] {dagbag.py:532} INFO - Filling up the DagBag from /Users/b/Documents/workflow/venv/lib/python3.11/site-packages/airflow/example_dags/plugins/event_listener.py
[2023-10-15T15:29:49.230+0100] {processor.py:755} WARNING - No viable dags retrieved from /Users/b/Documents/workflow/venv/lib/python3.11/site-packages/airflow/example_dags/plugins/event_listener.py
[2023-10-15T15:29:49.379+0100] {processor.py:175} INFO - Processing /Users/b/Documents/workflow/venv/lib/python3.11/site-packages/airflow/example_dags/plugins/event_listener.py took 0.156 seconds
[2023-10-15T15:30:52.099+0100] {processor.py:153} INFO - Started process (PID=32204) to work on /Users/b/Documents/workflow/venv/lib/python3.11/site-packages/airflow/example_dags/plugins/event_listener.py
[2023-10-15T15:30:52.102+0100] {processor.py:743} INFO - Processing file /Users/b/Documents/workflow/venv/lib/python3.11/site-packages/airflow/example_dags/plugins/event_listener.py for tasks to queue
[2023-10-15T15:30:52.102+0100] {logging_mixin.py:137} INFO - [2023-10-15T15:30:52.102+0100] {dagbag.py:532} INFO - Filling up the DagBag from /Users/b/Documents/workflow/venv/lib/python3.11/site-packages/airflow/example_dags/plugins/event_listener.py
[2023-10-15T15:30:52.106+0100] {processor.py:755} WARNING - No viable dags retrieved from /Users/b/Documents/workflow/venv/lib/python3.11/site-packages/airflow/example_dags/plugins/event_listener.py
[2023-10-15T15:30:52.285+0100] {processor.py:175} INFO - Processing /Users/b/Documents/workflow/venv/lib/python3.11/site-packages/airflow/example_dags/plugins/event_listener.py took 0.186 seconds
[2023-10-15T15:32:02.365+0100] {processor.py:153} INFO - Started process (PID=32334) to work on /Users/b/Documents/workflow/venv/lib/python3.11/site-packages/airflow/example_dags/plugins/event_listener.py
[2023-10-15T15:32:02.367+0100] {processor.py:743} INFO - Processing file /Users/b/Documents/workflow/venv/lib/python3.11/site-packages/airflow/example_dags/plugins/event_listener.py for tasks to queue
[2023-10-15T15:32:02.367+0100] {logging_mixin.py:137} INFO - [2023-10-15T15:32:02.367+0100] {dagbag.py:532} INFO - Filling up the DagBag from /Users/b/Documents/workflow/venv/lib/python3.11/site-packages/airflow/example_dags/plugins/event_listener.py
[2023-10-15T15:32:02.371+0100] {processor.py:755} WARNING - No viable dags retrieved from /Users/b/Documents/workflow/venv/lib/python3.11/site-packages/airflow/example_dags/plugins/event_listener.py
[2023-10-15T15:32:02.541+0100] {processor.py:175} INFO - Processing /Users/b/Documents/workflow/venv/lib/python3.11/site-packages/airflow/example_dags/plugins/event_listener.py took 0.177 seconds
[2023-10-15T15:33:06.366+0100] {processor.py:153} INFO - Started process (PID=32465) to work on /Users/b/Documents/workflow/venv/lib/python3.11/site-packages/airflow/example_dags/plugins/event_listener.py
[2023-10-15T15:33:06.369+0100] {processor.py:743} INFO - Processing file /Users/b/Documents/workflow/venv/lib/python3.11/site-packages/airflow/example_dags/plugins/event_listener.py for tasks to queue
[2023-10-15T15:33:06.369+0100] {logging_mixin.py:137} INFO - [2023-10-15T15:33:06.369+0100] {dagbag.py:532} INFO - Filling up the DagBag from /Users/b/Documents/workflow/venv/lib/python3.11/site-packages/airflow/example_dags/plugins/event_listener.py
[2023-10-15T15:33:06.373+0100] {processor.py:755} WARNING - No viable dags retrieved from /Users/b/Documents/workflow/venv/lib/python3.11/site-packages/airflow/example_dags/plugins/event_listener.py
[2023-10-15T15:33:06.543+0100] {processor.py:175} INFO - Processing /Users/b/Documents/workflow/venv/lib/python3.11/site-packages/airflow/example_dags/plugins/event_listener.py took 0.177 seconds
