[2023-10-15T15:11:19.402+0100] {processor.py:153} INFO - Started process (PID=29412) to work on /Users/b/Documents/workflow/venv/lib/python3.11/site-packages/airflow/example_dags/plugins/listener_plugin.py
[2023-10-15T15:11:19.404+0100] {processor.py:743} INFO - Processing file /Users/b/Documents/workflow/venv/lib/python3.11/site-packages/airflow/example_dags/plugins/listener_plugin.py for tasks to queue
[2023-10-15T15:11:19.404+0100] {logging_mixin.py:137} INFO - [2023-10-15T15:11:19.404+0100] {dagbag.py:532} INFO - Filling up the DagBag from /Users/b/Documents/workflow/venv/lib/python3.11/site-packages/airflow/example_dags/plugins/listener_plugin.py
[2023-10-15T15:11:19.408+0100] {processor.py:755} WARNING - No viable dags retrieved from /Users/b/Documents/workflow/venv/lib/python3.11/site-packages/airflow/example_dags/plugins/listener_plugin.py
[2023-10-15T15:11:19.569+0100] {processor.py:175} INFO - Processing /Users/b/Documents/workflow/venv/lib/python3.11/site-packages/airflow/example_dags/plugins/listener_plugin.py took 0.167 seconds
[2023-10-15T15:12:24.109+0100] {processor.py:153} INFO - Started process (PID=29547) to work on /Users/b/Documents/workflow/venv/lib/python3.11/site-packages/airflow/example_dags/plugins/listener_plugin.py
[2023-10-15T15:12:24.111+0100] {processor.py:743} INFO - Processing file /Users/b/Documents/workflow/venv/lib/python3.11/site-packages/airflow/example_dags/plugins/listener_plugin.py for tasks to queue
[2023-10-15T15:12:24.111+0100] {logging_mixin.py:137} INFO - [2023-10-15T15:12:24.111+0100] {dagbag.py:532} INFO - Filling up the DagBag from /Users/b/Documents/workflow/venv/lib/python3.11/site-packages/airflow/example_dags/plugins/listener_plugin.py
[2023-10-15T15:12:24.116+0100] {processor.py:755} WARNING - No viable dags retrieved from /Users/b/Documents/workflow/venv/lib/python3.11/site-packages/airflow/example_dags/plugins/listener_plugin.py
[2023-10-15T15:12:24.263+0100] {processor.py:175} INFO - Processing /Users/b/Documents/workflow/venv/lib/python3.11/site-packages/airflow/example_dags/plugins/listener_plugin.py took 0.155 seconds
[2023-10-15T15:13:34.709+0100] {processor.py:153} INFO - Started process (PID=30007) to work on /Users/b/Documents/workflow/venv/lib/python3.11/site-packages/airflow/example_dags/plugins/listener_plugin.py
[2023-10-15T15:13:34.710+0100] {processor.py:743} INFO - Processing file /Users/b/Documents/workflow/venv/lib/python3.11/site-packages/airflow/example_dags/plugins/listener_plugin.py for tasks to queue
[2023-10-15T15:13:34.711+0100] {logging_mixin.py:137} INFO - [2023-10-15T15:13:34.711+0100] {dagbag.py:532} INFO - Filling up the DagBag from /Users/b/Documents/workflow/venv/lib/python3.11/site-packages/airflow/example_dags/plugins/listener_plugin.py
[2023-10-15T15:13:34.715+0100] {processor.py:755} WARNING - No viable dags retrieved from /Users/b/Documents/workflow/venv/lib/python3.11/site-packages/airflow/example_dags/plugins/listener_plugin.py
[2023-10-15T15:13:34.868+0100] {processor.py:175} INFO - Processing /Users/b/Documents/workflow/venv/lib/python3.11/site-packages/airflow/example_dags/plugins/listener_plugin.py took 0.159 seconds
[2023-10-15T15:14:39.167+0100] {processor.py:153} INFO - Started process (PID=30224) to work on /Users/b/Documents/workflow/venv/lib/python3.11/site-packages/airflow/example_dags/plugins/listener_plugin.py
[2023-10-15T15:14:39.169+0100] {processor.py:743} INFO - Processing file /Users/b/Documents/workflow/venv/lib/python3.11/site-packages/airflow/example_dags/plugins/listener_plugin.py for tasks to queue
[2023-10-15T15:14:39.169+0100] {logging_mixin.py:137} INFO - [2023-10-15T15:14:39.169+0100] {dagbag.py:532} INFO - Filling up the DagBag from /Users/b/Documents/workflow/venv/lib/python3.11/site-packages/airflow/example_dags/plugins/listener_plugin.py
[2023-10-15T15:14:39.175+0100] {processor.py:755} WARNING - No viable dags retrieved from /Users/b/Documents/workflow/venv/lib/python3.11/site-packages/airflow/example_dags/plugins/listener_plugin.py
[2023-10-15T15:14:39.344+0100] {processor.py:175} INFO - Processing /Users/b/Documents/workflow/venv/lib/python3.11/site-packages/airflow/example_dags/plugins/listener_plugin.py took 0.177 seconds
[2023-10-15T15:15:41.210+0100] {processor.py:153} INFO - Started process (PID=30353) to work on /Users/b/Documents/workflow/venv/lib/python3.11/site-packages/airflow/example_dags/plugins/listener_plugin.py
[2023-10-15T15:15:41.212+0100] {processor.py:743} INFO - Processing file /Users/b/Documents/workflow/venv/lib/python3.11/site-packages/airflow/example_dags/plugins/listener_plugin.py for tasks to queue
[2023-10-15T15:15:41.212+0100] {logging_mixin.py:137} INFO - [2023-10-15T15:15:41.212+0100] {dagbag.py:532} INFO - Filling up the DagBag from /Users/b/Documents/workflow/venv/lib/python3.11/site-packages/airflow/example_dags/plugins/listener_plugin.py
[2023-10-15T15:15:41.217+0100] {processor.py:755} WARNING - No viable dags retrieved from /Users/b/Documents/workflow/venv/lib/python3.11/site-packages/airflow/example_dags/plugins/listener_plugin.py
[2023-10-15T15:15:41.369+0100] {processor.py:175} INFO - Processing /Users/b/Documents/workflow/venv/lib/python3.11/site-packages/airflow/example_dags/plugins/listener_plugin.py took 0.160 seconds
[2023-10-15T15:16:27.338+0100] {processor.py:153} INFO - Started process (PID=30451) to work on /Users/b/Documents/workflow/venv/lib/python3.11/site-packages/airflow/example_dags/plugins/listener_plugin.py
[2023-10-15T15:16:27.341+0100] {processor.py:743} INFO - Processing file /Users/b/Documents/workflow/venv/lib/python3.11/site-packages/airflow/example_dags/plugins/listener_plugin.py for tasks to queue
[2023-10-15T15:16:27.341+0100] {logging_mixin.py:137} INFO - [2023-10-15T15:16:27.341+0100] {dagbag.py:532} INFO - Filling up the DagBag from /Users/b/Documents/workflow/venv/lib/python3.11/site-packages/airflow/example_dags/plugins/listener_plugin.py
[2023-10-15T15:16:27.345+0100] {processor.py:755} WARNING - No viable dags retrieved from /Users/b/Documents/workflow/venv/lib/python3.11/site-packages/airflow/example_dags/plugins/listener_plugin.py
[2023-10-15T15:16:27.520+0100] {processor.py:175} INFO - Processing /Users/b/Documents/workflow/venv/lib/python3.11/site-packages/airflow/example_dags/plugins/listener_plugin.py took 0.182 seconds
[2023-10-15T15:19:59.006+0100] {processor.py:153} INFO - Started process (PID=30823) to work on /Users/b/Documents/workflow/venv/lib/python3.11/site-packages/airflow/example_dags/plugins/listener_plugin.py
[2023-10-15T15:19:59.009+0100] {processor.py:743} INFO - Processing file /Users/b/Documents/workflow/venv/lib/python3.11/site-packages/airflow/example_dags/plugins/listener_plugin.py for tasks to queue
[2023-10-15T15:19:59.009+0100] {logging_mixin.py:137} INFO - [2023-10-15T15:19:59.009+0100] {dagbag.py:532} INFO - Filling up the DagBag from /Users/b/Documents/workflow/venv/lib/python3.11/site-packages/airflow/example_dags/plugins/listener_plugin.py
[2023-10-15T15:19:59.014+0100] {processor.py:755} WARNING - No viable dags retrieved from /Users/b/Documents/workflow/venv/lib/python3.11/site-packages/airflow/example_dags/plugins/listener_plugin.py
[2023-10-15T15:19:59.171+0100] {processor.py:175} INFO - Processing /Users/b/Documents/workflow/venv/lib/python3.11/site-packages/airflow/example_dags/plugins/listener_plugin.py took 0.166 seconds
[2023-10-15T15:21:10.498+0100] {processor.py:153} INFO - Started process (PID=31014) to work on /Users/b/Documents/workflow/venv/lib/python3.11/site-packages/airflow/example_dags/plugins/listener_plugin.py
[2023-10-15T15:21:10.501+0100] {processor.py:743} INFO - Processing file /Users/b/Documents/workflow/venv/lib/python3.11/site-packages/airflow/example_dags/plugins/listener_plugin.py for tasks to queue
[2023-10-15T15:21:10.501+0100] {logging_mixin.py:137} INFO - [2023-10-15T15:21:10.501+0100] {dagbag.py:532} INFO - Filling up the DagBag from /Users/b/Documents/workflow/venv/lib/python3.11/site-packages/airflow/example_dags/plugins/listener_plugin.py
[2023-10-15T15:21:10.510+0100] {processor.py:755} WARNING - No viable dags retrieved from /Users/b/Documents/workflow/venv/lib/python3.11/site-packages/airflow/example_dags/plugins/listener_plugin.py
[2023-10-15T15:21:10.679+0100] {processor.py:175} INFO - Processing /Users/b/Documents/workflow/venv/lib/python3.11/site-packages/airflow/example_dags/plugins/listener_plugin.py took 0.182 seconds
[2023-10-15T15:22:12.602+0100] {processor.py:153} INFO - Started process (PID=31199) to work on /Users/b/Documents/workflow/venv/lib/python3.11/site-packages/airflow/example_dags/plugins/listener_plugin.py
[2023-10-15T15:22:12.605+0100] {processor.py:743} INFO - Processing file /Users/b/Documents/workflow/venv/lib/python3.11/site-packages/airflow/example_dags/plugins/listener_plugin.py for tasks to queue
[2023-10-15T15:22:12.605+0100] {logging_mixin.py:137} INFO - [2023-10-15T15:22:12.605+0100] {dagbag.py:532} INFO - Filling up the DagBag from /Users/b/Documents/workflow/venv/lib/python3.11/site-packages/airflow/example_dags/plugins/listener_plugin.py
[2023-10-15T15:22:12.610+0100] {processor.py:755} WARNING - No viable dags retrieved from /Users/b/Documents/workflow/venv/lib/python3.11/site-packages/airflow/example_dags/plugins/listener_plugin.py
[2023-10-15T15:22:12.781+0100] {processor.py:175} INFO - Processing /Users/b/Documents/workflow/venv/lib/python3.11/site-packages/airflow/example_dags/plugins/listener_plugin.py took 0.179 seconds
[2023-10-15T15:23:17.215+0100] {processor.py:153} INFO - Started process (PID=31351) to work on /Users/b/Documents/workflow/venv/lib/python3.11/site-packages/airflow/example_dags/plugins/listener_plugin.py
[2023-10-15T15:23:17.219+0100] {processor.py:743} INFO - Processing file /Users/b/Documents/workflow/venv/lib/python3.11/site-packages/airflow/example_dags/plugins/listener_plugin.py for tasks to queue
[2023-10-15T15:23:17.219+0100] {logging_mixin.py:137} INFO - [2023-10-15T15:23:17.219+0100] {dagbag.py:532} INFO - Filling up the DagBag from /Users/b/Documents/workflow/venv/lib/python3.11/site-packages/airflow/example_dags/plugins/listener_plugin.py
[2023-10-15T15:23:17.228+0100] {processor.py:755} WARNING - No viable dags retrieved from /Users/b/Documents/workflow/venv/lib/python3.11/site-packages/airflow/example_dags/plugins/listener_plugin.py
[2023-10-15T15:23:17.411+0100] {processor.py:175} INFO - Processing /Users/b/Documents/workflow/venv/lib/python3.11/site-packages/airflow/example_dags/plugins/listener_plugin.py took 0.197 seconds
[2023-10-15T15:24:22.062+0100] {processor.py:153} INFO - Started process (PID=31486) to work on /Users/b/Documents/workflow/venv/lib/python3.11/site-packages/airflow/example_dags/plugins/listener_plugin.py
[2023-10-15T15:24:22.065+0100] {processor.py:743} INFO - Processing file /Users/b/Documents/workflow/venv/lib/python3.11/site-packages/airflow/example_dags/plugins/listener_plugin.py for tasks to queue
[2023-10-15T15:24:22.065+0100] {logging_mixin.py:137} INFO - [2023-10-15T15:24:22.065+0100] {dagbag.py:532} INFO - Filling up the DagBag from /Users/b/Documents/workflow/venv/lib/python3.11/site-packages/airflow/example_dags/plugins/listener_plugin.py
[2023-10-15T15:24:22.070+0100] {processor.py:755} WARNING - No viable dags retrieved from /Users/b/Documents/workflow/venv/lib/python3.11/site-packages/airflow/example_dags/plugins/listener_plugin.py
[2023-10-15T15:24:22.257+0100] {processor.py:175} INFO - Processing /Users/b/Documents/workflow/venv/lib/python3.11/site-packages/airflow/example_dags/plugins/listener_plugin.py took 0.195 seconds
[2023-10-15T15:25:28.289+0100] {processor.py:153} INFO - Started process (PID=31616) to work on /Users/b/Documents/workflow/venv/lib/python3.11/site-packages/airflow/example_dags/plugins/listener_plugin.py
[2023-10-15T15:25:28.292+0100] {processor.py:743} INFO - Processing file /Users/b/Documents/workflow/venv/lib/python3.11/site-packages/airflow/example_dags/plugins/listener_plugin.py for tasks to queue
[2023-10-15T15:25:28.292+0100] {logging_mixin.py:137} INFO - [2023-10-15T15:25:28.292+0100] {dagbag.py:532} INFO - Filling up the DagBag from /Users/b/Documents/workflow/venv/lib/python3.11/site-packages/airflow/example_dags/plugins/listener_plugin.py
[2023-10-15T15:25:28.301+0100] {processor.py:755} WARNING - No viable dags retrieved from /Users/b/Documents/workflow/venv/lib/python3.11/site-packages/airflow/example_dags/plugins/listener_plugin.py
[2023-10-15T15:25:28.468+0100] {processor.py:175} INFO - Processing /Users/b/Documents/workflow/venv/lib/python3.11/site-packages/airflow/example_dags/plugins/listener_plugin.py took 0.179 seconds
[2023-10-15T15:26:33.251+0100] {processor.py:153} INFO - Started process (PID=31739) to work on /Users/b/Documents/workflow/venv/lib/python3.11/site-packages/airflow/example_dags/plugins/listener_plugin.py
[2023-10-15T15:26:33.254+0100] {processor.py:743} INFO - Processing file /Users/b/Documents/workflow/venv/lib/python3.11/site-packages/airflow/example_dags/plugins/listener_plugin.py for tasks to queue
[2023-10-15T15:26:33.254+0100] {logging_mixin.py:137} INFO - [2023-10-15T15:26:33.254+0100] {dagbag.py:532} INFO - Filling up the DagBag from /Users/b/Documents/workflow/venv/lib/python3.11/site-packages/airflow/example_dags/plugins/listener_plugin.py
[2023-10-15T15:26:33.259+0100] {processor.py:755} WARNING - No viable dags retrieved from /Users/b/Documents/workflow/venv/lib/python3.11/site-packages/airflow/example_dags/plugins/listener_plugin.py
[2023-10-15T15:26:33.406+0100] {processor.py:175} INFO - Processing /Users/b/Documents/workflow/venv/lib/python3.11/site-packages/airflow/example_dags/plugins/listener_plugin.py took 0.155 seconds
[2023-10-15T15:27:37.683+0100] {processor.py:153} INFO - Started process (PID=31849) to work on /Users/b/Documents/workflow/venv/lib/python3.11/site-packages/airflow/example_dags/plugins/listener_plugin.py
[2023-10-15T15:27:37.685+0100] {processor.py:743} INFO - Processing file /Users/b/Documents/workflow/venv/lib/python3.11/site-packages/airflow/example_dags/plugins/listener_plugin.py for tasks to queue
[2023-10-15T15:27:37.685+0100] {logging_mixin.py:137} INFO - [2023-10-15T15:27:37.685+0100] {dagbag.py:532} INFO - Filling up the DagBag from /Users/b/Documents/workflow/venv/lib/python3.11/site-packages/airflow/example_dags/plugins/listener_plugin.py
[2023-10-15T15:27:37.690+0100] {processor.py:755} WARNING - No viable dags retrieved from /Users/b/Documents/workflow/venv/lib/python3.11/site-packages/airflow/example_dags/plugins/listener_plugin.py
[2023-10-15T15:27:37.837+0100] {processor.py:175} INFO - Processing /Users/b/Documents/workflow/venv/lib/python3.11/site-packages/airflow/example_dags/plugins/listener_plugin.py took 0.155 seconds
[2023-10-15T15:28:42.254+0100] {processor.py:153} INFO - Started process (PID=31958) to work on /Users/b/Documents/workflow/venv/lib/python3.11/site-packages/airflow/example_dags/plugins/listener_plugin.py
[2023-10-15T15:28:42.256+0100] {processor.py:743} INFO - Processing file /Users/b/Documents/workflow/venv/lib/python3.11/site-packages/airflow/example_dags/plugins/listener_plugin.py for tasks to queue
[2023-10-15T15:28:42.257+0100] {logging_mixin.py:137} INFO - [2023-10-15T15:28:42.257+0100] {dagbag.py:532} INFO - Filling up the DagBag from /Users/b/Documents/workflow/venv/lib/python3.11/site-packages/airflow/example_dags/plugins/listener_plugin.py
[2023-10-15T15:28:42.262+0100] {processor.py:755} WARNING - No viable dags retrieved from /Users/b/Documents/workflow/venv/lib/python3.11/site-packages/airflow/example_dags/plugins/listener_plugin.py
[2023-10-15T15:28:42.424+0100] {processor.py:175} INFO - Processing /Users/b/Documents/workflow/venv/lib/python3.11/site-packages/airflow/example_dags/plugins/listener_plugin.py took 0.171 seconds
[2023-10-15T15:29:47.561+0100] {processor.py:153} INFO - Started process (PID=32082) to work on /Users/b/Documents/workflow/venv/lib/python3.11/site-packages/airflow/example_dags/plugins/listener_plugin.py
[2023-10-15T15:29:47.564+0100] {processor.py:743} INFO - Processing file /Users/b/Documents/workflow/venv/lib/python3.11/site-packages/airflow/example_dags/plugins/listener_plugin.py for tasks to queue
[2023-10-15T15:29:47.564+0100] {logging_mixin.py:137} INFO - [2023-10-15T15:29:47.564+0100] {dagbag.py:532} INFO - Filling up the DagBag from /Users/b/Documents/workflow/venv/lib/python3.11/site-packages/airflow/example_dags/plugins/listener_plugin.py
[2023-10-15T15:29:47.569+0100] {processor.py:755} WARNING - No viable dags retrieved from /Users/b/Documents/workflow/venv/lib/python3.11/site-packages/airflow/example_dags/plugins/listener_plugin.py
[2023-10-15T15:29:47.724+0100] {processor.py:175} INFO - Processing /Users/b/Documents/workflow/venv/lib/python3.11/site-packages/airflow/example_dags/plugins/listener_plugin.py took 0.163 seconds
[2023-10-15T15:30:51.460+0100] {processor.py:153} INFO - Started process (PID=32201) to work on /Users/b/Documents/workflow/venv/lib/python3.11/site-packages/airflow/example_dags/plugins/listener_plugin.py
[2023-10-15T15:30:51.462+0100] {processor.py:743} INFO - Processing file /Users/b/Documents/workflow/venv/lib/python3.11/site-packages/airflow/example_dags/plugins/listener_plugin.py for tasks to queue
[2023-10-15T15:30:51.463+0100] {logging_mixin.py:137} INFO - [2023-10-15T15:30:51.462+0100] {dagbag.py:532} INFO - Filling up the DagBag from /Users/b/Documents/workflow/venv/lib/python3.11/site-packages/airflow/example_dags/plugins/listener_plugin.py
[2023-10-15T15:30:51.468+0100] {processor.py:755} WARNING - No viable dags retrieved from /Users/b/Documents/workflow/venv/lib/python3.11/site-packages/airflow/example_dags/plugins/listener_plugin.py
[2023-10-15T15:30:51.623+0100] {processor.py:175} INFO - Processing /Users/b/Documents/workflow/venv/lib/python3.11/site-packages/airflow/example_dags/plugins/listener_plugin.py took 0.163 seconds
[2023-10-15T15:32:00.704+0100] {processor.py:153} INFO - Started process (PID=32330) to work on /Users/b/Documents/workflow/venv/lib/python3.11/site-packages/airflow/example_dags/plugins/listener_plugin.py
[2023-10-15T15:32:00.707+0100] {processor.py:743} INFO - Processing file /Users/b/Documents/workflow/venv/lib/python3.11/site-packages/airflow/example_dags/plugins/listener_plugin.py for tasks to queue
[2023-10-15T15:32:00.707+0100] {logging_mixin.py:137} INFO - [2023-10-15T15:32:00.707+0100] {dagbag.py:532} INFO - Filling up the DagBag from /Users/b/Documents/workflow/venv/lib/python3.11/site-packages/airflow/example_dags/plugins/listener_plugin.py
[2023-10-15T15:32:00.712+0100] {processor.py:755} WARNING - No viable dags retrieved from /Users/b/Documents/workflow/venv/lib/python3.11/site-packages/airflow/example_dags/plugins/listener_plugin.py
[2023-10-15T15:32:00.875+0100] {processor.py:175} INFO - Processing /Users/b/Documents/workflow/venv/lib/python3.11/site-packages/airflow/example_dags/plugins/listener_plugin.py took 0.171 seconds
[2023-10-15T15:33:04.728+0100] {processor.py:153} INFO - Started process (PID=32464) to work on /Users/b/Documents/workflow/venv/lib/python3.11/site-packages/airflow/example_dags/plugins/listener_plugin.py
[2023-10-15T15:33:04.731+0100] {processor.py:743} INFO - Processing file /Users/b/Documents/workflow/venv/lib/python3.11/site-packages/airflow/example_dags/plugins/listener_plugin.py for tasks to queue
[2023-10-15T15:33:04.731+0100] {logging_mixin.py:137} INFO - [2023-10-15T15:33:04.731+0100] {dagbag.py:532} INFO - Filling up the DagBag from /Users/b/Documents/workflow/venv/lib/python3.11/site-packages/airflow/example_dags/plugins/listener_plugin.py
[2023-10-15T15:33:04.736+0100] {processor.py:755} WARNING - No viable dags retrieved from /Users/b/Documents/workflow/venv/lib/python3.11/site-packages/airflow/example_dags/plugins/listener_plugin.py
[2023-10-15T15:33:04.889+0100] {processor.py:175} INFO - Processing /Users/b/Documents/workflow/venv/lib/python3.11/site-packages/airflow/example_dags/plugins/listener_plugin.py took 0.161 seconds
