[2023-10-15T16:06:53.623+0100] {taskinstance.py:1090} INFO - Dependencies all met for dep_context=non-requeueable deps ti=<TaskInstance: execute.taskA scheduled__2023-10-14T00:00:00+00:00 [queued]>
[2023-10-15T16:06:53.627+0100] {taskinstance.py:1090} INFO - Dependencies all met for dep_context=requeueable deps ti=<TaskInstance: execute.taskA scheduled__2023-10-14T00:00:00+00:00 [queued]>
[2023-10-15T16:06:53.627+0100] {taskinstance.py:1288} INFO - 
--------------------------------------------------------------------------------
[2023-10-15T16:06:53.627+0100] {taskinstance.py:1289} INFO - Starting attempt 1 of 1
[2023-10-15T16:06:53.627+0100] {taskinstance.py:1290} INFO - 
--------------------------------------------------------------------------------
[2023-10-15T16:06:53.630+0100] {taskinstance.py:1309} INFO - Executing <Task(BashOperator): taskA> on 2023-10-14 00:00:00+00:00
[2023-10-15T16:06:53.632+0100] {standard_task_runner.py:55} INFO - Started process 37964 to run task
[2023-10-15T16:06:53.634+0100] {standard_task_runner.py:82} INFO - Running: ['airflow', 'tasks', 'run', 'execute', 'taskA', 'scheduled__2023-10-14T00:00:00+00:00', '--job-id', '13', '--raw', '--subdir', 'DAGS_FOLDER/__pycache__/execute.py', '--cfg-path', '/var/folders/_3/bj8r7kz51nz4g7hl_dpr6jdw0000gn/T/tmp9hx8896i']
[2023-10-15T16:06:53.637+0100] {standard_task_runner.py:83} INFO - Job 13: Subtask taskA
[2023-10-15T16:06:53.661+0100] {task_command.py:389} INFO - Running <TaskInstance: execute.taskA scheduled__2023-10-14T00:00:00+00:00 [running]> on host 192.168.1.112
[2023-10-15T16:06:53.679+0100] {taskinstance.py:1516} INFO - Exporting the following env vars:
AIRFLOW_CTX_DAG_OWNER=workflow
AIRFLOW_CTX_DAG_ID=execute
AIRFLOW_CTX_TASK_ID=taskA
AIRFLOW_CTX_EXECUTION_DATE=2023-10-14T00:00:00+00:00
AIRFLOW_CTX_TRY_NUMBER=1
AIRFLOW_CTX_DAG_RUN_ID=scheduled__2023-10-14T00:00:00+00:00
[2023-10-15T16:06:53.680+0100] {subprocess.py:63} INFO - Tmp dir root location: 
 /var/folders/_3/bj8r7kz51nz4g7hl_dpr6jdw0000gn/T
[2023-10-15T16:06:53.680+0100] {subprocess.py:75} INFO - Running command: ['/bin/bash', '-c', 'echo "taskA has been executed"']
[2023-10-15T16:06:53.683+0100] {subprocess.py:86} INFO - Output:
[2023-10-15T16:06:53.688+0100] {subprocess.py:93} INFO - taskA has been executed
[2023-10-15T16:06:53.688+0100] {subprocess.py:97} INFO - Command exited with return code 0
[2023-10-15T16:06:53.694+0100] {taskinstance.py:1327} INFO - Marking task as SUCCESS. dag_id=execute, task_id=taskA, execution_date=20231014T000000, start_date=20231015T150653, end_date=20231015T150653
[2023-10-15T16:06:53.739+0100] {local_task_job.py:212} INFO - Task exited with return code 0
[2023-10-15T16:06:53.748+0100] {taskinstance.py:2596} INFO - 1 downstream tasks scheduled from follow-on schedule check
