[2023-10-15T15:11:16.069+0100] {processor.py:153} INFO - Started process (PID=29407) to work on /Users/b/Documents/workflow/venv/lib/python3.11/site-packages/airflow/example_dags/subdags/subdag.py
[2023-10-15T15:11:16.071+0100] {processor.py:743} INFO - Processing file /Users/b/Documents/workflow/venv/lib/python3.11/site-packages/airflow/example_dags/subdags/subdag.py for tasks to queue
[2023-10-15T15:11:16.071+0100] {logging_mixin.py:137} INFO - [2023-10-15T15:11:16.071+0100] {dagbag.py:532} INFO - Filling up the DagBag from /Users/b/Documents/workflow/venv/lib/python3.11/site-packages/airflow/example_dags/subdags/subdag.py
[2023-10-15T15:11:16.077+0100] {processor.py:755} WARNING - No viable dags retrieved from /Users/b/Documents/workflow/venv/lib/python3.11/site-packages/airflow/example_dags/subdags/subdag.py
[2023-10-15T15:11:16.224+0100] {processor.py:175} INFO - Processing /Users/b/Documents/workflow/venv/lib/python3.11/site-packages/airflow/example_dags/subdags/subdag.py took 0.155 seconds
[2023-10-15T15:12:20.394+0100] {processor.py:153} INFO - Started process (PID=29522) to work on /Users/b/Documents/workflow/venv/lib/python3.11/site-packages/airflow/example_dags/subdags/subdag.py
[2023-10-15T15:12:20.396+0100] {processor.py:743} INFO - Processing file /Users/b/Documents/workflow/venv/lib/python3.11/site-packages/airflow/example_dags/subdags/subdag.py for tasks to queue
[2023-10-15T15:12:20.396+0100] {logging_mixin.py:137} INFO - [2023-10-15T15:12:20.396+0100] {dagbag.py:532} INFO - Filling up the DagBag from /Users/b/Documents/workflow/venv/lib/python3.11/site-packages/airflow/example_dags/subdags/subdag.py
[2023-10-15T15:12:20.402+0100] {processor.py:755} WARNING - No viable dags retrieved from /Users/b/Documents/workflow/venv/lib/python3.11/site-packages/airflow/example_dags/subdags/subdag.py
[2023-10-15T15:12:20.566+0100] {processor.py:175} INFO - Processing /Users/b/Documents/workflow/venv/lib/python3.11/site-packages/airflow/example_dags/subdags/subdag.py took 0.172 seconds
[2023-10-15T15:13:31.451+0100] {processor.py:153} INFO - Started process (PID=29987) to work on /Users/b/Documents/workflow/venv/lib/python3.11/site-packages/airflow/example_dags/subdags/subdag.py
[2023-10-15T15:13:31.453+0100] {processor.py:743} INFO - Processing file /Users/b/Documents/workflow/venv/lib/python3.11/site-packages/airflow/example_dags/subdags/subdag.py for tasks to queue
[2023-10-15T15:13:31.453+0100] {logging_mixin.py:137} INFO - [2023-10-15T15:13:31.453+0100] {dagbag.py:532} INFO - Filling up the DagBag from /Users/b/Documents/workflow/venv/lib/python3.11/site-packages/airflow/example_dags/subdags/subdag.py
[2023-10-15T15:13:31.458+0100] {processor.py:755} WARNING - No viable dags retrieved from /Users/b/Documents/workflow/venv/lib/python3.11/site-packages/airflow/example_dags/subdags/subdag.py
[2023-10-15T15:13:31.612+0100] {processor.py:175} INFO - Processing /Users/b/Documents/workflow/venv/lib/python3.11/site-packages/airflow/example_dags/subdags/subdag.py took 0.162 seconds
[2023-10-15T15:14:36.780+0100] {processor.py:153} INFO - Started process (PID=30217) to work on /Users/b/Documents/workflow/venv/lib/python3.11/site-packages/airflow/example_dags/subdags/subdag.py
[2023-10-15T15:14:36.782+0100] {processor.py:743} INFO - Processing file /Users/b/Documents/workflow/venv/lib/python3.11/site-packages/airflow/example_dags/subdags/subdag.py for tasks to queue
[2023-10-15T15:14:36.783+0100] {logging_mixin.py:137} INFO - [2023-10-15T15:14:36.783+0100] {dagbag.py:532} INFO - Filling up the DagBag from /Users/b/Documents/workflow/venv/lib/python3.11/site-packages/airflow/example_dags/subdags/subdag.py
[2023-10-15T15:14:36.787+0100] {processor.py:755} WARNING - No viable dags retrieved from /Users/b/Documents/workflow/venv/lib/python3.11/site-packages/airflow/example_dags/subdags/subdag.py
[2023-10-15T15:14:36.934+0100] {processor.py:175} INFO - Processing /Users/b/Documents/workflow/venv/lib/python3.11/site-packages/airflow/example_dags/subdags/subdag.py took 0.154 seconds
[2023-10-15T15:15:38.980+0100] {processor.py:153} INFO - Started process (PID=30350) to work on /Users/b/Documents/workflow/venv/lib/python3.11/site-packages/airflow/example_dags/subdags/subdag.py
[2023-10-15T15:15:38.982+0100] {processor.py:743} INFO - Processing file /Users/b/Documents/workflow/venv/lib/python3.11/site-packages/airflow/example_dags/subdags/subdag.py for tasks to queue
[2023-10-15T15:15:38.982+0100] {logging_mixin.py:137} INFO - [2023-10-15T15:15:38.982+0100] {dagbag.py:532} INFO - Filling up the DagBag from /Users/b/Documents/workflow/venv/lib/python3.11/site-packages/airflow/example_dags/subdags/subdag.py
[2023-10-15T15:15:38.986+0100] {processor.py:755} WARNING - No viable dags retrieved from /Users/b/Documents/workflow/venv/lib/python3.11/site-packages/airflow/example_dags/subdags/subdag.py
[2023-10-15T15:15:39.131+0100] {processor.py:175} INFO - Processing /Users/b/Documents/workflow/venv/lib/python3.11/site-packages/airflow/example_dags/subdags/subdag.py took 0.152 seconds
[2023-10-15T15:16:24.068+0100] {processor.py:153} INFO - Started process (PID=30448) to work on /Users/b/Documents/workflow/venv/lib/python3.11/site-packages/airflow/example_dags/subdags/subdag.py
[2023-10-15T15:16:24.070+0100] {processor.py:743} INFO - Processing file /Users/b/Documents/workflow/venv/lib/python3.11/site-packages/airflow/example_dags/subdags/subdag.py for tasks to queue
[2023-10-15T15:16:24.070+0100] {logging_mixin.py:137} INFO - [2023-10-15T15:16:24.070+0100] {dagbag.py:532} INFO - Filling up the DagBag from /Users/b/Documents/workflow/venv/lib/python3.11/site-packages/airflow/example_dags/subdags/subdag.py
[2023-10-15T15:16:24.075+0100] {processor.py:755} WARNING - No viable dags retrieved from /Users/b/Documents/workflow/venv/lib/python3.11/site-packages/airflow/example_dags/subdags/subdag.py
[2023-10-15T15:16:24.230+0100] {processor.py:175} INFO - Processing /Users/b/Documents/workflow/venv/lib/python3.11/site-packages/airflow/example_dags/subdags/subdag.py took 0.162 seconds
[2023-10-15T15:19:55.481+0100] {processor.py:153} INFO - Started process (PID=30816) to work on /Users/b/Documents/workflow/venv/lib/python3.11/site-packages/airflow/example_dags/subdags/subdag.py
[2023-10-15T15:19:55.483+0100] {processor.py:743} INFO - Processing file /Users/b/Documents/workflow/venv/lib/python3.11/site-packages/airflow/example_dags/subdags/subdag.py for tasks to queue
[2023-10-15T15:19:55.483+0100] {logging_mixin.py:137} INFO - [2023-10-15T15:19:55.483+0100] {dagbag.py:532} INFO - Filling up the DagBag from /Users/b/Documents/workflow/venv/lib/python3.11/site-packages/airflow/example_dags/subdags/subdag.py
[2023-10-15T15:19:55.488+0100] {processor.py:755} WARNING - No viable dags retrieved from /Users/b/Documents/workflow/venv/lib/python3.11/site-packages/airflow/example_dags/subdags/subdag.py
[2023-10-15T15:19:55.727+0100] {processor.py:175} INFO - Processing /Users/b/Documents/workflow/venv/lib/python3.11/site-packages/airflow/example_dags/subdags/subdag.py took 0.246 seconds
[2023-10-15T15:21:07.007+0100] {processor.py:153} INFO - Started process (PID=31002) to work on /Users/b/Documents/workflow/venv/lib/python3.11/site-packages/airflow/example_dags/subdags/subdag.py
[2023-10-15T15:21:07.009+0100] {processor.py:743} INFO - Processing file /Users/b/Documents/workflow/venv/lib/python3.11/site-packages/airflow/example_dags/subdags/subdag.py for tasks to queue
[2023-10-15T15:21:07.009+0100] {logging_mixin.py:137} INFO - [2023-10-15T15:21:07.009+0100] {dagbag.py:532} INFO - Filling up the DagBag from /Users/b/Documents/workflow/venv/lib/python3.11/site-packages/airflow/example_dags/subdags/subdag.py
[2023-10-15T15:21:07.015+0100] {processor.py:755} WARNING - No viable dags retrieved from /Users/b/Documents/workflow/venv/lib/python3.11/site-packages/airflow/example_dags/subdags/subdag.py
[2023-10-15T15:21:07.197+0100] {processor.py:175} INFO - Processing /Users/b/Documents/workflow/venv/lib/python3.11/site-packages/airflow/example_dags/subdags/subdag.py took 0.191 seconds
[2023-10-15T15:22:09.470+0100] {processor.py:153} INFO - Started process (PID=31191) to work on /Users/b/Documents/workflow/venv/lib/python3.11/site-packages/airflow/example_dags/subdags/subdag.py
[2023-10-15T15:22:09.473+0100] {processor.py:743} INFO - Processing file /Users/b/Documents/workflow/venv/lib/python3.11/site-packages/airflow/example_dags/subdags/subdag.py for tasks to queue
[2023-10-15T15:22:09.473+0100] {logging_mixin.py:137} INFO - [2023-10-15T15:22:09.473+0100] {dagbag.py:532} INFO - Filling up the DagBag from /Users/b/Documents/workflow/venv/lib/python3.11/site-packages/airflow/example_dags/subdags/subdag.py
[2023-10-15T15:22:09.478+0100] {processor.py:755} WARNING - No viable dags retrieved from /Users/b/Documents/workflow/venv/lib/python3.11/site-packages/airflow/example_dags/subdags/subdag.py
[2023-10-15T15:22:09.627+0100] {processor.py:175} INFO - Processing /Users/b/Documents/workflow/venv/lib/python3.11/site-packages/airflow/example_dags/subdags/subdag.py took 0.157 seconds
[2023-10-15T15:23:14.931+0100] {processor.py:153} INFO - Started process (PID=31331) to work on /Users/b/Documents/workflow/venv/lib/python3.11/site-packages/airflow/example_dags/subdags/subdag.py
[2023-10-15T15:23:14.933+0100] {processor.py:743} INFO - Processing file /Users/b/Documents/workflow/venv/lib/python3.11/site-packages/airflow/example_dags/subdags/subdag.py for tasks to queue
[2023-10-15T15:23:14.933+0100] {logging_mixin.py:137} INFO - [2023-10-15T15:23:14.933+0100] {dagbag.py:532} INFO - Filling up the DagBag from /Users/b/Documents/workflow/venv/lib/python3.11/site-packages/airflow/example_dags/subdags/subdag.py
[2023-10-15T15:23:14.938+0100] {processor.py:755} WARNING - No viable dags retrieved from /Users/b/Documents/workflow/venv/lib/python3.11/site-packages/airflow/example_dags/subdags/subdag.py
[2023-10-15T15:23:15.111+0100] {processor.py:175} INFO - Processing /Users/b/Documents/workflow/venv/lib/python3.11/site-packages/airflow/example_dags/subdags/subdag.py took 0.180 seconds
[2023-10-15T15:24:19.809+0100] {processor.py:153} INFO - Started process (PID=31482) to work on /Users/b/Documents/workflow/venv/lib/python3.11/site-packages/airflow/example_dags/subdags/subdag.py
[2023-10-15T15:24:19.811+0100] {processor.py:743} INFO - Processing file /Users/b/Documents/workflow/venv/lib/python3.11/site-packages/airflow/example_dags/subdags/subdag.py for tasks to queue
[2023-10-15T15:24:19.812+0100] {logging_mixin.py:137} INFO - [2023-10-15T15:24:19.812+0100] {dagbag.py:532} INFO - Filling up the DagBag from /Users/b/Documents/workflow/venv/lib/python3.11/site-packages/airflow/example_dags/subdags/subdag.py
[2023-10-15T15:24:19.816+0100] {processor.py:755} WARNING - No viable dags retrieved from /Users/b/Documents/workflow/venv/lib/python3.11/site-packages/airflow/example_dags/subdags/subdag.py
[2023-10-15T15:24:19.965+0100] {processor.py:175} INFO - Processing /Users/b/Documents/workflow/venv/lib/python3.11/site-packages/airflow/example_dags/subdags/subdag.py took 0.155 seconds
[2023-10-15T15:25:24.937+0100] {processor.py:153} INFO - Started process (PID=31608) to work on /Users/b/Documents/workflow/venv/lib/python3.11/site-packages/airflow/example_dags/subdags/subdag.py
[2023-10-15T15:25:24.940+0100] {processor.py:743} INFO - Processing file /Users/b/Documents/workflow/venv/lib/python3.11/site-packages/airflow/example_dags/subdags/subdag.py for tasks to queue
[2023-10-15T15:25:24.940+0100] {logging_mixin.py:137} INFO - [2023-10-15T15:25:24.940+0100] {dagbag.py:532} INFO - Filling up the DagBag from /Users/b/Documents/workflow/venv/lib/python3.11/site-packages/airflow/example_dags/subdags/subdag.py
[2023-10-15T15:25:24.945+0100] {processor.py:755} WARNING - No viable dags retrieved from /Users/b/Documents/workflow/venv/lib/python3.11/site-packages/airflow/example_dags/subdags/subdag.py
[2023-10-15T15:25:25.096+0100] {processor.py:175} INFO - Processing /Users/b/Documents/workflow/venv/lib/python3.11/site-packages/airflow/example_dags/subdags/subdag.py took 0.160 seconds
[2023-10-15T15:26:31.000+0100] {processor.py:153} INFO - Started process (PID=31732) to work on /Users/b/Documents/workflow/venv/lib/python3.11/site-packages/airflow/example_dags/subdags/subdag.py
[2023-10-15T15:26:31.003+0100] {processor.py:743} INFO - Processing file /Users/b/Documents/workflow/venv/lib/python3.11/site-packages/airflow/example_dags/subdags/subdag.py for tasks to queue
[2023-10-15T15:26:31.003+0100] {logging_mixin.py:137} INFO - [2023-10-15T15:26:31.003+0100] {dagbag.py:532} INFO - Filling up the DagBag from /Users/b/Documents/workflow/venv/lib/python3.11/site-packages/airflow/example_dags/subdags/subdag.py
[2023-10-15T15:26:31.008+0100] {processor.py:755} WARNING - No viable dags retrieved from /Users/b/Documents/workflow/venv/lib/python3.11/site-packages/airflow/example_dags/subdags/subdag.py
[2023-10-15T15:26:31.165+0100] {processor.py:175} INFO - Processing /Users/b/Documents/workflow/venv/lib/python3.11/site-packages/airflow/example_dags/subdags/subdag.py took 0.165 seconds
[2023-10-15T15:27:34.247+0100] {processor.py:153} INFO - Started process (PID=31842) to work on /Users/b/Documents/workflow/venv/lib/python3.11/site-packages/airflow/example_dags/subdags/subdag.py
[2023-10-15T15:27:34.250+0100] {processor.py:743} INFO - Processing file /Users/b/Documents/workflow/venv/lib/python3.11/site-packages/airflow/example_dags/subdags/subdag.py for tasks to queue
[2023-10-15T15:27:34.250+0100] {logging_mixin.py:137} INFO - [2023-10-15T15:27:34.250+0100] {dagbag.py:532} INFO - Filling up the DagBag from /Users/b/Documents/workflow/venv/lib/python3.11/site-packages/airflow/example_dags/subdags/subdag.py
[2023-10-15T15:27:34.255+0100] {processor.py:755} WARNING - No viable dags retrieved from /Users/b/Documents/workflow/venv/lib/python3.11/site-packages/airflow/example_dags/subdags/subdag.py
[2023-10-15T15:27:34.401+0100] {processor.py:175} INFO - Processing /Users/b/Documents/workflow/venv/lib/python3.11/site-packages/airflow/example_dags/subdags/subdag.py took 0.154 seconds
[2023-10-15T15:28:38.944+0100] {processor.py:153} INFO - Started process (PID=31954) to work on /Users/b/Documents/workflow/venv/lib/python3.11/site-packages/airflow/example_dags/subdags/subdag.py
[2023-10-15T15:28:38.946+0100] {processor.py:743} INFO - Processing file /Users/b/Documents/workflow/venv/lib/python3.11/site-packages/airflow/example_dags/subdags/subdag.py for tasks to queue
[2023-10-15T15:28:38.946+0100] {logging_mixin.py:137} INFO - [2023-10-15T15:28:38.946+0100] {dagbag.py:532} INFO - Filling up the DagBag from /Users/b/Documents/workflow/venv/lib/python3.11/site-packages/airflow/example_dags/subdags/subdag.py
[2023-10-15T15:28:38.951+0100] {processor.py:755} WARNING - No viable dags retrieved from /Users/b/Documents/workflow/venv/lib/python3.11/site-packages/airflow/example_dags/subdags/subdag.py
[2023-10-15T15:28:39.098+0100] {processor.py:175} INFO - Processing /Users/b/Documents/workflow/venv/lib/python3.11/site-packages/airflow/example_dags/subdags/subdag.py took 0.155 seconds
[2023-10-15T15:29:44.274+0100] {processor.py:153} INFO - Started process (PID=32074) to work on /Users/b/Documents/workflow/venv/lib/python3.11/site-packages/airflow/example_dags/subdags/subdag.py
[2023-10-15T15:29:44.277+0100] {processor.py:743} INFO - Processing file /Users/b/Documents/workflow/venv/lib/python3.11/site-packages/airflow/example_dags/subdags/subdag.py for tasks to queue
[2023-10-15T15:29:44.277+0100] {logging_mixin.py:137} INFO - [2023-10-15T15:29:44.277+0100] {dagbag.py:532} INFO - Filling up the DagBag from /Users/b/Documents/workflow/venv/lib/python3.11/site-packages/airflow/example_dags/subdags/subdag.py
[2023-10-15T15:29:44.282+0100] {processor.py:755} WARNING - No viable dags retrieved from /Users/b/Documents/workflow/venv/lib/python3.11/site-packages/airflow/example_dags/subdags/subdag.py
[2023-10-15T15:29:44.428+0100] {processor.py:175} INFO - Processing /Users/b/Documents/workflow/venv/lib/python3.11/site-packages/airflow/example_dags/subdags/subdag.py took 0.154 seconds
[2023-10-15T15:30:48.173+0100] {processor.py:153} INFO - Started process (PID=32199) to work on /Users/b/Documents/workflow/venv/lib/python3.11/site-packages/airflow/example_dags/subdags/subdag.py
[2023-10-15T15:30:48.176+0100] {processor.py:743} INFO - Processing file /Users/b/Documents/workflow/venv/lib/python3.11/site-packages/airflow/example_dags/subdags/subdag.py for tasks to queue
[2023-10-15T15:30:48.177+0100] {logging_mixin.py:137} INFO - [2023-10-15T15:30:48.177+0100] {dagbag.py:532} INFO - Filling up the DagBag from /Users/b/Documents/workflow/venv/lib/python3.11/site-packages/airflow/example_dags/subdags/subdag.py
[2023-10-15T15:30:48.183+0100] {processor.py:755} WARNING - No viable dags retrieved from /Users/b/Documents/workflow/venv/lib/python3.11/site-packages/airflow/example_dags/subdags/subdag.py
[2023-10-15T15:30:48.336+0100] {processor.py:175} INFO - Processing /Users/b/Documents/workflow/venv/lib/python3.11/site-packages/airflow/example_dags/subdags/subdag.py took 0.163 seconds
[2023-10-15T15:31:58.370+0100] {processor.py:153} INFO - Started process (PID=32328) to work on /Users/b/Documents/workflow/venv/lib/python3.11/site-packages/airflow/example_dags/subdags/subdag.py
[2023-10-15T15:31:58.372+0100] {processor.py:743} INFO - Processing file /Users/b/Documents/workflow/venv/lib/python3.11/site-packages/airflow/example_dags/subdags/subdag.py for tasks to queue
[2023-10-15T15:31:58.373+0100] {logging_mixin.py:137} INFO - [2023-10-15T15:31:58.373+0100] {dagbag.py:532} INFO - Filling up the DagBag from /Users/b/Documents/workflow/venv/lib/python3.11/site-packages/airflow/example_dags/subdags/subdag.py
[2023-10-15T15:31:58.377+0100] {processor.py:755} WARNING - No viable dags retrieved from /Users/b/Documents/workflow/venv/lib/python3.11/site-packages/airflow/example_dags/subdags/subdag.py
[2023-10-15T15:31:58.526+0100] {processor.py:175} INFO - Processing /Users/b/Documents/workflow/venv/lib/python3.11/site-packages/airflow/example_dags/subdags/subdag.py took 0.156 seconds
[2023-10-15T15:33:01.313+0100] {processor.py:153} INFO - Started process (PID=32457) to work on /Users/b/Documents/workflow/venv/lib/python3.11/site-packages/airflow/example_dags/subdags/subdag.py
[2023-10-15T15:33:01.315+0100] {processor.py:743} INFO - Processing file /Users/b/Documents/workflow/venv/lib/python3.11/site-packages/airflow/example_dags/subdags/subdag.py for tasks to queue
[2023-10-15T15:33:01.316+0100] {logging_mixin.py:137} INFO - [2023-10-15T15:33:01.315+0100] {dagbag.py:532} INFO - Filling up the DagBag from /Users/b/Documents/workflow/venv/lib/python3.11/site-packages/airflow/example_dags/subdags/subdag.py
[2023-10-15T15:33:01.320+0100] {processor.py:755} WARNING - No viable dags retrieved from /Users/b/Documents/workflow/venv/lib/python3.11/site-packages/airflow/example_dags/subdags/subdag.py
[2023-10-15T15:33:01.478+0100] {processor.py:175} INFO - Processing /Users/b/Documents/workflow/venv/lib/python3.11/site-packages/airflow/example_dags/subdags/subdag.py took 0.166 seconds
