[2023-10-16T15:12:19.099+0100] {taskinstance.py:1159} INFO - Dependencies all met for dep_context=non-requeueable deps ti=<TaskInstance: execute_sqlite_pipeline.create_table manual__2023-10-16T14:12:16.465551+00:00 [queued]>
[2023-10-16T15:12:19.101+0100] {taskinstance.py:1159} INFO - Dependencies all met for dep_context=requeueable deps ti=<TaskInstance: execute_sqlite_pipeline.create_table manual__2023-10-16T14:12:16.465551+00:00 [queued]>
[2023-10-16T15:12:19.101+0100] {taskinstance.py:1361} INFO - Starting attempt 1 of 1
[2023-10-16T15:12:19.105+0100] {taskinstance.py:1382} INFO - Executing <Task(SqliteOperator): create_table> on 2023-10-16 14:12:16.465551+00:00
[2023-10-16T15:12:19.107+0100] {standard_task_runner.py:57} INFO - Started process 98959 to run task
[2023-10-16T15:12:19.110+0100] {standard_task_runner.py:84} INFO - Running: ['airflow', 'tasks', 'run', 'execute_sqlite_pipeline', 'create_table', 'manual__2023-10-16T14:12:16.465551+00:00', '--job-id', '93', '--raw', '--subdir', 'DAGS_FOLDER/sqlite_pipeline.py', '--cfg-path', '/var/folders/_3/bj8r7kz51nz4g7hl_dpr6jdw0000gn/T/tmpd0z7koqs']
[2023-10-16T15:12:19.115+0100] {standard_task_runner.py:85} INFO - Job 93: Subtask create_table
[2023-10-16T15:12:19.135+0100] {task_command.py:416} INFO - Running <TaskInstance: execute_sqlite_pipeline.create_table manual__2023-10-16T14:12:16.465551+00:00 [running]> on host 192.168.1.112
[2023-10-16T15:12:19.154+0100] {taskinstance.py:1662} INFO - Exporting env vars: AIRFLOW_CTX_DAG_OWNER='workflow' AIRFLOW_CTX_DAG_ID='execute_sqlite_pipeline' AIRFLOW_CTX_TASK_ID='create_table' AIRFLOW_CTX_EXECUTION_DATE='2023-10-16T14:12:16.465551+00:00' AIRFLOW_CTX_TRY_NUMBER='1' AIRFLOW_CTX_DAG_RUN_ID='manual__2023-10-16T14:12:16.465551+00:00'
[2023-10-16T15:12:19.154+0100] {sql.py:274} INFO - Executing: 
            CREATE TABLE IF NOT EXISTS new_users (
                    id INTEGER PRIMARY KEY AUTOINCREMENT,
                    name TEXT NOT NULL,
                    age INTEGER NOT NULL,
                    city TEXT,
                    is_active BOOLEAN DEFAULT true,
                    created_at TIMESTAMP NOT NULL DEFAULT CURRENT_TIMESTAMP
                );
        
[2023-10-16T15:12:19.156+0100] {base.py:73} INFO - Using connection ID 'db_sqlite_conn' for task execution.
[2023-10-16T15:12:19.201+0100] {base.py:73} INFO - Using connection ID 'db_sqlite_conn' for task execution.
[2023-10-16T15:12:19.202+0100] {sql.py:418} INFO - Running statement: 
            CREATE TABLE IF NOT EXISTS new_users (
                    id INTEGER PRIMARY KEY AUTOINCREMENT,
                    name TEXT NOT NULL,
                    age INTEGER NOT NULL,
                    city TEXT,
                    is_active BOOLEAN DEFAULT true,
                    created_at TIMESTAMP NOT NULL DEFAULT CURRENT_TIMESTAMP
                );
        , parameters: None
[2023-10-16T15:12:19.204+0100] {taskinstance.py:1400} INFO - Marking task as SUCCESS. dag_id=execute_sqlite_pipeline, task_id=create_table, execution_date=20231016T141216, start_date=20231016T141219, end_date=20231016T141219
[2023-10-16T15:12:19.215+0100] {local_task_job_runner.py:228} INFO - Task exited with return code 0
[2023-10-16T15:12:19.223+0100] {taskinstance.py:2778} INFO - 2 downstream tasks scheduled from follow-on schedule check
