[2023-10-16T17:22:37.524+0100] {taskinstance.py:1159} INFO - Dependencies all met for dep_context=non-requeueable deps ti=<TaskInstance: cron_catchup.taskA scheduled__2023-10-15T00:00:00+00:00 [queued]>
[2023-10-16T17:22:37.526+0100] {taskinstance.py:1159} INFO - Dependencies all met for dep_context=requeueable deps ti=<TaskInstance: cron_catchup.taskA scheduled__2023-10-15T00:00:00+00:00 [queued]>
[2023-10-16T17:22:37.526+0100] {taskinstance.py:1361} INFO - Starting attempt 1 of 1
[2023-10-16T17:22:37.531+0100] {taskinstance.py:1382} INFO - Executing <Task(BashOperator): taskA> on 2023-10-15 00:00:00+00:00
[2023-10-16T17:22:37.533+0100] {standard_task_runner.py:57} INFO - Started process 17259 to run task
[2023-10-16T17:22:37.538+0100] {standard_task_runner.py:84} INFO - Running: ['airflow', 'tasks', 'run', 'cron_catchup', 'taskA', 'scheduled__2023-10-15T00:00:00+00:00', '--job-id', '144', '--raw', '--subdir', 'DAGS_FOLDER/catchup.py', '--cfg-path', '/var/folders/_3/bj8r7kz51nz4g7hl_dpr6jdw0000gn/T/tmpm40wdn03']
[2023-10-16T17:22:37.543+0100] {standard_task_runner.py:85} INFO - Job 144: Subtask taskA
[2023-10-16T17:22:37.563+0100] {task_command.py:416} INFO - Running <TaskInstance: cron_catchup.taskA scheduled__2023-10-15T00:00:00+00:00 [running]> on host 192.168.1.112
[2023-10-16T17:22:37.587+0100] {taskinstance.py:1662} INFO - Exporting env vars: AIRFLOW_CTX_DAG_OWNER='workflow' AIRFLOW_CTX_DAG_ID='cron_catchup' AIRFLOW_CTX_TASK_ID='taskA' AIRFLOW_CTX_EXECUTION_DATE='2023-10-15T00:00:00+00:00' AIRFLOW_CTX_TRY_NUMBER='1' AIRFLOW_CTX_DAG_RUN_ID='scheduled__2023-10-15T00:00:00+00:00'
[2023-10-16T17:22:37.587+0100] {subprocess.py:63} INFO - Tmp dir root location: /var/folders/_3/bj8r7kz51nz4g7hl_dpr6jdw0000gn/T
[2023-10-16T17:22:37.588+0100] {subprocess.py:75} INFO - Running command: ['/bin/bash', '-c', 'echo "task A executed"']
[2023-10-16T17:22:37.590+0100] {subprocess.py:86} INFO - Output:
[2023-10-16T17:22:37.592+0100] {subprocess.py:93} INFO - task A executed
[2023-10-16T17:22:37.592+0100] {subprocess.py:97} INFO - Command exited with return code 0
[2023-10-16T17:22:37.598+0100] {taskinstance.py:1400} INFO - Marking task as SUCCESS. dag_id=cron_catchup, task_id=taskA, execution_date=20231015T000000, start_date=20231016T162237, end_date=20231016T162237
[2023-10-16T17:22:37.637+0100] {local_task_job_runner.py:228} INFO - Task exited with return code 0
[2023-10-16T17:22:37.646+0100] {taskinstance.py:2778} INFO - 1 downstream tasks scheduled from follow-on schedule check
[2023-10-16T17:32:02.589+0100] {taskinstance.py:1159} INFO - Dependencies all met for dep_context=non-requeueable deps ti=<TaskInstance: cron_catchup.taskA scheduled__2023-10-15T00:00:00+00:00 [queued]>
[2023-10-16T17:32:02.591+0100] {taskinstance.py:1159} INFO - Dependencies all met for dep_context=requeueable deps ti=<TaskInstance: cron_catchup.taskA scheduled__2023-10-15T00:00:00+00:00 [queued]>
[2023-10-16T17:32:02.592+0100] {taskinstance.py:1361} INFO - Starting attempt 1 of 1
[2023-10-16T17:32:02.595+0100] {taskinstance.py:1382} INFO - Executing <Task(BashOperator): taskA> on 2023-10-15 00:00:00+00:00
[2023-10-16T17:32:02.597+0100] {standard_task_runner.py:57} INFO - Started process 18474 to run task
[2023-10-16T17:32:02.599+0100] {standard_task_runner.py:84} INFO - Running: ['airflow', 'tasks', 'run', 'cron_catchup', 'taskA', 'scheduled__2023-10-15T00:00:00+00:00', '--job-id', '200', '--raw', '--subdir', 'DAGS_FOLDER/catchup.py', '--cfg-path', '/var/folders/_3/bj8r7kz51nz4g7hl_dpr6jdw0000gn/T/tmpztolhlsc']
[2023-10-16T17:32:02.600+0100] {standard_task_runner.py:85} INFO - Job 200: Subtask taskA
[2023-10-16T17:32:02.616+0100] {task_command.py:416} INFO - Running <TaskInstance: cron_catchup.taskA scheduled__2023-10-15T00:00:00+00:00 [running]> on host 192.168.1.112
[2023-10-16T17:32:02.640+0100] {taskinstance.py:1662} INFO - Exporting env vars: AIRFLOW_CTX_DAG_OWNER='workflow' AIRFLOW_CTX_DAG_ID='cron_catchup' AIRFLOW_CTX_TASK_ID='taskA' AIRFLOW_CTX_EXECUTION_DATE='2023-10-15T00:00:00+00:00' AIRFLOW_CTX_TRY_NUMBER='1' AIRFLOW_CTX_DAG_RUN_ID='scheduled__2023-10-15T00:00:00+00:00'
[2023-10-16T17:32:02.641+0100] {subprocess.py:63} INFO - Tmp dir root location: /var/folders/_3/bj8r7kz51nz4g7hl_dpr6jdw0000gn/T
[2023-10-16T17:32:02.641+0100] {subprocess.py:75} INFO - Running command: ['/bin/bash', '-c', 'echo "task A executed"']
[2023-10-16T17:32:02.645+0100] {subprocess.py:86} INFO - Output:
[2023-10-16T17:32:02.647+0100] {subprocess.py:93} INFO - task A executed
[2023-10-16T17:32:02.647+0100] {subprocess.py:97} INFO - Command exited with return code 0
[2023-10-16T17:32:02.655+0100] {taskinstance.py:1400} INFO - Marking task as SUCCESS. dag_id=cron_catchup, task_id=taskA, execution_date=20231015T000000, start_date=20231016T163202, end_date=20231016T163202
[2023-10-16T17:32:02.704+0100] {local_task_job_runner.py:228} INFO - Task exited with return code 0
[2023-10-16T17:32:02.712+0100] {taskinstance.py:2778} INFO - 1 downstream tasks scheduled from follow-on schedule check
